<?xml version="1.0" encoding="UTF-8"?>
  <testsuites tests="87" disabled="25" errors="0" failures="28" time="120.437527306">
      <testsuite name="CNF Certification Test Suite" package="/usr/tnf/cnf-certification-test" tests="87" disabled="0" skipped="25" errors="0" failures="28" time="120.437527306" timestamp="2023-09-25T17:59:44">
          <properties>
              <property name="SuiteSucceeded" value="false"></property>
              <property name="SuiteHasProgrammaticFocus" value="false"></property>
              <property name="SpecialSuiteFailureReason" value=""></property>
              <property name="SuiteLabels" value="[]"></property>
              <property name="RandomSeed" value="1695664764"></property>
              <property name="RandomizeAllSpecs" value="false"></property>
              <property name="LabelFilter" value="operator, access-control, networking, affiliated-certification, lifecycle, manageability, networking, observability, platform-alteration"></property>
              <property name="FocusStrings" value=""></property>
              <property name="SkipStrings" value=""></property>
              <property name="FocusFiles" value=""></property>
              <property name="SkipFiles" value=""></property>
              <property name="FailOnPending" value="false"></property>
              <property name="FailFast" value="false"></property>
              <property name="FlakeAttempts" value="0"></property>
              <property name="DryRun" value="false"></property>
              <property name="ParallelTotal" value="1"></property>
              <property name="OutputInterceptorMode" value=""></property>
          </properties>
          <testcase name="[It] platform-alteration platform-alteration-base-image [common, platform-alteration-base-image, platform-alteration]" classname="CNF Certification Test Suite" status="failed" time="12.806805923">
              <failure message="{&#34;CompliantObjectsOut&#34;:[{&#34;ObjectType&#34;:&#34;Container&#34;,&#34;ObjectFieldsKeys&#34;:[&#34;Reason For Compliance&#34;,&#34;Namespace&#34;,&#34;Pod Name&#34;,&#34;Container Name&#34;],&#34;ObjectFieldsValues&#34;:[&#34;Container is not modified&#34;,&#34;test&#34;,&#34;1d9ecea6bd177d0eecc89426d7658502fcab44c3e2bce4b3b1a40ed89fd444a&#34;,&#34;registry-grpc&#34;]},{&#34;ObjectType&#34;:&#34;Container&#34;,&#34;ObjectFieldsKeys&#34;:[&#34;Reason For Compliance&#34;,&#34;Namespace&#34;,&#34;Pod Name&#34;,&#34;Container Name&#34;],&#34;ObjectFieldsValues&#34;:[&#34;Container is not modified&#34;,&#34;test&#34;,&#34;bbe7e6c1d75c4de2f47e2c825c930568e85f1134545e9d890a0c9f3d9187a4d&#34;,&#34;registry-grpc&#34;]},{&#34;ObjectType&#34;:&#34;Container&#34;,&#34;ObjectFieldsKeys&#34;:[&#34;Reason For Compliance&#34;,&#34;Namespace&#34;,&#34;Pod Name&#34;,&#34;Container Name&#34;],&#34;ObjectFieldsValues&#34;:[&#34;Container is not modified&#34;,&#34;test&#34;,&#34;d4681f98fc2b9661435ddd8f0e86b1bda8824ac566f8a600c90d1d1f4370706&#34;,&#34;registry-grpc&#34;]},{&#34;ObjectType&#34;:&#34;Container&#34;,&#34;ObjectFieldsKeys&#34;:[&#34;Reason For Compliance&#34;,&#34;Namespace&#34;,&#34;Pod Name&#34;,&#34;Container Name&#34;],&#34;ObjectFieldsValues&#34;:[&#34;Container is not modified&#34;,&#34;test&#34;,&#34;devworkspace-webhook-server-85d9f8bbfc-cj6z5&#34;,&#34;kube-rbac-proxy&#34;]},{&#34;ObjectType&#34;:&#34;Container&#34;,&#34;ObjectFieldsKeys&#34;:[&#34;Reason For Compliance&#34;,&#34;Namespace&#34;,&#34;Pod Name&#34;,&#34;Container Name&#34;],&#34;ObjectFieldsValues&#34;:[&#34;Container is not modified&#34;,&#34;test&#34;,&#34;devworkspace-webhook-server-85d9f8bbfc-cj6z5&#34;,&#34;webhook-server&#34;]},{&#34;ObjectType&#34;:&#34;Container&#34;,&#34;ObjectFieldsKeys&#34;:[&#34;Reason For Compliance&#34;,&#34;Namespace&#34;,&#34;Pod Name&#34;,&#34;Container Name&#34;],&#34;ObjectFieldsValues&#34;:[&#34;Container is not modified&#34;,&#34;test&#34;,&#34;security-profiles-operator-webhook-d844fd745-hvr8w&#34;,&#34;security-profiles-operator&#34;]}],&#34;NonCompliantObjectsOut&#34;:[{&#34;ObjectType&#34;:&#34;Container&#34;,&#34;ObjectFieldsKeys&#34;:[&#34;Reason For Non Compliance&#34;,&#34;Namespace&#34;,&#34;Pod Name&#34;,&#34;Container Name&#34;,&#34;Error&#34;],&#34;ObjectFieldsValues&#34;:[&#34;Error while running fs-diff&#34;,&#34;test&#34;,&#34;9071e9f667a677160bccc213d83de973a3a4e7110899325c9760e4c919e9388&#34;,&#34;registry-grpc&#34;,&#34;failed or unexpected output when creating folder /host/tmp/tnf-podman. Stderr: , Stdout: mkdir: cannot create directory &#39;/host/tmp/tnf-podman&#39;: File exists\n, Err: command terminated with exit code 1&#34;]},{&#34;ObjectType&#34;:&#34;Container&#34;,&#34;ObjectFieldsKeys&#34;:[&#34;Reason For Non Compliance&#34;,&#34;Namespace&#34;,&#34;Pod Name&#34;,&#34;Container Name&#34;,&#34;Error&#34;],&#34;ObjectFieldsValues&#34;:[&#34;Error while running fs-diff&#34;,&#34;test&#34;,&#34;98469d3bbafde6f115fd4bd368ec51effd16cb14717f7d63fa38379a359da82&#34;,&#34;registry-grpc&#34;,&#34;failed or unexpected output when creating folder /host/tmp/tnf-podman. Stderr: , Stdout: mkdir: cannot create directory &#39;/host/tmp/tnf-podman&#39;: File exists\n, Err: command terminated with exit code 1&#34;]},{&#34;ObjectType&#34;:&#34;Container&#34;,&#34;ObjectFieldsKeys&#34;:[&#34;Reason For Non Compliance&#34;,&#34;Namespace&#34;,&#34;Pod Name&#34;,&#34;Container Name&#34;,&#34;Error&#34;],&#34;ObjectFieldsValues&#34;:[&#34;Error while running fs-diff&#34;,&#34;test&#34;,&#34;address-space-controller-56c797f9ff-8g8xm&#34;,&#34;address-space-controller&#34;,&#34;failed or unexpected output when creating folder /host/tmp/tnf-podman. Stderr: , Stdout: mkdir: cannot create directory &#39;/host/tmp/tnf-podman&#39;: File exists\n, Err: command terminated with exit code 1&#34;]},{&#34;ObjectType&#34;:&#34;Container&#34;,&#34;ObjectFieldsKeys&#34;:[&#34;Reason For Non Compliance&#34;,&#34;Namespace&#34;,&#34;Pod Name&#34;,&#34;Container Name&#34;,&#34;Error&#34;],&#34;ObjectFieldsValues&#34;:[&#34;Error while running fs-diff&#34;,&#34;test&#34;,&#34;descheduler-operator-6745dd86b5-wfbnr&#34;,&#34;descheduler-operator&#34;,&#34;failed or unexpected output when creating folder /host/tmp/tnf-podman. Stderr: , Stdout: mkdir: cannot create directory &#39;/host/tmp/tnf-podman&#39;: File exists\n, Err: command terminated with exit code 1&#34;]},{&#34;ObjectType&#34;:&#34;Container&#34;,&#34;ObjectFieldsKeys&#34;:[&#34;Reason For Non Compliance&#34;,&#34;Namespace&#34;,&#34;Pod Name&#34;,&#34;Container Name&#34;,&#34;Error&#34;],&#34;ObjectFieldsValues&#34;:[&#34;Error while running fs-diff&#34;,&#34;test&#34;,&#34;security-profiles-operator-webhook-d844fd745-2vvs5&#34;,&#34;security-profiles-operator&#34;,&#34;failed or unexpected output when creating folder /host/tmp/tnf-podman. Stderr: , Stdout: mkdir: cannot create directory &#39;/host/tmp/tnf-podman&#39;: File exists\n, Err: command terminated with exit code 1&#34;]},{&#34;ObjectType&#34;:&#34;Container&#34;,&#34;ObjectFieldsKeys&#34;:[&#34;Reason For Non Compliance&#34;,&#34;Namespace&#34;,&#34;Pod Name&#34;,&#34;Container Name&#34;,&#34;Error&#34;],&#34;ObjectFieldsValues&#34;:[&#34;Error while running fs-diff&#34;,&#34;test&#34;,&#34;security-profiles-operator-webhook-d844fd745-6ngkl&#34;,&#34;security-profiles-operator&#34;,&#34;failed or unexpected output when creating folder /host/tmp/tnf-podman. Stderr: , Stdout: mkdir: cannot create directory &#39;/host/tmp/tnf-podman&#39;: File exists\n, Err: command terminated with exit code 1&#34;]}]}" type="failed">[FAILED] {&#34;CompliantObjectsOut&#34;:[{&#34;ObjectType&#34;:&#34;Container&#34;,&#34;ObjectFieldsKeys&#34;:[&#34;Reason For Compliance&#34;,&#34;Namespace&#34;,&#34;Pod Name&#34;,&#34;Container Name&#34;],&#34;ObjectFieldsValues&#34;:[&#34;Container is not modified&#34;,&#34;test&#34;,&#34;1d9ecea6bd177d0eecc89426d7658502fcab44c3e2bce4b3b1a40ed89fd444a&#34;,&#34;registry-grpc&#34;]},{&#34;ObjectType&#34;:&#34;Container&#34;,&#34;ObjectFieldsKeys&#34;:[&#34;Reason For Compliance&#34;,&#34;Namespace&#34;,&#34;Pod Name&#34;,&#34;Container Name&#34;],&#34;ObjectFieldsValues&#34;:[&#34;Container is not modified&#34;,&#34;test&#34;,&#34;bbe7e6c1d75c4de2f47e2c825c930568e85f1134545e9d890a0c9f3d9187a4d&#34;,&#34;registry-grpc&#34;]},{&#34;ObjectType&#34;:&#34;Container&#34;,&#34;ObjectFieldsKeys&#34;:[&#34;Reason For Compliance&#34;,&#34;Namespace&#34;,&#34;Pod Name&#34;,&#34;Container Name&#34;],&#34;ObjectFieldsValues&#34;:[&#34;Container is not modified&#34;,&#34;test&#34;,&#34;d4681f98fc2b9661435ddd8f0e86b1bda8824ac566f8a600c90d1d1f4370706&#34;,&#34;registry-grpc&#34;]},{&#34;ObjectType&#34;:&#34;Container&#34;,&#34;ObjectFieldsKeys&#34;:[&#34;Reason For Compliance&#34;,&#34;Namespace&#34;,&#34;Pod Name&#34;,&#34;Container Name&#34;],&#34;ObjectFieldsValues&#34;:[&#34;Container is not modified&#34;,&#34;test&#34;,&#34;devworkspace-webhook-server-85d9f8bbfc-cj6z5&#34;,&#34;kube-rbac-proxy&#34;]},{&#34;ObjectType&#34;:&#34;Container&#34;,&#34;ObjectFieldsKeys&#34;:[&#34;Reason For Compliance&#34;,&#34;Namespace&#34;,&#34;Pod Name&#34;,&#34;Container Name&#34;],&#34;ObjectFieldsValues&#34;:[&#34;Container is not modified&#34;,&#34;test&#34;,&#34;devworkspace-webhook-server-85d9f8bbfc-cj6z5&#34;,&#34;webhook-server&#34;]},{&#34;ObjectType&#34;:&#34;Container&#34;,&#34;ObjectFieldsKeys&#34;:[&#34;Reason For Compliance&#34;,&#34;Namespace&#34;,&#34;Pod Name&#34;,&#34;Container Name&#34;],&#34;ObjectFieldsValues&#34;:[&#34;Container is not modified&#34;,&#34;test&#34;,&#34;security-profiles-operator-webhook-d844fd745-hvr8w&#34;,&#34;security-profiles-operator&#34;]}],&#34;NonCompliantObjectsOut&#34;:[{&#34;ObjectType&#34;:&#34;Container&#34;,&#34;ObjectFieldsKeys&#34;:[&#34;Reason For Non Compliance&#34;,&#34;Namespace&#34;,&#34;Pod Name&#34;,&#34;Container Name&#34;,&#34;Error&#34;],&#34;ObjectFieldsValues&#34;:[&#34;Error while running fs-diff&#34;,&#34;test&#34;,&#34;9071e9f667a677160bccc213d83de973a3a4e7110899325c9760e4c919e9388&#34;,&#34;registry-grpc&#34;,&#34;failed or unexpected output when creating folder /host/tmp/tnf-podman. Stderr: , Stdout: mkdir: cannot create directory &#39;/host/tmp/tnf-podman&#39;: File exists\n, Err: command terminated with exit code 1&#34;]},{&#34;ObjectType&#34;:&#34;Container&#34;,&#34;ObjectFieldsKeys&#34;:[&#34;Reason For Non Compliance&#34;,&#34;Namespace&#34;,&#34;Pod Name&#34;,&#34;Container Name&#34;,&#34;Error&#34;],&#34;ObjectFieldsValues&#34;:[&#34;Error while running fs-diff&#34;,&#34;test&#34;,&#34;98469d3bbafde6f115fd4bd368ec51effd16cb14717f7d63fa38379a359da82&#34;,&#34;registry-grpc&#34;,&#34;failed or unexpected output when creating folder /host/tmp/tnf-podman. Stderr: , Stdout: mkdir: cannot create directory &#39;/host/tmp/tnf-podman&#39;: File exists\n, Err: command terminated with exit code 1&#34;]},{&#34;ObjectType&#34;:&#34;Container&#34;,&#34;ObjectFieldsKeys&#34;:[&#34;Reason For Non Compliance&#34;,&#34;Namespace&#34;,&#34;Pod Name&#34;,&#34;Container Name&#34;,&#34;Error&#34;],&#34;ObjectFieldsValues&#34;:[&#34;Error while running fs-diff&#34;,&#34;test&#34;,&#34;address-space-controller-56c797f9ff-8g8xm&#34;,&#34;address-space-controller&#34;,&#34;failed or unexpected output when creating folder /host/tmp/tnf-podman. Stderr: , Stdout: mkdir: cannot create directory &#39;/host/tmp/tnf-podman&#39;: File exists\n, Err: command terminated with exit code 1&#34;]},{&#34;ObjectType&#34;:&#34;Container&#34;,&#34;ObjectFieldsKeys&#34;:[&#34;Reason For Non Compliance&#34;,&#34;Namespace&#34;,&#34;Pod Name&#34;,&#34;Container Name&#34;,&#34;Error&#34;],&#34;ObjectFieldsValues&#34;:[&#34;Error while running fs-diff&#34;,&#34;test&#34;,&#34;descheduler-operator-6745dd86b5-wfbnr&#34;,&#34;descheduler-operator&#34;,&#34;failed or unexpected output when creating folder /host/tmp/tnf-podman. Stderr: , Stdout: mkdir: cannot create directory &#39;/host/tmp/tnf-podman&#39;: File exists\n, Err: command terminated with exit code 1&#34;]},{&#34;ObjectType&#34;:&#34;Container&#34;,&#34;ObjectFieldsKeys&#34;:[&#34;Reason For Non Compliance&#34;,&#34;Namespace&#34;,&#34;Pod Name&#34;,&#34;Container Name&#34;,&#34;Error&#34;],&#34;ObjectFieldsValues&#34;:[&#34;Error while running fs-diff&#34;,&#34;test&#34;,&#34;security-profiles-operator-webhook-d844fd745-2vvs5&#34;,&#34;security-profiles-operator&#34;,&#34;failed or unexpected output when creating folder /host/tmp/tnf-podman. Stderr: , Stdout: mkdir: cannot create directory &#39;/host/tmp/tnf-podman&#39;: File exists\n, Err: command terminated with exit code 1&#34;]},{&#34;ObjectType&#34;:&#34;Container&#34;,&#34;ObjectFieldsKeys&#34;:[&#34;Reason For Non Compliance&#34;,&#34;Namespace&#34;,&#34;Pod Name&#34;,&#34;Container Name&#34;,&#34;Error&#34;],&#34;ObjectFieldsValues&#34;:[&#34;Error while running fs-diff&#34;,&#34;test&#34;,&#34;security-profiles-operator-webhook-d844fd745-6ngkl&#34;,&#34;security-profiles-operator&#34;,&#34;failed or unexpected output when creating folder /host/tmp/tnf-podman. Stderr: , Stdout: mkdir: cannot create directory &#39;/host/tmp/tnf-podman&#39;: File exists\n, Err: command terminated with exit code 1&#34;]}]}&#xA;In [It] at: /usr/tnf/tnf-src/pkg/testhelper/testhelper.go:358 @ 09/25/23 17:59:57.053&#xA;</failure>
              <system-err>&gt; Enter [BeforeEach] platform-alteration - /usr/tnf/tnf-src/cnf-certification-test/platform/suite.go:50 @ 09/25/23 17:59:44.252&#xA;&lt; Exit [BeforeEach] platform-alteration - /usr/tnf/tnf-src/cnf-certification-test/platform/suite.go:50 @ 09/25/23 17:59:44.252 (1ms)&#xA;&gt; Enter [It] platform-alteration-base-image - /usr/tnf/tnf-src/cnf-certification-test/platform/suite.go:56 @ 09/25/23 17:59:44.252&#xA;container: registry-grpc pod: 9071e9f667a677160bccc213d83de973a3a4e7110899325c9760e4c919e9388 ns: test - error while running fs-diff: failed or unexpected output when creating folder /host/tmp/tnf-podman. Stderr: , Stdout: mkdir: cannot create directory &#39;/host/tmp/tnf-podman&#39;: File exists&#xA;, Err: command terminated with exit code 1&#xA;container: registry-grpc pod: 98469d3bbafde6f115fd4bd368ec51effd16cb14717f7d63fa38379a359da82 ns: test - error while running fs-diff: failed or unexpected output when creating folder /host/tmp/tnf-podman. Stderr: , Stdout: mkdir: cannot create directory &#39;/host/tmp/tnf-podman&#39;: File exists&#xA;, Err: command terminated with exit code 1&#xA;container: address-space-controller pod: address-space-controller-56c797f9ff-8g8xm ns: test - error while running fs-diff: failed or unexpected output when creating folder /host/tmp/tnf-podman. Stderr: , Stdout: mkdir: cannot create directory &#39;/host/tmp/tnf-podman&#39;: File exists&#xA;, Err: command terminated with exit code 1&#xA;container: descheduler-operator pod: descheduler-operator-6745dd86b5-wfbnr ns: test - error while running fs-diff: failed or unexpected output when creating folder /host/tmp/tnf-podman. Stderr: , Stdout: mkdir: cannot create directory &#39;/host/tmp/tnf-podman&#39;: File exists&#xA;, Err: command terminated with exit code 1&#xA;container: security-profiles-operator pod: security-profiles-operator-webhook-d844fd745-2vvs5 ns: test - error while running fs-diff: failed or unexpected output when creating folder /host/tmp/tnf-podman. Stderr: , Stdout: mkdir: cannot create directory &#39;/host/tmp/tnf-podman&#39;: File exists&#xA;, Err: command terminated with exit code 1&#xA;container: security-profiles-operator pod: security-profiles-operator-webhook-d844fd745-6ngkl ns: test - error while running fs-diff: failed or unexpected output when creating folder /host/tmp/tnf-podman. Stderr: , Stdout: mkdir: cannot create directory &#39;/host/tmp/tnf-podman&#39;: File exists&#xA;, Err: command terminated with exit code 1&#xA;{&#34;CompliantObjectsOut&#34;:[{&#34;ObjectType&#34;:&#34;Container&#34;,&#34;ObjectFieldsKeys&#34;:[&#34;Reason For Compliance&#34;,&#34;Namespace&#34;,&#34;Pod Name&#34;,&#34;Container Name&#34;],&#34;ObjectFieldsValues&#34;:[&#34;Container is not modified&#34;,&#34;test&#34;,&#34;1d9ecea6bd177d0eecc89426d7658502fcab44c3e2bce4b3b1a40ed89fd444a&#34;,&#34;registry-grpc&#34;]},{&#34;ObjectType&#34;:&#34;Container&#34;,&#34;ObjectFieldsKeys&#34;:[&#34;Reason For Compliance&#34;,&#34;Namespace&#34;,&#34;Pod Name&#34;,&#34;Container Name&#34;],&#34;ObjectFieldsValues&#34;:[&#34;Container is not modified&#34;,&#34;test&#34;,&#34;bbe7e6c1d75c4de2f47e2c825c930568e85f1134545e9d890a0c9f3d9187a4d&#34;,&#34;registry-grpc&#34;]},{&#34;ObjectType&#34;:&#34;Container&#34;,&#34;ObjectFieldsKeys&#34;:[&#34;Reason For Compliance&#34;,&#34;Namespace&#34;,&#34;Pod Name&#34;,&#34;Container Name&#34;],&#34;ObjectFieldsValues&#34;:[&#34;Container is not modified&#34;,&#34;test&#34;,&#34;d4681f98fc2b9661435ddd8f0e86b1bda8824ac566f8a600c90d1d1f4370706&#34;,&#34;registry-grpc&#34;]},{&#34;ObjectType&#34;:&#34;Container&#34;,&#34;ObjectFieldsKeys&#34;:[&#34;Reason For Compliance&#34;,&#34;Namespace&#34;,&#34;Pod Name&#34;,&#34;Container Name&#34;],&#34;ObjectFieldsValues&#34;:[&#34;Container is not modified&#34;,&#34;test&#34;,&#34;devworkspace-webhook-server-85d9f8bbfc-cj6z5&#34;,&#34;kube-rbac-proxy&#34;]},{&#34;ObjectType&#34;:&#34;Container&#34;,&#34;ObjectFieldsKeys&#34;:[&#34;Reason For Compliance&#34;,&#34;Namespace&#34;,&#34;Pod Name&#34;,&#34;Container Name&#34;],&#34;ObjectFieldsValues&#34;:[&#34;Container is not modified&#34;,&#34;test&#34;,&#34;devworkspace-webhook-server-85d9f8bbfc-cj6z5&#34;,&#34;webhook-server&#34;]},{&#34;ObjectType&#34;:&#34;Container&#34;,&#34;ObjectFieldsKeys&#34;:[&#34;Reason For Compliance&#34;,&#34;Namespace&#34;,&#34;Pod Name&#34;,&#34;Container Name&#34;],&#34;ObjectFieldsValues&#34;:[&#34;Container is not modified&#34;,&#34;test&#34;,&#34;security-profiles-operator-webhook-d844fd745-hvr8w&#34;,&#34;security-profiles-operator&#34;]}],&#34;NonCompliantObjectsOut&#34;:[{&#34;ObjectType&#34;:&#34;Container&#34;,&#34;ObjectFieldsKeys&#34;:[&#34;Reason For Non Compliance&#34;,&#34;Namespace&#34;,&#34;Pod Name&#34;,&#34;Container Name&#34;,&#34;Error&#34;],&#34;ObjectFieldsValues&#34;:[&#34;Error while running fs-diff&#34;,&#34;test&#34;,&#34;9071e9f667a677160bccc213d83de973a3a4e7110899325c9760e4c919e9388&#34;,&#34;registry-grpc&#34;,&#34;failed or unexpected output when creating folder /host/tmp/tnf-podman. Stderr: , Stdout: mkdir: cannot create directory &#39;/host/tmp/tnf-podman&#39;: File exists\n, Err: command terminated with exit code 1&#34;]},{&#34;ObjectType&#34;:&#34;Container&#34;,&#34;ObjectFieldsKeys&#34;:[&#34;Reason For Non Compliance&#34;,&#34;Namespace&#34;,&#34;Pod Name&#34;,&#34;Container Name&#34;,&#34;Error&#34;],&#34;ObjectFieldsValues&#34;:[&#34;Error while running fs-diff&#34;,&#34;test&#34;,&#34;98469d3bbafde6f115fd4bd368ec51effd16cb14717f7d63fa38379a359da82&#34;,&#34;registry-grpc&#34;,&#34;failed or unexpected output when creating folder /host/tmp/tnf-podman. Stderr: , Stdout: mkdir: cannot create directory &#39;/host/tmp/tnf-podman&#39;: File exists\n, Err: command terminated with exit code 1&#34;]},{&#34;ObjectType&#34;:&#34;Container&#34;,&#34;ObjectFieldsKeys&#34;:[&#34;Reason For Non Compliance&#34;,&#34;Namespace&#34;,&#34;Pod Name&#34;,&#34;Container Name&#34;,&#34;Error&#34;],&#34;ObjectFieldsValues&#34;:[&#34;Error while running fs-diff&#34;,&#34;test&#34;,&#34;address-space-controller-56c797f9ff-8g8xm&#34;,&#34;address-space-controller&#34;,&#34;failed or unexpected output when creating folder /host/tmp/tnf-podman. Stderr: , Stdout: mkdir: cannot create directory &#39;/host/tmp/tnf-podman&#39;: File exists\n, Err: command terminated with exit code 1&#34;]},{&#34;ObjectType&#34;:&#34;Container&#34;,&#34;ObjectFieldsKeys&#34;:[&#34;Reason For Non Compliance&#34;,&#34;Namespace&#34;,&#34;Pod Name&#34;,&#34;Container Name&#34;,&#34;Error&#34;],&#34;ObjectFieldsValues&#34;:[&#34;Error while running fs-diff&#34;,&#34;test&#34;,&#34;descheduler-operator-6745dd86b5-wfbnr&#34;,&#34;descheduler-operator&#34;,&#34;failed or unexpected output when creating folder /host/tmp/tnf-podman. Stderr: , Stdout: mkdir: cannot create directory &#39;/host/tmp/tnf-podman&#39;: File exists\n, Err: command terminated with exit code 1&#34;]},{&#34;ObjectType&#34;:&#34;Container&#34;,&#34;ObjectFieldsKeys&#34;:[&#34;Reason For Non Compliance&#34;,&#34;Namespace&#34;,&#34;Pod Name&#34;,&#34;Container Name&#34;,&#34;Error&#34;],&#34;ObjectFieldsValues&#34;:[&#34;Error while running fs-diff&#34;,&#34;test&#34;,&#34;security-profiles-operator-webhook-d844fd745-2vvs5&#34;,&#34;security-profiles-operator&#34;,&#34;failed or unexpected output when creating folder /host/tmp/tnf-podman. Stderr: , Stdout: mkdir: cannot create directory &#39;/host/tmp/tnf-podman&#39;: File exists\n, Err: command terminated with exit code 1&#34;]},{&#34;ObjectType&#34;:&#34;Container&#34;,&#34;ObjectFieldsKeys&#34;:[&#34;Reason For Non Compliance&#34;,&#34;Namespace&#34;,&#34;Pod Name&#34;,&#34;Container Name&#34;,&#34;Error&#34;],&#34;ObjectFieldsValues&#34;:[&#34;Error while running fs-diff&#34;,&#34;test&#34;,&#34;security-profiles-operator-webhook-d844fd745-6ngkl&#34;,&#34;security-profiles-operator&#34;,&#34;failed or unexpected output when creating folder /host/tmp/tnf-podman. Stderr: , Stdout: mkdir: cannot create directory &#39;/host/tmp/tnf-podman&#39;: File exists\n, Err: command terminated with exit code 1&#34;]}]}&#xA;[FAILED] {&#34;CompliantObjectsOut&#34;:[{&#34;ObjectType&#34;:&#34;Container&#34;,&#34;ObjectFieldsKeys&#34;:[&#34;Reason For Compliance&#34;,&#34;Namespace&#34;,&#34;Pod Name&#34;,&#34;Container Name&#34;],&#34;ObjectFieldsValues&#34;:[&#34;Container is not modified&#34;,&#34;test&#34;,&#34;1d9ecea6bd177d0eecc89426d7658502fcab44c3e2bce4b3b1a40ed89fd444a&#34;,&#34;registry-grpc&#34;]},{&#34;ObjectType&#34;:&#34;Container&#34;,&#34;ObjectFieldsKeys&#34;:[&#34;Reason For Compliance&#34;,&#34;Namespace&#34;,&#34;Pod Name&#34;,&#34;Container Name&#34;],&#34;ObjectFieldsValues&#34;:[&#34;Container is not modified&#34;,&#34;test&#34;,&#34;bbe7e6c1d75c4de2f47e2c825c930568e85f1134545e9d890a0c9f3d9187a4d&#34;,&#34;registry-grpc&#34;]},{&#34;ObjectType&#34;:&#34;Container&#34;,&#34;ObjectFieldsKeys&#34;:[&#34;Reason For Compliance&#34;,&#34;Namespace&#34;,&#34;Pod Name&#34;,&#34;Container Name&#34;],&#34;ObjectFieldsValues&#34;:[&#34;Container is not modified&#34;,&#34;test&#34;,&#34;d4681f98fc2b9661435ddd8f0e86b1bda8824ac566f8a600c90d1d1f4370706&#34;,&#34;registry-grpc&#34;]},{&#34;ObjectType&#34;:&#34;Container&#34;,&#34;ObjectFieldsKeys&#34;:[&#34;Reason For Compliance&#34;,&#34;Namespace&#34;,&#34;Pod Name&#34;,&#34;Container Name&#34;],&#34;ObjectFieldsValues&#34;:[&#34;Container is not modified&#34;,&#34;test&#34;,&#34;devworkspace-webhook-server-85d9f8bbfc-cj6z5&#34;,&#34;kube-rbac-proxy&#34;]},{&#34;ObjectType&#34;:&#34;Container&#34;,&#34;ObjectFieldsKeys&#34;:[&#34;Reason For Compliance&#34;,&#34;Namespace&#34;,&#34;Pod Name&#34;,&#34;Container Name&#34;],&#34;ObjectFieldsValues&#34;:[&#34;Container is not modified&#34;,&#34;test&#34;,&#34;devworkspace-webhook-server-85d9f8bbfc-cj6z5&#34;,&#34;webhook-server&#34;]},{&#34;ObjectType&#34;:&#34;Container&#34;,&#34;ObjectFieldsKeys&#34;:[&#34;Reason For Compliance&#34;,&#34;Namespace&#34;,&#34;Pod Name&#34;,&#34;Container Name&#34;],&#34;ObjectFieldsValues&#34;:[&#34;Container is not modified&#34;,&#34;test&#34;,&#34;security-profiles-operator-webhook-d844fd745-hvr8w&#34;,&#34;security-profiles-operator&#34;]}],&#34;NonCompliantObjectsOut&#34;:[{&#34;ObjectType&#34;:&#34;Container&#34;,&#34;ObjectFieldsKeys&#34;:[&#34;Reason For Non Compliance&#34;,&#34;Namespace&#34;,&#34;Pod Name&#34;,&#34;Container Name&#34;,&#34;Error&#34;],&#34;ObjectFieldsValues&#34;:[&#34;Error while running fs-diff&#34;,&#34;test&#34;,&#34;9071e9f667a677160bccc213d83de973a3a4e7110899325c9760e4c919e9388&#34;,&#34;registry-grpc&#34;,&#34;failed or unexpected output when creating folder /host/tmp/tnf-podman. Stderr: , Stdout: mkdir: cannot create directory &#39;/host/tmp/tnf-podman&#39;: File exists\n, Err: command terminated with exit code 1&#34;]},{&#34;ObjectType&#34;:&#34;Container&#34;,&#34;ObjectFieldsKeys&#34;:[&#34;Reason For Non Compliance&#34;,&#34;Namespace&#34;,&#34;Pod Name&#34;,&#34;Container Name&#34;,&#34;Error&#34;],&#34;ObjectFieldsValues&#34;:[&#34;Error while running fs-diff&#34;,&#34;test&#34;,&#34;98469d3bbafde6f115fd4bd368ec51effd16cb14717f7d63fa38379a359da82&#34;,&#34;registry-grpc&#34;,&#34;failed or unexpected output when creating folder /host/tmp/tnf-podman. Stderr: , Stdout: mkdir: cannot create directory &#39;/host/tmp/tnf-podman&#39;: File exists\n, Err: command terminated with exit code 1&#34;]},{&#34;ObjectType&#34;:&#34;Container&#34;,&#34;ObjectFieldsKeys&#34;:[&#34;Reason For Non Compliance&#34;,&#34;Namespace&#34;,&#34;Pod Name&#34;,&#34;Container Name&#34;,&#34;Error&#34;],&#34;ObjectFieldsValues&#34;:[&#34;Error while running fs-diff&#34;,&#34;test&#34;,&#34;address-space-controller-56c797f9ff-8g8xm&#34;,&#34;address-space-controller&#34;,&#34;failed or unexpected output when creating folder /host/tmp/tnf-podman. Stderr: , Stdout: mkdir: cannot create directory &#39;/host/tmp/tnf-podman&#39;: File exists\n, Err: command terminated with exit code 1&#34;]},{&#34;ObjectType&#34;:&#34;Container&#34;,&#34;ObjectFieldsKeys&#34;:[&#34;Reason For Non Compliance&#34;,&#34;Namespace&#34;,&#34;Pod Name&#34;,&#34;Container Name&#34;,&#34;Error&#34;],&#34;ObjectFieldsValues&#34;:[&#34;Error while running fs-diff&#34;,&#34;test&#34;,&#34;descheduler-operator-6745dd86b5-wfbnr&#34;,&#34;descheduler-operator&#34;,&#34;failed or unexpected output when creating folder /host/tmp/tnf-podman. Stderr: , Stdout: mkdir: cannot create directory &#39;/host/tmp/tnf-podman&#39;: File exists\n, Err: command terminated with exit code 1&#34;]},{&#34;ObjectType&#34;:&#34;Container&#34;,&#34;ObjectFieldsKeys&#34;:[&#34;Reason For Non Compliance&#34;,&#34;Namespace&#34;,&#34;Pod Name&#34;,&#34;Container Name&#34;,&#34;Error&#34;],&#34;ObjectFieldsValues&#34;:[&#34;Error while running fs-diff&#34;,&#34;test&#34;,&#34;security-profiles-operator-webhook-d844fd745-2vvs5&#34;,&#34;security-profiles-operator&#34;,&#34;failed or unexpected output when creating folder /host/tmp/tnf-podman. Stderr: , Stdout: mkdir: cannot create directory &#39;/host/tmp/tnf-podman&#39;: File exists\n, Err: command terminated with exit code 1&#34;]},{&#34;ObjectType&#34;:&#34;Container&#34;,&#34;ObjectFieldsKeys&#34;:[&#34;Reason For Non Compliance&#34;,&#34;Namespace&#34;,&#34;Pod Name&#34;,&#34;Container Name&#34;,&#34;Error&#34;],&#34;ObjectFieldsValues&#34;:[&#34;Error while running fs-diff&#34;,&#34;test&#34;,&#34;security-profiles-operator-webhook-d844fd745-6ngkl&#34;,&#34;security-profiles-operator&#34;,&#34;failed or unexpected output when creating folder /host/tmp/tnf-podman. Stderr: , Stdout: mkdir: cannot create directory &#39;/host/tmp/tnf-podman&#39;: File exists\n, Err: command terminated with exit code 1&#34;]}]}&#xA;In [It] at: /usr/tnf/tnf-src/pkg/testhelper/testhelper.go:358 @ 09/25/23 17:59:57.053&#xA;&lt; Exit [It] platform-alteration-base-image - /usr/tnf/tnf-src/cnf-certification-test/platform/suite.go:56 @ 09/25/23 17:59:57.056 (12.804s)&#xA;&gt; Enter [ReportAfterEach] platform-alteration - /usr/tnf/tnf-src/cnf-certification-test/platform/suite.go:53 @ 09/25/23 17:59:57.059&#xA;&lt; Exit [ReportAfterEach] platform-alteration - /usr/tnf/tnf-src/cnf-certification-test/platform/suite.go:53 @ 09/25/23 17:59:57.06 (2ms)&#xA;</system-err>
          </testcase>
          <testcase name="[It] platform-alteration platform-alteration-tainted-node-kernel [common, platform-alteration-tainted-node-kernel, platform-alteration]" classname="CNF Certification Test Suite" status="passed" time="2.165092876">
              <system-err>&gt; Enter [BeforeEach] platform-alteration - /usr/tnf/tnf-src/cnf-certification-test/platform/suite.go:50 @ 09/25/23 17:59:57.064&#xA;&lt; Exit [BeforeEach] platform-alteration - /usr/tnf/tnf-src/cnf-certification-test/platform/suite.go:50 @ 09/25/23 17:59:57.064 (0s)&#xA;&gt; Enter [It] platform-alteration-tainted-node-kernel - /usr/tnf/tnf-src/cnf-certification-test/platform/suite.go:68 @ 09/25/23 17:59:57.064&#xA;STEP: Checking kernel taints of node ip-10-0-144-53.ec2.internal - /usr/tnf/tnf-src/cnf-certification-test/platform/suite.go:262 @ 09/25/23 17:59:57.065&#xA;Node ip-10-0-144-53.ec2.internal has no kernel taints.&#xA;STEP: Checking kernel taints of node ip-10-0-146-178.ec2.internal - /usr/tnf/tnf-src/cnf-certification-test/platform/suite.go:262 @ 09/25/23 17:59:57.416&#xA;Node ip-10-0-146-178.ec2.internal has no kernel taints.&#xA;STEP: Checking kernel taints of node ip-10-0-171-112.ec2.internal - /usr/tnf/tnf-src/cnf-certification-test/platform/suite.go:262 @ 09/25/23 17:59:57.776&#xA;Node ip-10-0-171-112.ec2.internal has no kernel taints.&#xA;STEP: Checking kernel taints of node ip-10-0-140-127.ec2.internal - /usr/tnf/tnf-src/cnf-certification-test/platform/suite.go:262 @ 09/25/23 17:59:58.141&#xA;Node ip-10-0-140-127.ec2.internal has no kernel taints.&#xA;STEP: Checking kernel taints of node ip-10-0-138-139.ec2.internal - /usr/tnf/tnf-src/cnf-certification-test/platform/suite.go:262 @ 09/25/23 17:59:58.496&#xA;Node ip-10-0-138-139.ec2.internal has no kernel taints.&#xA;STEP: Checking kernel taints of node ip-10-0-173-119.ec2.internal - /usr/tnf/tnf-src/cnf-certification-test/platform/suite.go:262 @ 09/25/23 17:59:58.867&#xA;Node ip-10-0-173-119.ec2.internal has no kernel taints.&#xA;{&#34;CompliantObjectsOut&#34;:[{&#34;ObjectType&#34;:&#34;Node&#34;,&#34;ObjectFieldsKeys&#34;:[&#34;Reason For Compliance&#34;,&#34;Name&#34;],&#34;ObjectFieldsValues&#34;:[&#34;Node has no kernel taints&#34;,&#34;ip-10-0-144-53.ec2.internal&#34;]},{&#34;ObjectType&#34;:&#34;Node&#34;,&#34;ObjectFieldsKeys&#34;:[&#34;Reason For Compliance&#34;,&#34;Name&#34;],&#34;ObjectFieldsValues&#34;:[&#34;Node has no kernel taints&#34;,&#34;ip-10-0-146-178.ec2.internal&#34;]},{&#34;ObjectType&#34;:&#34;Node&#34;,&#34;ObjectFieldsKeys&#34;:[&#34;Reason For Compliance&#34;,&#34;Name&#34;],&#34;ObjectFieldsValues&#34;:[&#34;Node has no kernel taints&#34;,&#34;ip-10-0-171-112.ec2.internal&#34;]},{&#34;ObjectType&#34;:&#34;Node&#34;,&#34;ObjectFieldsKeys&#34;:[&#34;Reason For Compliance&#34;,&#34;Name&#34;],&#34;ObjectFieldsValues&#34;:[&#34;Node has no kernel taints&#34;,&#34;ip-10-0-140-127.ec2.internal&#34;]},{&#34;ObjectType&#34;:&#34;Node&#34;,&#34;ObjectFieldsKeys&#34;:[&#34;Reason For Compliance&#34;,&#34;Name&#34;],&#34;ObjectFieldsValues&#34;:[&#34;Node has no kernel taints&#34;,&#34;ip-10-0-138-139.ec2.internal&#34;]},{&#34;ObjectType&#34;:&#34;Node&#34;,&#34;ObjectFieldsKeys&#34;:[&#34;Reason For Compliance&#34;,&#34;Name&#34;],&#34;ObjectFieldsValues&#34;:[&#34;Node has no kernel taints&#34;,&#34;ip-10-0-173-119.ec2.internal&#34;]}],&#34;NonCompliantObjectsOut&#34;:null}&#xA;&lt; Exit [It] platform-alteration-tainted-node-kernel - /usr/tnf/tnf-src/cnf-certification-test/platform/suite.go:68 @ 09/25/23 17:59:59.228 (2.165s)&#xA;&gt; Enter [ReportAfterEach] platform-alteration - /usr/tnf/tnf-src/cnf-certification-test/platform/suite.go:53 @ 09/25/23 17:59:59.229&#xA;&lt; Exit [ReportAfterEach] platform-alteration - /usr/tnf/tnf-src/cnf-certification-test/platform/suite.go:53 @ 09/25/23 17:59:59.23 (1ms)&#xA;</system-err>
          </testcase>
          <testcase name="[It] platform-alteration platform-alteration-isredhat-release [common, platform-alteration-isredhat-release, platform-alteration]" classname="CNF Certification Test Suite" status="failed" time="4.292490627">
              <failure message="{&#34;CompliantObjectsOut&#34;:[{&#34;ObjectType&#34;:&#34;Container&#34;,&#34;ObjectFieldsKeys&#34;:[&#34;Reason For Compliance&#34;,&#34;Namespace&#34;,&#34;Pod Name&#34;,&#34;Container Name&#34;],&#34;ObjectFieldsValues&#34;:[&#34;Passed the RHEL release check&#34;,&#34;test&#34;,&#34;address-space-controller-56c797f9ff-8g8xm&#34;,&#34;address-space-controller&#34;]},{&#34;ObjectType&#34;:&#34;Container&#34;,&#34;ObjectFieldsKeys&#34;:[&#34;Reason For Compliance&#34;,&#34;Namespace&#34;,&#34;Pod Name&#34;,&#34;Container Name&#34;],&#34;ObjectFieldsValues&#34;:[&#34;Passed the RHEL release check&#34;,&#34;test&#34;,&#34;descheduler-operator-6745dd86b5-wfbnr&#34;,&#34;descheduler-operator&#34;]},{&#34;ObjectType&#34;:&#34;Container&#34;,&#34;ObjectFieldsKeys&#34;:[&#34;Reason For Compliance&#34;,&#34;Namespace&#34;,&#34;Pod Name&#34;,&#34;Container Name&#34;],&#34;ObjectFieldsValues&#34;:[&#34;Passed the RHEL release check&#34;,&#34;test&#34;,&#34;devworkspace-webhook-server-85d9f8bbfc-cj6z5&#34;,&#34;kube-rbac-proxy&#34;]},{&#34;ObjectType&#34;:&#34;Container&#34;,&#34;ObjectFieldsKeys&#34;:[&#34;Reason For Compliance&#34;,&#34;Namespace&#34;,&#34;Pod Name&#34;,&#34;Container Name&#34;],&#34;ObjectFieldsValues&#34;:[&#34;Passed the RHEL release check&#34;,&#34;test&#34;,&#34;devworkspace-webhook-server-85d9f8bbfc-cj6z5&#34;,&#34;webhook-server&#34;]},{&#34;ObjectType&#34;:&#34;Container&#34;,&#34;ObjectFieldsKeys&#34;:[&#34;Reason For Compliance&#34;,&#34;Namespace&#34;,&#34;Pod Name&#34;,&#34;Container Name&#34;],&#34;ObjectFieldsValues&#34;:[&#34;Passed the RHEL release check&#34;,&#34;test&#34;,&#34;security-profiles-operator-webhook-d844fd745-2vvs5&#34;,&#34;security-profiles-operator&#34;]},{&#34;ObjectType&#34;:&#34;Container&#34;,&#34;ObjectFieldsKeys&#34;:[&#34;Reason For Compliance&#34;,&#34;Namespace&#34;,&#34;Pod Name&#34;,&#34;Container Name&#34;],&#34;ObjectFieldsValues&#34;:[&#34;Passed the RHEL release check&#34;,&#34;test&#34;,&#34;security-profiles-operator-webhook-d844fd745-6ngkl&#34;,&#34;security-profiles-operator&#34;]},{&#34;ObjectType&#34;:&#34;Container&#34;,&#34;ObjectFieldsKeys&#34;:[&#34;Reason For Compliance&#34;,&#34;Namespace&#34;,&#34;Pod Name&#34;,&#34;Container Name&#34;],&#34;ObjectFieldsValues&#34;:[&#34;Passed the RHEL release check&#34;,&#34;test&#34;,&#34;security-profiles-operator-webhook-d844fd745-hvr8w&#34;,&#34;security-profiles-operator&#34;]}],&#34;NonCompliantObjectsOut&#34;:[{&#34;ObjectType&#34;:&#34;Container&#34;,&#34;ObjectFieldsKeys&#34;:[&#34;Reason For Non Compliance&#34;,&#34;Namespace&#34;,&#34;Pod Name&#34;,&#34;Container Name&#34;],&#34;ObjectFieldsValues&#34;:[&#34;Failed the RHEL release check&#34;,&#34;test&#34;,&#34;1d9ecea6bd177d0eecc89426d7658502fcab44c3e2bce4b3b1a40ed89fd444a&#34;,&#34;registry-grpc&#34;]},{&#34;ObjectType&#34;:&#34;Container&#34;,&#34;ObjectFieldsKeys&#34;:[&#34;Reason For Non Compliance&#34;,&#34;Namespace&#34;,&#34;Pod Name&#34;,&#34;Container Name&#34;],&#34;ObjectFieldsValues&#34;:[&#34;Failed the RHEL release check&#34;,&#34;test&#34;,&#34;9071e9f667a677160bccc213d83de973a3a4e7110899325c9760e4c919e9388&#34;,&#34;registry-grpc&#34;]},{&#34;ObjectType&#34;:&#34;Container&#34;,&#34;ObjectFieldsKeys&#34;:[&#34;Reason For Non Compliance&#34;,&#34;Namespace&#34;,&#34;Pod Name&#34;,&#34;Container Name&#34;],&#34;ObjectFieldsValues&#34;:[&#34;Failed the RHEL release check&#34;,&#34;test&#34;,&#34;98469d3bbafde6f115fd4bd368ec51effd16cb14717f7d63fa38379a359da82&#34;,&#34;registry-grpc&#34;]},{&#34;ObjectType&#34;:&#34;Container&#34;,&#34;ObjectFieldsKeys&#34;:[&#34;Reason For Non Compliance&#34;,&#34;Namespace&#34;,&#34;Pod Name&#34;,&#34;Container Name&#34;],&#34;ObjectFieldsValues&#34;:[&#34;Failed the RHEL release check&#34;,&#34;test&#34;,&#34;bbe7e6c1d75c4de2f47e2c825c930568e85f1134545e9d890a0c9f3d9187a4d&#34;,&#34;registry-grpc&#34;]},{&#34;ObjectType&#34;:&#34;Container&#34;,&#34;ObjectFieldsKeys&#34;:[&#34;Reason For Non Compliance&#34;,&#34;Namespace&#34;,&#34;Pod Name&#34;,&#34;Container Name&#34;],&#34;ObjectFieldsValues&#34;:[&#34;Failed the RHEL release check&#34;,&#34;test&#34;,&#34;d4681f98fc2b9661435ddd8f0e86b1bda8824ac566f8a600c90d1d1f4370706&#34;,&#34;registry-grpc&#34;]}]}" type="failed">[FAILED] {&#34;CompliantObjectsOut&#34;:[{&#34;ObjectType&#34;:&#34;Container&#34;,&#34;ObjectFieldsKeys&#34;:[&#34;Reason For Compliance&#34;,&#34;Namespace&#34;,&#34;Pod Name&#34;,&#34;Container Name&#34;],&#34;ObjectFieldsValues&#34;:[&#34;Passed the RHEL release check&#34;,&#34;test&#34;,&#34;address-space-controller-56c797f9ff-8g8xm&#34;,&#34;address-space-controller&#34;]},{&#34;ObjectType&#34;:&#34;Container&#34;,&#34;ObjectFieldsKeys&#34;:[&#34;Reason For Compliance&#34;,&#34;Namespace&#34;,&#34;Pod Name&#34;,&#34;Container Name&#34;],&#34;ObjectFieldsValues&#34;:[&#34;Passed the RHEL release check&#34;,&#34;test&#34;,&#34;descheduler-operator-6745dd86b5-wfbnr&#34;,&#34;descheduler-operator&#34;]},{&#34;ObjectType&#34;:&#34;Container&#34;,&#34;ObjectFieldsKeys&#34;:[&#34;Reason For Compliance&#34;,&#34;Namespace&#34;,&#34;Pod Name&#34;,&#34;Container Name&#34;],&#34;ObjectFieldsValues&#34;:[&#34;Passed the RHEL release check&#34;,&#34;test&#34;,&#34;devworkspace-webhook-server-85d9f8bbfc-cj6z5&#34;,&#34;kube-rbac-proxy&#34;]},{&#34;ObjectType&#34;:&#34;Container&#34;,&#34;ObjectFieldsKeys&#34;:[&#34;Reason For Compliance&#34;,&#34;Namespace&#34;,&#34;Pod Name&#34;,&#34;Container Name&#34;],&#34;ObjectFieldsValues&#34;:[&#34;Passed the RHEL release check&#34;,&#34;test&#34;,&#34;devworkspace-webhook-server-85d9f8bbfc-cj6z5&#34;,&#34;webhook-server&#34;]},{&#34;ObjectType&#34;:&#34;Container&#34;,&#34;ObjectFieldsKeys&#34;:[&#34;Reason For Compliance&#34;,&#34;Namespace&#34;,&#34;Pod Name&#34;,&#34;Container Name&#34;],&#34;ObjectFieldsValues&#34;:[&#34;Passed the RHEL release check&#34;,&#34;test&#34;,&#34;security-profiles-operator-webhook-d844fd745-2vvs5&#34;,&#34;security-profiles-operator&#34;]},{&#34;ObjectType&#34;:&#34;Container&#34;,&#34;ObjectFieldsKeys&#34;:[&#34;Reason For Compliance&#34;,&#34;Namespace&#34;,&#34;Pod Name&#34;,&#34;Container Name&#34;],&#34;ObjectFieldsValues&#34;:[&#34;Passed the RHEL release check&#34;,&#34;test&#34;,&#34;security-profiles-operator-webhook-d844fd745-6ngkl&#34;,&#34;security-profiles-operator&#34;]},{&#34;ObjectType&#34;:&#34;Container&#34;,&#34;ObjectFieldsKeys&#34;:[&#34;Reason For Compliance&#34;,&#34;Namespace&#34;,&#34;Pod Name&#34;,&#34;Container Name&#34;],&#34;ObjectFieldsValues&#34;:[&#34;Passed the RHEL release check&#34;,&#34;test&#34;,&#34;security-profiles-operator-webhook-d844fd745-hvr8w&#34;,&#34;security-profiles-operator&#34;]}],&#34;NonCompliantObjectsOut&#34;:[{&#34;ObjectType&#34;:&#34;Container&#34;,&#34;ObjectFieldsKeys&#34;:[&#34;Reason For Non Compliance&#34;,&#34;Namespace&#34;,&#34;Pod Name&#34;,&#34;Container Name&#34;],&#34;ObjectFieldsValues&#34;:[&#34;Failed the RHEL release check&#34;,&#34;test&#34;,&#34;1d9ecea6bd177d0eecc89426d7658502fcab44c3e2bce4b3b1a40ed89fd444a&#34;,&#34;registry-grpc&#34;]},{&#34;ObjectType&#34;:&#34;Container&#34;,&#34;ObjectFieldsKeys&#34;:[&#34;Reason For Non Compliance&#34;,&#34;Namespace&#34;,&#34;Pod Name&#34;,&#34;Container Name&#34;],&#34;ObjectFieldsValues&#34;:[&#34;Failed the RHEL release check&#34;,&#34;test&#34;,&#34;9071e9f667a677160bccc213d83de973a3a4e7110899325c9760e4c919e9388&#34;,&#34;registry-grpc&#34;]},{&#34;ObjectType&#34;:&#34;Container&#34;,&#34;ObjectFieldsKeys&#34;:[&#34;Reason For Non Compliance&#34;,&#34;Namespace&#34;,&#34;Pod Name&#34;,&#34;Container Name&#34;],&#34;ObjectFieldsValues&#34;:[&#34;Failed the RHEL release check&#34;,&#34;test&#34;,&#34;98469d3bbafde6f115fd4bd368ec51effd16cb14717f7d63fa38379a359da82&#34;,&#34;registry-grpc&#34;]},{&#34;ObjectType&#34;:&#34;Container&#34;,&#34;ObjectFieldsKeys&#34;:[&#34;Reason For Non Compliance&#34;,&#34;Namespace&#34;,&#34;Pod Name&#34;,&#34;Container Name&#34;],&#34;ObjectFieldsValues&#34;:[&#34;Failed the RHEL release check&#34;,&#34;test&#34;,&#34;bbe7e6c1d75c4de2f47e2c825c930568e85f1134545e9d890a0c9f3d9187a4d&#34;,&#34;registry-grpc&#34;]},{&#34;ObjectType&#34;:&#34;Container&#34;,&#34;ObjectFieldsKeys&#34;:[&#34;Reason For Non Compliance&#34;,&#34;Namespace&#34;,&#34;Pod Name&#34;,&#34;Container Name&#34;],&#34;ObjectFieldsValues&#34;:[&#34;Failed the RHEL release check&#34;,&#34;test&#34;,&#34;d4681f98fc2b9661435ddd8f0e86b1bda8824ac566f8a600c90d1d1f4370706&#34;,&#34;registry-grpc&#34;]}]}&#xA;In [It] at: /usr/tnf/tnf-src/pkg/testhelper/testhelper.go:358 @ 09/25/23 18:00:03.524&#xA;</failure>
              <system-err>&gt; Enter [BeforeEach] platform-alteration - /usr/tnf/tnf-src/cnf-certification-test/platform/suite.go:50 @ 09/25/23 17:59:59.233&#xA;&lt; Exit [BeforeEach] platform-alteration - /usr/tnf/tnf-src/cnf-certification-test/platform/suite.go:50 @ 09/25/23 17:59:59.233 (0s)&#xA;&gt; Enter [It] platform-alteration-isredhat-release - /usr/tnf/tnf-src/cnf-certification-test/platform/suite.go:77 @ 09/25/23 17:59:59.233&#xA;STEP: should report a proper Red Hat version - /usr/tnf/tnf-src/cnf-certification-test/platform/suite.go:342 @ 09/25/23 17:59:59.234&#xA;STEP: container: registry-grpc pod: 1d9ecea6bd177d0eecc89426d7658502fcab44c3e2bce4b3b1a40ed89fd444a ns: test is checked for Red Hat version - /usr/tnf/tnf-src/cnf-certification-test/platform/suite.go:346 @ 09/25/23 17:59:59.234&#xA;container: registry-grpc pod: 1d9ecea6bd177d0eecc89426d7658502fcab44c3e2bce4b3b1a40ed89fd444a ns: test has failed the RHEL release check&#xA;STEP: container: registry-grpc pod: 9071e9f667a677160bccc213d83de973a3a4e7110899325c9760e4c919e9388 ns: test is checked for Red Hat version - /usr/tnf/tnf-src/cnf-certification-test/platform/suite.go:346 @ 09/25/23 17:59:59.586&#xA;container: registry-grpc pod: 9071e9f667a677160bccc213d83de973a3a4e7110899325c9760e4c919e9388 ns: test has failed the RHEL release check&#xA;STEP: container: registry-grpc pod: 98469d3bbafde6f115fd4bd368ec51effd16cb14717f7d63fa38379a359da82 ns: test is checked for Red Hat version - /usr/tnf/tnf-src/cnf-certification-test/platform/suite.go:346 @ 09/25/23 17:59:59.935&#xA;container: registry-grpc pod: 98469d3bbafde6f115fd4bd368ec51effd16cb14717f7d63fa38379a359da82 ns: test has failed the RHEL release check&#xA;STEP: container: address-space-controller pod: address-space-controller-56c797f9ff-8g8xm ns: test is checked for Red Hat version - /usr/tnf/tnf-src/cnf-certification-test/platform/suite.go:346 @ 09/25/23 18:00:00.26&#xA;STEP: container: registry-grpc pod: bbe7e6c1d75c4de2f47e2c825c930568e85f1134545e9d890a0c9f3d9187a4d ns: test is checked for Red Hat version - /usr/tnf/tnf-src/cnf-certification-test/platform/suite.go:346 @ 09/25/23 18:00:00.621&#xA;container: registry-grpc pod: bbe7e6c1d75c4de2f47e2c825c930568e85f1134545e9d890a0c9f3d9187a4d ns: test has failed the RHEL release check&#xA;STEP: container: registry-grpc pod: d4681f98fc2b9661435ddd8f0e86b1bda8824ac566f8a600c90d1d1f4370706 ns: test is checked for Red Hat version - /usr/tnf/tnf-src/cnf-certification-test/platform/suite.go:346 @ 09/25/23 18:00:00.952&#xA;container: registry-grpc pod: d4681f98fc2b9661435ddd8f0e86b1bda8824ac566f8a600c90d1d1f4370706 ns: test has failed the RHEL release check&#xA;STEP: container: descheduler-operator pod: descheduler-operator-6745dd86b5-wfbnr ns: test is checked for Red Hat version - /usr/tnf/tnf-src/cnf-certification-test/platform/suite.go:346 @ 09/25/23 18:00:01.323&#xA;STEP: container: kube-rbac-proxy pod: devworkspace-webhook-server-85d9f8bbfc-cj6z5 ns: test is checked for Red Hat version - /usr/tnf/tnf-src/cnf-certification-test/platform/suite.go:346 @ 09/25/23 18:00:01.693&#xA;STEP: container: webhook-server pod: devworkspace-webhook-server-85d9f8bbfc-cj6z5 ns: test is checked for Red Hat version - /usr/tnf/tnf-src/cnf-certification-test/platform/suite.go:346 @ 09/25/23 18:00:02.053&#xA;STEP: container: security-profiles-operator pod: security-profiles-operator-webhook-d844fd745-2vvs5 ns: test is checked for Red Hat version - /usr/tnf/tnf-src/cnf-certification-test/platform/suite.go:346 @ 09/25/23 18:00:02.41&#xA;STEP: container: security-profiles-operator pod: security-profiles-operator-webhook-d844fd745-6ngkl ns: test is checked for Red Hat version - /usr/tnf/tnf-src/cnf-certification-test/platform/suite.go:346 @ 09/25/23 18:00:02.785&#xA;STEP: container: security-profiles-operator pod: security-profiles-operator-webhook-d844fd745-hvr8w ns: test is checked for Red Hat version - /usr/tnf/tnf-src/cnf-certification-test/platform/suite.go:346 @ 09/25/23 18:00:03.154&#xA;{&#34;CompliantObjectsOut&#34;:[{&#34;ObjectType&#34;:&#34;Container&#34;,&#34;ObjectFieldsKeys&#34;:[&#34;Reason For Compliance&#34;,&#34;Namespace&#34;,&#34;Pod Name&#34;,&#34;Container Name&#34;],&#34;ObjectFieldsValues&#34;:[&#34;Passed the RHEL release check&#34;,&#34;test&#34;,&#34;address-space-controller-56c797f9ff-8g8xm&#34;,&#34;address-space-controller&#34;]},{&#34;ObjectType&#34;:&#34;Container&#34;,&#34;ObjectFieldsKeys&#34;:[&#34;Reason For Compliance&#34;,&#34;Namespace&#34;,&#34;Pod Name&#34;,&#34;Container Name&#34;],&#34;ObjectFieldsValues&#34;:[&#34;Passed the RHEL release check&#34;,&#34;test&#34;,&#34;descheduler-operator-6745dd86b5-wfbnr&#34;,&#34;descheduler-operator&#34;]},{&#34;ObjectType&#34;:&#34;Container&#34;,&#34;ObjectFieldsKeys&#34;:[&#34;Reason For Compliance&#34;,&#34;Namespace&#34;,&#34;Pod Name&#34;,&#34;Container Name&#34;],&#34;ObjectFieldsValues&#34;:[&#34;Passed the RHEL release check&#34;,&#34;test&#34;,&#34;devworkspace-webhook-server-85d9f8bbfc-cj6z5&#34;,&#34;kube-rbac-proxy&#34;]},{&#34;ObjectType&#34;:&#34;Container&#34;,&#34;ObjectFieldsKeys&#34;:[&#34;Reason For Compliance&#34;,&#34;Namespace&#34;,&#34;Pod Name&#34;,&#34;Container Name&#34;],&#34;ObjectFieldsValues&#34;:[&#34;Passed the RHEL release check&#34;,&#34;test&#34;,&#34;devworkspace-webhook-server-85d9f8bbfc-cj6z5&#34;,&#34;webhook-server&#34;]},{&#34;ObjectType&#34;:&#34;Container&#34;,&#34;ObjectFieldsKeys&#34;:[&#34;Reason For Compliance&#34;,&#34;Namespace&#34;,&#34;Pod Name&#34;,&#34;Container Name&#34;],&#34;ObjectFieldsValues&#34;:[&#34;Passed the RHEL release check&#34;,&#34;test&#34;,&#34;security-profiles-operator-webhook-d844fd745-2vvs5&#34;,&#34;security-profiles-operator&#34;]},{&#34;ObjectType&#34;:&#34;Container&#34;,&#34;ObjectFieldsKeys&#34;:[&#34;Reason For Compliance&#34;,&#34;Namespace&#34;,&#34;Pod Name&#34;,&#34;Container Name&#34;],&#34;ObjectFieldsValues&#34;:[&#34;Passed the RHEL release check&#34;,&#34;test&#34;,&#34;security-profiles-operator-webhook-d844fd745-6ngkl&#34;,&#34;security-profiles-operator&#34;]},{&#34;ObjectType&#34;:&#34;Container&#34;,&#34;ObjectFieldsKeys&#34;:[&#34;Reason For Compliance&#34;,&#34;Namespace&#34;,&#34;Pod Name&#34;,&#34;Container Name&#34;],&#34;ObjectFieldsValues&#34;:[&#34;Passed the RHEL release check&#34;,&#34;test&#34;,&#34;security-profiles-operator-webhook-d844fd745-hvr8w&#34;,&#34;security-profiles-operator&#34;]}],&#34;NonCompliantObjectsOut&#34;:[{&#34;ObjectType&#34;:&#34;Container&#34;,&#34;ObjectFieldsKeys&#34;:[&#34;Reason For Non Compliance&#34;,&#34;Namespace&#34;,&#34;Pod Name&#34;,&#34;Container Name&#34;],&#34;ObjectFieldsValues&#34;:[&#34;Failed the RHEL release check&#34;,&#34;test&#34;,&#34;1d9ecea6bd177d0eecc89426d7658502fcab44c3e2bce4b3b1a40ed89fd444a&#34;,&#34;registry-grpc&#34;]},{&#34;ObjectType&#34;:&#34;Container&#34;,&#34;ObjectFieldsKeys&#34;:[&#34;Reason For Non Compliance&#34;,&#34;Namespace&#34;,&#34;Pod Name&#34;,&#34;Container Name&#34;],&#34;ObjectFieldsValues&#34;:[&#34;Failed the RHEL release check&#34;,&#34;test&#34;,&#34;9071e9f667a677160bccc213d83de973a3a4e7110899325c9760e4c919e9388&#34;,&#34;registry-grpc&#34;]},{&#34;ObjectType&#34;:&#34;Container&#34;,&#34;ObjectFieldsKeys&#34;:[&#34;Reason For Non Compliance&#34;,&#34;Namespace&#34;,&#34;Pod Name&#34;,&#34;Container Name&#34;],&#34;ObjectFieldsValues&#34;:[&#34;Failed the RHEL release check&#34;,&#34;test&#34;,&#34;98469d3bbafde6f115fd4bd368ec51effd16cb14717f7d63fa38379a359da82&#34;,&#34;registry-grpc&#34;]},{&#34;ObjectType&#34;:&#34;Container&#34;,&#34;ObjectFieldsKeys&#34;:[&#34;Reason For Non Compliance&#34;,&#34;Namespace&#34;,&#34;Pod Name&#34;,&#34;Container Name&#34;],&#34;ObjectFieldsValues&#34;:[&#34;Failed the RHEL release check&#34;,&#34;test&#34;,&#34;bbe7e6c1d75c4de2f47e2c825c930568e85f1134545e9d890a0c9f3d9187a4d&#34;,&#34;registry-grpc&#34;]},{&#34;ObjectType&#34;:&#34;Container&#34;,&#34;ObjectFieldsKeys&#34;:[&#34;Reason For Non Compliance&#34;,&#34;Namespace&#34;,&#34;Pod Name&#34;,&#34;Container Name&#34;],&#34;ObjectFieldsValues&#34;:[&#34;Failed the RHEL release check&#34;,&#34;test&#34;,&#34;d4681f98fc2b9661435ddd8f0e86b1bda8824ac566f8a600c90d1d1f4370706&#34;,&#34;registry-grpc&#34;]}]}&#xA;[FAILED] {&#34;CompliantObjectsOut&#34;:[{&#34;ObjectType&#34;:&#34;Container&#34;,&#34;ObjectFieldsKeys&#34;:[&#34;Reason For Compliance&#34;,&#34;Namespace&#34;,&#34;Pod Name&#34;,&#34;Container Name&#34;],&#34;ObjectFieldsValues&#34;:[&#34;Passed the RHEL release check&#34;,&#34;test&#34;,&#34;address-space-controller-56c797f9ff-8g8xm&#34;,&#34;address-space-controller&#34;]},{&#34;ObjectType&#34;:&#34;Container&#34;,&#34;ObjectFieldsKeys&#34;:[&#34;Reason For Compliance&#34;,&#34;Namespace&#34;,&#34;Pod Name&#34;,&#34;Container Name&#34;],&#34;ObjectFieldsValues&#34;:[&#34;Passed the RHEL release check&#34;,&#34;test&#34;,&#34;descheduler-operator-6745dd86b5-wfbnr&#34;,&#34;descheduler-operator&#34;]},{&#34;ObjectType&#34;:&#34;Container&#34;,&#34;ObjectFieldsKeys&#34;:[&#34;Reason For Compliance&#34;,&#34;Namespace&#34;,&#34;Pod Name&#34;,&#34;Container Name&#34;],&#34;ObjectFieldsValues&#34;:[&#34;Passed the RHEL release check&#34;,&#34;test&#34;,&#34;devworkspace-webhook-server-85d9f8bbfc-cj6z5&#34;,&#34;kube-rbac-proxy&#34;]},{&#34;ObjectType&#34;:&#34;Container&#34;,&#34;ObjectFieldsKeys&#34;:[&#34;Reason For Compliance&#34;,&#34;Namespace&#34;,&#34;Pod Name&#34;,&#34;Container Name&#34;],&#34;ObjectFieldsValues&#34;:[&#34;Passed the RHEL release check&#34;,&#34;test&#34;,&#34;devworkspace-webhook-server-85d9f8bbfc-cj6z5&#34;,&#34;webhook-server&#34;]},{&#34;ObjectType&#34;:&#34;Container&#34;,&#34;ObjectFieldsKeys&#34;:[&#34;Reason For Compliance&#34;,&#34;Namespace&#34;,&#34;Pod Name&#34;,&#34;Container Name&#34;],&#34;ObjectFieldsValues&#34;:[&#34;Passed the RHEL release check&#34;,&#34;test&#34;,&#34;security-profiles-operator-webhook-d844fd745-2vvs5&#34;,&#34;security-profiles-operator&#34;]},{&#34;ObjectType&#34;:&#34;Container&#34;,&#34;ObjectFieldsKeys&#34;:[&#34;Reason For Compliance&#34;,&#34;Namespace&#34;,&#34;Pod Name&#34;,&#34;Container Name&#34;],&#34;ObjectFieldsValues&#34;:[&#34;Passed the RHEL release check&#34;,&#34;test&#34;,&#34;security-profiles-operator-webhook-d844fd745-6ngkl&#34;,&#34;security-profiles-operator&#34;]},{&#34;ObjectType&#34;:&#34;Container&#34;,&#34;ObjectFieldsKeys&#34;:[&#34;Reason For Compliance&#34;,&#34;Namespace&#34;,&#34;Pod Name&#34;,&#34;Container Name&#34;],&#34;ObjectFieldsValues&#34;:[&#34;Passed the RHEL release check&#34;,&#34;test&#34;,&#34;security-profiles-operator-webhook-d844fd745-hvr8w&#34;,&#34;security-profiles-operator&#34;]}],&#34;NonCompliantObjectsOut&#34;:[{&#34;ObjectType&#34;:&#34;Container&#34;,&#34;ObjectFieldsKeys&#34;:[&#34;Reason For Non Compliance&#34;,&#34;Namespace&#34;,&#34;Pod Name&#34;,&#34;Container Name&#34;],&#34;ObjectFieldsValues&#34;:[&#34;Failed the RHEL release check&#34;,&#34;test&#34;,&#34;1d9ecea6bd177d0eecc89426d7658502fcab44c3e2bce4b3b1a40ed89fd444a&#34;,&#34;registry-grpc&#34;]},{&#34;ObjectType&#34;:&#34;Container&#34;,&#34;ObjectFieldsKeys&#34;:[&#34;Reason For Non Compliance&#34;,&#34;Namespace&#34;,&#34;Pod Name&#34;,&#34;Container Name&#34;],&#34;ObjectFieldsValues&#34;:[&#34;Failed the RHEL release check&#34;,&#34;test&#34;,&#34;9071e9f667a677160bccc213d83de973a3a4e7110899325c9760e4c919e9388&#34;,&#34;registry-grpc&#34;]},{&#34;ObjectType&#34;:&#34;Container&#34;,&#34;ObjectFieldsKeys&#34;:[&#34;Reason For Non Compliance&#34;,&#34;Namespace&#34;,&#34;Pod Name&#34;,&#34;Container Name&#34;],&#34;ObjectFieldsValues&#34;:[&#34;Failed the RHEL release check&#34;,&#34;test&#34;,&#34;98469d3bbafde6f115fd4bd368ec51effd16cb14717f7d63fa38379a359da82&#34;,&#34;registry-grpc&#34;]},{&#34;ObjectType&#34;:&#34;Container&#34;,&#34;ObjectFieldsKeys&#34;:[&#34;Reason For Non Compliance&#34;,&#34;Namespace&#34;,&#34;Pod Name&#34;,&#34;Container Name&#34;],&#34;ObjectFieldsValues&#34;:[&#34;Failed the RHEL release check&#34;,&#34;test&#34;,&#34;bbe7e6c1d75c4de2f47e2c825c930568e85f1134545e9d890a0c9f3d9187a4d&#34;,&#34;registry-grpc&#34;]},{&#34;ObjectType&#34;:&#34;Container&#34;,&#34;ObjectFieldsKeys&#34;:[&#34;Reason For Non Compliance&#34;,&#34;Namespace&#34;,&#34;Pod Name&#34;,&#34;Container Name&#34;],&#34;ObjectFieldsValues&#34;:[&#34;Failed the RHEL release check&#34;,&#34;test&#34;,&#34;d4681f98fc2b9661435ddd8f0e86b1bda8824ac566f8a600c90d1d1f4370706&#34;,&#34;registry-grpc&#34;]}]}&#xA;In [It] at: /usr/tnf/tnf-src/pkg/testhelper/testhelper.go:358 @ 09/25/23 18:00:03.524&#xA;&lt; Exit [It] platform-alteration-isredhat-release - /usr/tnf/tnf-src/cnf-certification-test/platform/suite.go:77 @ 09/25/23 18:00:03.525 (4.292s)&#xA;&gt; Enter [ReportAfterEach] platform-alteration - /usr/tnf/tnf-src/cnf-certification-test/platform/suite.go:53 @ 09/25/23 18:00:03.525&#xA;&lt; Exit [ReportAfterEach] platform-alteration - /usr/tnf/tnf-src/cnf-certification-test/platform/suite.go:53 @ 09/25/23 18:00:03.526 (0s)&#xA;</system-err>
          </testcase>
          <testcase name="[It] platform-alteration platform-alteration-is-selinux-enforcing [common, platform-alteration-is-selinux-enforcing, platform-alteration]" classname="CNF Certification Test Suite" status="passed" time="2.024112168">
              <system-err>&gt; Enter [BeforeEach] platform-alteration - /usr/tnf/tnf-src/cnf-certification-test/platform/suite.go:50 @ 09/25/23 18:00:03.527&#xA;&lt; Exit [BeforeEach] platform-alteration - /usr/tnf/tnf-src/cnf-certification-test/platform/suite.go:50 @ 09/25/23 18:00:03.527 (0s)&#xA;&gt; Enter [It] platform-alteration-is-selinux-enforcing - /usr/tnf/tnf-src/cnf-certification-test/platform/suite.go:83 @ 09/25/23 18:00:03.527&#xA;{&#34;CompliantObjectsOut&#34;:[{&#34;ObjectType&#34;:&#34;Node&#34;,&#34;ObjectFieldsKeys&#34;:[&#34;Reason For Compliance&#34;,&#34;Name&#34;],&#34;ObjectFieldsValues&#34;:[&#34;SELinux is enforced&#34;,&#34;ip-10-0-173-119.ec2.internal&#34;]},{&#34;ObjectType&#34;:&#34;Node&#34;,&#34;ObjectFieldsKeys&#34;:[&#34;Reason For Compliance&#34;,&#34;Name&#34;],&#34;ObjectFieldsValues&#34;:[&#34;SELinux is enforced&#34;,&#34;ip-10-0-144-53.ec2.internal&#34;]},{&#34;ObjectType&#34;:&#34;Node&#34;,&#34;ObjectFieldsKeys&#34;:[&#34;Reason For Compliance&#34;,&#34;Name&#34;],&#34;ObjectFieldsValues&#34;:[&#34;SELinux is enforced&#34;,&#34;ip-10-0-146-178.ec2.internal&#34;]},{&#34;ObjectType&#34;:&#34;Node&#34;,&#34;ObjectFieldsKeys&#34;:[&#34;Reason For Compliance&#34;,&#34;Name&#34;],&#34;ObjectFieldsValues&#34;:[&#34;SELinux is enforced&#34;,&#34;ip-10-0-171-112.ec2.internal&#34;]},{&#34;ObjectType&#34;:&#34;Node&#34;,&#34;ObjectFieldsKeys&#34;:[&#34;Reason For Compliance&#34;,&#34;Name&#34;],&#34;ObjectFieldsValues&#34;:[&#34;SELinux is enforced&#34;,&#34;ip-10-0-140-127.ec2.internal&#34;]},{&#34;ObjectType&#34;:&#34;Node&#34;,&#34;ObjectFieldsKeys&#34;:[&#34;Reason For Compliance&#34;,&#34;Name&#34;],&#34;ObjectFieldsValues&#34;:[&#34;SELinux is enforced&#34;,&#34;ip-10-0-138-139.ec2.internal&#34;]}],&#34;NonCompliantObjectsOut&#34;:null}&#xA;&lt; Exit [It] platform-alteration-is-selinux-enforcing - /usr/tnf/tnf-src/cnf-certification-test/platform/suite.go:83 @ 09/25/23 18:00:05.551 (2.024s)&#xA;&gt; Enter [ReportAfterEach] platform-alteration - /usr/tnf/tnf-src/cnf-certification-test/platform/suite.go:53 @ 09/25/23 18:00:05.551&#xA;&lt; Exit [ReportAfterEach] platform-alteration - /usr/tnf/tnf-src/cnf-certification-test/platform/suite.go:53 @ 09/25/23 18:00:05.552 (1ms)&#xA;</system-err>
          </testcase>
          <testcase name="[It] platform-alteration platform-alteration-hugepages-config [common, platform-alteration-hugepages-config, platform-alteration]" classname="CNF Certification Test Suite" status="passed" time="1.2643707499999999">
              <system-err>&gt; Enter [BeforeEach] platform-alteration - /usr/tnf/tnf-src/cnf-certification-test/platform/suite.go:50 @ 09/25/23 18:00:05.553&#xA;&lt; Exit [BeforeEach] platform-alteration - /usr/tnf/tnf-src/cnf-certification-test/platform/suite.go:50 @ 09/25/23 18:00:05.553 (0s)&#xA;&gt; Enter [It] platform-alteration-hugepages-config - /usr/tnf/tnf-src/cnf-certification-test/platform/suite.go:95 @ 09/25/23 18:00:05.553&#xA;{&#34;CompliantObjectsOut&#34;:[{&#34;ObjectType&#34;:&#34;Node&#34;,&#34;ObjectFieldsKeys&#34;:[&#34;Reason For Compliance&#34;,&#34;Name&#34;],&#34;ObjectFieldsValues&#34;:[&#34;Not a worker node&#34;,&#34;ip-10-0-144-53.ec2.internal&#34;]},{&#34;ObjectType&#34;:&#34;Node&#34;,&#34;ObjectFieldsKeys&#34;:[&#34;Reason For Compliance&#34;,&#34;Name&#34;],&#34;ObjectFieldsValues&#34;:[&#34;Passed the hugepages check&#34;,&#34;ip-10-0-146-178.ec2.internal&#34;]},{&#34;ObjectType&#34;:&#34;Node&#34;,&#34;ObjectFieldsKeys&#34;:[&#34;Reason For Compliance&#34;,&#34;Name&#34;],&#34;ObjectFieldsValues&#34;:[&#34;Passed the hugepages check&#34;,&#34;ip-10-0-171-112.ec2.internal&#34;]},{&#34;ObjectType&#34;:&#34;Node&#34;,&#34;ObjectFieldsKeys&#34;:[&#34;Reason For Compliance&#34;,&#34;Name&#34;],&#34;ObjectFieldsValues&#34;:[&#34;Not a worker node&#34;,&#34;ip-10-0-173-119.ec2.internal&#34;]},{&#34;ObjectType&#34;:&#34;Node&#34;,&#34;ObjectFieldsKeys&#34;:[&#34;Reason For Compliance&#34;,&#34;Name&#34;],&#34;ObjectFieldsValues&#34;:[&#34;Passed the hugepages check&#34;,&#34;ip-10-0-138-139.ec2.internal&#34;]},{&#34;ObjectType&#34;:&#34;Node&#34;,&#34;ObjectFieldsKeys&#34;:[&#34;Reason For Compliance&#34;,&#34;Name&#34;],&#34;ObjectFieldsValues&#34;:[&#34;Not a worker node&#34;,&#34;ip-10-0-140-127.ec2.internal&#34;]}],&#34;NonCompliantObjectsOut&#34;:null}&#xA;&lt; Exit [It] platform-alteration-hugepages-config - /usr/tnf/tnf-src/cnf-certification-test/platform/suite.go:95 @ 09/25/23 18:00:06.817 (1.264s)&#xA;&gt; Enter [ReportAfterEach] platform-alteration - /usr/tnf/tnf-src/cnf-certification-test/platform/suite.go:53 @ 09/25/23 18:00:06.817&#xA;&lt; Exit [ReportAfterEach] platform-alteration - /usr/tnf/tnf-src/cnf-certification-test/platform/suite.go:53 @ 09/25/23 18:00:06.818 (1ms)&#xA;</system-err>
          </testcase>
          <testcase name="[It] platform-alteration platform-alteration-boot-params [common, platform-alteration-boot-params, platform-alteration]" classname="CNF Certification Test Suite" status="passed" time="2.000721876">
              <system-err>&gt; Enter [BeforeEach] platform-alteration - /usr/tnf/tnf-src/cnf-certification-test/platform/suite.go:50 @ 09/25/23 18:00:06.819&#xA;&lt; Exit [BeforeEach] platform-alteration - /usr/tnf/tnf-src/cnf-certification-test/platform/suite.go:50 @ 09/25/23 18:00:06.819 (0s)&#xA;&gt; Enter [It] platform-alteration-boot-params - /usr/tnf/tnf-src/cnf-certification-test/platform/suite.go:107 @ 09/25/23 18:00:06.819&#xA;{&#34;CompliantObjectsOut&#34;:[{&#34;ObjectType&#34;:&#34;Node&#34;,&#34;ObjectFieldsKeys&#34;:[&#34;Reason For Compliance&#34;,&#34;Name&#34;],&#34;ObjectFieldsValues&#34;:[&#34;Passed the boot params check&#34;,&#34;ip-10-0-171-112.ec2.internal&#34;]},{&#34;ObjectType&#34;:&#34;Node&#34;,&#34;ObjectFieldsKeys&#34;:[&#34;Reason For Compliance&#34;,&#34;Name&#34;],&#34;ObjectFieldsValues&#34;:[&#34;Passed the boot params check&#34;,&#34;ip-10-0-146-178.ec2.internal&#34;]},{&#34;ObjectType&#34;:&#34;Node&#34;,&#34;ObjectFieldsKeys&#34;:[&#34;Reason For Compliance&#34;,&#34;Name&#34;],&#34;ObjectFieldsValues&#34;:[&#34;Passed the boot params check&#34;,&#34;ip-10-0-138-139.ec2.internal&#34;]}],&#34;NonCompliantObjectsOut&#34;:null}&#xA;&lt; Exit [It] platform-alteration-boot-params - /usr/tnf/tnf-src/cnf-certification-test/platform/suite.go:107 @ 09/25/23 18:00:08.819 (2s)&#xA;&gt; Enter [ReportAfterEach] platform-alteration - /usr/tnf/tnf-src/cnf-certification-test/platform/suite.go:53 @ 09/25/23 18:00:08.82&#xA;&lt; Exit [ReportAfterEach] platform-alteration - /usr/tnf/tnf-src/cnf-certification-test/platform/suite.go:53 @ 09/25/23 18:00:08.82 (0s)&#xA;</system-err>
          </testcase>
          <testcase name="[It] platform-alteration platform-alteration-sysctl-config [common, platform-alteration-sysctl-config, platform-alteration]" classname="CNF Certification Test Suite" status="passed" time="1.141165084">
              <system-err>&gt; Enter [BeforeEach] platform-alteration - /usr/tnf/tnf-src/cnf-certification-test/platform/suite.go:50 @ 09/25/23 18:00:08.821&#xA;&lt; Exit [BeforeEach] platform-alteration - /usr/tnf/tnf-src/cnf-certification-test/platform/suite.go:50 @ 09/25/23 18:00:08.822 (0s)&#xA;&gt; Enter [It] platform-alteration-sysctl-config - /usr/tnf/tnf-src/cnf-certification-test/platform/suite.go:119 @ 09/25/23 18:00:08.822&#xA;{&#34;CompliantObjectsOut&#34;:[{&#34;ObjectType&#34;:&#34;Node&#34;,&#34;ObjectFieldsKeys&#34;:[&#34;Reason For Compliance&#34;,&#34;Name&#34;],&#34;ObjectFieldsValues&#34;:[&#34;Passed the sysctl config check&#34;,&#34;ip-10-0-171-112.ec2.internal&#34;]},{&#34;ObjectType&#34;:&#34;Node&#34;,&#34;ObjectFieldsKeys&#34;:[&#34;Reason For Compliance&#34;,&#34;Name&#34;],&#34;ObjectFieldsValues&#34;:[&#34;Passed the sysctl config check&#34;,&#34;ip-10-0-171-112.ec2.internal&#34;]},{&#34;ObjectType&#34;:&#34;Node&#34;,&#34;ObjectFieldsKeys&#34;:[&#34;Reason For Compliance&#34;,&#34;Name&#34;],&#34;ObjectFieldsValues&#34;:[&#34;Passed the sysctl config check&#34;,&#34;ip-10-0-171-112.ec2.internal&#34;]},{&#34;ObjectType&#34;:&#34;Node&#34;,&#34;ObjectFieldsKeys&#34;:[&#34;Reason For Compliance&#34;,&#34;Name&#34;],&#34;ObjectFieldsValues&#34;:[&#34;Passed the sysctl config check&#34;,&#34;ip-10-0-171-112.ec2.internal&#34;]},{&#34;ObjectType&#34;:&#34;Node&#34;,&#34;ObjectFieldsKeys&#34;:[&#34;Reason For Compliance&#34;,&#34;Name&#34;],&#34;ObjectFieldsValues&#34;:[&#34;Passed the sysctl config check&#34;,&#34;ip-10-0-171-112.ec2.internal&#34;]},{&#34;ObjectType&#34;:&#34;Node&#34;,&#34;ObjectFieldsKeys&#34;:[&#34;Reason For Compliance&#34;,&#34;Name&#34;],&#34;ObjectFieldsValues&#34;:[&#34;Passed the sysctl config check&#34;,&#34;ip-10-0-171-112.ec2.internal&#34;]},{&#34;ObjectType&#34;:&#34;Node&#34;,&#34;ObjectFieldsKeys&#34;:[&#34;Reason For Compliance&#34;,&#34;Name&#34;],&#34;ObjectFieldsValues&#34;:[&#34;Passed the sysctl config check&#34;,&#34;ip-10-0-171-112.ec2.internal&#34;]},{&#34;ObjectType&#34;:&#34;Node&#34;,&#34;ObjectFieldsKeys&#34;:[&#34;Reason For Compliance&#34;,&#34;Name&#34;],&#34;ObjectFieldsValues&#34;:[&#34;Passed the sysctl config check&#34;,&#34;ip-10-0-171-112.ec2.internal&#34;]},{&#34;ObjectType&#34;:&#34;Node&#34;,&#34;ObjectFieldsKeys&#34;:[&#34;Reason For Compliance&#34;,&#34;Name&#34;],&#34;ObjectFieldsValues&#34;:[&#34;Passed the sysctl config check&#34;,&#34;ip-10-0-171-112.ec2.internal&#34;]},{&#34;ObjectType&#34;:&#34;Node&#34;,&#34;ObjectFieldsKeys&#34;:[&#34;Reason For Compliance&#34;,&#34;Name&#34;],&#34;ObjectFieldsValues&#34;:[&#34;Passed the sysctl config check&#34;,&#34;ip-10-0-171-112.ec2.internal&#34;]},{&#34;ObjectType&#34;:&#34;Node&#34;,&#34;ObjectFieldsKeys&#34;:[&#34;Reason For Compliance&#34;,&#34;Name&#34;],&#34;ObjectFieldsValues&#34;:[&#34;Passed the sysctl config check&#34;,&#34;ip-10-0-171-112.ec2.internal&#34;]},{&#34;ObjectType&#34;:&#34;Node&#34;,&#34;ObjectFieldsKeys&#34;:[&#34;Reason For Compliance&#34;,&#34;Name&#34;],&#34;ObjectFieldsValues&#34;:[&#34;Passed the sysctl config check&#34;,&#34;ip-10-0-171-112.ec2.internal&#34;]},{&#34;ObjectType&#34;:&#34;Node&#34;,&#34;ObjectFieldsKeys&#34;:[&#34;Reason For Compliance&#34;,&#34;Name&#34;],&#34;ObjectFieldsValues&#34;:[&#34;Passed the sysctl config check&#34;,&#34;ip-10-0-171-112.ec2.internal&#34;]},{&#34;ObjectType&#34;:&#34;Node&#34;,&#34;ObjectFieldsKeys&#34;:[&#34;Reason For Compliance&#34;,&#34;Name&#34;],&#34;ObjectFieldsValues&#34;:[&#34;Passed the sysctl config check&#34;,&#34;ip-10-0-171-112.ec2.internal&#34;]},{&#34;ObjectType&#34;:&#34;Node&#34;,&#34;ObjectFieldsKeys&#34;:[&#34;Reason For Compliance&#34;,&#34;Name&#34;],&#34;ObjectFieldsValues&#34;:[&#34;Passed the sysctl config check&#34;,&#34;ip-10-0-171-112.ec2.internal&#34;]},{&#34;ObjectType&#34;:&#34;Node&#34;,&#34;ObjectFieldsKeys&#34;:[&#34;Reason For Compliance&#34;,&#34;Name&#34;],&#34;ObjectFieldsValues&#34;:[&#34;Passed the sysctl config check&#34;,&#34;ip-10-0-171-112.ec2.internal&#34;]},{&#34;ObjectType&#34;:&#34;Node&#34;,&#34;ObjectFieldsKeys&#34;:[&#34;Reason For Compliance&#34;,&#34;Name&#34;],&#34;ObjectFieldsValues&#34;:[&#34;Passed the sysctl config check&#34;,&#34;ip-10-0-171-112.ec2.internal&#34;]},{&#34;ObjectType&#34;:&#34;Node&#34;,&#34;ObjectFieldsKeys&#34;:[&#34;Reason For Compliance&#34;,&#34;Name&#34;],&#34;ObjectFieldsValues&#34;:[&#34;Passed the sysctl config check&#34;,&#34;ip-10-0-171-112.ec2.internal&#34;]},{&#34;ObjectType&#34;:&#34;Node&#34;,&#34;ObjectFieldsKeys&#34;:[&#34;Reason For Compliance&#34;,&#34;Name&#34;],&#34;ObjectFieldsValues&#34;:[&#34;Passed the sysctl config check&#34;,&#34;ip-10-0-171-112.ec2.internal&#34;]},{&#34;ObjectType&#34;:&#34;Node&#34;,&#34;ObjectFieldsKeys&#34;:[&#34;Reason For Compliance&#34;,&#34;Name&#34;],&#34;ObjectFieldsValues&#34;:[&#34;Passed the sysctl config check&#34;,&#34;ip-10-0-171-112.ec2.internal&#34;]},{&#34;ObjectType&#34;:&#34;Node&#34;,&#34;ObjectFieldsKeys&#34;:[&#34;Reason For Compliance&#34;,&#34;Name&#34;],&#34;ObjectFieldsValues&#34;:[&#34;Passed the sysctl config check&#34;,&#34;ip-10-0-171-112.ec2.internal&#34;]},{&#34;ObjectType&#34;:&#34;Node&#34;,&#34;ObjectFieldsKeys&#34;:[&#34;Reason For Compliance&#34;,&#34;Name&#34;],&#34;ObjectFieldsValues&#34;:[&#34;Passed the sysctl config check&#34;,&#34;ip-10-0-171-112.ec2.internal&#34;]},{&#34;ObjectType&#34;:&#34;Node&#34;,&#34;ObjectFieldsKeys&#34;:[&#34;Reason For Compliance&#34;,&#34;Name&#34;],&#34;ObjectFieldsValues&#34;:[&#34;Passed the sysctl config check&#34;,&#34;ip-10-0-171-112.ec2.internal&#34;]},{&#34;ObjectType&#34;:&#34;Node&#34;,&#34;ObjectFieldsKeys&#34;:[&#34;Reason For Compliance&#34;,&#34;Name&#34;],&#34;ObjectFieldsValues&#34;:[&#34;Passed the sysctl config check&#34;,&#34;ip-10-0-171-112.ec2.internal&#34;]},{&#34;ObjectType&#34;:&#34;Node&#34;,&#34;ObjectFieldsKeys&#34;:[&#34;Reason For Compliance&#34;,&#34;Name&#34;],&#34;ObjectFieldsValues&#34;:[&#34;Passed the sysctl config check&#34;,&#34;ip-10-0-171-112.ec2.internal&#34;]},{&#34;ObjectType&#34;:&#34;Node&#34;,&#34;ObjectFieldsKeys&#34;:[&#34;Reason For Compliance&#34;,&#34;Name&#34;],&#34;ObjectFieldsValues&#34;:[&#34;Passed the sysctl config check&#34;,&#34;ip-10-0-171-112.ec2.internal&#34;]},{&#34;ObjectType&#34;:&#34;Node&#34;,&#34;ObjectFieldsKeys&#34;:[&#34;Reason For Compliance&#34;,&#34;Name&#34;],&#34;ObjectFieldsValues&#34;:[&#34;Passed the sysctl config check&#34;,&#34;ip-10-0-171-112.ec2.internal&#34;]},{&#34;ObjectType&#34;:&#34;Node&#34;,&#34;ObjectFieldsKeys&#34;:[&#34;Reason For Compliance&#34;,&#34;Name&#34;],&#34;ObjectFieldsValues&#34;:[&#34;Passed the sysctl config check&#34;,&#34;ip-10-0-171-112.ec2.internal&#34;]},{&#34;ObjectType&#34;:&#34;Node&#34;,&#34;ObjectFieldsKeys&#34;:[&#34;Reason For Compliance&#34;,&#34;Name&#34;],&#34;ObjectFieldsValues&#34;:[&#34;Passed the sysctl config check&#34;,&#34;ip-10-0-171-112.ec2.internal&#34;]},{&#34;ObjectType&#34;:&#34;Node&#34;,&#34;ObjectFieldsKeys&#34;:[&#34;Reason For Compliance&#34;,&#34;Name&#34;],&#34;ObjectFieldsValues&#34;:[&#34;Passed the sysctl config check&#34;,&#34;ip-10-0-171-112.ec2.internal&#34;]},{&#34;ObjectType&#34;:&#34;Node&#34;,&#34;ObjectFieldsKeys&#34;:[&#34;Reason For Compliance&#34;,&#34;Name&#34;],&#34;ObjectFieldsValues&#34;:[&#34;Passed the sysctl config check&#34;,&#34;ip-10-0-171-112.ec2.internal&#34;]},{&#34;ObjectType&#34;:&#34;Node&#34;,&#34;ObjectFieldsKeys&#34;:[&#34;Reason For Compliance&#34;,&#34;Name&#34;],&#34;ObjectFieldsValues&#34;:[&#34;Passed the sysctl config check&#34;,&#34;ip-10-0-171-112.ec2.internal&#34;]},{&#34;ObjectType&#34;:&#34;Node&#34;,&#34;ObjectFieldsKeys&#34;:[&#34;Reason For Compliance&#34;,&#34;Name&#34;],&#34;ObjectFieldsValues&#34;:[&#34;Passed the sysctl config check&#34;,&#34;ip-10-0-171-112.ec2.internal&#34;]},{&#34;ObjectType&#34;:&#34;Node&#34;,&#34;ObjectFieldsKeys&#34;:[&#34;Reason For Compliance&#34;,&#34;Name&#34;],&#34;ObjectFieldsValues&#34;:[&#34;Passed the sysctl config check&#34;,&#34;ip-10-0-171-112.ec2.internal&#34;]},{&#34;ObjectType&#34;:&#34;Node&#34;,&#34;ObjectFieldsKeys&#34;:[&#34;Reason For Compliance&#34;,&#34;Name&#34;],&#34;ObjectFieldsValues&#34;:[&#34;Passed the sysctl config check&#34;,&#34;ip-10-0-171-112.ec2.internal&#34;]},{&#34;ObjectType&#34;:&#34;Node&#34;,&#34;ObjectFieldsKeys&#34;:[&#34;Reason For Compliance&#34;,&#34;Name&#34;],&#34;ObjectFieldsValues&#34;:[&#34;Passed the sysctl config check&#34;,&#34;ip-10-0-171-112.ec2.internal&#34;]},{&#34;ObjectType&#34;:&#34;Node&#34;,&#34;ObjectFieldsKeys&#34;:[&#34;Reason For Compliance&#34;,&#34;Name&#34;],&#34;ObjectFieldsValues&#34;:[&#34;Passed the sysctl config check&#34;,&#34;ip-10-0-171-112.ec2.internal&#34;]},{&#34;ObjectType&#34;:&#34;Node&#34;,&#34;ObjectFieldsKeys&#34;:[&#34;Reason For Compliance&#34;,&#34;Name&#34;],&#34;ObjectFieldsValues&#34;:[&#34;Passed the sysctl config check&#34;,&#34;ip-10-0-171-112.ec2.internal&#34;]},{&#34;ObjectType&#34;:&#34;Node&#34;,&#34;ObjectFieldsKeys&#34;:[&#34;Reason For Compliance&#34;,&#34;Name&#34;],&#34;ObjectFieldsValues&#34;:[&#34;Passed the sysctl config check&#34;,&#34;ip-10-0-171-112.ec2.internal&#34;]},{&#34;ObjectType&#34;:&#34;Node&#34;,&#34;ObjectFieldsKeys&#34;:[&#34;Reason For Compliance&#34;,&#34;Name&#34;],&#34;ObjectFieldsValues&#34;:[&#34;Passed the sysctl config check&#34;,&#34;ip-10-0-171-112.ec2.internal&#34;]},{&#34;ObjectType&#34;:&#34;Node&#34;,&#34;ObjectFieldsKeys&#34;:[&#34;Reason For Compliance&#34;,&#34;Name&#34;],&#34;ObjectFieldsValues&#34;:[&#34;Passed the sysctl config check&#34;,&#34;ip-10-0-171-112.ec2.internal&#34;]},{&#34;ObjectType&#34;:&#34;Node&#34;,&#34;ObjectFieldsKeys&#34;:[&#34;Reason For Compliance&#34;,&#34;Name&#34;],&#34;ObjectFieldsValues&#34;:[&#34;Passed the sysctl config check&#34;,&#34;ip-10-0-171-112.ec2.internal&#34;]},{&#34;ObjectType&#34;:&#34;Node&#34;,&#34;ObjectFieldsKeys&#34;:[&#34;Reason For Compliance&#34;,&#34;Name&#34;],&#34;ObjectFieldsValues&#34;:[&#34;Passed the sysctl config check&#34;,&#34;ip-10-0-171-112.ec2.internal&#34;]},{&#34;ObjectType&#34;:&#34;Node&#34;,&#34;ObjectFieldsKeys&#34;:[&#34;Reason For Compliance&#34;,&#34;Name&#34;],&#34;ObjectFieldsValues&#34;:[&#34;Passed the sysctl config check&#34;,&#34;ip-10-0-171-112.ec2.internal&#34;]},{&#34;ObjectType&#34;:&#34;Node&#34;,&#34;ObjectFieldsKeys&#34;:[&#34;Reason For Compliance&#34;,&#34;Name&#34;],&#34;ObjectFieldsValues&#34;:[&#34;Passed the sysctl config check&#34;,&#34;ip-10-0-171-112.ec2.internal&#34;]},{&#34;ObjectType&#34;:&#34;Node&#34;,&#34;ObjectFieldsKeys&#34;:[&#34;Reason For Compliance&#34;,&#34;Name&#34;],&#34;ObjectFieldsValues&#34;:[&#34;Passed the sysctl config check&#34;,&#34;ip-10-0-171-112.ec2.internal&#34;]},{&#34;ObjectType&#34;:&#34;Node&#34;,&#34;ObjectFieldsKeys&#34;:[&#34;Reason For Compliance&#34;,&#34;Name&#34;],&#34;ObjectFieldsValues&#34;:[&#34;Passed the sysctl config check&#34;,&#34;ip-10-0-171-112.ec2.internal&#34;]},{&#34;ObjectType&#34;:&#34;Node&#34;,&#34;ObjectFieldsKeys&#34;:[&#34;Reason For Compliance&#34;,&#34;Name&#34;],&#34;ObjectFieldsValues&#34;:[&#34;Passed the sysctl config check&#34;,&#34;ip-10-0-171-112.ec2.internal&#34;]},{&#34;ObjectType&#34;:&#34;Node&#34;,&#34;ObjectFieldsKeys&#34;:[&#34;Reason For Compliance&#34;,&#34;Name&#34;],&#34;ObjectFieldsValues&#34;:[&#34;Passed the sysctl config check&#34;,&#34;ip-10-0-171-112.ec2.internal&#34;]},{&#34;ObjectType&#34;:&#34;Node&#34;,&#34;ObjectFieldsKeys&#34;:[&#34;Reason For Compliance&#34;,&#34;Name&#34;],&#34;ObjectFieldsValues&#34;:[&#34;Passed the sysctl config check&#34;,&#34;ip-10-0-171-112.ec2.internal&#34;]},{&#34;ObjectType&#34;:&#34;Node&#34;,&#34;ObjectFieldsKeys&#34;:[&#34;Reason For Compliance&#34;,&#34;Name&#34;],&#34;ObjectFieldsValues&#34;:[&#34;Passed the sysctl config check&#34;,&#34;ip-10-0-171-112.ec2.internal&#34;]},{&#34;ObjectType&#34;:&#34;Node&#34;,&#34;ObjectFieldsKeys&#34;:[&#34;Reason For Compliance&#34;,&#34;Name&#34;],&#34;ObjectFieldsValues&#34;:[&#34;Passed the sysctl config check&#34;,&#34;ip-10-0-171-112.ec2.internal&#34;]},{&#34;ObjectType&#34;:&#34;Node&#34;,&#34;ObjectFieldsKeys&#34;:[&#34;Reason For Compliance&#34;,&#34;Name&#34;],&#34;ObjectFieldsValues&#34;:[&#34;Passed the sysctl config check&#34;,&#34;ip-10-0-171-112.ec2.internal&#34;]},{&#34;ObjectType&#34;:&#34;Node&#34;,&#34;ObjectFieldsKeys&#34;:[&#34;Reason For Compliance&#34;,&#34;Name&#34;],&#34;ObjectFieldsValues&#34;:[&#34;Passed the sysctl config check&#34;,&#34;ip-10-0-171-112.ec2.internal&#34;]},{&#34;ObjectType&#34;:&#34;Node&#34;,&#34;ObjectFieldsKeys&#34;:[&#34;Reason For Compliance&#34;,&#34;Name&#34;],&#34;ObjectFieldsValues&#34;:[&#34;Passed the sysctl config check&#34;,&#34;ip-10-0-171-112.ec2.internal&#34;]},{&#34;ObjectType&#34;:&#34;Node&#34;,&#34;ObjectFieldsKeys&#34;:[&#34;Reason For Compliance&#34;,&#34;Name&#34;],&#34;ObjectFieldsValues&#34;:[&#34;Passed the sysctl config check&#34;,&#34;ip-10-0-171-112.ec2.internal&#34;]},{&#34;ObjectType&#34;:&#34;Node&#34;,&#34;ObjectFieldsKeys&#34;:[&#34;Reason For Compliance&#34;,&#34;Name&#34;],&#34;ObjectFieldsValues&#34;:[&#34;Passed the sysctl config check&#34;,&#34;ip-10-0-171-112.ec2.internal&#34;]},{&#34;ObjectType&#34;:&#34;Node&#34;,&#34;ObjectFieldsKeys&#34;:[&#34;Reason For Compliance&#34;,&#34;Name&#34;],&#34;ObjectFieldsValues&#34;:[&#34;Passed the sysctl config check&#34;,&#34;ip-10-0-171-112.ec2.internal&#34;]},{&#34;ObjectType&#34;:&#34;Node&#34;,&#34;ObjectFieldsKeys&#34;:[&#34;Reason For Compliance&#34;,&#34;Name&#34;],&#34;ObjectFieldsValues&#34;:[&#34;Passed the sysctl config check&#34;,&#34;ip-10-0-171-112.ec2.internal&#34;]},{&#34;ObjectType&#34;:&#34;Node&#34;,&#34;ObjectFieldsKeys&#34;:[&#34;Reason For Compliance&#34;,&#34;Name&#34;],&#34;ObjectFieldsValues&#34;:[&#34;Passed the sysctl config check&#34;,&#34;ip-10-0-171-112.ec2.internal&#34;]},{&#34;ObjectType&#34;:&#34;Node&#34;,&#34;ObjectFieldsKeys&#34;:[&#34;Reason For Compliance&#34;,&#34;Name&#34;],&#34;ObjectFieldsValues&#34;:[&#34;Passed the sysctl config check&#34;,&#34;ip-10-0-171-112.ec2.internal&#34;]},{&#34;ObjectType&#34;:&#34;Node&#34;,&#34;ObjectFieldsKeys&#34;:[&#34;Reason For Compliance&#34;,&#34;Name&#34;],&#34;ObjectFieldsValues&#34;:[&#34;Passed the sysctl config check&#34;,&#34;ip-10-0-171-112.ec2.internal&#34;]},{&#34;ObjectType&#34;:&#34;Node&#34;,&#34;ObjectFieldsKeys&#34;:[&#34;Reason For Compliance&#34;,&#34;Name&#34;],&#34;ObjectFieldsValues&#34;:[&#34;Passed the sysctl config check&#34;,&#34;ip-10-0-171-112.ec2.internal&#34;]},{&#34;ObjectType&#34;:&#34;Node&#34;,&#34;ObjectFieldsKeys&#34;:[&#34;Reason For Compliance&#34;,&#34;Name&#34;],&#34;ObjectFieldsValues&#34;:[&#34;Passed the sysctl config check&#34;,&#34;ip-10-0-171-112.ec2.internal&#34;]},{&#34;ObjectType&#34;:&#34;Node&#34;,&#34;ObjectFieldsKeys&#34;:[&#34;Reason For Compliance&#34;,&#34;Name&#34;],&#34;ObjectFieldsValues&#34;:[&#34;Passed the sysctl config check&#34;,&#34;ip-10-0-171-112.ec2.internal&#34;]},{&#34;ObjectType&#34;:&#34;Node&#34;,&#34;ObjectFieldsKeys&#34;:[&#34;Reason For Compliance&#34;,&#34;Name&#34;],&#34;ObjectFieldsValues&#34;:[&#34;Passed the sysctl config check&#34;,&#34;ip-10-0-171-112.ec2.internal&#34;]},{&#34;ObjectType&#34;:&#34;Node&#34;,&#34;ObjectFieldsKeys&#34;:[&#34;Reason For Compliance&#34;,&#34;Name&#34;],&#34;ObjectFieldsValues&#34;:[&#34;Passed the sysctl config check&#34;,&#34;ip-10-0-171-112.ec2.internal&#34;]},{&#34;ObjectType&#34;:&#34;Node&#34;,&#34;ObjectFieldsKeys&#34;:[&#34;Reason For Compliance&#34;,&#34;Name&#34;],&#34;ObjectFieldsValues&#34;:[&#34;Passed the sysctl config check&#34;,&#34;ip-10-0-171-112.ec2.internal&#34;]},{&#34;ObjectType&#34;:&#34;Node&#34;,&#34;ObjectFieldsKeys&#34;:[&#34;Reason For Compliance&#34;,&#34;Name&#34;],&#34;ObjectFieldsValues&#34;:[&#34;Passed the sysctl config check&#34;,&#34;ip-10-0-171-112.ec2.internal&#34;]},{&#34;ObjectType&#34;:&#34;Node&#34;,&#34;ObjectFieldsKeys&#34;:[&#34;Reason For Compliance&#34;,&#34;Name&#34;],&#34;ObjectFieldsValues&#34;:[&#34;Passed the sysctl config check&#34;,&#34;ip-10-0-171-112.ec2.internal&#34;]},{&#34;ObjectType&#34;:&#34;Node&#34;,&#34;ObjectFieldsKeys&#34;:[&#34;Reason For Compliance&#34;,&#34;Name&#34;],&#34;ObjectFieldsValues&#34;:[&#34;Passed the sysctl config check&#34;,&#34;ip-10-0-171-112.ec2.internal&#34;]},{&#34;ObjectType&#34;:&#34;Node&#34;,&#34;ObjectFieldsKeys&#34;:[&#34;Reason For Compliance&#34;,&#34;Name&#34;],&#34;ObjectFieldsValues&#34;:[&#34;Passed the sysctl config check&#34;,&#34;ip-10-0-171-112.ec2.internal&#34;]},{&#34;ObjectType&#34;:&#34;Node&#34;,&#34;ObjectFieldsKeys&#34;:[&#34;Reason For Compliance&#34;,&#34;Name&#34;],&#34;ObjectFieldsValues&#34;:[&#34;Passed the sysctl config check&#34;,&#34;ip-10-0-171-112.ec2.internal&#34;]},{&#34;ObjectType&#34;:&#34;Node&#34;,&#34;ObjectFieldsKeys&#34;:[&#34;Reason For Compliance&#34;,&#34;Name&#34;],&#34;ObjectFieldsValues&#34;:[&#34;Passed the sysctl config check&#34;,&#34;ip-10-0-171-112.ec2.internal&#34;]},{&#34;ObjectType&#34;:&#34;Node&#34;,&#34;ObjectFieldsKeys&#34;:[&#34;Reason For Compliance&#34;,&#34;Name&#34;],&#34;ObjectFieldsValues&#34;:[&#34;Passed the sysctl config check&#34;,&#34;ip-10-0-171-112.ec2.internal&#34;]},{&#34;ObjectType&#34;:&#34;Node&#34;,&#34;ObjectFieldsKeys&#34;:[&#34;Reason For Compliance&#34;,&#34;Name&#34;],&#34;ObjectFieldsValues&#34;:[&#34;Passed the sysctl config check&#34;,&#34;ip-10-0-171-112.ec2.internal&#34;]},{&#34;ObjectType&#34;:&#34;Node&#34;,&#34;ObjectFieldsKeys&#34;:[&#34;Reason For Compliance&#34;,&#34;Name&#34;],&#34;ObjectFieldsValues&#34;:[&#34;Passed the sysctl config check&#34;,&#34;ip-10-0-171-112.ec2.internal&#34;]},{&#34;ObjectType&#34;:&#34;Node&#34;,&#34;ObjectFieldsKeys&#34;:[&#34;Reason For Compliance&#34;,&#34;Name&#34;],&#34;ObjectFieldsValues&#34;:[&#34;Passed the sysctl config check&#34;,&#34;ip-10-0-171-112.ec2.internal&#34;]},{&#34;ObjectType&#34;:&#34;Node&#34;,&#34;ObjectFieldsKeys&#34;:[&#34;Reason For Compliance&#34;,&#34;Name&#34;],&#34;ObjectFieldsValues&#34;:[&#34;Passed the sysctl config check&#34;,&#34;ip-10-0-171-112.ec2.internal&#34;]},{&#34;ObjectType&#34;:&#34;Node&#34;,&#34;ObjectFieldsKeys&#34;:[&#34;Reason For Compliance&#34;,&#34;Name&#34;],&#34;ObjectFieldsValues&#34;:[&#34;Passed the sysctl config check&#34;,&#34;ip-10-0-171-112.ec2.internal&#34;]},{&#34;ObjectType&#34;:&#34;Node&#34;,&#34;ObjectFieldsKeys&#34;:[&#34;Reason For Compliance&#34;,&#34;Name&#34;],&#34;ObjectFieldsValues&#34;:[&#34;Passed the sysctl config check&#34;,&#34;ip-10-0-171-112.ec2.internal&#34;]},{&#34;ObjectType&#34;:&#34;Node&#34;,&#34;ObjectFieldsKeys&#34;:[&#34;Reason For Compliance&#34;,&#34;Name&#34;],&#34;ObjectFieldsValues&#34;:[&#34;Passed the sysctl config check&#34;,&#34;ip-10-0-171-112.ec2.internal&#34;]},{&#34;ObjectType&#34;:&#34;Node&#34;,&#34;ObjectFieldsKeys&#34;:[&#34;Reason For Compliance&#34;,&#34;Name&#34;],&#34;ObjectFieldsValues&#34;:[&#34;Passed the sysctl config check&#34;,&#34;ip-10-0-171-112.ec2.internal&#34;]},{&#34;ObjectType&#34;:&#34;Node&#34;,&#34;ObjectFieldsKeys&#34;:[&#34;Reason For Compliance&#34;,&#34;Name&#34;],&#34;ObjectFieldsValues&#34;:[&#34;Passed the sysctl config check&#34;,&#34;ip-10-0-171-112.ec2.internal&#34;]},{&#
[...]
true 15001:true 15006:true 15008:true 15014:true 15020:true 15021:true 15090:true 15443:true]&#34;,&#34;test&#34;,&#34;bbe7e6c1d75c4de2f47e2c825c930568e85f1134545e9d890a0c9f3d9187a4d&#34;]},{&#34;ObjectType&#34;:&#34;Declared Port&#34;,&#34;ObjectFieldsKeys&#34;:[&#34;Reason For Compliance&#34;,&#34;Namespace&#34;,&#34;Pod Name&#34;,&#34;Container Name&#34;,&#34;Port Number&#34;,&#34;Port Protocol&#34;],&#34;ObjectFieldsValues&#34;:[&#34;Container does not declare Partner reserved port in map[15000:true 15001:true 15006:true 15008:true 15014:true 15020:true 15021:true 15090:true 15443:true]&#34;,&#34;test&#34;,&#34;d4681f98fc2b9661435ddd8f0e86b1bda8824ac566f8a600c90d1d1f4370706&#34;,&#34;registry-grpc&#34;,&#34;50051&#34;,&#34;TCP&#34;]},{&#34;ObjectType&#34;:&#34;Listening Port&#34;,&#34;ObjectFieldsKeys&#34;:[&#34;Reason For Compliance&#34;,&#34;Namespace&#34;,&#34;Pod Name&#34;,&#34;Port Number&#34;,&#34;Port Protocol&#34;],&#34;ObjectFieldsValues&#34;:[&#34;Pod Listens to port not in Partner reserved port map[15000:true 15001:true 15006:true 15008:true 15014:true 15020:true 15021:true 15090:true 15443:true]&#34;,&#34;test&#34;,&#34;d4681f98fc2b9661435ddd8f0e86b1bda8824ac566f8a600c90d1d1f4370706&#34;,&#34;50051&#34;,&#34;TCP&#34;]},{&#34;ObjectType&#34;:&#34;Listening Port&#34;,&#34;ObjectFieldsKeys&#34;:[&#34;Reason For Compliance&#34;,&#34;Namespace&#34;,&#34;Pod Name&#34;,&#34;Port Number&#34;,&#34;Port Protocol&#34;],&#34;ObjectFieldsValues&#34;:[&#34;Pod Listens to port not in Partner reserved port map[15000:true 15001:true 15006:true 15008:true 15014:true 15020:true 15021:true 15090:true 15443:true]&#34;,&#34;test&#34;,&#34;d4681f98fc2b9661435ddd8f0e86b1bda8824ac566f8a600c90d1d1f4370706&#34;,&#34;6060&#34;,&#34;TCP&#34;]},{&#34;ObjectType&#34;:&#34;Pod&#34;,&#34;ObjectFieldsKeys&#34;:[&#34;Reason For Compliance&#34;,&#34;Namespace&#34;,&#34;Pod Name&#34;],&#34;ObjectFieldsValues&#34;:[&#34;Pod does not listen to or declare any Partner reserved port in map[15000:true 15001:true 15006:true 15008:true 15014:true 15020:true 15021:true 15090:true 15443:true]&#34;,&#34;test&#34;,&#34;d4681f98fc2b9661435ddd8f0e86b1bda8824ac566f8a600c90d1d1f4370706&#34;]},{&#34;ObjectType&#34;:&#34;Declared Port&#34;,&#34;ObjectFieldsKeys&#34;:[&#34;Reason For Compliance&#34;,&#34;Namespace&#34;,&#34;Pod Name&#34;,&#34;Container Name&#34;,&#34;Port Number&#34;,&#34;Port Protocol&#34;],&#34;ObjectFieldsValues&#34;:[&#34;Container does not declare Partner reserved port in map[15000:true 15001:true 15006:true 15008:true 15014:true 15020:true 15021:true 15090:true 15443:true]&#34;,&#34;test&#34;,&#34;descheduler-operator-6745dd86b5-wfbnr&#34;,&#34;descheduler-operator&#34;,&#34;60000&#34;,&#34;TCP&#34;]},{&#34;ObjectType&#34;:&#34;Listening Port&#34;,&#34;ObjectFieldsKeys&#34;:[&#34;Reason For Compliance&#34;,&#34;Namespace&#34;,&#34;Pod Name&#34;,&#34;Port Number&#34;,&#34;Port Protocol&#34;],&#34;ObjectFieldsValues&#34;:[&#34;Pod Listens to port not in Partner reserved port map[15000:true 15001:true 15006:true 15008:true 15014:true 15020:true 15021:true 15090:true 15443:true]&#34;,&#34;test&#34;,&#34;descheduler-operator-6745dd86b5-wfbnr&#34;,&#34;8443&#34;,&#34;TCP&#34;]},{&#34;ObjectType&#34;:&#34;Pod&#34;,&#34;ObjectFieldsKeys&#34;:[&#34;Reason For Compliance&#34;,&#34;Namespace&#34;,&#34;Pod Name&#34;],&#34;ObjectFieldsValues&#34;:[&#34;Pod does not listen to or declare any Partner reserved port in map[15000:true 15001:true 15006:true 15008:true 15014:true 15020:true 15021:true 15090:true 15443:true]&#34;,&#34;test&#34;,&#34;descheduler-operator-6745dd86b5-wfbnr&#34;]},{&#34;ObjectType&#34;:&#34;Declared Port&#34;,&#34;ObjectFieldsKeys&#34;:[&#34;Reason For Compliance&#34;,&#34;Namespace&#34;,&#34;Pod Name&#34;,&#34;Container Name&#34;,&#34;Port Number&#34;,&#34;Port Protocol&#34;],&#34;ObjectFieldsValues&#34;:[&#34;Container does not declare Partner reserved port in map[15000:true 15001:true 15006:true 15008:true 15014:true 15020:true 15021:true 15090:true 15443:true]&#34;,&#34;test&#34;,&#34;devworkspace-webhook-server-85d9f8bbfc-cj6z5&#34;,&#34;kube-rbac-proxy&#34;,&#34;9443&#34;,&#34;TCP&#34;]},{&#34;ObjectType&#34;:&#34;Declared Port&#34;,&#34;ObjectFieldsKeys&#34;:[&#34;Reason For Compliance&#34;,&#34;Namespace&#34;,&#34;Pod Name&#34;,&#34;Container Name&#34;,&#34;Port Number&#34;,&#34;Port Protocol&#34;],&#34;ObjectFieldsValues&#34;:[&#34;Container does not declare Partner reserved port in map[15000:true 15001:true 15006:true 15008:true 15014:true 15020:true 15021:true 15090:true 15443:true]&#34;,&#34;test&#34;,&#34;devworkspace-webhook-server-85d9f8bbfc-cj6z5&#34;,&#34;webhook-server&#34;,&#34;8443&#34;,&#34;TCP&#34;]},{&#34;ObjectType&#34;:&#34;Declared Port&#34;,&#34;ObjectFieldsKeys&#34;:[&#34;Reason For Compliance&#34;,&#34;Namespace&#34;,&#34;Pod Name&#34;,&#34;Container Name&#34;,&#34;Port Number&#34;,&#34;Port Protocol&#34;],&#34;ObjectFieldsValues&#34;:[&#34;Container does not declare Partner reserved port in map[15000:true 15001:true 15006:true 15008:true 15014:true 15020:true 15021:true 15090:true 15443:true]&#34;,&#34;test&#34;,&#34;devworkspace-webhook-server-85d9f8bbfc-cj6z5&#34;,&#34;webhook-server&#34;,&#34;6789&#34;,&#34;TCP&#34;]},{&#34;ObjectType&#34;:&#34;Listening Port&#34;,&#34;ObjectFieldsKeys&#34;:[&#34;Reason For Compliance&#34;,&#34;Namespace&#34;,&#34;Pod Name&#34;,&#34;Port Number&#34;,&#34;Port Protocol&#34;],&#34;ObjectFieldsValues&#34;:[&#34;Pod Listens to port not in Partner reserved port map[15000:true 15001:true 15006:true 15008:true 15014:true 15020:true 15021:true 15090:true 15443:true]&#34;,&#34;test&#34;,&#34;devworkspace-webhook-server-85d9f8bbfc-cj6z5&#34;,&#34;6789&#34;,&#34;TCP&#34;]},{&#34;ObjectType&#34;:&#34;Listening Port&#34;,&#34;ObjectFieldsKeys&#34;:[&#34;Reason For Compliance&#34;,&#34;Namespace&#34;,&#34;Pod Name&#34;,&#34;Port Number&#34;,&#34;Port Protocol&#34;],&#34;ObjectFieldsValues&#34;:[&#34;Pod Listens to port not in Partner reserved port map[15000:true 15001:true 15006:true 15008:true 15014:true 15020:true 15021:true 15090:true 15443:true]&#34;,&#34;test&#34;,&#34;devworkspace-webhook-server-85d9f8bbfc-cj6z5&#34;,&#34;8080&#34;,&#34;TCP&#34;]},{&#34;ObjectType&#34;:&#34;Listening Port&#34;,&#34;ObjectFieldsKeys&#34;:[&#34;Reason For Compliance&#34;,&#34;Namespace&#34;,&#34;Pod Name&#34;,&#34;Port Number&#34;,&#34;Port Protocol&#34;],&#34;ObjectFieldsValues&#34;:[&#34;Pod Listens to port not in Partner reserved port map[15000:true 15001:true 15006:true 15008:true 15014:true 15020:true 15021:true 15090:true 15443:true]&#34;,&#34;test&#34;,&#34;devworkspace-webhook-server-85d9f8bbfc-cj6z5&#34;,&#34;8443&#34;,&#34;TCP&#34;]},{&#34;ObjectType&#34;:&#34;Listening Port&#34;,&#34;ObjectFieldsKeys&#34;:[&#34;Reason For Compliance&#34;,&#34;Namespace&#34;,&#34;Pod Name&#34;,&#34;Port Number&#34;,&#34;Port Protocol&#34;],&#34;ObjectFieldsValues&#34;:[&#34;Pod Listens to port not in Partner reserved port map[15000:true 15001:true 15006:true 15008:true 15014:true 15020:true 15021:true 15090:true 15443:true]&#34;,&#34;test&#34;,&#34;devworkspace-webhook-server-85d9f8bbfc-cj6z5&#34;,&#34;9443&#34;,&#34;TCP&#34;]},{&#34;ObjectType&#34;:&#34;Pod&#34;,&#34;ObjectFieldsKeys&#34;:[&#34;Reason For Compliance&#34;,&#34;Namespace&#34;,&#34;Pod Name&#34;],&#34;ObjectFieldsValues&#34;:[&#34;Pod does not listen to or declare any Partner reserved port in map[15000:true 15001:true 15006:true 15008:true 15014:true 15020:true 15021:true 15090:true 15443:true]&#34;,&#34;test&#34;,&#34;devworkspace-webhook-server-85d9f8bbfc-cj6z5&#34;]},{&#34;ObjectType&#34;:&#34;Declared Port&#34;,&#34;ObjectFieldsKeys&#34;:[&#34;Reason For Compliance&#34;,&#34;Namespace&#34;,&#34;Pod Name&#34;,&#34;Container Name&#34;,&#34;Port Number&#34;,&#34;Port Protocol&#34;],&#34;ObjectFieldsValues&#34;:[&#34;Container does not declare Partner reserved port in map[15000:true 15001:true 15006:true 15008:true 15014:true 15020:true 15021:true 15090:true 15443:true]&#34;,&#34;test&#34;,&#34;security-profiles-operator-webhook-d844fd745-2vvs5&#34;,&#34;security-profiles-operator&#34;,&#34;9443&#34;,&#34;TCP&#34;]},{&#34;ObjectType&#34;:&#34;Listening Port&#34;,&#34;ObjectFieldsKeys&#34;:[&#34;Reason For Compliance&#34;,&#34;Namespace&#34;,&#34;Pod Name&#34;,&#34;Port Number&#34;,&#34;Port Protocol&#34;],&#34;ObjectFieldsValues&#34;:[&#34;Pod Listens to port not in Partner reserved port map[15000:true 15001:true 15006:true 15008:true 15014:true 15020:true 15021:true 15090:true 15443:true]&#34;,&#34;test&#34;,&#34;security-profiles-operator-webhook-d844fd745-2vvs5&#34;,&#34;9443&#34;,&#34;TCP&#34;]},{&#34;ObjectType&#34;:&#34;Listening Port&#34;,&#34;ObjectFieldsKeys&#34;:[&#34;Reason For Compliance&#34;,&#34;Namespace&#34;,&#34;Pod Name&#34;,&#34;Port Number&#34;,&#34;Port Protocol&#34;],&#34;ObjectFieldsValues&#34;:[&#34;Pod Listens to port not in Partner reserved port map[15000:true 15001:true 15006:true 15008:true 15014:true 15020:true 15021:true 15090:true 15443:true]&#34;,&#34;test&#34;,&#34;security-profiles-operator-webhook-d844fd745-2vvs5&#34;,&#34;8080&#34;,&#34;TCP&#34;]},{&#34;ObjectType&#34;:&#34;Pod&#34;,&#34;ObjectFieldsKeys&#34;:[&#34;Reason For Compliance&#34;,&#34;Namespace&#34;,&#34;Pod Name&#34;],&#34;ObjectFieldsValues&#34;:[&#34;Pod does not listen to or declare any Partner reserved port in map[15000:true 15001:true 15006:true 15008:true 15014:true 15020:true 15021:true 15090:true 15443:true]&#34;,&#34;test&#34;,&#34;security-profiles-operator-webhook-d844fd745-2vvs5&#34;]},{&#34;ObjectType&#34;:&#34;Declared Port&#34;,&#34;ObjectFieldsKeys&#34;:[&#34;Reason For Compliance&#34;,&#34;Namespace&#34;,&#34;Pod Name&#34;,&#34;Container Name&#34;,&#34;Port Number&#34;,&#34;Port Protocol&#34;],&#34;ObjectFieldsValues&#34;:[&#34;Container does not declare Partner reserved port in map[15000:true 15001:true 15006:true 15008:true 15014:true 15020:true 15021:true 15090:true 15443:true]&#34;,&#34;test&#34;,&#34;security-profiles-operator-webhook-d844fd745-6ngkl&#34;,&#34;security-profiles-operator&#34;,&#34;9443&#34;,&#34;TCP&#34;]},{&#34;ObjectType&#34;:&#34;Listening Port&#34;,&#34;ObjectFieldsKeys&#34;:[&#34;Reason For Compliance&#34;,&#34;Namespace&#34;,&#34;Pod Name&#34;,&#34;Port Number&#34;,&#34;Port Protocol&#34;],&#34;ObjectFieldsValues&#34;:[&#34;Pod Listens to port not in Partner reserved port map[15000:true 15001:true 15006:true 15008:true 15014:true 15020:true 15021:true 15090:true 15443:true]&#34;,&#34;test&#34;,&#34;security-profiles-operator-webhook-d844fd745-6ngkl&#34;,&#34;8080&#34;,&#34;TCP&#34;]},{&#34;ObjectType&#34;:&#34;Listening Port&#34;,&#34;ObjectFieldsKeys&#34;:[&#34;Reason For Compliance&#34;,&#34;Namespace&#34;,&#34;Pod Name&#34;,&#34;Port Number&#34;,&#34;Port Protocol&#34;],&#34;ObjectFieldsValues&#34;:[&#34;Pod Listens to port not in Partner reserved port map[15000:true 15001:true 15006:true 15008:true 15014:true 15020:true 15021:true 15090:true 15443:true]&#34;,&#34;test&#34;,&#34;security-profiles-operator-webhook-d844fd745-6ngkl&#34;,&#34;9443&#34;,&#34;TCP&#34;]},{&#34;ObjectType&#34;:&#34;Pod&#34;,&#34;ObjectFieldsKeys&#34;:[&#34;Reason For Compliance&#34;,&#34;Namespace&#34;,&#34;Pod Name&#34;],&#34;ObjectFieldsValues&#34;:[&#34;Pod does not listen to or declare any Partner reserved port in map[15000:true 15001:true 15006:true 15008:true 15014:true 15020:true 15021:true 15090:true 15443:true]&#34;,&#34;test&#34;,&#34;security-profiles-operator-webhook-d844fd745-6ngkl&#34;]},{&#34;ObjectType&#34;:&#34;Declared Port&#34;,&#34;ObjectFieldsKeys&#34;:[&#34;Reason For Compliance&#34;,&#34;Namespace&#34;,&#34;Pod Name&#34;,&#34;Container Name&#34;,&#34;Port Number&#34;,&#34;Port Protocol&#34;],&#34;ObjectFieldsValues&#34;:[&#34;Container does not declare Partner reserved port in map[15000:true 15001:true 15006:true 15008:true 15014:true 15020:true 15021:true 15090:true 15443:true]&#34;,&#34;test&#34;,&#34;security-profiles-operator-webhook-d844fd745-hvr8w&#34;,&#34;security-profiles-operator&#34;,&#34;9443&#34;,&#34;TCP&#34;]},{&#34;ObjectType&#34;:&#34;Listening Port&#34;,&#34;ObjectFieldsKeys&#34;:[&#34;Reason For Compliance&#34;,&#34;Namespace&#34;,&#34;Pod Name&#34;,&#34;Port Number&#34;,&#34;Port Protocol&#34;],&#34;ObjectFieldsValues&#34;:[&#34;Pod Listens to port not in Partner reserved port map[15000:true 15001:true 15006:true 15008:true 15014:true 15020:true 15021:true 15090:true 15443:true]&#34;,&#34;test&#34;,&#34;security-profiles-operator-webhook-d844fd745-hvr8w&#34;,&#34;8080&#34;,&#34;TCP&#34;]},{&#34;ObjectType&#34;:&#34;Listening Port&#34;,&#34;ObjectFieldsKeys&#34;:[&#34;Reason For Compliance&#34;,&#34;Namespace&#34;,&#34;Pod Name&#34;,&#34;Port Number&#34;,&#34;Port Protocol&#34;],&#34;ObjectFieldsValues&#34;:[&#34;Pod Listens to port not in Partner reserved port map[15000:true 15001:true 15006:true 15008:true 15014:true 15020:true 15021:true 15090:true 15443:true]&#34;,&#34;test&#34;,&#34;security-profiles-operator-webhook-d844fd745-hvr8w&#34;,&#34;9443&#34;,&#34;TCP&#34;]},{&#34;ObjectType&#34;:&#34;Pod&#34;,&#34;ObjectFieldsKeys&#34;:[&#34;Reason For Compliance&#34;,&#34;Namespace&#34;,&#34;Pod Name&#34;],&#34;ObjectFieldsValues&#34;:[&#34;Pod does not listen to or declare any Partner reserved port in map[15000:true 15001:true 15006:true 15008:true 15014:true 15020:true 15021:true 15090:true 15443:true]&#34;,&#34;test&#34;,&#34;security-profiles-operator-webhook-d844fd745-hvr8w&#34;]}],&#34;NonCompliantObjectsOut&#34;:null}&#xA;&lt; Exit [It] networking-reserved-partner-ports - /usr/tnf/tnf-src/cnf-certification-test/networking/suite.go:123 @ 09/25/23 18:01:44.667 (8.16s)&#xA;&gt; Enter [ReportAfterEach] networking - /usr/tnf/tnf-src/cnf-certification-test/networking/suite.go:58 @ 09/25/23 18:01:44.667&#xA;&lt; Exit [ReportAfterEach] networking - /usr/tnf/tnf-src/cnf-certification-test/networking/suite.go:58 @ 09/25/23 18:01:44.668 (1ms)&#xA;</system-err>
          </testcase>
          <testcase name="[It] networking networking-dpdk-cpu-pinning-exec-probe [telco, networking-dpdk-cpu-pinning-exec-probe, networking]" classname="CNF Certification Test Suite" status="skipped" time="0.004470916">
              <skipped message="skipped - Test skipped because there are no []*provider.Pod to test, please check under test labels"></skipped>
              <system-err>&gt; Enter [BeforeEach] networking - /usr/tnf/tnf-src/cnf-certification-test/networking/suite.go:55 @ 09/25/23 18:01:44.67&#xA;&lt; Exit [BeforeEach] networking - /usr/tnf/tnf-src/cnf-certification-test/networking/suite.go:55 @ 09/25/23 18:01:44.67 (0s)&#xA;&gt; Enter [It] networking-dpdk-cpu-pinning-exec-probe - /usr/tnf/tnf-src/cnf-certification-test/networking/suite.go:131 @ 09/25/23 18:01:44.67&#xA;[SKIPPED] Test skipped because there are no []*provider.Pod to test, please check under test labels&#xA;In [It] at: /usr/tnf/tnf-src/pkg/testhelper/testhelper.go:312 @ 09/25/23 18:01:44.673&#xA;&lt; Exit [It] networking-dpdk-cpu-pinning-exec-probe - /usr/tnf/tnf-src/cnf-certification-test/networking/suite.go:131 @ 09/25/23 18:01:44.674 (4ms)&#xA;&gt; Enter [ReportAfterEach] networking - /usr/tnf/tnf-src/cnf-certification-test/networking/suite.go:58 @ 09/25/23 18:01:44.674&#xA;&lt; Exit [ReportAfterEach] networking - /usr/tnf/tnf-src/cnf-certification-test/networking/suite.go:58 @ 09/25/23 18:01:44.675 (1ms)&#xA;</system-err>
          </testcase>
          <testcase name="[It] networking networking-restart-on-reboot-sriov-pod [faredge, networking-restart-on-reboot-sriov-pod, networking]" classname="CNF Certification Test Suite" status="skipped" time="0.003489667">
              <skipped message="skipped - Test skipped because there are no []*provider.Pod to test, please check under test labels"></skipped>
              <system-err>&gt; Enter [BeforeEach] networking - /usr/tnf/tnf-src/cnf-certification-test/networking/suite.go:55 @ 09/25/23 18:01:44.676&#xA;&lt; Exit [BeforeEach] networking - /usr/tnf/tnf-src/cnf-certification-test/networking/suite.go:55 @ 09/25/23 18:01:44.676 (0s)&#xA;&gt; Enter [It] networking-restart-on-reboot-sriov-pod - /usr/tnf/tnf-src/cnf-certification-test/networking/suite.go:137 @ 09/25/23 18:01:44.676&#xA;[SKIPPED] Test skipped because there are no []*provider.Pod to test, please check under test labels&#xA;In [It] at: /usr/tnf/tnf-src/pkg/testhelper/testhelper.go:312 @ 09/25/23 18:01:44.679&#xA;&lt; Exit [It] networking-restart-on-reboot-sriov-pod - /usr/tnf/tnf-src/cnf-certification-test/networking/suite.go:137 @ 09/25/23 18:01:44.679 (3ms)&#xA;&gt; Enter [ReportAfterEach] networking - /usr/tnf/tnf-src/cnf-certification-test/networking/suite.go:58 @ 09/25/23 18:01:44.679&#xA;&lt; Exit [ReportAfterEach] networking - /usr/tnf/tnf-src/cnf-certification-test/networking/suite.go:58 @ 09/25/23 18:01:44.68 (0s)&#xA;</system-err>
          </testcase>
          <testcase name="[It] performance performance-exclusive-cpu-pool [faredge, performance-exclusive-cpu-pool, performance]" classname="CNF Certification Test Suite" status="skipped" time="0">
              <skipped message="skipped"></skipped>
              <system-err>&gt; Enter [ReportAfterEach] performance - /usr/tnf/tnf-src/cnf-certification-test/performance/suite.go:43 @ 09/25/23 18:01:44.681&#xA;&lt; Exit [ReportAfterEach] performance - /usr/tnf/tnf-src/cnf-certification-test/performance/suite.go:43 @ 09/25/23 18:01:44.681 (0s)&#xA;</system-err>
          </testcase>
          <testcase name="[It] performance performance-rt-apps-no-exec-probes [faredge, performance-rt-apps-no-exec-probes, performance]" classname="CNF Certification Test Suite" status="skipped" time="0">
              <skipped message="skipped"></skipped>
              <system-err>&gt; Enter [ReportAfterEach] performance - /usr/tnf/tnf-src/cnf-certification-test/performance/suite.go:43 @ 09/25/23 18:01:44.681&#xA;&lt; Exit [ReportAfterEach] performance - /usr/tnf/tnf-src/cnf-certification-test/performance/suite.go:43 @ 09/25/23 18:01:44.682 (0s)&#xA;</system-err>
          </testcase>
          <testcase name="[It] performance performance-shared-cpu-pool-non-rt-scheduling-policy [faredge, performance-shared-cpu-pool-non-rt-scheduling-policy, performance]" classname="CNF Certification Test Suite" status="skipped" time="0">
              <skipped message="skipped"></skipped>
              <system-err>&gt; Enter [ReportAfterEach] performance - /usr/tnf/tnf-src/cnf-certification-test/performance/suite.go:43 @ 09/25/23 18:01:44.682&#xA;&lt; Exit [ReportAfterEach] performance - /usr/tnf/tnf-src/cnf-certification-test/performance/suite.go:43 @ 09/25/23 18:01:44.682 (0s)&#xA;</system-err>
          </testcase>
          <testcase name="[It] performance performance-exclusive-cpu-pool-rt-scheduling-policy [faredge, performance-exclusive-cpu-pool-rt-scheduling-policy, performance]" classname="CNF Certification Test Suite" status="skipped" time="0">
              <skipped message="skipped"></skipped>
              <system-err>&gt; Enter [ReportAfterEach] performance - /usr/tnf/tnf-src/cnf-certification-test/performance/suite.go:43 @ 09/25/23 18:01:44.683&#xA;&lt; Exit [ReportAfterEach] performance - /usr/tnf/tnf-src/cnf-certification-test/performance/suite.go:43 @ 09/25/23 18:01:44.683 (0s)&#xA;</system-err>
          </testcase>
          <testcase name="[It] performance performance-isolated-cpu-pool-rt-scheduling-policy [faredge, performance-isolated-cpu-pool-rt-scheduling-policy, performance]" classname="CNF Certification Test Suite" status="skipped" time="0">
              <skipped message="skipped"></skipped>
              <system-err>&gt; Enter [ReportAfterEach] performance - /usr/tnf/tnf-src/cnf-certification-test/performance/suite.go:43 @ 09/25/23 18:01:44.683&#xA;&lt; Exit [ReportAfterEach] performance - /usr/tnf/tnf-src/cnf-certification-test/performance/suite.go:43 @ 09/25/23 18:01:44.683 (0s)&#xA;</system-err>
          </testcase>
      </testsuite>
  </testsuites>