<?xml version="1.0" encoding="UTF-8"?>
  <testsuites tests="87" disabled="25" errors="0" failures="28" time="122.257732223">
      <testsuite name="CNF Certification Test Suite" package="/usr/tnf/cnf-certification-test" tests="87" disabled="0" skipped="25" errors="0" failures="28" time="122.257732223" timestamp="2023-09-25T17:04:46">
          <properties>
              <property name="SuiteSucceeded" value="false"></property>
              <property name="SuiteHasProgrammaticFocus" value="false"></property>
              <property name="SpecialSuiteFailureReason" value=""></property>
              <property name="SuiteLabels" value="[]"></property>
              <property name="RandomSeed" value="1695661465"></property>
              <property name="RandomizeAllSpecs" value="false"></property>
              <property name="LabelFilter" value="operator, access-control, networking, affiliated-certification, lifecycle, manageability, networking, observability, platform-alteration"></property>
              <property name="FocusStrings" value=""></property>
              <property name="SkipStrings" value=""></property>
              <property name="FocusFiles" value=""></property>
              <property name="SkipFiles" value=""></property>
              <property name="FailOnPending" value="false"></property>
              <property name="FailFast" value="false"></property>
              <property name="FlakeAttempts" value="0"></property>
              <property name="DryRun" value="false"></property>
              <property name="ParallelTotal" value="1"></property>
              <property name="OutputInterceptorMode" value=""></property>
          </properties>
          <testcase name="[It] operator operator-install-status-succeeded [common, operator-install-status-succeeded, operator]" classname="CNF Certification Test Suite" status="passed" time="0.002444">
              <system-err>&gt; Enter [BeforeEach] operator - /usr/tnf/tnf-src/cnf-certification-test/operator/suite.go:38 @ 09/25/23 17:04:46.036&#xA;&lt; Exit [BeforeEach] operator - /usr/tnf/tnf-src/cnf-certification-test/operator/suite.go:38 @ 09/25/23 17:04:46.036 (1ms)&#xA;&gt; Enter [It] operator-install-status-succeeded - /usr/tnf/tnf-src/cnf-certification-test/operator/suite.go:44 @ 09/25/23 17:04:46.036&#xA;{&#34;CompliantObjectsOut&#34;:null,&#34;NonCompliantObjectsOut&#34;:null}&#xA;&lt; Exit [It] operator-install-status-succeeded - /usr/tnf/tnf-src/cnf-certification-test/operator/suite.go:44 @ 09/25/23 17:04:46.037 (1ms)&#xA;&gt; Enter [ReportAfterEach] operator - /usr/tnf/tnf-src/cnf-certification-test/operator/suite.go:41 @ 09/25/23 17:04:46.038&#xA;&lt; Exit [ReportAfterEach] operator - /usr/tnf/tnf-src/cnf-certification-test/operator/suite.go:41 @ 09/25/23 17:04:46.038 (1ms)&#xA;</system-err>
          </testcase>
          <testcase name="[It] operator operator-install-status-no-privileges [common, operator-install-status-no-privileges, operator]" classname="CNF Certification Test Suite" status="passed" time="0.000385209">
              <system-err>&gt; Enter [BeforeEach] operator - /usr/tnf/tnf-src/cnf-certification-test/operator/suite.go:38 @ 09/25/23 17:04:46.039&#xA;&lt; Exit [BeforeEach] operator - /usr/tnf/tnf-src/cnf-certification-test/operator/suite.go:38 @ 09/25/23 17:04:46.039 (0s)&#xA;&gt; Enter [It] operator-install-status-no-privileges - /usr/tnf/tnf-src/cnf-certification-test/operator/suite.go:50 @ 09/25/23 17:04:46.039&#xA;{&#34;CompliantObjectsOut&#34;:[{&#34;ObjectType&#34;:&#34;Operator&#34;,&#34;ObjectFieldsKeys&#34;:[&#34;Reason For Compliance&#34;,&#34;Namespace&#34;,&#34;Name&#34;],&#34;ObjectFieldsValues&#34;:[&#34;Operator has no privileges on cluster resources&#34;,&#34;test&#34;,&#34;apicast-operator.v0.7.5-mas&#34;]}],&#34;NonCompliantObjectsOut&#34;:null}&#xA;&lt; Exit [It] operator-install-status-no-privileges - /usr/tnf/tnf-src/cnf-certification-test/operator/suite.go:50 @ 09/25/23 17:04:46.039 (0s)&#xA;&gt; Enter [ReportAfterEach] operator - /usr/tnf/tnf-src/cnf-certification-test/operator/suite.go:41 @ 09/25/23 17:04:46.039&#xA;&lt; Exit [ReportAfterEach] operator - /usr/tnf/tnf-src/cnf-certification-test/operator/suite.go:41 @ 09/25/23 17:04:46.039 (0s)&#xA;</system-err>
          </testcase>
          <testcase name="[It] operator operator-install-source [common, operator-install-source, operator]" classname="CNF Certification Test Suite" status="passed" time="0.00021325">
              <system-err>&gt; Enter [BeforeEach] operator - /usr/tnf/tnf-src/cnf-certification-test/operator/suite.go:38 @ 09/25/23 17:04:46.04&#xA;&lt; Exit [BeforeEach] operator - /usr/tnf/tnf-src/cnf-certification-test/operator/suite.go:38 @ 09/25/23 17:04:46.04 (0s)&#xA;&gt; Enter [It] operator-install-source - /usr/tnf/tnf-src/cnf-certification-test/operator/suite.go:56 @ 09/25/23 17:04:46.04&#xA;{&#34;CompliantObjectsOut&#34;:[{&#34;ObjectType&#34;:&#34;Operator&#34;,&#34;ObjectFieldsKeys&#34;:[&#34;Reason For Compliance&#34;,&#34;Namespace&#34;,&#34;Name&#34;,&#34;Subscription Name&#34;],&#34;ObjectFieldsValues&#34;:[&#34;install-status-no-privilege (subscription found)&#34;,&#34;test&#34;,&#34;apicast-operator.v0.7.5-mas&#34;,&#34;apicast-operator-v0-7-5-mas-sub&#34;]}],&#34;NonCompliantObjectsOut&#34;:null}&#xA;&lt; Exit [It] operator-install-source - /usr/tnf/tnf-src/cnf-certification-test/operator/suite.go:56 @ 09/25/23 17:04:46.04 (0s)&#xA;&gt; Enter [ReportAfterEach] operator - /usr/tnf/tnf-src/cnf-certification-test/operator/suite.go:41 @ 09/25/23 17:04:46.04&#xA;&lt; Exit [ReportAfterEach] operator - /usr/tnf/tnf-src/cnf-certification-test/operator/suite.go:41 @ 09/25/23 17:04:46.04 (0s)&#xA;</system-err>
          </testcase>
          <testcase name="[It] performance performance-exclusive-cpu-pool [faredge, performance-exclusive-cpu-pool, performance]" classname="CNF Certification Test Suite" status="skipped" time="0">
              <skipped message="skipped"></skipped>
              <system-err>&gt; Enter [ReportAfterEach] performance - /usr/tnf/tnf-src/cnf-certification-test/performance/suite.go:43 @ 09/25/23 17:04:46.04&#xA;&lt; Exit [ReportAfterEach] performance - /usr/tnf/tnf-src/cnf-certification-test/performance/suite.go:43 @ 09/25/23 17:04:46.04 (0s)&#xA;</system-err>
          </testcase>
          <testcase name="[It] performance performance-rt-apps-no-exec-probes [faredge, performance-rt-apps-no-exec-probes, performance]" classname="CNF Certification Test Suite" status="skipped" time="0">
              <skipped message="skipped"></skipped>
              <system-err>&gt; Enter [ReportAfterEach] performance - /usr/tnf/tnf-src/cnf-certification-test/performance/suite.go:43 @ 09/25/23 17:04:46.04&#xA;&lt; Exit [ReportAfterEach] performance - /usr/tnf/tnf-src/cnf-certification-test/performance/suite.go:43 @ 09/25/23 17:04:46.04 (0s)&#xA;</system-err>
          </testcase>
          <testcase name="[It] performance performance-shared-cpu-pool-non-rt-scheduling-policy [faredge, performance-shared-cpu-pool-non-rt-scheduling-policy, performance]" classname="CNF Certification Test Suite" status="skipped" time="0">
              <skipped message="skipped"></skipped>
              <system-err>&gt; Enter [ReportAfterEach] performance - /usr/tnf/tnf-src/cnf-certification-test/performance/suite.go:43 @ 09/25/23 17:04:46.04&#xA;&lt; Exit [ReportAfterEach] performance - /usr/tnf/tnf-src/cnf-certification-test/performance/suite.go:43 @ 09/25/23 17:04:46.04 (0s)&#xA;</system-err>
          </testcase>
          <testcase name="[It] performance performance-exclusive-cpu-pool-rt-scheduling-policy [faredge, performance-exclusive-cpu-pool-rt-scheduling-policy, performance]" classname="CNF Certification Test Suite" status="skipped" time="0">
              <skipped message="skipped"></skipped>
              <system-err>&gt; Enter [ReportAfterEach] performance - /usr/tnf/tnf-src/cnf-certification-test/performance/suite.go:43 @ 09/25/23 17:04:46.04&#xA;&lt; Exit [ReportAfterEach] performance - /usr/tnf/tnf-src/cnf-certification-test/performance/suite.go:43 @ 09/25/23 17:04:46.04 (0s)&#xA;</system-err>
          </testcase>
          <testcase name="[It] performance performance-isolated-cpu-pool-rt-scheduling-policy [faredge, performance-isolated-cpu-pool-rt-scheduling-policy, performance]" classname="CNF Certification Test Suite" status="skipped" time="0">
              <skipped message="skipped"></skipped>
              <system-err>&gt; Enter [ReportAfterEach] performance - /usr/tnf/tnf-src/cnf-certification-test/performance/suite.go:43 @ 09/25/23 17:04:46.04&#xA;&lt; Exit [ReportAfterEach] performance - /usr/tnf/tnf-src/cnf-certification-test/performance/suite.go:43 @ 09/25/23 17:04:46.04 (0s)&#xA;</system-err>
          </testcase>
          <testcase name="[It] lifecycle lifecycle-container-shutdown [telco, lifecycle-container-shutdown, lifecycle]" classname="CNF Certification Test Suite" status="failed" time="0.003940542">
              <failure message="{&#34;CompliantObjectsOut&#34;:null,&#34;NonCompliantObjectsOut&#34;:[{&#34;ObjectType&#34;:&#34;Container&#34;,&#34;ObjectFieldsKeys&#34;:[&#34;Reason For Non Compliance&#34;,&#34;Namespace&#34;,&#34;Pod Name&#34;,&#34;Container Name&#34;],&#34;ObjectFieldsValues&#34;:[&#34;Container does not have preStop defined&#34;,&#34;test&#34;,&#34;095ca0c03d49db902424b8548c7214e8a6a015a33d6ac1ddba71264690b6ac4&#34;,&#34;registry-grpc&#34;]},{&#34;ObjectType&#34;:&#34;Container&#34;,&#34;ObjectFieldsKeys&#34;:[&#34;Reason For Non Compliance&#34;,&#34;Namespace&#34;,&#34;Pod Name&#34;,&#34;Container Name&#34;],&#34;ObjectFieldsValues&#34;:[&#34;Container does not have preStop defined&#34;,&#34;test&#34;,&#34;1d9ecea6bd177d0eecc89426d7658502fcab44c3e2bce4b3b1a40ed89fd444a&#34;,&#34;registry-grpc&#34;]},{&#34;ObjectType&#34;:&#34;Container&#34;,&#34;ObjectFieldsKeys&#34;:[&#34;Reason For Non Compliance&#34;,&#34;Namespace&#34;,&#34;Pod Name&#34;,&#34;Container Name&#34;],&#34;ObjectFieldsValues&#34;:[&#34;Container does not have preStop defined&#34;,&#34;test&#34;,&#34;9071e9f667a677160bccc213d83de973a3a4e7110899325c9760e4c919e9388&#34;,&#34;registry-grpc&#34;]},{&#34;ObjectType&#34;:&#34;Container&#34;,&#34;ObjectFieldsKeys&#34;:[&#34;Reason For Non Compliance&#34;,&#34;Namespace&#34;,&#34;Pod Name&#34;,&#34;Container Name&#34;],&#34;ObjectFieldsValues&#34;:[&#34;Container does not have preStop defined&#34;,&#34;test&#34;,&#34;address-space-controller-56c797f9ff-8g8xm&#34;,&#34;address-space-controller&#34;]},{&#34;ObjectType&#34;:&#34;Container&#34;,&#34;ObjectFieldsKeys&#34;:[&#34;Reason For Non Compliance&#34;,&#34;Namespace&#34;,&#34;Pod Name&#34;,&#34;Container Name&#34;],&#34;ObjectFieldsValues&#34;:[&#34;Container does not have preStop defined&#34;,&#34;test&#34;,&#34;apicast-operator-controller-manager-v2-d475dbf88-kcfcx&#34;,&#34;manager&#34;]},{&#34;ObjectType&#34;:&#34;Container&#34;,&#34;ObjectFieldsKeys&#34;:[&#34;Reason For Non Compliance&#34;,&#34;Namespace&#34;,&#34;Pod Name&#34;,&#34;Container Name&#34;],&#34;ObjectFieldsValues&#34;:[&#34;Container does not have preStop defined&#34;,&#34;test&#34;,&#34;bbe7e6c1d75c4de2f47e2c825c930568e85f1134545e9d890a0c9f3d9187a4d&#34;,&#34;registry-grpc&#34;]},{&#34;ObjectType&#34;:&#34;Container&#34;,&#34;ObjectFieldsKeys&#34;:[&#34;Reason For Non Compliance&#34;,&#34;Namespace&#34;,&#34;Pod Name&#34;,&#34;Container Name&#34;],&#34;ObjectFieldsValues&#34;:[&#34;Container does not have preStop defined&#34;,&#34;test&#34;,&#34;d4681f98fc2b9661435ddd8f0e86b1bda8824ac566f8a600c90d1d1f4370706&#34;,&#34;registry-grpc&#34;]},{&#34;ObjectType&#34;:&#34;Container&#34;,&#34;ObjectFieldsKeys&#34;:[&#34;Reason For Non Compliance&#34;,&#34;Namespace&#34;,&#34;Pod Name&#34;,&#34;Container Name&#34;],&#34;ObjectFieldsValues&#34;:[&#34;Container does not have preStop defined&#34;,&#34;test&#34;,&#34;devworkspace-webhook-server-85d9f8bbfc-cj6z5&#34;,&#34;kube-rbac-proxy&#34;]},{&#34;ObjectType&#34;:&#34;Container&#34;,&#34;ObjectFieldsKeys&#34;:[&#34;Reason For Non Compliance&#34;,&#34;Namespace&#34;,&#34;Pod Name&#34;,&#34;Container Name&#34;],&#34;ObjectFieldsValues&#34;:[&#34;Container does not have preStop defined&#34;,&#34;test&#34;,&#34;devworkspace-webhook-server-85d9f8bbfc-cj6z5&#34;,&#34;webhook-server&#34;]},{&#34;ObjectType&#34;:&#34;Container&#34;,&#34;ObjectFieldsKeys&#34;:[&#34;Reason For Non Compliance&#34;,&#34;Namespace&#34;,&#34;Pod Name&#34;,&#34;Container Name&#34;],&#34;ObjectFieldsValues&#34;:[&#34;Container does not have preStop defined&#34;,&#34;test&#34;,&#34;security-profiles-operator-webhook-d844fd745-2vvs5&#34;,&#34;security-profiles-operator&#34;]},{&#34;ObjectType&#34;:&#34;Container&#34;,&#34;ObjectFieldsKeys&#34;:[&#34;Reason For Non Compliance&#34;,&#34;Namespace&#34;,&#34;Pod Name&#34;,&#34;Container Name&#34;],&#34;ObjectFieldsValues&#34;:[&#34;Container does not have preStop defined&#34;,&#34;test&#34;,&#34;security-profiles-operator-webhook-d844fd745-6ngkl&#34;,&#34;security-profiles-operator&#34;]},{&#34;ObjectType&#34;:&#34;Container&#34;,&#34;ObjectFieldsKeys&#34;:[&#34;Reason For Non Compliance&#34;,&#34;Namespace&#34;,&#34;Pod Name&#34;,&#34;Container Name&#34;],&#34;ObjectFieldsValues&#34;:[&#34;Container does not have preStop defined&#34;,&#34;test&#34;,&#34;security-profiles-operator-webhook-d844fd745-hvr8w&#34;,&#34;security-profiles-operator&#34;]}]}" type="failed">[FAILED] {&#34;CompliantObjectsOut&#34;:null,&#34;NonCompliantObjectsOut&#34;:[{&#34;ObjectType&#34;:&#34;Container&#34;,&#34;ObjectFieldsKeys&#34;:[&#34;Reason For Non Compliance&#34;,&#34;Namespace&#34;,&#34;Pod Name&#34;,&#34;Container Name&#34;],&#34;ObjectFieldsValues&#34;:[&#34;Container does not have preStop defined&#34;,&#34;test&#34;,&#34;095ca0c03d49db902424b8548c7214e8a6a015a33d6ac1ddba71264690b6ac4&#34;,&#34;registry-grpc&#34;]},{&#34;ObjectType&#34;:&#34;Container&#34;,&#34;ObjectFieldsKeys&#34;:[&#34;Reason For Non Compliance&#34;,&#34;Namespace&#34;,&#34;Pod Name&#34;,&#34;Container Name&#34;],&#34;ObjectFieldsValues&#34;:[&#34;Container does not have preStop defined&#34;,&#34;test&#34;,&#34;1d9ecea6bd177d0eecc89426d7658502fcab44c3e2bce4b3b1a40ed89fd444a&#34;,&#34;registry-grpc&#34;]},{&#34;ObjectType&#34;:&#34;Container&#34;,&#34;ObjectFieldsKeys&#34;:[&#34;Reason For Non Compliance&#34;,&#34;Namespace&#34;,&#34;Pod Name&#34;,&#34;Container Name&#34;],&#34;ObjectFieldsValues&#34;:[&#34;Container does not have preStop defined&#34;,&#34;test&#34;,&#34;9071e9f667a677160bccc213d83de973a3a4e7110899325c9760e4c919e9388&#34;,&#34;registry-grpc&#34;]},{&#34;ObjectType&#34;:&#34;Container&#34;,&#34;ObjectFieldsKeys&#34;:[&#34;Reason For Non Compliance&#34;,&#34;Namespace&#34;,&#34;Pod Name&#34;,&#34;Container Name&#34;],&#34;ObjectFieldsValues&#34;:[&#34;Container does not have preStop defined&#34;,&#34;test&#34;,&#34;address-space-controller-56c797f9ff-8g8xm&#34;,&#34;address-space-controller&#34;]},{&#34;ObjectType&#34;:&#34;Container&#34;,&#34;ObjectFieldsKeys&#34;:[&#34;Reason For Non Compliance&#34;,&#34;Namespace&#34;,&#34;Pod Name&#34;,&#34;Container Name&#34;],&#34;ObjectFieldsValues&#34;:[&#34;Container does not have preStop defined&#34;,&#34;test&#34;,&#34;apicast-operator-controller-manager-v2-d475dbf88-kcfcx&#34;,&#34;manager&#34;]},{&#34;ObjectType&#34;:&#34;Container&#34;,&#34;ObjectFieldsKeys&#34;:[&#34;Reason For Non Compliance&#34;,&#34;Namespace&#34;,&#34;Pod Name&#34;,&#34;Container Name&#34;],&#34;ObjectFieldsValues&#34;:[&#34;Container does not have preStop defined&#34;,&#34;test&#34;,&#34;bbe7e6c1d75c4de2f47e2c825c930568e85f1134545e9d890a0c9f3d9187a4d&#34;,&#34;registry-grpc&#34;]},{&#34;ObjectType&#34;:&#34;Container&#34;,&#34;ObjectFieldsKeys&#34;:[&#34;Reason For Non Compliance&#34;,&#34;Namespace&#34;,&#34;Pod Name&#34;,&#34;Container Name&#34;],&#34;ObjectFieldsValues&#34;:[&#34;Container does not have preStop defined&#34;,&#34;test&#34;,&#34;d4681f98fc2b9661435ddd8f0e86b1bda8824ac566f8a600c90d1d1f4370706&#34;,&#34;registry-grpc&#34;]},{&#34;ObjectType&#34;:&#34;Container&#34;,&#34;ObjectFieldsKeys&#34;:[&#34;Reason For Non Compliance&#34;,&#34;Namespace&#34;,&#34;Pod Name&#34;,&#34;Container Name&#34;],&#34;ObjectFieldsValues&#34;:[&#34;Container does not have preStop defined&#34;,&#34;test&#34;,&#34;devworkspace-webhook-server-85d9f8bbfc-cj6z5&#34;,&#34;kube-rbac-proxy&#34;]},{&#34;ObjectType&#34;:&#34;Container&#34;,&#34;ObjectFieldsKeys&#34;:[&#34;Reason For Non Compliance&#34;,&#34;Namespace&#34;,&#34;Pod Name&#34;,&#34;Container Name&#34;],&#34;ObjectFieldsValues&#34;:[&#34;Container does not have preStop defined&#34;,&#34;test&#34;,&#34;devworkspace-webhook-server-85d9f8bbfc-cj6z5&#34;,&#34;webhook-server&#34;]},{&#34;ObjectType&#34;:&#34;Container&#34;,&#34;ObjectFieldsKeys&#34;:[&#34;Reason For Non Compliance&#34;,&#34;Namespace&#34;,&#34;Pod Name&#34;,&#34;Container Name&#34;],&#34;ObjectFieldsValues&#34;:[&#34;Container does not have preStop defined&#34;,&#34;test&#34;,&#34;security-profiles-operator-webhook-d844fd745-2vvs5&#34;,&#34;security-profiles-operator&#34;]},{&#34;ObjectType&#34;:&#34;Container&#34;,&#34;ObjectFieldsKeys&#34;:[&#34;Reason For Non Compliance&#34;,&#34;Namespace&#34;,&#34;Pod Name&#34;,&#34;Container Name&#34;],&#34;ObjectFieldsValues&#34;:[&#34;Container does not have preStop defined&#34;,&#34;test&#34;,&#34;security-profiles-operator-webhook-d844fd745-6ngkl&#34;,&#34;security-profiles-operator&#34;]},{&#34;ObjectType&#34;:&#34;Container&#34;,&#34;ObjectFieldsKeys&#34;:[&#34;Reason For Non Compliance&#34;,&#34;Namespace&#34;,&#34;Pod Name&#34;,&#34;Container Name&#34;],&#34;ObjectFieldsValues&#34;:[&#34;Container does not have preStop defined&#34;,&#34;test&#34;,&#34;security-profiles-operator-webhook-d844fd745-hvr8w&#34;,&#34;security-profiles-operator&#34;]}]}&#xA;In [It] at: /usr/tnf/tnf-src/pkg/testhelper/testhelper.go:358 @ 09/25/23 17:04:46.044&#xA;</failure>
              <system-err>&gt; Enter [BeforeEach] lifecycle - /usr/tnf/tnf-src/cnf-certification-test/lifecycle/suite.go:56 @ 09/25/23 17:04:46.04&#xA;&lt; Exit [BeforeEach] lifecycle - /usr/tnf/tnf-src/cnf-certification-test/lifecycle/suite.go:56 @ 09/25/23 17:04:46.04 (0s)&#xA;&gt; Enter [It] lifecycle-container-shutdown - /usr/tnf/tnf-src/cnf-certification-test/lifecycle/suite.go:62 @ 09/25/23 17:04:46.04&#xA;container: registry-grpc pod: 095ca0c03d49db902424b8548c7214e8a6a015a33d6ac1ddba71264690b6ac4 ns: test does not have preStop defined&#xA;container: registry-grpc pod: 1d9ecea6bd177d0eecc89426d7658502fcab44c3e2bce4b3b1a40ed89fd444a ns: test does not have preStop defined&#xA;container: registry-grpc pod: 9071e9f667a677160bccc213d83de973a3a4e7110899325c9760e4c919e9388 ns: test does not have preStop defined&#xA;container: address-space-controller pod: address-space-controller-56c797f9ff-8g8xm ns: test does not have preStop defined&#xA;container: manager pod: apicast-operator-controller-manager-v2-d475dbf88-kcfcx ns: test does not have preStop defined&#xA;container: registry-grpc pod: bbe7e6c1d75c4de2f47e2c825c930568e85f1134545e9d890a0c9f3d9187a4d ns: test does not have preStop defined&#xA;container: registry-grpc pod: d4681f98fc2b9661435ddd8f0e86b1bda8824ac566f8a600c90d1d1f4370706 ns: test does not have preStop defined&#xA;container: kube-rbac-proxy pod: devworkspace-webhook-server-85d9f8bbfc-cj6z5 ns: test does not have preStop defined&#xA;container: webhook-server pod: devworkspace-webhook-server-85d9f8bbfc-cj6z5 ns: test does not have preStop defined&#xA;container: security-profiles-operator pod: security-profiles-operator-webhook-d844fd745-2vvs5 ns: test does not have preStop defined&#xA;container: security-profiles-operator pod: security-profiles-operator-webhook-d844fd745-6ngkl ns: test does not have preStop defined&#xA;container: security-profiles-operator pod: security-profiles-operator-webhook-d844fd745-hvr8w ns: test does not have preStop defined&#xA;{&#34;CompliantObjectsOut&#34;:null,&#34;NonCompliantObjectsOut&#34;:[{&#34;ObjectType&#34;:&#34;Container&#34;,&#34;ObjectFieldsKeys&#34;:[&#34;Reason For Non Compliance&#34;,&#34;Namespace&#34;,&#34;Pod Name&#34;,&#34;Container Name&#34;],&#34;ObjectFieldsValues&#34;:[&#34;Container does not have preStop defined&#34;,&#34;test&#34;,&#34;095ca0c03d49db902424b8548c7214e8a6a015a33d6ac1ddba71264690b6ac4&#34;,&#34;registry-grpc&#34;]},{&#34;ObjectType&#34;:&#34;Container&#34;,&#34;ObjectFieldsKeys&#34;:[&#34;Reason For Non Compliance&#34;,&#34;Namespace&#34;,&#34;Pod Name&#34;,&#34;Container Name&#34;],&#34;ObjectFieldsValues&#34;:[&#34;Container does not have preStop defined&#34;,&#34;test&#34;,&#34;1d9ecea6bd177d0eecc89426d7658502fcab44c3e2bce4b3b1a40ed89fd444a&#34;,&#34;registry-grpc&#34;]},{&#34;ObjectType&#34;:&#34;Container&#34;,&#34;ObjectFieldsKeys&#34;:[&#34;Reason For Non Compliance&#34;,&#34;Namespace&#34;,&#34;Pod Name&#34;,&#34;Container Name&#34;],&#34;ObjectFieldsValues&#34;:[&#34;Container does not have preStop defined&#34;,&#34;test&#34;,&#34;9071e9f667a677160bccc213d83de973a3a4e7110899325c9760e4c919e9388&#34;,&#34;registry-grpc&#34;]},{&#34;ObjectType&#34;:&#34;Container&#34;,&#34;ObjectFieldsKeys&#34;:[&#34;Reason For Non Compliance&#34;,&#34;Namespace&#34;,&#34;Pod Name&#34;,&#34;Container Name&#34;],&#34;ObjectFieldsValues&#34;:[&#34;Container does not have preStop defined&#34;,&#34;test&#34;,&#34;address-space-controller-56c797f9ff-8g8xm&#34;,&#34;address-space-controller&#34;]},{&#34;ObjectType&#34;:&#34;Container&#34;,&#34;ObjectFieldsKeys&#34;:[&#34;Reason For Non Compliance&#34;,&#34;Namespace&#34;,&#34;Pod Name&#34;,&#34;Container Name&#34;],&#34;ObjectFieldsValues&#34;:[&#34;Container does not have preStop defined&#34;,&#34;test&#34;,&#34;apicast-operator-controller-manager-v2-d475dbf88-kcfcx&#34;,&#34;manager&#34;]},{&#34;ObjectType&#34;:&#34;Container&#34;,&#34;ObjectFieldsKeys&#34;:[&#34;Reason For Non Compliance&#34;,&#34;Namespace&#34;,&#34;Pod Name&#34;,&#34;Container Name&#34;],&#34;ObjectFieldsValues&#34;:[&#34;Container does not have preStop defined&#34;,&#34;test&#34;,&#34;bbe7e6c1d75c4de2f47e2c825c930568e85f1134545e9d890a0c9f3d9187a4d&#34;,&#34;registry-grpc&#34;]},{&#34;ObjectType&#34;:&#34;Container&#34;,&#34;ObjectFieldsKeys&#34;:[&#34;Reason For Non Compliance&#34;,&#34;Namespace&#34;,&#34;Pod Name&#34;,&#34;Container Name&#34;],&#34;ObjectFieldsValues&#34;:[&#34;Container does not have preStop defined&#34;,&#34;test&#34;,&#34;d4681f98fc2b9661435ddd8f0e86b1bda8824ac566f8a600c90d1d1f4370706&#34;,&#34;registry-grpc&#34;]},{&#34;ObjectType&#34;:&#34;Container&#34;,&#34;ObjectFieldsKeys&#34;:[&#34;Reason For Non Compliance&#34;,&#34;Namespace&#34;,&#34;Pod Name&#34;,&#34;Container Name&#34;],&#34;ObjectFieldsValues&#34;:[&#34;Container does not have preStop defined&#34;,&#34;test&#34;,&#34;devworkspace-webhook-server-85d9f8bbfc-cj6z5&#34;,&#34;kube-rbac-proxy&#34;]},{&#34;ObjectType&#34;:&#34;Container&#34;,&#34;ObjectFieldsKeys&#34;:[&#34;Reason For Non Compliance&#34;,&#34;Namespace&#34;,&#34;Pod Name&#34;,&#34;Container Name&#34;],&#34;ObjectFieldsValues&#34;:[&#34;Container does not have preStop defined&#34;,&#34;test&#34;,&#34;devworkspace-webhook-server-85d9f8bbfc-cj6z5&#34;,&#34;webhook-server&#34;]},{&#34;ObjectType&#34;:&#34;Container&#34;,&#34;ObjectFieldsKeys&#34;:[&#34;Reason For Non Compliance&#34;,&#34;Namespace&#34;,&#34;Pod Name&#34;,&#34;Container Name&#34;],&#34;ObjectFieldsValues&#34;:[&#34;Container does not have preStop defined&#34;,&#34;test&#34;,&#34;security-profiles-operator-webhook-d844fd745-2vvs5&#34;,&#34;security-profiles-operator&#34;]},{&#34;ObjectType&#34;:&#34;Container&#34;,&#34;ObjectFieldsKeys&#34;:[&#34;Reason For Non Compliance&#34;,&#34;Namespace&#34;,&#34;Pod Name&#34;,&#34;Container Name&#34;],&#34;ObjectFieldsValues&#34;:[&#34;Container does not have preStop defined&#34;,&#34;test&#34;,&#34;security-profiles-operator-webhook-d844fd745-6ngkl&#34;,&#34;security-profiles-operator&#34;]},{&#34;ObjectType&#34;:&#34;Container&#34;,&#34;ObjectFieldsKeys&#34;:[&#34;Reason For Non Compliance&#34;,&#34;Namespace&#34;,&#34;Pod Name&#34;,&#34;Container Name&#34;],&#34;ObjectFieldsValues&#34;:[&#34;Container does not have preStop defined&#34;,&#34;test&#34;,&#34;security-profiles-operator-webhook-d844fd745-hvr8w&#34;,&#34;security-profiles-operator&#34;]}]}&#xA;[FAILED] {&#34;CompliantObjectsOut&#34;:null,&#34;NonCompliantObjectsOut&#34;:[{&#34;ObjectType&#34;:&#34;Container&#34;,&#34;ObjectFieldsKeys&#34;:[&#34;Reason For Non Compliance&#34;,&#34;Namespace&#34;,&#34;Pod Name&#34;,&#34;Container Name&#34;],&#34;ObjectFieldsValues&#34;:[&#34;Container does not have preStop defined&#34;,&#34;test&#34;,&#34;095ca0c03d49db902424b8548c7214e8a6a015a33d6ac1ddba71264690b6ac4&#34;,&#34;registry-grpc&#34;]},{&#34;ObjectType&#34;:&#34;Container&#34;,&#34;ObjectFieldsKeys&#34;:[&#34;Reason For Non Compliance&#34;,&#34;Namespace&#34;,&#34;Pod Name&#34;,&#34;Container Name&#34;],&#34;ObjectFieldsValues&#34;:[&#34;Container does not have preStop defined&#34;,&#34;test&#34;,&#34;1d9ecea6bd177d0eecc89426d7658502fcab44c3e2bce4b3b1a40ed89fd444a&#34;,&#34;registry-grpc&#34;]},{&#34;ObjectType&#34;:&#34;Container&#34;,&#34;ObjectFieldsKeys&#34;:[&#34;Reason For Non Compliance&#34;,&#34;Namespace&#34;,&#34;Pod Name&#34;,&#34;Container Name&#34;],&#34;ObjectFieldsValues&#34;:[&#34;Container does not have preStop defined&#34;,&#34;test&#34;,&#34;9071e9f667a677160bccc213d83de973a3a4e7110899325c9760e4c919e9388&#34;,&#34;registry-grpc&#34;]},{&#34;ObjectType&#34;:&#34;Container&#34;,&#34;ObjectFieldsKeys&#34;:[&#34;Reason For Non Compliance&#34;,&#34;Namespace&#34;,&#34;Pod Name&#34;,&#34;Container Name&#34;],&#34;ObjectFieldsValues&#34;:[&#34;Container does not have preStop defined&#34;,&#34;test&#34;,&#34;address-space-controller-56c797f9ff-8g8xm&#34;,&#34;address-space-controller&#34;]},{&#34;ObjectType&#34;:&#34;Container&#34;,&#34;ObjectFieldsKeys&#34;:[&#34;Reason For Non Compliance&#34;,&#34;Namespace&#34;,&#34;Pod Name&#34;,&#34;Container Name&#34;],&#34;ObjectFieldsValues&#34;:[&#34;Container does not have preStop defined&#34;,&#34;test&#34;,&#34;apicast-operator-controller-manager-v2-d475dbf88-kcfcx&#34;,&#34;manager&#34;]},{&#34;ObjectType&#34;:&#34;Container&#34;,&#34;ObjectFieldsKeys&#34;:[&#34;Reason For Non Compliance&#34;,&#34;Namespace&#34;,&#34;Pod Name&#34;,&#34;Container Name&#34;],&#34;ObjectFieldsValues&#34;:[&#34;Container does not have preStop defined&#34;,&#34;test&#34;,&#34;bbe7e6c1d75c4de2f47e2c825c930568e85f1134545e9d890a0c9f3d9187a4d&#34;,&#34;registry-grpc&#34;]},{&#34;ObjectType&#34;:&#34;Container&#34;,&#34;ObjectFieldsKeys&#34;:[&#34;Reason For Non Compliance&#34;,&#34;Namespace&#34;,&#34;Pod Name&#34;,&#34;Container Name&#34;],&#34;ObjectFieldsValues&#34;:[&#34;Container does not have preStop defined&#34;,&#34;test&#34;,&#34;d4681f98fc2b9661435ddd8f0e86b1bda8824ac566f8a600c90d1d1f4370706&#34;,&#34;registry-grpc&#34;]},{&#34;ObjectType&#34;:&#34;Container&#34;,&#34;ObjectFieldsKeys&#34;:[&#34;Reason For Non Compliance&#34;,&#34;Namespace&#34;,&#34;Pod Name&#34;,&#34;Container Name&#34;],&#34;ObjectFieldsValues&#34;:[&#34;Container does not have preStop defined&#34;,&#34;test&#34;,&#34;devworkspace-webhook-server-85d9f8bbfc-cj6z5&#34;,&#34;kube-rbac-proxy&#34;]},{&#34;ObjectType&#34;:&#34;Container&#34;,&#34;ObjectFieldsKeys&#34;:[&#34;Reason For Non Compliance&#34;,&#34;Namespace&#34;,&#34;Pod Name&#34;,&#34;Container Name&#34;],&#34;ObjectFieldsValues&#34;:[&#34;Container does not have preStop defined&#34;,&#34;test&#34;,&#34;devworkspace-webhook-server-85d9f8bbfc-cj6z5&#34;,&#34;webhook-server&#34;]},{&#34;ObjectType&#34;:&#34;Container&#34;,&#34;ObjectFieldsKeys&#34;:[&#34;Reason For Non Compliance&#34;,&#34;Namespace&#34;,&#34;Pod Name&#34;,&#34;Container Name&#34;],&#34;ObjectFieldsValues&#34;:[&#34;Container does not have preStop defined&#34;,&#34;test&#34;,&#34;security-profiles-operator-webhook-d844fd745-2vvs5&#34;,&#34;security-profiles-operator&#34;]},{&#34;ObjectType&#34;:&#34;Container&#34;,&#34;ObjectFieldsKeys&#34;:[&#34;Reason For Non Compliance&#34;,&#34;Namespace&#34;,&#34;Pod Name&#34;,&#34;Container Name&#34;],&#34;ObjectFieldsValues&#34;:[&#34;Container does not have preStop defined&#34;,&#34;test&#34;,&#34;security-profiles-operator-webhook-d844fd745-6ngkl&#34;,&#34;security-profiles-operator&#34;]},{&#34;ObjectType&#34;:&#34;Container&#34;,&#34;ObjectFieldsKeys&#34;:[&#34;Reason For Non Compliance&#34;,&#34;Namespace&#34;,&#34;Pod Name&#34;,&#34;Container Name&#34;],&#34;ObjectFieldsValues&#34;:[&#34;Container does not have preStop defined&#34;,&#34;test&#34;,&#34;security-profiles-operator-webhook-d844fd745-hvr8w&#34;,&#34;security-profiles-operator&#34;]}]}&#xA;In [It] at: /usr/tnf/tnf-src/pkg/testhelper/testhelper.go:358 @ 09/25/23 17:04:46.044&#xA;&lt; Exit [It] lifecycle-container-shutdown - /usr/tnf/tnf-src/cnf-certification-test/lifecycle/suite.go:62 @ 09/25/23 17:04:46.044 (4ms)&#xA;&gt; Enter [ReportAfterEach] lifecycle - /usr/tnf/tnf-src/cnf-certification-test/lifecycle/suite.go:59 @ 09/25/23 17:04:46.044&#xA;&lt; Exit [ReportAfterEach] lifecycle - /usr/tnf/tnf-src/cnf-certification-test/lifecycle/suite.go:59 @ 09/25/23 17:04:46.044 (0s)&#xA;</system-err>
          </testcase>
          <testcase name="[It] lifecycle lifecycle-crd-scaling [common, lifecycle-crd-scaling, lifecycle]" classname="CNF Certification Test Suite" status="skipped" time="0.000870166">
              <skipped message="skipped - Test skipped because there are no []provider.ScaleObject to test, please check under test labels"></skipped>
              <system-err>&gt; Enter [BeforeEach] lifecycle - /usr/tnf/tnf-src/cnf-certification-test/lifecycle/suite.go:56 @ 09/25/23 17:04:46.045&#xA;&lt; Exit [BeforeEach] lifecycle - /usr/tnf/tnf-src/cnf-certification-test/lifecycle/suite.go:56 @ 09/25/23 17:04:46.045 (0s)&#xA;&gt; Enter [It] lifecycle-crd-scaling - /usr/tnf/tnf-src/cnf-certification-test/lifecycle/suite.go:67 @ 09/25/23 17:04:46.045&#xA;[SKIPPED] Test skipped because there are no []provider.ScaleObject to test, please check under test labels&#xA;In [It] at: /usr/tnf/tnf-src/pkg/testhelper/testhelper.go:312 @ 09/25/23 17:04:46.046&#xA;&lt; Exit [It] lifecycle-crd-scaling - /usr/tnf/tnf-src/cnf-certification-test/lifecycle/suite.go:67 @ 09/25/23 17:04:46.046 (1ms)&#xA;&gt; Enter [ReportAfterEach] lifecycle - /usr/tnf/tnf-src/cnf-certification-test/lifecycle/suite.go:59 @ 09/25/23 17:04:46.046&#xA;&lt; Exit [ReportAfterEach] lifecycle - /usr/tnf/tnf-src/cnf-certification-test/lifecycle/suite.go:59 @ 09/25/23 17:04:46.046 (0s)&#xA;</system-err>
          </testcase>
          <testcase name="[It] lifecycle lifecycle-container-startup [telco, lifecycle-container-startup, lifecycle]" classname="CNF Certification Test Suite" status="failed" time="0.000972125">
              <failure message="{&#34;CompliantObjectsOut&#34;:null,&#34;NonCompliantObjectsOut&#34;:[{&#34;ObjectType&#34;:&#34;Container&#34;,&#34;ObjectFieldsKeys&#34;:[&#34;Reason For Non Compliance&#34;,&#34;Namespace&#34;,&#34;Pod Name&#34;,&#34;Container Name&#34;],&#34;ObjectFieldsValues&#34;:[&#34;Container does not have postStart defined&#34;,&#34;test&#34;,&#34;095ca0c03d49db902424b8548c7214e8a6a015a33d6ac1ddba71264690b6ac4&#34;,&#34;registry-grpc&#34;]},{&#34;ObjectType&#34;:&#34;Container&#34;,&#34;ObjectFieldsKeys&#34;:[&#34;Reason For Non Compliance&#34;,&#34;Namespace&#34;,&#34;Pod Name&#34;,&#34;Container Name&#34;],&#34;ObjectFieldsValues&#34;:[&#34;Container does not have postStart defined&#34;,&#34;test&#34;,&#34;1d9ecea6bd177d0eecc89426d7658502fcab44c3e2bce4b3b1a40ed89fd444a&#34;,&#34;registry-grpc&#34;]},{&#34;ObjectType&#34;:&#34;Container&#34;,&#34;ObjectFieldsKeys&#34;:[&#34;Reason For Non Compliance&#34;,&#34;Namespace&#34;,&#34;Pod Name&#34;,&#34;Container Name&#34;],&#34;ObjectFieldsValues&#34;:[&#34;Container does not have postStart defined&#34;,&#34;test&#34;,&#34;9071e9f667a677160bccc213d83de973a3a4e7110899325c9760e4c919e9388&#34;,&#34;registry-grpc&#34;]},{&#34;ObjectType&#34;:&#34;Container&#34;,&#34;ObjectFieldsKeys&#34;:[&#34;Reason For Non Compliance&#34;,&#34;Namespace&#34;,&#34;Pod Name&#34;,&#34;Container Name&#34;],&#34;ObjectFieldsValues&#34;:[&#34;Container does not have postStart defined&#34;,&#34;test&#34;,&#34;address-space-controller-56c797f9ff-8g8xm&#34;,&#34;address-space-controller&#34;]},{&#34;ObjectType&#34;:&#34;Container&#34;,&#34;ObjectFieldsKeys&#34;:[&#34;Reason For Non Compliance&#34;,&#34;Namespace&#34;,&#34;Pod Name&#34;,&#34;Container Name&#34;],&#34;ObjectFieldsValues&#34;:[&#34;Container does not have postStart defined&#34;,&#34;test&#34;,&#34;apicast-operator-controller-manager-v2-d475dbf88-kcfcx&#34;,&#34;manager&#34;]},{&#34;ObjectType&#34;:&#34;Container&#34;,&#34;ObjectFieldsKeys&#34;:[&#34;Reason For Non Compliance&#34;,&#34;Namespace&#34;,&#34;Pod Name&#34;,&#34;Container Name&#34;],&#34;ObjectFieldsValues&#34;:[&#34;Container does not have postStart defined&#34;,&#34;test&#34;,&#34;bbe7e6c1d75c4de2f47e2c825c930568e85f1134545e9d890a0c9f3d9187a4d&#34;,&#34;registry-grpc&#34;]},{&#34;ObjectType&#34;:&#34;Container&#34;,&#34;ObjectFieldsKeys&#34;:[&#34;Reason For Non Compliance&#34;,&#34;Namespace&#34;,&#34;Pod Name&#34;,&#34;Container Name&#34;],&#34;ObjectFieldsValues&#34;:[&#34;Container does not have postStart defined&#34;,&#34;test&#34;,&#34;d4681f98fc2b9661435ddd8f0e86b1bda8824ac566f8a600c90d1d1f4370706&#34;,&#34;registry-grpc&#34;]},{&#34;ObjectType&#34;:&#34;Container&#34;,&#34;ObjectFieldsKeys&#34;:[&#34;Reason For Non Compliance&#34;,&#34;Namespace&#34;,&#34;Pod Name&#34;,&#34;Container Name&#34;],&#34;ObjectFieldsValues&#34;:[&#34;Container does not have postStart defined&#34;,&#34;test&#34;,&#34;devworkspace-webhook-server-85d9f8bbfc-cj6z5&#34;,&#34;kube-rbac-proxy&#34;]},{&#34;ObjectType&#34;:&#34;Container&#34;,&#34;ObjectFieldsKeys&#34;:[&#34;Reason For Non Compliance&#34;,&#34;Namespace&#34;,&#34;Pod Name&#34;,&#34;Container Name&#34;],&#34;ObjectFieldsValues&#34;:[&#34;Container does not have postStart defined&#34;,&#34;test&#34;,&#34;devworkspace-webhook-server-85d9f8bbfc-cj6z5&#34;,&#34;webhook-server&#34;]},{&#34;ObjectType&#34;:&#34;Container&#34;,&#34;ObjectFieldsKeys&#34;:[&#34;Reason For Non Compliance&#34;,&#34;Namespace&#34;,&#34;Pod Name&#34;,&#34;Container Name&#34;],&#34;ObjectFieldsValues&#34;:[&#34;Container does not have postStart defined&#34;,&#34;test&#34;,&#34;security-profiles-operator-webhook-d844fd745-2vvs5&#34;,&#34;security-profiles-operator&#34;]},{&#34;ObjectType&#34;:&#34;Container&#34;,&#34;ObjectFieldsKeys&#34;:[&#34;Reason For Non Compliance&#34;,&#34;Namespace&#34;,&#34;Pod Name&#34;,&#34;Container Name&#34;],&#34;ObjectFieldsValues&#34;:[&#34;Container does not have postStart defined&#34;,&#34;test&#34;,&#34;security-profiles-operator-webhook-d844fd745-6ngkl&#34;,&#34;security-profiles-operator&#34;]},{&#34;ObjectType&#34;:&#34;Container&#34;,&#34;ObjectFieldsKeys&#34;:[&#34;Reason For Non Compliance&#34;,&#34;Namespace&#34;,&#34;Pod Name&#34;,&#34;Container Name&#34;],&#34;ObjectFieldsValues&#34;:[&#34;Container does not have postStart defined&#34;,&#34;test&#34;,&#34;security-profiles-operator-webhook-d844fd745-hvr8w&#34;,&#34;security-profiles-operator&#34;]}]}" type="failed">[FAILED] {&#34;CompliantObjectsOut&#34;:null,&#34;NonCompliantObjectsOut&#34;:[{&#34;ObjectType&#34;:&#34;Container&#34;,&#34;ObjectFieldsKeys&#34;:[&#34;Reason For Non Compliance&#34;,&#34;Namespace&#34;,&#34;Pod Name&#34;,&#34;Container Name&#34;],&#34;ObjectFieldsValues&#34;:[&#34;Container does not have postStart defined&#34;,&#34;test&#34;,&#34;095ca0c03d49db902424b8548c7214e8a6a015a33d6ac1ddba71264690b6ac4&#34;,&#34;registry-grpc&#34;]},{&#34;ObjectType&#34;:&#34;Container&#34;,&#34;ObjectFieldsKeys&#34;:[&#34;Reason For Non Compliance&#34;,&#34;Namespace&#34;,&#34;Pod Name&#34;,&#34;Container Name&#34;],&#34;ObjectFieldsValues&#34;:[&#34;Container does not have postStart defined&#34;,&#34;test&#34;,&#34;1d9ecea6bd177d0eecc89426d7658502fcab44c3e2bce4b3b1a40ed89fd444a&#34;,&#34;registry-grpc&#34;]},{&#34;ObjectType&#34;:&#34;Container&#34;,&#34;ObjectFieldsKeys&#34;:[&#34;Reason For Non Compliance&#34;,&#34;Namespace&#34;,&#34;Pod Name&#34;,&#34;Container Name&#34;],&#34;ObjectFieldsValues&#34;:[&#34;Container does not have postStart defined&#34;,&#34;test&#34;,&#34;9071e9f667a677160bccc213d83de973a3a4e7110899325c9760e4c919e9388&#34;,&#34;registry-grpc&#34;]},{&#34;ObjectType&#34;:&#34;Container&#34;,&#34;ObjectFieldsKeys&#34;:[&#34;Reason For Non Compliance&#34;,&#34;Namespace&#34;,&#34;Pod Name&#34;,&#34;Container Name&#34;],&#34;ObjectFieldsValues&#34;:[&#34;Container does not have postStart defined&#34;,&#34;test&#34;,&#34;address-space-controller-56c797f9ff-8g8xm&#34;,&#34;address-space-controller&#34;]},{&#34;ObjectType&#34;:&#34;Container&#34;,&#34;ObjectFieldsKeys&#34;:[&#34;Reason For Non Compliance&#34;,&#34;Namespace&#34;,&#34;Pod Name&#34;,&#34;Container Name&#34;],&#34;ObjectFieldsValues&#34;:[&#34;Container does not have postStart defined&#34;,&#34;test&#34;,&#34;apicast-operator-controller-manager-v2-d475dbf88-kcfcx&#34;,&#34;manager&#34;]},{&#34;ObjectType&#34;:&#34;Container&#34;,&#34;ObjectFieldsKeys&#34;:[&#34;Reason For Non Compliance&#34;,&#34;Namespace&#34;,&#34;Pod Name&#34;,&#34;Container Name&#34;],&#34;ObjectFieldsValues&#34;:[&#34;Container does not have postStart defined&#34;,&#34;test&#34;,&#34;bbe7e6c1d75c4de2f47e2c825c930568e85f1134545e9d890a0c9f3d9187a4d&#34;,&#34;registry-grpc&#34;]},{&#34;ObjectType&#34;:&#34;Container&#34;,&#34;ObjectFieldsKeys&#34;:[&#34;Reason For Non Compliance&#34;,&#34;Namespace&#34;,&#34;Pod Name&#34;,&#34;Container Name&#34;],&#34;ObjectFieldsValues&#34;:[&#34;Container does not have postStart defined&#34;,&#34;test&#34;,&#34;d4681f98fc2b9661435ddd8f0e86b1bda8824ac566f8a600c90d1d1f4370706&#34;,&#34;registry-grpc&#34;]},{&#34;ObjectType&#34;:&#34;Container&#34;,&#34;ObjectFieldsKeys&#34;:[&#34;Reason For Non Compliance&#34;,&#34;Namespace&#34;,&#34;Pod Name&#34;,&#34;Container Name&#34;],&#34;ObjectFieldsValues&#34;:[&#34;Container does not have postStart defined&#34;,&#34;test&#34;,&#34;devworkspace-webhook-server-85d9f8bbfc-cj6z5&#34;,&#34;kube-rbac-proxy&#34;]},{&#34;ObjectType&#34;:&#34;Container&#34;,&#34;ObjectFieldsKeys&#34;:[&#34;Reason For Non Compliance&#34;,&#34;Namespace&#34;,&#34;Pod Name&#34;,&#34;Container Name&#34;],&#34;ObjectFieldsValues&#34;:[&#34;Container does not have postStart defined&#34;,&#34;test&#34;,&#34;devworkspace-webhook-server-85d9f8bbfc-cj6z5&#34;,&#34;webhook-server&#34;]},{&#34;ObjectType&#34;:&#34;Container&#34;,&#34;ObjectFieldsKeys&#34;:[&#34;Reason For Non Compliance&#34;,&#34;Namespace&#34;,&#34;Pod Name&#34;,&#34;Container Name&#34;],&#34;ObjectFieldsValues&#34;:[&#34;Container does not have postStart defined&#34;,&#34;test&#34;,&#34;security-profiles-operator-webhook-d844fd745-2vvs5&#34;,&#34;security-profiles-operator&#34;]},{&#34;ObjectType&#34;:&#34;Container&#34;,&#34;ObjectFieldsKeys&#34;:[&#34;Reason For Non Compliance&#34;,&#34;Namespace&#34;,&#34;Pod Name&#34;,&#34;Container Name&#34;],&#34;ObjectFieldsValues&#34;:[&#34;Container does not have postStart defined&#34;,&#34;test&#34;,&#34;security-profiles-operator-webhook-d844fd745-6ngkl&#34;,&#34;security-profiles-operator&#34;]},{&#34;ObjectType&#34;:&#34;Container&#34;,&#34;ObjectFieldsKeys&#34;:[&#34;Reason For Non Compliance&#34;,&#34;Namespace&#34;,&#34;Pod Name&#34;,&#34;Container Name&#34;],&#34;ObjectFieldsValues&#34;:[&#34;Container does not have postStart defined&#34;,&#34;test&#34;,&#34;security-profiles-operator-webhook-d844fd745-hvr8w&#34;,&#34;security-profiles-operator&#34;]}]}&#xA;In [It] at: /usr/tnf/tnf-src/pkg/testhelper/testhelper.go:358 @ 09/25/23 17:04:46.047&#xA;</failure>
              <system-err>&gt; Enter [BeforeEach] lifecycle - /usr/tnf/tnf-src/cnf-certification-test/lifecycle/suite.go:56 @ 09/25/23 17:04:46.046&#xA;&lt; Exit [BeforeEach] lifecycle - /usr/tnf/tnf-src/cnf-certification-test/lifecycle/suite.go:56 @ 09/25/23 17:04:46.046 (0s)&#xA;&gt; Enter [It] lifecycle-container-startup - /usr/tnf/tnf-src/cnf-certification-test/lifecycle/suite.go:77 @ 09/25/23 17:04:46.046&#xA;container: registry-grpc pod: 095ca0c03d49db902424b8548c7214e8a6a015a33d6ac1ddba71264690b6ac4 ns: test does not have postStart defined&#xA;container: registry-grpc pod: 1d9ecea6bd177d0eecc89426d7658502fcab44c3e2bce4b3b1a40ed89fd444a ns: test does not have postStart defined&#xA;container: registry-grpc pod: 9071e9f667a677160bccc213d83de973a3a4e7110899325c9760e4c919e9388 ns: test does not have postStart defined&#xA;container: address-space-controller pod: address-space-controller-56c797f9ff-8g8xm ns: test does not have postStart defined&#xA;container: manager pod: apicast-operator-controller-manager-v2-d475dbf88-kcfcx ns: test does not have postStart defined&#xA;container: registry-grpc pod: bbe7e6c1d75c4de2f47e2c825c930568e85f1134545e9d890a0c9f3d9187a4d ns: test does not have postStart defined&#xA;container: registry-grpc pod: d4681f98fc2b9661435ddd8f0e86b1bda8824ac566f8a600c90d1d1f4370706 ns: test does not have postStart defined&#xA;container: kube-rbac-proxy pod: devworkspace-webhook-server-85d9f8bbfc-cj6z5 ns: test does not have postStart defined&#xA;container: webhook-server pod: devworkspace-webhook-server-85d9f8bbfc-cj6z5 ns: test does not have postStart defined&#xA;container: security-profiles-operator pod: security-profiles-operator-webhook-d844fd745-2vvs5 ns: test does not have postStart defined&#xA;container: security-profiles-operator pod: security-profiles-operator-webhook-d844fd745-6ngkl ns: test does not have postStart defined&#xA;container: security-profiles-operator pod: security-profiles-operator-webhook-d844fd745-hvr8w ns: test does not have postStart defined&#xA;{&#34;CompliantObjectsOut&#34;:null,&#34;NonCompliantObjectsOut&#34;:[{&#34;ObjectType&#34;:&#34;Container&#34;,&#34;ObjectFieldsKeys&#34;:[&#34;Reason For Non Compliance&#34;,&#34;Namespace&#34;,&#34;Pod Name&#34;,&#34;Container Name&#34;],&#34;ObjectFieldsValues&#34;:[&#34;Container does not have postStart defined&#34;,&#34;test&#34;,&#34;095ca0c03d49db902424b8548c7214e8a6a015a33d6ac1ddba71264690b6ac4&#34;,&#34;registry-grpc&#34;]},{&#34;ObjectType&#34;:&#34;Container&#34;,&#34;ObjectFieldsKeys&#34;:[&#34;Reason For Non Compliance&#34;,&#34;Namespace&#34;,&#34;Pod Name&#34;,&#34;Container Name&#34;],&#34;ObjectFieldsValues&#34;:[&#34;Container does not have postStart defined&#34;,&#34;test&#34;,&#34;1d9ecea6bd177d0eecc89426d7658502fcab44c3e2bce4b3b1a40ed89fd444a&#34;,&#34;registry-grpc&#34;]},{&#34;ObjectType&#34;:&#34;Container&#34;,&#34;ObjectFieldsKeys&#34;:[&#34;Reason For Non Compliance&#34;,&#34;Namespace&#34;,&#34;Pod Name&#34;,&#34;Container Name&#34;],&#34;ObjectFieldsValues&#34;:[&#34;Container does not have postStart defined&#34;,&#34;test&#34;,&#34;9071e9f667a677160bccc213d83de973a3a4e7110899325c9760e4c919e9388&#34;,&#34;registry-grpc&#34;]},{&#34;ObjectType&#34;:&#34;Container&#34;,&#34;ObjectFieldsKeys&#34;:[&#34;Reason For Non Compliance&#34;,&#34;Namespace&#34;,&#34;Pod Name&#34;,&#34;Container Name&#34;],&#34;ObjectFieldsValues&#34;:[&#34;Container does not have postStart defined&#34;,&#34;test&#34;,&#34;address-space-controller-56c797f9ff-8g8xm&#34;,&#34;address-space-controller&#34;]},{&#34;ObjectType&#34;:&#34;Container&#34;,&#34;ObjectFieldsKeys&#34;:[&#34;Reason For Non Compliance&#34;,&#34;Namespace&#34;,&#34;Pod Name&#34;,&#34;Container Name&#34;],&#34;ObjectFieldsValues&#34;:[&#34;Container does not have postStart defined&#34;,&#34;test&#34;,&#34;apicast-operator-controller-manager-v2-d475dbf88-kcfcx&#34;,&#34;manager&#34;]},{&#34;ObjectType&#34;:&#34;Container&#34;,&#34;ObjectFieldsKeys&#34;:[&#34;Reason For Non Compliance&#34;,&#34;Namespace&#34;,&#34;Pod Name&#34;,&#34;Container Name&#34;],&#34;ObjectFieldsValues&#34;:[&#34;Container does not have postStart defined&#34;,&#34;test&#34;,&#34;bbe7e6c1d75c4de2f47e2c825c930568e85f1134545e9d890a0c9f3d9187a4d&#34;,&#34;registry-grpc&#34;]},{&#34;ObjectType&#34;:&#34;Container&#34;,&#34;ObjectFieldsKeys&#34;:[&#34;Reason For Non Compliance&#34;,&#34;Namespace&#34;,&#34;Pod Name&#34;,&#34;Container Name&#34;],&#34;ObjectFieldsValues&#34;:[&#34;Container does not have postStart defined&#34;,&#34;test&#34;,&#34;d4681f98fc2b9661435ddd8f0e86b1bda8824ac566f8a600c90d1d1f4370706&#34;,&#34;registry-grpc&#34;]},{&#34;ObjectType&#34;:&#34;Container&#34;,&#34;ObjectFieldsKeys&#34;:[&#34;Reason For Non Compliance&#34;,&#34;Namespace&#34;,&#34;Pod Name&#34;,&#34;Container Name&#34;],&#34;ObjectFieldsValues&#34;:[&#34;Container does not have postStart defined&#34;,&#34;test&#34;,&#34;devworkspace-webhook-server-85d9f8bbfc-cj6z5&#34;,&#34;kube-rbac-proxy&#34;]},{&#34;ObjectType&#34;:&#34;Container&#34;,&#34;ObjectFieldsKeys&#34;:[&#34;Reason For Non Compliance&#34;,&#34;Namespace&#34;,&#34;Pod Name&#34;,&#34;Container Name&#34;],&#34;ObjectFieldsValues&#34;:[&#34;Container does not have postStart defined&#34;,&#34;test&#34;,&#34;devworkspace-webhook-server-85d9f8bbfc-cj6z5&#34;,&#34;webhook-server&#34;]},{&#34;ObjectType&#34;:&#34;Container&#34;,&#34;ObjectFieldsKeys&#34;:[&#34;Reason For Non Compliance&#34;,&#34;Namespace&#34;,&#34;Pod Name&#34;,&#34;Container Name&#34;],&#34;ObjectFieldsValues&#34;:[&#34;Container does not have postStart defined&#34;,&#34;test&#34;,&#34;security-profiles-operator-webhook-d844fd745-2vvs5&#34;,&#34;security-profiles-operator&#34;]},{&#34;ObjectType&#34;:&#34;Container&#34;,&#34;ObjectFieldsKeys&#34;:[&#34;Reason For Non Compliance&#34;,&#34;Namespace&#34;,&#34;Pod Name&#34;,&#34;Container Name&#34;],&#34;ObjectFieldsValues&#34;:[&#34;Container does not have postStart defined&#34;,&#34;test&#34;,&#34;security-profiles-operator-webhook-d844fd745-6ngkl&#34;,&#34;security-profiles-operator&#34;]},{&#34;ObjectType&#34;:&#34;Container&#34;,&#34;ObjectFieldsKeys&#34;:[&#34;Reason For Non Compliance&#34;,&#34;Namespace&#34;,&#34;Pod Name&#34;,&#34;Container Name&#34;],&#34;ObjectFieldsValues&#34;:[&#34;Container does not have postStart defined&#34;,&#34;test&#34;,&#34;security-profiles-operator-webhook-d844fd745-hvr8w&#34;,&#34;security-profiles-operator&#34;]}]}&#xA;[FAILED] {&#34;CompliantObjectsOut&#34;:null,&#34;NonCompliantObjectsOut&#34;:[{&#34;ObjectType&#34;:&#34;Container&#34;,&#34;ObjectFieldsKeys&#34;:[&#34;Reason For Non Compliance&#34;,&#34;Namespace&#34;,&#34;Pod Name&#34;,&#34;Container Name&#34;],&#34;ObjectFieldsValues&#34;:[&#34;Container does not have postStart defined&#34;,&#34;test&#34;,&#34;095ca0c03d49db902424b8548c7214e8a6a015a33d6ac1ddba71264690b6ac4&#34;,&#34;registry-grpc&#34;]},{&#34;ObjectType&#34;:&#34;Container&#34;,&#34;ObjectFieldsKeys&#34;:[&#34;Reason For Non Compliance&#34;,&#34;Namespace&#34;,&#34;Pod Name&#34;,&#34;Container Name&#34;],&#34;ObjectFieldsValues&#34;:[&#34;Container does not have postStart defined&#34;,&#34;test&#34;,&#34;1d9ecea6bd177d0eecc89426d7658502fcab44c3e2bce4b3b1a40ed89fd444a&#34;,&#34;registry-grpc&#34;]},{&#34;ObjectType&#34;:&#34;Container&#34;,&#34;ObjectFieldsKeys&#34;:[&#34;Reason For Non Compliance&#34;,&#34;Namespace&#34;,&#34;Pod Name&#34;,&#34;Container Name&#34;],&#34;ObjectFieldsValues&#34;:[&#34;Container does not have postStart defined&#34;,&#34;test&#34;,&#34;9071e9f667a677160bccc213d83de973a3a4e7110899325c9760e4c919e9388&#34;,&#34;registry-grpc&#34;]},{&#34;ObjectType&#34;:&#34;Container&#34;,&#34;ObjectFieldsKeys&#34;:[&#34;Reason For Non Compliance&#34;,&#34;Namespace&#34;,&#34;Pod Name&#34;,&#34;Container Name&#34;],&#34;ObjectFieldsValues&#34;:[&#34;Container does not have postStart defined&#34;,&#34;test&#34;,&#34;address-space-controller-56c797f9ff-8g8xm&#34;,&#34;address-space-controller&#34;]},{&#34;ObjectType&#34;:&#34;Container&#34;,&#34;ObjectFieldsKeys&#34;:[&#34;Reason For Non Compliance&#34;,&#34;Namespace&#34;,&#34;Pod Name&#34;,&#34;Container Name&#34;],&#34;ObjectFieldsValues&#34;:[&#34;Container does not have postStart defined&#34;,&#34;test&#34;,&#34;apicast-operator-controller-manager-v2-d475dbf88-kcfcx&#34;,&#34;manager&#34;]},{&#34;ObjectType&#34;:&#34;Container&#34;,&#34;ObjectFieldsKeys&#34;:[&#34;Reason For Non Compliance&#34;,&#34;Namespace&#34;,&#34;Pod Name&#34;,&#34;Container Name&#34;],&#34;ObjectFieldsValues&#34;:[&#34;Container does not have postStart defined&#34;,&#34;test&#34;,&#34;bbe7e6c1d75c4de2f47e2c825c930568e85f1134545e9d890a0c9f3d9187a4d&#34;,&#34;registry-grpc&#34;]},{&#34;ObjectType&#34;:&#34;Container&#34;,&#34;ObjectFieldsKeys&#34;:[&#34;Reason For Non Compliance&#34;,&#34;Namespace&#34;,&#34;Pod Name&#34;,&#34;Container Name&#34;],&#34;ObjectFieldsValues&#34;:[&#34;Container does not have postStart defined&#34;,&#34;test&#34;,&#34;d4681f98fc2b9661435ddd8f0e86b1bda8824ac566f8a600c90d1d1f4370706&#34;,&#34;registry-grpc&#34;]},{&#34;ObjectType&#34;:&#34;Container&#34;,&#34;ObjectFieldsKeys&#34;:[&#34;Reason For Non Compliance&#34;,&#34;Namespace&#34;,&#34;Pod Name&#34;,&#34;Container Name&#34;],&#34;ObjectFieldsValues&#34;:[&#34;Container does not have postStart defined&#34;,&#34;test&#34;,&#34;devworkspace-webhook-server-85d9f8bbfc-cj6z5&#34;,&#34;kube-rbac-proxy&#34;]},{&#34;ObjectType&#34;:&#34;Container&#34;,&#34;ObjectFieldsKeys&#34;:[&#34;Reason For Non Compliance&#34;,&#34;Namespace&#34;,&#34;Pod Name&#34;,&#34;Container Name&#34;],&#34;ObjectFieldsValues&#34;:[&#34;Container does not have postStart defined&#34;,&#34;test&#34;,&#34;devworkspace-webhook-server-85d9f8bbfc-cj6z5&#34;,&#34;webhook-server&#34;]},{&#34;ObjectType&#34;:&#34;Container&#34;,&#34;ObjectFieldsKeys&#34;:[&#34;Reason For Non Compliance&#34;,&#34;Namespace&#34;,&#34;Pod Name&#34;,&#34;Container Name&#34;],&#34;ObjectFieldsValues&#34;:[&#34;Container does not have postStart defined&#34;,&#34;test&#34;,&#34;security-profiles-operator-webhook-d844fd745-2vvs5&#34;,&#34;security-profiles-operator&#34;]},{&#34;ObjectType&#34;:&#34;Container&#34;,&#34;ObjectFieldsKeys&#34;:[&#34;Reason For Non Compliance&#34;,&#34;Namespace&#34;,&#34;Pod Name&#34;,&#34;Container Name&#34;],&#34;ObjectFieldsValues&#34;:[&#34;Container does not have postStart defined&#34;,&#34;test&#34;,&#34;security-profiles-operator-webhook-d844fd745-6ngkl&#34;,&#34;security-profiles-operator&#34;]},{&#34;ObjectType&#34;:&#34;Container&#34;,&#34;ObjectFieldsKeys&#34;:[&#34;Reason For Non Compliance&#34;,&#34;Namespace&#34;,&#34;Pod Name&#34;,&#34;Container Name&#34;],&#34;ObjectFieldsValues&#34;:[&#34;Container does not have postStart defined&#34;,&#34;test&#34;,&#34;security-profiles-operator-webhook-d844fd745-hvr8w&#34;,&#34;security-profiles-operator&#34;]}]}&#xA;In [It] at: /usr/tnf/tnf-src/pkg/testhelper/testhelper.go:358 @ 09/25/23 17:04:46.047&#xA;&lt; Exit [It] lifecycle-container-startup - /usr/tnf/tnf-src/cnf-certification-test/lifecycle/suite.go:77 @ 09/25/23 17:04:46.047 (1ms)&#xA;&gt; Enter [ReportAfterEach] lifecycle - /usr/tnf/tnf-src/cnf-certification-test/lifecycle/suite.go:59 @ 09/25/23 17:04:46.047&#xA;&lt; Exit [ReportAfterEach] lifecycle - /usr/tnf/tnf-src/cnf-certification-test/lifecycle/suite.go:59 @ 09/25/23 17:04:46.047 (0s)&#xA;</system-err>
          </testcase>
          <testcase name="[It] lifecycle lifecycle-image-pull-policy [telco, lifecycle-image-pull-policy, lifecycle]" classname="CNF Certification Test Suite" status="failed" time="0.0017735">
              <failure message="{&#34;CompliantObjectsOut&#34;:[{&#34;ObjectType&#34;:&#34;Container&#34;,&#34;ObjectFieldsKeys&#34;:[&#34;Reason For Compliance&#34;,&#34;Namespace&#34;,&#34;Pod Name&#34;,&#34;Container Name&#34;],&#34;ObjectFieldsValues&#34;:[&#34;Container is using IfNotPresent as ImagePullPolicy&#34;,&#34;test&#34;,&#34;apicast-operator-controller-manager-v2-d475dbf88-kcfcx&#34;,&#34;manager&#34;]},{&#34;ObjectType&#34;:&#34;Container&#34;,&#34;ObjectFieldsKeys&#34;:[&#34;Reason For Compliance&#34;,&#34;Namespace&#34;,&#34;Pod Name&#34;,&#34;Container Name&#34;],&#34;ObjectFieldsValues&#34;:[&#34;Container is using IfNotPresent as ImagePullPolicy&#34;,&#34;test&#34;,&#34;devworkspace-webhook-server-85d9f8bbfc-cj6z5&#34;,&#34;kube-rbac-proxy&#34;]}],&#34;NonCompliantObjectsOut&#34;:[{&#34;ObjectType&#34;:&#34;Container&#34;,&#34;ObjectFieldsKeys&#34;:[&#34;Reason For Non Compliance&#34;,&#34;Namespace&#34;,&#34;Pod Name&#34;,&#34;Container Name&#34;],&#34;ObjectFieldsValues&#34;:[&#34;Container is not using IfNotPresent as ImagePullPolicy&#34;,&#34;test&#34;,&#34;095ca0c03d49db902424b8548c7214e8a6a015a33d6ac1ddba71264690b6ac4&#34;,&#34;registry-grpc&#34;]},{&#34;ObjectType&#34;:&#34;Container&#34;,&#34;ObjectFieldsKeys&#34;:[&#34;Reason For Non Compliance&#34;,&#34;Namespace&#34;,&#34;Pod Name&#34;,&#34;Container Name&#34;],&#34;ObjectFieldsValues&#34;:[&#34;Container is not using IfNotPresent as ImagePullPolicy&#34;,&#34;test&#34;,&#34;1d9ecea6bd177d0eecc89426d7658502fcab44c3e2bce4b3b1a40ed89fd444a&#34;,&#34;registry-grpc&#34;]},{&#34;ObjectType&#34;:&#34;Container&#34;,&#34;ObjectFieldsKeys&#34;:[&#34;Reason For Non Compliance&#34;,&#34;Namespace&#34;,&#34;Pod Name&#34;,&#34;Container Name&#34;],&#34;ObjectFieldsValues&#34;:[&#34;Container is not using IfNotPresent as ImagePullPolicy&#34;,&#34;test&#34;,&#34;9071e9f667a677160bccc213d83de973a3a4e7110899325c9760e4c919e9388&#34;,&#34;registry-grpc&#34;]},{&#34;ObjectType&#34;:&#34;Container&#34;,&#34;ObjectFieldsKeys&#34;:[&#34;Reason For Non Compliance&#34;,&#34;Namespace&#34;,&#34;Pod Name&#34;,&#34;Container Name&#34;],&#34;ObjectFieldsValues&#34;:[&#34;Container is not using IfNotPresent as ImagePullPolicy&#34;,&#34;test&#34;,&#34;address-space-controller-56c797f9ff-8g8xm&#34;,&#34;address-space-controller&#34;]},{&#34;ObjectType&#34;:&#34;Container&#34;,&#34;ObjectFieldsKeys&#34;:[&#34;Reason For Non Compliance&#34;,&#34;Namespace&#34;,&#34;Pod Name&#34;,&#34;Container Name&#34;],&#34;ObjectFieldsValues&#34;:[&#34;Container is not using IfNotPresent as ImagePullPolicy&#34;,&#34;test&#34;,&#34;bbe7e6c1d75c4de2f47e2c825c930568e85f1134545e9d890a0c9f3d9187a4d&#34;,&#34;registry-grpc&#34;]},{&#34;ObjectType&#34;:&#34;Container&#34;,&#34;ObjectFieldsKeys&#34;:[&#34;Reason For Non Compliance&#34;,&#34;Namespace&#34;,&#34;Pod Name&#34;,&#34;Container Name&#34;],&#34;ObjectFieldsValues&#34;:[&#34;Container is not using IfNotPresent as ImagePullPolicy&#34;,&#34;test&#34;,&#34;d4681f98fc2b9661435ddd8f0e86b1bda8824ac566f8a600c90d1d1f4370706&#34;,&#34;registry-grpc&#34;]},{&#34;ObjectType&#34;:&#34;Container&#34;,&#34;ObjectFieldsKeys&#34;:[&#34;Reason For Non Compliance&#34;,&#34;Namespace&#34;,&#34;Pod Name&#34;,&#34;Container Name&#34;],&#34;ObjectFieldsValues&#34;:[&#34;Container is not using IfNotPresent as ImagePullPolicy&#34;,&#34;test&#34;,&#34;devworkspace-webhook-server-85d9f8bbfc-cj6z5&#34;,&#34;webhook-server&#34;]},{&#34;ObjectType&#34;:&#34;Container&#34;,&#34;ObjectFieldsKeys&#34;:[&#34;Reason For Non Compliance&#34;,&#34;Namespace&#34;,&#34;Pod Name&#34;,&#34;Container Name&#34;],&#34;ObjectFieldsValues&#34;:[&#34;Container is not using IfNotPresent as ImagePullPolicy&#34;,&#34;test&#34;,&#34;security-profiles-operator-webhook-d844fd745-2vvs5&#34;,&#34;security-profiles-operator&#34;]},{&#34;ObjectType&#34;:&#34;Container&#34;,&#34;ObjectFieldsKeys&#34;:[&#34;Reason For Non Compliance&#34;,&#34;Namespace&#34;,&#34;Pod Name&#34;,&#34;Container Name&#34;],&#34;ObjectFieldsValues&#34;:[&#34;Container is not using IfNotPresent as ImagePullPolicy&#34;,&#34;test&#34;,&#34;security-profiles-operator-webhook-d844fd745-6ngkl&#34;,&#34;security-profiles-operator&#34;]},{&#34;ObjectType&#34;:&#34;Container&#34;,&#34;ObjectFieldsKeys&#34;:[&#34;Reason For Non Compliance&#34;,&#34;Namespace&#34;,&#34;Pod Name&#34;,&#34;Container Name&#34;],&#34;ObjectFieldsValues&#34;:[&#34;Container is not using IfNotPresent as ImagePullPolicy&#34;,&#34;test&#34;,&#34;security-profiles-operator-webhook-d844fd745-hvr8w&#34;,&#34;security-profiles-operator&#34;]}]}" type="failed">[FAILED] {&#34;CompliantObjectsOut&#34;:[{&#34;ObjectType&#34;:&#34;Container&#34;,&#34;ObjectFieldsKeys&#34;:[&#34;Reason For Compliance&#34;,&#34;Namespace&#34;,&#34;Pod Name&#34;,&#34;Container Name&#34;],&#34;ObjectFieldsValues&#34;:[&#34;Container is using IfNotPresent as ImagePullPolicy&#34;,&#34;test&#34;,&#34;apicast-operator-controller-manager-v2-d475dbf88-kcfcx&#34;,&#34;manager&#34;]},{&#34;ObjectType&#34;:&#34;Container&#34;,&#34;ObjectFieldsKeys&#34;:[&#34;Reason For Compliance&#34;,&#34;Namespace&#34;,&#34;Pod Name&#34;,&#34;Container Name&#34;],&#34;ObjectFieldsValues&#34;:[&#34;Container is using IfNotPresent as ImagePullPolicy&#34;,&#34;test&#34;,&#34;devworkspace-webhook-server-85d9f8bbfc-cj6z5&#34;,&#34;kube-rbac-proxy&#34;]}],&#34;NonCompliantObjectsOut&#34;:[{&#34;ObjectType&#34;:&#34;Container&#34;,&#34;ObjectFieldsKeys&#34;:[&#34;Reason For Non Compliance&#34;,&#34;Namespace&#34;,&#34;Pod Name&#34;,&#34;Container Name&#34;],&#34;ObjectFieldsValues&#34;:[&#34;Container is not using IfNotPresent as ImagePullPolicy&#34;,&#34;test&#34;,&#34;095ca0c03d49db902424b8548c7214e8a6a015a33d6ac1ddba71264690b6ac4&#34;,&#34;registry-grpc&#34;]},{&#34;ObjectType&#34;:&#34;Container&#34;,&#34;ObjectFieldsKeys&#34;:[&#34;Reason For Non Compliance&#34;,&#34;Namespace&#34;,&#34;Pod Name&#34;,&#34;Container Name&#34;],&#34;ObjectFieldsValues&#34;:[&#34;Container is not using IfNotPresent as ImagePullPolicy&#34;,&#34;test&#34;,&#34;1d9ecea6bd177d0eecc89426d7658502fcab44c3e2bce4b3b1a40ed89fd444a&#34;,&#34;registry-grpc&#34;]},{&#34;ObjectType&#34;:&#34;Container&#34;,&#34;ObjectFieldsKeys&#34;:[&#34;Reason For Non Compliance&#34;,&#34;Namespace&#34;,&#34;Pod Name&#34;,&#34;Container Name&#34;],&#34;ObjectFieldsValues&#34;:[&#34;Container is not using IfNotPresent as ImagePullPolicy&#34;,&#34;test&#34;,&#34;9071e9f667a677160bccc213d83de973a3a4e7110899325c9760e4c919e9388&#34;,&#34;registry-grpc&#34;]},{&#34;ObjectType&#34;:&#34;Container&#34;,&#34;ObjectFieldsKeys&#34;:[&#34;Reason For Non Compliance&#34;,&#34;Namespace&#34;,&#34;Pod Name&#34;,&#34;Container Name&#34;],&#34;ObjectFieldsValues&#34;:[&#34;Container is not using IfNotPresent as ImagePullPolicy&#34;,&#34;test&#34;,&#34;address-space-controller-56c797f9ff-8g8xm&#34;,&#34;address-space-controller&#34;]},{&#34;ObjectType&#34;:&#34;Container&#34;,&#34;ObjectFieldsKeys&#34;:[&#34;Reason For Non Compliance&#34;,&#34;Namespace&#34;,&#34;Pod Name&#34;,&#34;Container Name&#34;],&#34;ObjectFieldsValues&#34;:[&#34;Container is not using IfNotPresent as ImagePullPolicy&#34;,&#34;test&#34;,&#34;bbe7e6c1d75c4de2f47e2c825c930568e85f1134545e9d890a0c9f3d9187a4d&#34;,&#34;registry-grpc&#34;]},{&#34;ObjectType&#34;:&#34;Container&#34;,&#34;ObjectFieldsKeys&#34;:[&#34;Reason For Non Compliance&#34;,&#34;Namespace&#34;,&#34;Pod Name&#34;,&#34;Container Name&#34;],&#34;ObjectFieldsValues&#34;:[&#34;Container is not using IfNotPresent as ImagePullPolicy&#34;,&#34;test&#34;,&#34;d4681f98fc2b9661435ddd8f0e86b1bda8824ac566f8a600c90d1d1f4370706&#34;,&#34;registry-grpc&#34;]},{&#34;ObjectType&#34;:&#34;Container&#34;,&#34;ObjectFieldsKeys&#34;:[&#34;Reason For Non Compliance&#34;,&#34;Namespace&#34;,&#34;Pod Name&#34;,&#34;Container Name&#34;],&#34;ObjectFieldsValues&#34;:[&#34;Container is not using IfNotPresent as ImagePullPolicy&#34;,&#34;test&#34;,&#34;devworkspace-webhook-server-85d9f8bbfc-cj6z5&#34;,&#34;webhook-server&#34;]},{&#34;ObjectType&#34;:&#34;Container&#34;,&#34;ObjectFieldsKeys&#34;:[&#34;Reason For Non Compliance&#34;,&#34;Namespace&#34;,&#34;Pod Name&#34;,&#34;Container Name&#34;],&#34;ObjectFieldsValues&#34;:[&#34;Container is not using IfNotPresent as ImagePullPolicy&#34;,&#34;test&#34;,&#34;security-profiles-operator-webhook-d844fd745-2vvs5&#34;,&#34;security-profiles-operator&#34;]},{&#34;ObjectType&#34;:&#34;Container&#34;,&#34;ObjectFieldsKeys&#34;:[&#34;Reason For Non Compliance&#34;,&#34;Namespace&#34;,&#34;Pod Name&#34;,&#34;Container Name&#34;],&#34;ObjectFieldsValues&#34;:[&#34;Container is not using IfNotPresent as ImagePullPolicy&#34;,&#34;test&#34;,&#34;security-profiles-operator-webhook-d844fd745-6ngkl&#34;,&#34;security-profiles-operator&#34;]},{&#34;ObjectType&#34;:&#34;Container&#34;,&#34;ObjectFieldsKeys&#34;:[&#34;Reason For Non Compliance&#34;,&#34;Namespace&#34;,&#34;Pod Name&#34;,&#34;Container Name&#34;],&#34;ObjectFieldsValues&#34;:[&#34;Container is not using IfNotPresent as ImagePullPolicy&#34;,&#34;test&#34;,&#34;security-profiles-operator-webhook-d844fd745-hvr8w&#34;,&#34;security-profiles-operator&#34;]}]}&#xA;In [It] at: /usr/tnf/tnf-src/pkg/testhelper/testhelper.go:358 @ 09/25/23 17:04:46.049&#xA;</failure>
              <system-err>&gt; Enter [BeforeEach] lifecycle - /usr/tnf/tnf-src/cnf-certification-test/lifecycle/suite.go:56 @ 09/25/23 17:04:46.047&#xA;&lt; Exit [BeforeEach] lifecycle - /usr/tnf/tnf-src/cnf-certification-test/lifecycle/suite.go:56 @ 09/25/23 17:04:46.048 (0s)&#xA;&gt; Enter [It] lifecycle-image-pull-policy - /usr/tnf/tnf-src/cnf-certification-test/lifecycle/suite.go:83 @ 09/25/23 17:04:46.048&#xA;container: registry-grpc pod: 095ca0c03d49db902424b8548c7214e8a6a015a33d6ac1ddba71264690b6ac4 ns: test is using Always as ImagePullPolicy&#xA;container: registry-grpc pod: 1d9ecea6bd177d0eecc89426d7658502fcab44c3e2bce4b3b1a40ed89fd444a ns: test is using Always as ImagePullPolicy&#xA;container: registry-grpc pod: 9071e9f667a677160bccc213d83de973a3a4e7110899325c9760e4c919e9388 ns: test is using Always as ImagePullPolicy&#xA;container: address-space-controller pod: address-space-controller-56c797f9ff-8g8xm ns: test is using Always as ImagePullPolicy&#xA;container: registry-grpc pod: bbe7e6c1d75c4de2f47e2c825c930568e85f1134545e9d890a0c9f3d9187a4d ns: test is using Always as ImagePullPolicy&#xA;container: registry-grpc pod: d4681f98fc2b9661435ddd8f0e86b1bda8824ac566f8a600c90d1d1f4370706 ns: test is using Always as ImagePullPolicy&#xA;container: webhook-server pod: devworkspace-webhook-server-85d9f8bbfc-cj6z5 ns: test is using Always as ImagePullPolicy&#xA;container: security-profiles-operator pod: security-profiles-operator-webhook-d844fd745-2vvs5 ns: test is using Always as ImagePullPolicy&#xA;container: security-profiles-operator pod: security-profiles-operator-webhook-d844fd745-6ngkl ns: test is using Always as ImagePullPolicy&#xA;container: security-profiles-operator pod: security-profiles-operator-webhook-d844fd745-hvr8w ns: test is using Always as ImagePullPolicy&#xA;{&#34;CompliantObjectsOut&#34;:[{&#34;ObjectType&#34;:&#34;Container&#34;,&#34;ObjectFieldsKeys&#34;:[&#34;Reason For Compliance&#34;,&#34;Namespace&#34;,&#34;Pod Name&#34;,&#34;Container Name&#34;],&#34;ObjectFieldsValues&#34;:[&#34;Container is using IfNotPresent as ImagePullPolicy&#34;,&#34;test&#34;,&#34;apicast-operator-controller-manager-v2-d475dbf88-kcfcx&#34;,&#34;manager&#34;]},{&#34;ObjectType&#34;:&#34;Container&#34;,&#34;ObjectFieldsKeys&#34;:[&#34;Reason For Compliance&#34;,&#34;Namespace&#34;,&#34;Pod Name&#34;,&#34;Container Name&#34;],&#34;ObjectFieldsValues&#34;:[&#34;Container is using IfNotPresent as ImagePullPolicy&#34;,&#34;test&#34;,&#34;devworkspace-webhook-server-85d9f8bbfc-cj6z5&#34;,&#34;kube-rbac-proxy&#34;]}],&#34;NonCompliantObjectsOut&#34;:[{&#34;ObjectType&#34;:&#34;Container&#34;,&#34;ObjectFieldsKeys&#34;:[&#34;Reason For Non Compliance&#34;,&#34;Namespace&#34;,&#34;Pod Name&#34;,&#34;Container Name&#34;],&#34;ObjectFieldsValues&#34;:[&#34;Container is not using IfNotPresent as ImagePullPolicy&#34;,&#34;test&#34;,&#34;095ca0c03d49db902424b8548c7214e8a6a015a33d6ac1ddba71264690b6ac4&#34;,&#34;registry-grpc&#34;]},{&#34;ObjectType&#34;:&#34;Container&#34;,&#34;ObjectFieldsKeys&#34;:[&#34;Reason For Non Compliance&#34;,&#34;Namespace&#34;,&#34;Pod Name&#34;,&#34;Container Name&#34;],&#34;ObjectFieldsValues&#34;:[&#34;Container is not using IfNotPresent as ImagePullPolicy&#34;,&#34;test&#34;,&#34;1d9ecea6bd177d0eecc89426d7658502fcab44c3e2bce4b3b1a40ed89fd444a&#34;,&#34;registry-grpc&#34;]},{&#34;ObjectType&#34;:&#34;Container&#34;,&#34;ObjectFieldsKeys&#34;:[&#34;Reason For Non Compliance&#34;,&#34;Namespace&#34;,&#34;Pod Name&#34;,&#34;Container Name&#34;],&#34;ObjectFieldsValues&#34;:[&#34;Container is not using IfNotPresent as ImagePullPolicy&#34;,&#34;test&#34;,&#34;9071e9f667a677160bccc213d83de973a3a4e7110899325c9760e4c919e9388&#34;,&#34;registry-grpc&#34;]},{&#34;ObjectType&#34;:&#34;Container&#34;,&#34;ObjectFieldsKeys&#34;:[&#34;Reason For Non Compliance&#34;,&#34;Namespace&#34;,&#34;Pod Name&#34;,&#34;Container Name&#34;],&#34;ObjectFieldsValues&#34;:[&#34;Container is not using IfNotPresent as ImagePullPolicy&#34;,&#34;test&#34;,&#34;address-space-controller-56c797f9ff-8g8xm&#34;,&#34;address-space-controller&#34;]},{&#34;ObjectType&#34;:&#34;Container&#34;,&#34;ObjectFieldsKeys&#34;:[&#34;Reason For Non Compliance&#34;,&#34;Namespace&#34;,&#34;Pod Name&#34;,&#34;Container Name&#34;],&#34;ObjectFieldsValues&#34;:[&#34;Container is not using IfNotPresent as ImagePullPolicy&#34;,&#34;test&#34;,&#34;bbe7e6c1d75c4de2f47e2c825c930568e85f1134545e9d890a0c9f3d9187a4d&#34;,&#34;registry-grpc&#34;]},{&#34;ObjectType&#34;:&#34;Container&#34;,&#34;ObjectFieldsKeys&#34;:[&#34;Reason For Non Compliance&#34;,&#34;Namespace&#34;,&#34;Pod Name&#34;,&#34;Container Name&#34;],&#34;ObjectFieldsValues&#34;:[&#34;Container is not using IfNotPresent as ImagePullPolicy&#34;,&#34;test&#34;,&#34;d4681f98fc2b9661435ddd8f0e86b1bda8824ac566f8a600c90d1d1f4370706&#34;,&#34;registry-grpc&#34;]},{&#34;ObjectType&#34;:&#34;Container&#34;,&#34;ObjectFieldsKeys&#34;:[&#34;Reason For Non Compliance&#34;,&#34;Namespace&#34;,&#34;Pod Name&#34;,&#34;Container Name&#34;],&#34;ObjectFieldsValues&#34;:[&#34;Container is not using IfNotPresent as ImagePullPolicy&#34;,&#34;test&#34;,&#34;devworkspace-webhook-server-85d9f8bbfc-cj6z5&#34;,&#34;webhook-server&#34;]},{&#34;ObjectType&#34;:&#34;Container&#34;,&#34;ObjectFieldsKeys&#34;:[&#34;Reason For Non Compliance&#34;,&#34;Namespace&#34;,&#34;Pod Name&#34;,&#34;Container Name&#34;],&#34;ObjectFieldsValues&#34;:[&#34;Container is not using IfNotPresent as ImagePullPolicy&#34;,&#34;test&#34;,&#34;security-profiles-operator-webhook-d844fd745-2vvs5&#34;,&#34;security-profiles-operator&#34;]},{&#34;ObjectType&#34;:&#34;Container&#34;,&#34;ObjectFieldsKeys&#34;:[&#34;Reason For Non Compliance&#34;,&#34;Namespace&#34;,&#34;Pod Name&#34;,&#34;Container Name&#34;],&#34;ObjectFieldsValues&#34;:[&#34;Container is not using IfNotPresent as ImagePullPolicy&#34;,&#34;test&#34;,&#34;security-profiles-operator-webhook-d844fd745-6ngkl&#34;,&#34;security-profiles-operator&#34;]},{&#34;ObjectType&#34;:&#34;Container&#34;,&#34;ObjectFieldsKeys&#34;:[&#34;Reason For Non Compliance&#34;,&#34;Namespace&#34;,&#34;Pod Name&#34;,&#34;Container Name&#34;],&#34;ObjectFieldsValues&#34;:[&#34;Container is not using IfNotPresent as ImagePullPolicy&#34;,&#34;test&#34;,&#34;security-profiles-operator-webhook-d844fd745-hvr8w&#34;,&#34;security-profiles-operator&#34;]}]}&#xA;[FAILED] {&#34;CompliantObjectsOut&#34;:[{&#34;ObjectType&#34;:&#34;Container&#34;,&#34;ObjectFieldsKeys&#34;:[&#34;Reason For Compliance&#34;,&#34;Namespace&#34;,&#34;Pod Name&#34;,&#34;Container Name&#34;],&#34;ObjectFieldsValues&#34;:[&#34;Container is using IfNotPresent as ImagePullPolicy&#34;,&#34;test&#34;,&#34;apicast-operator-controller-manager-v2-d475dbf88-kcfcx&#34;,&#34;manager&#34;]},{&#34;ObjectType&#34;:&#34;Container&#34;,&#34;ObjectFieldsKeys&#34;:[&#34;Reason For Compliance&#34;,&#34;Namespace&#34;,&#34;Pod Name&#34;,&#34;Container Name&#34;],&#34;ObjectFieldsValues&#34;:[&#34;Container is using IfNotPresent as ImagePullPolicy&#34;,&#34;test&#34;,&#34;devworkspace-webhook-server-85d9f8bbfc-cj6z5&#34;,&#34;kube-rbac-proxy&#34;]}],&#34;NonCompliantObjectsOut&#34;:[{&#34;ObjectType&#34;:&#34;Container&#34;,&#34;ObjectFieldsKeys&#34;:[&#34;Reason For Non Compliance&#34;,&#34;Namespace&#34;,&#34;Pod Name&#34;,&#34;Container Name&#34;],&#34;ObjectFieldsValues&#34;:[&#34;Container is not using IfNotPresent as ImagePullPolicy&#34;,&#34;test&#34;,&#34;095ca0c03d49db902424b8548c7214e8a6a015a33d6ac1ddba71264690b6ac4&#34;,&#34;registry-grpc&#34;]},{&#34;ObjectType&#34;:&#34;Container&#34;,&#34;ObjectFieldsKeys&#34;:[&#34;Reason For Non Compliance&#34;,&#34;Namespace&#34;,&#34;Pod Name&#34;,&#34;Container Name&#34;],&#34;ObjectFieldsValues&#34;:[&#34;Container is not using IfNotPresent as ImagePullPolicy&#34;,&#34;test&#34;,&#34;1d9ecea6bd177d0eecc89426d7658502fcab44c3e2bce4b3b1a40ed89fd444a&#34;,&#34;registry-grpc&#34;]},{&#34;ObjectType&#34;:&#34;Container&#34;,&#34;ObjectFieldsKeys&#34;:[&#34;Reason For Non Compliance&#34;,&#34;Namespace&#34;,&#34;Pod Name&#34;,&#34;Container Name&#34;],&#34;ObjectFieldsValues&#34;:[&#34;Container is not using IfNotPresent as ImagePullPolicy&#34;,&#34;test&#34;,&#34;9071e9f667a677160bccc213d83de973a3a4e7110899325c9760e4c919e9388&#34;,&#34;registry-grpc&#34;]},{&#34;ObjectType&#34;:&#34;Container&#34;,&#34;ObjectFieldsKeys&#34;:[&#34;Reason For Non Compliance&#34;,&#34;Namespace&#34;,&#34;Pod Name&#34;,&#34;Container Name&#34;],&#34;ObjectFieldsValues&#34;:[&#34;Container is not using IfNotPresent as ImagePullPolicy&#34;,&#34;test&#34;,&#34;address-space-controller-56c797f9ff-8g8xm&#34;,&#34;address-space-controller&#34;]},{&#34;ObjectType&#34;:&#34;Container&#34;,&#34;ObjectFieldsKeys&#34;:[&#34;Reason For Non Compliance&#34;,&#34;Namespace&#34;,&#34;Pod Name&#34;,&#34;Container Name&#34;],&#34;ObjectFieldsValues&#34;:[&#34;Container is not using IfNotPresent as ImagePullPolicy&#34;,&#34;test&#34;,&#34;bbe7e6c1d75c4de2f47e2c825c930568e85f1134545e9d890a0c9f3d9187a4d&#34;,&#34;registry-grpc&#34;]},{&#34;ObjectType&#34;:&#34;Container&#34;,&#34;ObjectFieldsKeys&#34;:[&#34;Reason For Non Compliance&#34;,&#34;Namespace&#34;,&#34;Pod Name&#34;,&#34;Container Name&#34;],&#34;ObjectFieldsValues&#34;:[&#34;Container is not using IfNotPresent as ImagePullPolicy&#34;,&#34;test&#34;,&#34;d4681f98fc2b9661435ddd8f0e86b1bda8824ac566f8a600c90d1d1f4370706&#34;,&#34;registry-grpc&#34;]},{&#34;ObjectType&#34;:&#34;Container&#34;,&#34;ObjectFieldsKeys&#34;:[&#34;Reason For Non Compliance&#34;,&#34;Namespace&#34;,&#34;Pod Name&#34;,&#34;Container Name&#34;],&#34;ObjectFieldsValues&#34;:[&#34;Container is not using IfNotPresent as ImagePullPolicy&#34;,&#34;test&#34;,&#34;devworkspace-webhook-server-85d9f8bbfc-cj6z5&#34;,&#34;webhook-server&#34;]},{&#34;ObjectType&#34;:&#34;Container&#34;,&#34;ObjectFieldsKeys&#34;:[&#34;Reason For Non Compliance&#34;,&#34;Namespace&#34;,&#34;Pod Name&#34;,&#34;Container Name&#34;],&#34;ObjectFieldsValues&#34;:[&#34;Container is not using IfNotPresent as ImagePullPolicy&#34;,&#34;test&#34;,&#34;security-profiles-operator-webhook-d844fd745-2vvs5&#34;,&#34;security-profiles-operator&#34;]},{&#34;ObjectType&#34;:&#34;Container&#34;,&#34;ObjectFieldsKeys&#34;:[&#34;Reason For Non Compliance&#34;,&#34;Namespace&#34;,&#34;Pod Name&#34;,&#34;Container Name&#34;],&#34;ObjectFieldsValues&#34;:[&#34;Container is not using IfNotPresent as ImagePullPolicy&#34;,&#34;test&#34;,&#34;security-profiles-operator-webhook-d844fd745-6ngkl&#34;,&#34;security-profiles-operator&#34;]},{&#34;ObjectType&#34;:&#34;Container&#34;,&#34;ObjectFieldsKeys&#34;:[&#34;Reason For Non Compliance&#34;,&#34;Namespace&#34;,&#34;Pod Name&#34;,&#34;Container Name&#34;],&#34;ObjectFieldsValues&#34;:[&#34;Container is not using IfNotPresent as ImagePullPolicy&#34;,&#34;test&#34;,&#34;security-profiles-operator-webhook-d844fd745-hvr8w&#34;,&#34;security-profiles-operator&#34;]}]}&#xA;In [It] at: /usr/tnf/tnf-src/pkg/testhelper/testhelper.go:358 @ 09/25/23 17:04:46.049&#xA;&lt; Exit [It] lifecycle-image-pull-policy - /usr/tnf/tnf-src/cnf-certification-test/lifecycle/suite.go:83 @ 09/25/23 17:04:46.049 (2ms)&#xA;&gt; Enter [ReportAfterEach] lifecycle - /usr/tnf/tnf-src/cnf-certification-test/lifecycle/suite.go:59 @ 09/25/23 17:04:46.049&#xA;&lt; Exit [ReportAfterEach] lifecycle - /usr/tnf/tnf-src/cnf-certification-test/lifecycle/suite.go:59 @ 09/25/23 17:04:46.049 (0s)&#xA;</system-err>
          </testcase>
          <testcase name="[It] lifecycle lifecycle-readiness-probe [telco, lifecycle-readiness-probe, lifecycle]" classname="CNF Certification Test Suite" status="failed" time="0.001510333">
              <failure message="{&#34;CompliantObjectsOut&#34;:[{&#34;ObjectType&#34;:&#34;Container&#34;,&#34;ObjectFieldsKeys&#34;:[&#34;Reason For Compliance&#34;,&#34;Namespace&#34;,&#34;Pod Name&#34;,&#34;Container Name&#34;],&#34;ObjectFieldsValues&#34;:[&#34;Container has ReadinessProbe defined&#34;,&#34;test&#34;,&#34;address-space-controller-56c797f9ff-8g8xm&#34;,&#34;address-space-controller&#34;]},{&#34;ObjectType&#34;:&#34;Container&#34;,&#34;ObjectFieldsKeys&#34;:[&#34;Reason For Compliance&#34;,&#34;Namespace&#34;,&#34;Pod Name&#34;,&#34;Container Name&#34;],&#34;ObjectFieldsValues&#34;:[&#34;Container has ReadinessProbe defined&#34;,&#34;test&#34;,&#34;devworkspace-webhook-server-85d9f8bbfc-cj6z5&#34;,&#34;webhook-server&#34;]}],&#34;NonCompliantObjectsOut&#34;:[{&#34;ObjectType&#34;:&#34;Container&#34;,&#34;ObjectFieldsKeys&#34;:[&#34;Reason For Non Compliance&#34;,&#34;Namespace&#34;,&#34;Pod Name&#34;,&#34;Container Name&#34;],&#34;ObjectFieldsValues&#34;:[&#34;Container does not have ReadinessProbe defined&#34;,&#34;test&#34;,&#34;095ca0c03d49db902424b8548c7214e8a6a015a33d6ac1ddba71264690b6ac4&#34;,&#34;registry-grpc&#34;]},{&#34;ObjectType&#34;:&#34;Container&#34;,&#34;ObjectFieldsKeys&#34;:[&#34;Reason For Non Compliance&#34;,&#34;Namespace&#34;,&#34;Pod Name&#34;,&#34;Container Name&#34;],&#34;ObjectFieldsValues&#34;:[&#34;Container does not have ReadinessProbe defined&#34;,&#34;test&#34;,&#34;1d9ecea6bd177d0eecc89426d7658502fcab44c3e2bce4b3b1a40ed89fd444a&#34;,&#34;registry-grpc&#34;]},{&#34;ObjectType&#34;:&#34;Container&#34;,&#34;ObjectFieldsKeys&#34;:[&#34;Reason For Non Compliance&#34;,&#34;Namespace&#34;,&#34;Pod Name&#34;,&#34;Container Name&#34;],&#34;ObjectFieldsValues&#34;:[&#34;Container does not have ReadinessProbe defined&#34;,&#34;test&#34;,&#34;9071e9f667a677160bccc213d83de973a3a4e7110899325c9760e4c919e9388&#34;,&#34;registry-grpc&#34;]},{&#34;ObjectType&#34;:&#34;Container&#34;,&#34;ObjectFieldsKeys&#34;:[&#34;Reason For Non Compliance&#34;,&#34;Namespace&#34;,&#34;Pod Name&#34;,&#34;Container Name&#34;],&#34;ObjectFieldsValues&#34;:[&#34;Container does not have ReadinessProbe defined&#34;,&#34;test&#34;,&#34;apicast-operator-controller-manager-v2-d475dbf88-kcfcx&#34;,&#34;manager&#34;]},{&#34;ObjectType&#34;:&#34;Container&#34;,&#34;ObjectFieldsKeys&#34;:[&#34;Reason For Non Compliance&#34;,&#34;Namespace&#34;,&#34;Pod Name&#34;,&#34;Container Name&#34;],&#34;ObjectFieldsValues&#34;:[&#34;Container does not have ReadinessProbe defined&#34;,&#34;test&#34;,&#34;bbe7e6c1d75c4de2f47e2c825c930568e85f1134545e9d890a0c9f3d9187a4d&#34;,&#34;registry-grpc&#34;]},{&#34;ObjectType&#34;:&#34;Container&#34;,&#34;ObjectFieldsKeys&#34;:[&#34;Reason For Non Compliance&#34;,&#34;Namespace&#34;,&#34;Pod Name&#34;,&#34;Container Name&#34;],&#34;ObjectFieldsValues&#34;:[&#34;Container does not have ReadinessProbe defined&#34;,&#34;test&#34;,&#34;d4681f98fc2b9661435ddd8f0e86b1bda8824ac566f8a600c90d1d1f4370706&#34;,&#34;registry-grpc&#34;]},{&#34;ObjectType&#34;:&#34;Container&#34;,&#34;ObjectFieldsKeys&#34;:[&#34;Reason For Non Compliance&#34;,&#34;Namespace&#34;,&#34;Pod Name&#34;,&#34;Container Name&#34;],&#34;ObjectFieldsValues&#34;:[&#34;Container does not have ReadinessProbe defined&#34;,&#34;test&#34;,&#34;devworkspace-webhook-server-85d9f8bbfc-cj6z5&#34;,&#34;kube-rbac-proxy&#34;]},{&#34;ObjectType&#34;:&#34;Container&#34;,&#34;ObjectFieldsKeys&#34;:[&#34;Reason For Non Compliance&#34;,&#34;Namespace&#34;,&#34;Pod Name&#34;,&#34;Container Name&#34;],&#34;ObjectFieldsValues&#34;:[&#34;Container does not have ReadinessProbe defined&#34;,&#34;test&#34;,&#34;security-profiles-operator-webhook-d844fd745-2vvs5&#34;,&#34;security-profiles-operator&#34;]},{&#34;ObjectType&#34;:&#34;Container&#34;,&#34;ObjectFieldsKeys&#34;:[&#34;Reason For Non Compliance&#34;,&#34;Namespace&#34;,&#34;Pod Name&#34;,&#34;Container Name&#34;],&#34;ObjectFieldsValues&#34;:[&#34;Container does not have ReadinessProbe defined&#34;,&#34;test&#34;,&#34;security-profiles-operator-webhook-d844fd745-6ngkl&#34;,&#34;security-profiles-operator&#34;]},{&#34;ObjectType&#34;:&#34;Container&#34;,&#34;ObjectFieldsKeys&#34;:[&#34;Reason For Non Compliance&#34;,&#34;Namespace&#34;,&#34;Pod Name&#34;,&#34;Container Name&#34;],&#34;ObjectFieldsValues&#34;:[&#34;Container does not have ReadinessProbe defined&#34;,&#34;test&#34;,&#34;security-profiles-operator-webhook-d844fd745-hvr8w&#34;,&#34;security-profiles-operator&#34;]}]}" type="failed">[FAILED] {&#34;CompliantObjectsOut&#34;:[{&#34;ObjectType&#34;:&#34;Container&#34;,&#34;ObjectFieldsKeys&#34;:[&#34;Reason For Compliance&#34;,&#34;Namespace&#34;,&#34;Pod Name&#34;,&#34;Container Name&#34;],&#34;ObjectFieldsValues&#34;:[&#34;Container has ReadinessProbe defined&#34;,&#34;test&#34;,&#34;address-space-controller-56c797f9ff-8g8xm&#34;,&#34;address-space-controller&#34;]},{&#34;ObjectType&#34;:&#34;Container&#34;,&#34;ObjectFieldsKeys&#34;:[&#34;Reason For Compliance&#34;,&#34;Namespace&#34;,&#34;Pod Name&#34;,&#34;Container Name&#34;],&#34;ObjectFieldsValues&#34;:[&#34;Container has ReadinessProbe defined&#34;,&#34;test&#34;,&#34;devworkspace-webhook-server-85d9f8bbfc-cj6z5&#34;,&#34;webhook-server&#34;]}],&#34;NonCompliantObjectsOut&#34;:[{&#34;ObjectType&#34;:&#34;Container&#34;,&#34;ObjectFieldsKeys&#34;:[&#34;Reason For Non Compliance&#34;,&#34;Namespace&#34;,&#34;Pod Name&#34;,&#34;Container Name&#34;],&#34;ObjectFieldsValues&#34;:[&#34;Container does not have ReadinessProbe defined&#34;,&#34;test&#34;,&#34;095ca0c03d49db902424b8548c7214e8a6a015a33d6ac1ddba71264690b6ac4&#34;,&#34;registry-grpc&#34;]},{&#34;ObjectType&#34;:&#34;Container&#34;,&#34;ObjectFieldsKeys&#34;:[&#34;Reason For Non Compliance&#34;,&#34;Namespace&#34;,&#34;Pod Name&#34;,&#34;Container Name&#34;],&#34;ObjectFieldsValues&#34;:[&#34;Container does not have ReadinessProbe defined&#34;,&#34;test&#34;,&#34;1d9ecea6bd177d0eecc89426d7658502fcab44c3e2bce4b3b1a40ed89fd444a&#34;,&#34;registry-grpc&#34;]},{&#34;ObjectType&#34;:&#34;Container&#34;,&#34;ObjectFieldsKeys&#34;:[&#34;Reason For Non Compliance&#34;,&#34;Namespace&#34;,&#34;Pod Name&#34;,&#34;Container Name&#34;],&#34;ObjectFieldsValues&#34;:[&#34;Container does not have ReadinessProbe defined&#34;,&#34;test&#34;,&#34;9071e9f667a677160bccc213d83de973a3a4e7110899325c9760e4c919e9388&#34;,&#34;registry-grpc&#34;]},{&#34;ObjectType&#34;:&#34;Container&#34;,&#34;ObjectFieldsKeys&#34;:[&#34;Reason For Non Compliance&#34;,&#34;Namespace&#34;,&#34;Pod Name&#34;,&#34;Container Name&#34;],&#34;ObjectFieldsValues&#34;:[&#34;Container does not have ReadinessProbe defined&#34;,&#34;test&#34;,&#34;apicast-operator-controller-manager-v2-d475dbf88-kcfcx&#34;,&#34;manager&#34;]},{&#34;ObjectType&#34;:&#34;Container&#34;,&#34;ObjectFieldsKeys&#34;:[&#34;Reason For Non Compliance&#34;,&#34;Namespace&#34;,&#34;Pod Name&#34;,&#34;Container Name&#34;],&#34;ObjectFieldsValues&#34;:[&#34;Container does not have ReadinessProbe defined&#34;,&#34;test&#34;,&#34;bbe7e6c1d75c4de2f47e2c825c930568e85f1134545e9d890a0c9f3d9187a4d&#34;,&#34;registry-grpc&#34;]},{&#34;ObjectType&#34;:&#34;Container&#34;,&#34;ObjectFieldsKeys&#34;:[&#34;Reason For Non Compliance&#34;,&#34;Namespace&#34;,&#34;Pod Name&#34;,&#34;Container Name&#34;],&#34;ObjectFieldsValues&#34;:[&#34;Container does not have ReadinessProbe defined&#34;,&#34;test&#34;,&#34;d4681f98fc2b9661435ddd8f0e86b1bda8824ac566f8a600c90d1d1f4370706&#34;,&#34;registry-grpc&#34;]},{&#34;ObjectType&#34;:
[...]
FieldsValues&#34;:[&#34;Container does not declare Partner reserved port in map[15000:true 15001:true 15006:true 15008:true 15014:true 15020:true 15021:true 15090:true 15443:true]&#34;,&#34;test&#34;,&#34;address-space-controller-56c797f9ff-8g8xm&#34;,&#34;address-space-controller&#34;,&#34;8080&#34;,&#34;TCP&#34;]},{&#34;ObjectType&#34;:&#34;Listening Port&#34;,&#34;ObjectFieldsKeys&#34;:[&#34;Reason For Compliance&#34;,&#34;Namespace&#34;,&#34;Pod Name&#34;,&#34;Port Number&#34;,&#34;Port Protocol&#34;],&#34;ObjectFieldsValues&#34;:[&#34;Pod Listens to port not in Partner reserved port map[15000:true 15001:true 15006:true 15008:true 15014:true 15020:true 15021:true 15090:true 15443:true]&#34;,&#34;test&#34;,&#34;address-space-controller-56c797f9ff-8g8xm&#34;,&#34;8080&#34;,&#34;TCP&#34;]},{&#34;ObjectType&#34;:&#34;Pod&#34;,&#34;ObjectFieldsKeys&#34;:[&#34;Reason For Compliance&#34;,&#34;Namespace&#34;,&#34;Pod Name&#34;],&#34;ObjectFieldsValues&#34;:[&#34;Pod does not listen to or declare any Partner reserved port in map[15000:true 15001:true 15006:true 15008:true 15014:true 15020:true 15021:true 15090:true 15443:true]&#34;,&#34;test&#34;,&#34;address-space-controller-56c797f9ff-8g8xm&#34;]},{&#34;ObjectType&#34;:&#34;Declared Port&#34;,&#34;ObjectFieldsKeys&#34;:[&#34;Reason For Compliance&#34;,&#34;Namespace&#34;,&#34;Pod Name&#34;,&#34;Container Name&#34;,&#34;Port Number&#34;,&#34;Port Protocol&#34;],&#34;ObjectFieldsValues&#34;:[&#34;Container does not declare Partner reserved port in map[15000:true 15001:true 15006:true 15008:true 15014:true 15020:true 15021:true 15090:true 15443:true]&#34;,&#34;test&#34;,&#34;apicast-operator-controller-manager-v2-d475dbf88-kcfcx&#34;,&#34;manager&#34;,&#34;8080&#34;,&#34;TCP&#34;]},{&#34;ObjectType&#34;:&#34;Listening Port&#34;,&#34;ObjectFieldsKeys&#34;:[&#34;Reason For Compliance&#34;,&#34;Namespace&#34;,&#34;Pod Name&#34;,&#34;Port Number&#34;,&#34;Port Protocol&#34;],&#34;ObjectFieldsValues&#34;:[&#34;Pod Listens to port not in Partner reserved port map[15000:true 15001:true 15006:true 15008:true 15014:true 15020:true 15021:true 15090:true 15443:true]&#34;,&#34;test&#34;,&#34;apicast-operator-controller-manager-v2-d475dbf88-kcfcx&#34;,&#34;8080&#34;,&#34;TCP&#34;]},{&#34;ObjectType&#34;:&#34;Pod&#34;,&#34;ObjectFieldsKeys&#34;:[&#34;Reason For Compliance&#34;,&#34;Namespace&#34;,&#34;Pod Name&#34;],&#34;ObjectFieldsValues&#34;:[&#34;Pod does not listen to or declare any Partner reserved port in map[15000:true 15001:true 15006:true 15008:true 15014:true 15020:true 15021:true 15090:true 15443:true]&#34;,&#34;test&#34;,&#34;apicast-operator-controller-manager-v2-d475dbf88-kcfcx&#34;]},{&#34;ObjectType&#34;:&#34;Declared Port&#34;,&#34;ObjectFieldsKeys&#34;:[&#34;Reason For Compliance&#34;,&#34;Namespace&#34;,&#34;Pod Name&#34;,&#34;Container Name&#34;,&#34;Port Number&#34;,&#34;Port Protocol&#34;],&#34;ObjectFieldsValues&#34;:[&#34;Container does not declare Partner reserved port in map[15000:true 15001:true 15006:true 15008:true 15014:true 15020:true 15021:true 15090:true 15443:true]&#34;,&#34;test&#34;,&#34;bbe7e6c1d75c4de2f47e2c825c930568e85f1134545e9d890a0c9f3d9187a4d&#34;,&#34;registry-grpc&#34;,&#34;50051&#34;,&#34;TCP&#34;]},{&#34;ObjectType&#34;:&#34;Listening Port&#34;,&#34;ObjectFieldsKeys&#34;:[&#34;Reason For Compliance&#34;,&#34;Namespace&#34;,&#34;Pod Name&#34;,&#34;Port Number&#34;,&#34;Port Protocol&#34;],&#34;ObjectFieldsValues&#34;:[&#34;Pod Listens to port not in Partner reserved port map[15000:true 15001:true 15006:true 15008:true 15014:true 15020:true 15021:true 15090:true 15443:true]&#34;,&#34;test&#34;,&#34;bbe7e6c1d75c4de2f47e2c825c930568e85f1134545e9d890a0c9f3d9187a4d&#34;,&#34;6060&#34;,&#34;TCP&#34;]},{&#34;ObjectType&#34;:&#34;Listening Port&#34;,&#34;ObjectFieldsKeys&#34;:[&#34;Reason For Compliance&#34;,&#34;Namespace&#34;,&#34;Pod Name&#34;,&#34;Port Number&#34;,&#34;Port Protocol&#34;],&#34;ObjectFieldsValues&#34;:[&#34;Pod Listens to port not in Partner reserved port map[15000:true 15001:true 15006:true 15008:true 15014:true 15020:true 15021:true 15090:true 15443:true]&#34;,&#34;test&#34;,&#34;bbe7e6c1d75c4de2f47e2c825c930568e85f1134545e9d890a0c9f3d9187a4d&#34;,&#34;50051&#34;,&#34;TCP&#34;]},{&#34;ObjectType&#34;:&#34;Pod&#34;,&#34;ObjectFieldsKeys&#34;:[&#34;Reason For Compliance&#34;,&#34;Namespace&#34;,&#34;Pod Name&#34;],&#34;ObjectFieldsValues&#34;:[&#34;Pod does not listen to or declare any Partner reserved port in map[15000:true 15001:true 15006:true 15008:true 15014:true 15020:true 15021:true 15090:true 15443:true]&#34;,&#34;test&#34;,&#34;bbe7e6c1d75c4de2f47e2c825c930568e85f1134545e9d890a0c9f3d9187a4d&#34;]},{&#34;ObjectType&#34;:&#34;Declared Port&#34;,&#34;ObjectFieldsKeys&#34;:[&#34;Reason For Compliance&#34;,&#34;Namespace&#34;,&#34;Pod Name&#34;,&#34;Container Name&#34;,&#34;Port Number&#34;,&#34;Port Protocol&#34;],&#34;ObjectFieldsValues&#34;:[&#34;Container does not declare Partner reserved port in map[15000:true 15001:true 15006:true 15008:true 15014:true 15020:true 15021:true 15090:true 15443:true]&#34;,&#34;test&#34;,&#34;d4681f98fc2b9661435ddd8f0e86b1bda8824ac566f8a600c90d1d1f4370706&#34;,&#34;registry-grpc&#34;,&#34;50051&#34;,&#34;TCP&#34;]},{&#34;ObjectType&#34;:&#34;Listening Port&#34;,&#34;ObjectFieldsKeys&#34;:[&#34;Reason For Compliance&#34;,&#34;Namespace&#34;,&#34;Pod Name&#34;,&#34;Port Number&#34;,&#34;Port Protocol&#34;],&#34;ObjectFieldsValues&#34;:[&#34;Pod Listens to port not in Partner reserved port map[15000:true 15001:true 15006:true 15008:true 15014:true 15020:true 15021:true 15090:true 15443:true]&#34;,&#34;test&#34;,&#34;d4681f98fc2b9661435ddd8f0e86b1bda8824ac566f8a600c90d1d1f4370706&#34;,&#34;6060&#34;,&#34;TCP&#34;]},{&#34;ObjectType&#34;:&#34;Listening Port&#34;,&#34;ObjectFieldsKeys&#34;:[&#34;Reason For Compliance&#34;,&#34;Namespace&#34;,&#34;Pod Name&#34;,&#34;Port Number&#34;,&#34;Port Protocol&#34;],&#34;ObjectFieldsValues&#34;:[&#34;Pod Listens to port not in Partner reserved port map[15000:true 15001:true 15006:true 15008:true 15014:true 15020:true 15021:true 15090:true 15443:true]&#34;,&#34;test&#34;,&#34;d4681f98fc2b9661435ddd8f0e86b1bda8824ac566f8a600c90d1d1f4370706&#34;,&#34;50051&#34;,&#34;TCP&#34;]},{&#34;ObjectType&#34;:&#34;Pod&#34;,&#34;ObjectFieldsKeys&#34;:[&#34;Reason For Compliance&#34;,&#34;Namespace&#34;,&#34;Pod Name&#34;],&#34;ObjectFieldsValues&#34;:[&#34;Pod does not listen to or declare any Partner reserved port in map[15000:true 15001:true 15006:true 15008:true 15014:true 15020:true 15021:true 15090:true 15443:true]&#34;,&#34;test&#34;,&#34;d4681f98fc2b9661435ddd8f0e86b1bda8824ac566f8a600c90d1d1f4370706&#34;]},{&#34;ObjectType&#34;:&#34;Declared Port&#34;,&#34;ObjectFieldsKeys&#34;:[&#34;Reason For Compliance&#34;,&#34;Namespace&#34;,&#34;Pod Name&#34;,&#34;Container Name&#34;,&#34;Port Number&#34;,&#34;Port Protocol&#34;],&#34;ObjectFieldsValues&#34;:[&#34;Container does not declare Partner reserved port in map[15000:true 15001:true 15006:true 15008:true 15014:true 15020:true 15021:true 15090:true 15443:true]&#34;,&#34;test&#34;,&#34;devworkspace-webhook-server-85d9f8bbfc-cj6z5&#34;,&#34;kube-rbac-proxy&#34;,&#34;9443&#34;,&#34;TCP&#34;]},{&#34;ObjectType&#34;:&#34;Declared Port&#34;,&#34;ObjectFieldsKeys&#34;:[&#34;Reason For Compliance&#34;,&#34;Namespace&#34;,&#34;Pod Name&#34;,&#34;Container Name&#34;,&#34;Port Number&#34;,&#34;Port Protocol&#34;],&#34;ObjectFieldsValues&#34;:[&#34;Container does not declare Partner reserved port in map[15000:true 15001:true 15006:true 15008:true 15014:true 15020:true 15021:true 15090:true 15443:true]&#34;,&#34;test&#34;,&#34;devworkspace-webhook-server-85d9f8bbfc-cj6z5&#34;,&#34;webhook-server&#34;,&#34;8443&#34;,&#34;TCP&#34;]},{&#34;ObjectType&#34;:&#34;Declared Port&#34;,&#34;ObjectFieldsKeys&#34;:[&#34;Reason For Compliance&#34;,&#34;Namespace&#34;,&#34;Pod Name&#34;,&#34;Container Name&#34;,&#34;Port Number&#34;,&#34;Port Protocol&#34;],&#34;ObjectFieldsValues&#34;:[&#34;Container does not declare Partner reserved port in map[15000:true 15001:true 15006:true 15008:true 15014:true 15020:true 15021:true 15090:true 15443:true]&#34;,&#34;test&#34;,&#34;devworkspace-webhook-server-85d9f8bbfc-cj6z5&#34;,&#34;webhook-server&#34;,&#34;6789&#34;,&#34;TCP&#34;]},{&#34;ObjectType&#34;:&#34;Listening Port&#34;,&#34;ObjectFieldsKeys&#34;:[&#34;Reason For Compliance&#34;,&#34;Namespace&#34;,&#34;Pod Name&#34;,&#34;Port Number&#34;,&#34;Port Protocol&#34;],&#34;ObjectFieldsValues&#34;:[&#34;Pod Listens to port not in Partner reserved port map[15000:true 15001:true 15006:true 15008:true 15014:true 15020:true 15021:true 15090:true 15443:true]&#34;,&#34;test&#34;,&#34;devworkspace-webhook-server-85d9f8bbfc-cj6z5&#34;,&#34;8443&#34;,&#34;TCP&#34;]},{&#34;ObjectType&#34;:&#34;Listening Port&#34;,&#34;ObjectFieldsKeys&#34;:[&#34;Reason For Compliance&#34;,&#34;Namespace&#34;,&#34;Pod Name&#34;,&#34;Port Number&#34;,&#34;Port Protocol&#34;],&#34;ObjectFieldsValues&#34;:[&#34;Pod Listens to port not in Partner reserved port map[15000:true 15001:true 15006:true 15008:true 15014:true 15020:true 15021:true 15090:true 15443:true]&#34;,&#34;test&#34;,&#34;devworkspace-webhook-server-85d9f8bbfc-cj6z5&#34;,&#34;9443&#34;,&#34;TCP&#34;]},{&#34;ObjectType&#34;:&#34;Listening Port&#34;,&#34;ObjectFieldsKeys&#34;:[&#34;Reason For Compliance&#34;,&#34;Namespace&#34;,&#34;Pod Name&#34;,&#34;Port Number&#34;,&#34;Port Protocol&#34;],&#34;ObjectFieldsValues&#34;:[&#34;Pod Listens to port not in Partner reserved port map[15000:true 15001:true 15006:true 15008:true 15014:true 15020:true 15021:true 15090:true 15443:true]&#34;,&#34;test&#34;,&#34;devworkspace-webhook-server-85d9f8bbfc-cj6z5&#34;,&#34;6789&#34;,&#34;TCP&#34;]},{&#34;ObjectType&#34;:&#34;Listening Port&#34;,&#34;ObjectFieldsKeys&#34;:[&#34;Reason For Compliance&#34;,&#34;Namespace&#34;,&#34;Pod Name&#34;,&#34;Port Number&#34;,&#34;Port Protocol&#34;],&#34;ObjectFieldsValues&#34;:[&#34;Pod Listens to port not in Partner reserved port map[15000:true 15001:true 15006:true 15008:true 15014:true 15020:true 15021:true 15090:true 15443:true]&#34;,&#34;test&#34;,&#34;devworkspace-webhook-server-85d9f8bbfc-cj6z5&#34;,&#34;8080&#34;,&#34;TCP&#34;]},{&#34;ObjectType&#34;:&#34;Pod&#34;,&#34;ObjectFieldsKeys&#34;:[&#34;Reason For Compliance&#34;,&#34;Namespace&#34;,&#34;Pod Name&#34;],&#34;ObjectFieldsValues&#34;:[&#34;Pod does not listen to or declare any Partner reserved port in map[15000:true 15001:true 15006:true 15008:true 15014:true 15020:true 15021:true 15090:true 15443:true]&#34;,&#34;test&#34;,&#34;devworkspace-webhook-server-85d9f8bbfc-cj6z5&#34;]},{&#34;ObjectType&#34;:&#34;Declared Port&#34;,&#34;ObjectFieldsKeys&#34;:[&#34;Reason For Compliance&#34;,&#34;Namespace&#34;,&#34;Pod Name&#34;,&#34;Container Name&#34;,&#34;Port Number&#34;,&#34;Port Protocol&#34;],&#34;ObjectFieldsValues&#34;:[&#34;Container does not declare Partner reserved port in map[15000:true 15001:true 15006:true 15008:true 15014:true 15020:true 15021:true 15090:true 15443:true]&#34;,&#34;test&#34;,&#34;security-profiles-operator-webhook-d844fd745-2vvs5&#34;,&#34;security-profiles-operator&#34;,&#34;9443&#34;,&#34;TCP&#34;]},{&#34;ObjectType&#34;:&#34;Listening Port&#34;,&#34;ObjectFieldsKeys&#34;:[&#34;Reason For Compliance&#34;,&#34;Namespace&#34;,&#34;Pod Name&#34;,&#34;Port Number&#34;,&#34;Port Protocol&#34;],&#34;ObjectFieldsValues&#34;:[&#34;Pod Listens to port not in Partner reserved port map[15000:true 15001:true 15006:true 15008:true 15014:true 15020:true 15021:true 15090:true 15443:true]&#34;,&#34;test&#34;,&#34;security-profiles-operator-webhook-d844fd745-2vvs5&#34;,&#34;9443&#34;,&#34;TCP&#34;]},{&#34;ObjectType&#34;:&#34;Listening Port&#34;,&#34;ObjectFieldsKeys&#34;:[&#34;Reason For Compliance&#34;,&#34;Namespace&#34;,&#34;Pod Name&#34;,&#34;Port Number&#34;,&#34;Port Protocol&#34;],&#34;ObjectFieldsValues&#34;:[&#34;Pod Listens to port not in Partner reserved port map[15000:true 15001:true 15006:true 15008:true 15014:true 15020:true 15021:true 15090:true 15443:true]&#34;,&#34;test&#34;,&#34;security-profiles-operator-webhook-d844fd745-2vvs5&#34;,&#34;8080&#34;,&#34;TCP&#34;]},{&#34;ObjectType&#34;:&#34;Pod&#34;,&#34;ObjectFieldsKeys&#34;:[&#34;Reason For Compliance&#34;,&#34;Namespace&#34;,&#34;Pod Name&#34;],&#34;ObjectFieldsValues&#34;:[&#34;Pod does not listen to or declare any Partner reserved port in map[15000:true 15001:true 15006:true 15008:true 15014:true 15020:true 15021:true 15090:true 15443:true]&#34;,&#34;test&#34;,&#34;security-profiles-operator-webhook-d844fd745-2vvs5&#34;]},{&#34;ObjectType&#34;:&#34;Declared Port&#34;,&#34;ObjectFieldsKeys&#34;:[&#34;Reason For Compliance&#34;,&#34;Namespace&#34;,&#34;Pod Name&#34;,&#34;Container Name&#34;,&#34;Port Number&#34;,&#34;Port Protocol&#34;],&#34;ObjectFieldsValues&#34;:[&#34;Container does not declare Partner reserved port in map[15000:true 15001:true 15006:true 15008:true 15014:true 15020:true 15021:true 15090:true 15443:true]&#34;,&#34;test&#34;,&#34;security-profiles-operator-webhook-d844fd745-6ngkl&#34;,&#34;security-profiles-operator&#34;,&#34;9443&#34;,&#34;TCP&#34;]},{&#34;ObjectType&#34;:&#34;Listening Port&#34;,&#34;ObjectFieldsKeys&#34;:[&#34;Reason For Compliance&#34;,&#34;Namespace&#34;,&#34;Pod Name&#34;,&#34;Port Number&#34;,&#34;Port Protocol&#34;],&#34;ObjectFieldsValues&#34;:[&#34;Pod Listens to port not in Partner reserved port map[15000:true 15001:true 15006:true 15008:true 15014:true 15020:true 15021:true 15090:true 15443:true]&#34;,&#34;test&#34;,&#34;security-profiles-operator-webhook-d844fd745-6ngkl&#34;,&#34;8080&#34;,&#34;TCP&#34;]},{&#34;ObjectType&#34;:&#34;Listening Port&#34;,&#34;ObjectFieldsKeys&#34;:[&#34;Reason For Compliance&#34;,&#34;Namespace&#34;,&#34;Pod Name&#34;,&#34;Port Number&#34;,&#34;Port Protocol&#34;],&#34;ObjectFieldsValues&#34;:[&#34;Pod Listens to port not in Partner reserved port map[15000:true 15001:true 15006:true 15008:true 15014:true 15020:true 15021:true 15090:true 15443:true]&#34;,&#34;test&#34;,&#34;security-profiles-operator-webhook-d844fd745-6ngkl&#34;,&#34;9443&#34;,&#34;TCP&#34;]},{&#34;ObjectType&#34;:&#34;Pod&#34;,&#34;ObjectFieldsKeys&#34;:[&#34;Reason For Compliance&#34;,&#34;Namespace&#34;,&#34;Pod Name&#34;],&#34;ObjectFieldsValues&#34;:[&#34;Pod does not listen to or declare any Partner reserved port in map[15000:true 15001:true 15006:true 15008:true 15014:true 15020:true 15021:true 15090:true 15443:true]&#34;,&#34;test&#34;,&#34;security-profiles-operator-webhook-d844fd745-6ngkl&#34;]},{&#34;ObjectType&#34;:&#34;Declared Port&#34;,&#34;ObjectFieldsKeys&#34;:[&#34;Reason For Compliance&#34;,&#34;Namespace&#34;,&#34;Pod Name&#34;,&#34;Container Name&#34;,&#34;Port Number&#34;,&#34;Port Protocol&#34;],&#34;ObjectFieldsValues&#34;:[&#34;Container does not declare Partner reserved port in map[15000:true 15001:true 15006:true 15008:true 15014:true 15020:true 15021:true 15090:true 15443:true]&#34;,&#34;test&#34;,&#34;security-profiles-operator-webhook-d844fd745-hvr8w&#34;,&#34;security-profiles-operator&#34;,&#34;9443&#34;,&#34;TCP&#34;]},{&#34;ObjectType&#34;:&#34;Listening Port&#34;,&#34;ObjectFieldsKeys&#34;:[&#34;Reason For Compliance&#34;,&#34;Namespace&#34;,&#34;Pod Name&#34;,&#34;Port Number&#34;,&#34;Port Protocol&#34;],&#34;ObjectFieldsValues&#34;:[&#34;Pod Listens to port not in Partner reserved port map[15000:true 15001:true 15006:true 15008:true 15014:true 15020:true 15021:true 15090:true 15443:true]&#34;,&#34;test&#34;,&#34;security-profiles-operator-webhook-d844fd745-hvr8w&#34;,&#34;8080&#34;,&#34;TCP&#34;]},{&#34;ObjectType&#34;:&#34;Listening Port&#34;,&#34;ObjectFieldsKeys&#34;:[&#34;Reason For Compliance&#34;,&#34;Namespace&#34;,&#34;Pod Name&#34;,&#34;Port Number&#34;,&#34;Port Protocol&#34;],&#34;ObjectFieldsValues&#34;:[&#34;Pod Listens to port not in Partner reserved port map[15000:true 15001:true 15006:true 15008:true 15014:true 15020:true 15021:true 15090:true 15443:true]&#34;,&#34;test&#34;,&#34;security-profiles-operator-webhook-d844fd745-hvr8w&#34;,&#34;9443&#34;,&#34;TCP&#34;]},{&#34;ObjectType&#34;:&#34;Pod&#34;,&#34;ObjectFieldsKeys&#34;:[&#34;Reason For Compliance&#34;,&#34;Namespace&#34;,&#34;Pod Name&#34;],&#34;ObjectFieldsValues&#34;:[&#34;Pod does not listen to or declare any Partner reserved port in map[15000:true 15001:true 15006:true 15008:true 15014:true 15020:true 15021:true 15090:true 15443:true]&#34;,&#34;test&#34;,&#34;security-profiles-operator-webhook-d844fd745-hvr8w&#34;]}],&#34;NonCompliantObjectsOut&#34;:null}&#xA;&lt; Exit [It] networking-reserved-partner-ports - /usr/tnf/tnf-src/cnf-certification-test/networking/suite.go:123 @ 09/25/23 17:06:48.258 (8.041s)&#xA;&gt; Enter [ReportAfterEach] networking - /usr/tnf/tnf-src/cnf-certification-test/networking/suite.go:58 @ 09/25/23 17:06:48.258&#xA;&lt; Exit [ReportAfterEach] networking - /usr/tnf/tnf-src/cnf-certification-test/networking/suite.go:58 @ 09/25/23 17:06:48.259 (1ms)&#xA;</system-err>
          </testcase>
          <testcase name="[It] networking networking-dpdk-cpu-pinning-exec-probe [telco, networking-dpdk-cpu-pinning-exec-probe, networking]" classname="CNF Certification Test Suite" status="skipped" time="0.005318834">
              <skipped message="skipped - Test skipped because there are no []*provider.Pod to test, please check under test labels"></skipped>
              <system-err>&gt; Enter [BeforeEach] networking - /usr/tnf/tnf-src/cnf-certification-test/networking/suite.go:55 @ 09/25/23 17:06:48.26&#xA;&lt; Exit [BeforeEach] networking - /usr/tnf/tnf-src/cnf-certification-test/networking/suite.go:55 @ 09/25/23 17:06:48.26 (0s)&#xA;&gt; Enter [It] networking-dpdk-cpu-pinning-exec-probe - /usr/tnf/tnf-src/cnf-certification-test/networking/suite.go:131 @ 09/25/23 17:06:48.26&#xA;[SKIPPED] Test skipped because there are no []*provider.Pod to test, please check under test labels&#xA;In [It] at: /usr/tnf/tnf-src/pkg/testhelper/testhelper.go:312 @ 09/25/23 17:06:48.265&#xA;&lt; Exit [It] networking-dpdk-cpu-pinning-exec-probe - /usr/tnf/tnf-src/cnf-certification-test/networking/suite.go:131 @ 09/25/23 17:06:48.265 (5ms)&#xA;&gt; Enter [ReportAfterEach] networking - /usr/tnf/tnf-src/cnf-certification-test/networking/suite.go:58 @ 09/25/23 17:06:48.265&#xA;&lt; Exit [ReportAfterEach] networking - /usr/tnf/tnf-src/cnf-certification-test/networking/suite.go:58 @ 09/25/23 17:06:48.266 (0s)&#xA;</system-err>
          </testcase>
          <testcase name="[It] networking networking-restart-on-reboot-sriov-pod [faredge, networking-restart-on-reboot-sriov-pod, networking]" classname="CNF Certification Test Suite" status="skipped" time="0.003410417">
              <skipped message="skipped - Test skipped because there are no []*provider.Pod to test, please check under test labels"></skipped>
              <system-err>&gt; Enter [BeforeEach] networking - /usr/tnf/tnf-src/cnf-certification-test/networking/suite.go:55 @ 09/25/23 17:06:48.267&#xA;&lt; Exit [BeforeEach] networking - /usr/tnf/tnf-src/cnf-certification-test/networking/suite.go:55 @ 09/25/23 17:06:48.267 (0s)&#xA;&gt; Enter [It] networking-restart-on-reboot-sriov-pod - /usr/tnf/tnf-src/cnf-certification-test/networking/suite.go:137 @ 09/25/23 17:06:48.267&#xA;[SKIPPED] Test skipped because there are no []*provider.Pod to test, please check under test labels&#xA;In [It] at: /usr/tnf/tnf-src/pkg/testhelper/testhelper.go:312 @ 09/25/23 17:06:48.27&#xA;&lt; Exit [It] networking-restart-on-reboot-sriov-pod - /usr/tnf/tnf-src/cnf-certification-test/networking/suite.go:137 @ 09/25/23 17:06:48.27 (3ms)&#xA;&gt; Enter [ReportAfterEach] networking - /usr/tnf/tnf-src/cnf-certification-test/networking/suite.go:58 @ 09/25/23 17:06:48.27&#xA;&lt; Exit [ReportAfterEach] networking - /usr/tnf/tnf-src/cnf-certification-test/networking/suite.go:58 @ 09/25/23 17:06:48.271 (0s)&#xA;</system-err>
          </testcase>
      </testsuite>
  </testsuites>