time="2023-08-23T16:28:46Z" level=info msg="Saving environment variables & parameters."
time="2023-08-23T16:28:46Z" level=info msg="Environment: {Home:/root Kubeconfig:/usr/tnf/kubeconfig/config ConfigurationPath:/usr/tnf/config/tnf_config.yml NonIntrusiveOnly:false LogLevel:info OfflineDB:/usr/offline-db AllowPreflightInsecure:false PfltDockerconfig:/usr/tnf/dockercfg/config.json IncludeWebFilesInOutputFolder:false OmitArtifactsZipFile:false}"
=== RUN   TestTest
[36mINFO   [0m[Aug 23 16:28:46.284][suite_test.go: 98] Log level set to: info                       
[36mINFO   [0m[Aug 23 16:28:46.286][suite_test.go: 140] TNF Version         : v4.3.4 ( 2037b43c9bccf6b00fe91797adfabcbeeeb5efdc ) 
[36mINFO   [0m[Aug 23 16:28:46.286][suite_test.go: 141] Claim Format Version: v0.1.0                 
[36mINFO   [0m[Aug 23 16:28:46.286][suite_test.go: 142] Ginkgo Version      : 2.11.0                 
[36mINFO   [0m[Aug 23 16:28:46.286][suite_test.go: 143] Labels filter       : operator, access-control, networking, affiliated-certification, lifecycle, manageability, networking, observability, platform-alteration 
[36mINFO   [0m[Aug 23 16:28:46.286][clientsholder.go: 169] Creating k8s go-clients holder.              
[36mINFO   [0m[Aug 23 16:28:46.707][utils.go: 51] Loading config from file: /usr/tnf/config/tnf_config.yml 
[33mWARNING[0m[Aug 23 16:28:46.713][utils.go: 64] No namespace configured for the debug DaemonSet. Defaulting to namespace cnf-suite 
[33mWARNING[0m[Aug 23 16:28:46.792][autodiscover.go: 110] DEPRECATED: targetPodLabels config field is about to be obsolete. Please use the new "podsUnderTestLabels" field instead. 
[33mWARNING[0m[Aug 23 16:28:46.792][autodiscover.go: 113] DEPRECATED: deprecated default operator label in use ( test-network-function.com/operator: ) is about to be obsolete. Please use the new "operatorsUnderTestLabels" field to specify operators labels instead. 
[36mINFO   [0m[Aug 23 16:28:46.793][autodiscover.go: 143] parsed pods under test labels: [{LabelKey:test-network-function.com/generic LabelValue:target}] 
[36mINFO   [0m[Aug 23 16:28:46.793][autodiscover.go: 144] parsed operators under test labels: [{LabelKey:test-network-function.com/operator LabelValue:}] 
[36mINFO   [0m[Aug 23 16:28:46.902][autodiscover_operators.go: 144] Found 2 subscriptions in the target namespaces 
[36mINFO   [0m[Aug 23 16:28:46.902][autodiscover_operators.go: 146]  Subscriptions name: kernel-module-management-v1-1-0-sub (ns: test) 
[36mINFO   [0m[Aug 23 16:28:46.902][autodiscover_operators.go: 146]  Subscriptions name: odf-csi-addons-operator-v4-13-0-rhodf-sub (ns: test) 
[36mINFO   [0m[Aug 23 16:28:46.982][autodiscover_operators.go: 121] Found 3 CSVs:                                
[36mINFO   [0m[Aug 23 16:28:46.982][autodiscover_operators.go: 123]  CSV name: packageserver (ns: openshift-operator-lifecycle-manager) 
[36mINFO   [0m[Aug 23 16:28:46.982][autodiscover_operators.go: 123]  CSV name: kernel-module-management.v1.1.0 (ns: test) 
[36mINFO   [0m[Aug 23 16:28:46.982][autodiscover_operators.go: 123]  CSV name: odf-csi-addons-operator.v4.13.0-rhodf (ns: test) 
[36mINFO   [0m[Aug 23 16:28:48.886][autodiscover_operators.go: 91] Found 2 CSVs:                                
[36mINFO   [0m[Aug 23 16:28:48.887][autodiscover_operators.go: 93]  CSV name: kernel-module-management.v1.1.0 (ns: test) 
[36mINFO   [0m[Aug 23 16:28:48.887][autodiscover_operators.go: 93]  CSV name: odf-csi-addons-operator.v4.13.0-rhodf (ns: test) 
[36mINFO   [0m[Aug 23 16:28:48.926][autodiscover_operators.go: 144] Found 2 subscriptions in the target namespaces 
[36mINFO   [0m[Aug 23 16:28:48.926][autodiscover_operators.go: 146]  Subscriptions name: kernel-module-management-v1-1-0-sub (ns: test) 
[36mINFO   [0m[Aug 23 16:28:48.927][autodiscover_operators.go: 146]  Subscriptions name: odf-csi-addons-operator-v4-13-0-rhodf-sub (ns: test) 
[36mINFO   [0m[Aug 23 16:28:49.044][autodiscover.go: 257] OpenShift Version found: 4.13.4              
[33mWARNING[0m[Aug 23 16:28:49.130][autodiscover_podset.go: 87] Did not find any deployment in the configured namespaces [test] 
[33mWARNING[0m[Aug 23 16:28:49.169][autodiscover_podset.go: 106] Did not find any statefulSet in ns=test      
[33mWARNING[0m[Aug 23 16:28:49.170][autodiscover_podset.go: 120] Did not find any statefulset in the configured namespaces [test] 
[36mINFO   [0m[Aug 23 16:28:49.477][autodiscover_podset.go: 138] Cannot find any deployed HorizontalPodAutoscaler 
[36mINFO   [0m[Aug 23 16:28:49.687][operators.go: 130] Found 3 unique CSVs                          
[36mINFO   [0m[Aug 23 16:28:49.688][operators.go: 132]   CSV: packageserver                         
[36mINFO   [0m[Aug 23 16:28:49.688][operators.go: 132]   CSV: kernel-module-management.v1.1.0       
[36mINFO   [0m[Aug 23 16:28:49.688][operators.go: 132]   CSV: odf-csi-addons-operator.v4.13.0-rhodf 
[36mINFO   [0m[Aug 23 16:28:49.730][operators.go: 185] Getting installplans for op kernel-module-management.v1.1.0 (subs kernel-module-management-v1-1-0-sub ns test) 
[36mINFO   [0m[Aug 23 16:28:49.772][operators.go: 185] Getting installplans for op odf-csi-addons-operator.v4.13.0-rhodf (subs odf-csi-addons-operator-v4-13-0-rhodf-sub ns test) 
[33mWARNING[0m[Aug 23 16:28:49.772][operators.go: 183] Subscription not found for CSV: packageserver (ns openshift-operator-lifecycle-manager) 
[36mINFO   [0m[Aug 23 16:28:49.772][operators.go: 185] Getting installplans for op packageserver (subs  ns ) 
[36mINFO   [0m[Aug 23 16:28:49.773][provider.go: 564] Node ip-10-0-138-139.ec2.internal - mc name: rendered-worker-5334436cadf14d4498394530f0823fa1 
[36mINFO   [0m[Aug 23 16:28:49.860][provider.go: 564] Node ip-10-0-140-127.ec2.internal - mc name: rendered-master-0d10fff9d0cba73baea526289053dfe8 
[36mINFO   [0m[Aug 23 16:28:49.921][provider.go: 564] Node ip-10-0-144-53.ec2.internal - mc name: rendered-master-0d10fff9d0cba73baea526289053dfe8 
[36mINFO   [0m[Aug 23 16:28:49.983][provider.go: 564] Node ip-10-0-146-178.ec2.internal - mc name: rendered-worker-5334436cadf14d4498394530f0823fa1 
[36mINFO   [0m[Aug 23 16:28:50.054][provider.go: 564] Node ip-10-0-171-112.ec2.internal - mc name: rendered-worker-5334436cadf14d4498394530f0823fa1 
[36mINFO   [0m[Aug 23 16:28:50.115][provider.go: 564] Node ip-10-0-173-119.ec2.internal - mc name: rendered-master-0d10fff9d0cba73baea526289053dfe8 
[33mWARNING[0m[Aug 23 16:28:50.180][provider.go: 341] container: extract pod: 2dd8e914a20a068132e419e0089d9be6f98eb6eef4bc2c2343de3fce74fgpsm ns: test is not ready yet. 
[33mWARNING[0m[Aug 23 16:28:50.181][provider.go: 357] container: extract pod: 2dd8e914a20a068132e419e0089d9be6f98eb6eef4bc2c2343de3fce74fgpsm ns: test is not running (reason: terminated - Completed, restarts 0): some test cases might fail. 
[33mWARNING[0m[Aug 23 16:28:50.181][provider.go: 341] container: extract pod: 4230932c4888547d7ac309f091555b92b462f8c09d06272be928441096mntp6 ns: test is not ready yet. 
[33mWARNING[0m[Aug 23 16:28:50.181][provider.go: 357] container: extract pod: 4230932c4888547d7ac309f091555b92b462f8c09d06272be928441096mntp6 ns: test is not running (reason: terminated - Completed, restarts 0): some test cases might fail. 
[33mWARNING[0m[Aug 23 16:28:50.181][provider.go: 341] container: extract pod: 6500436e8d456436471ba355e123839691b6467ef32112389c01e846add7mbn ns: test is not ready yet. 
[33mWARNING[0m[Aug 23 16:28:50.182][provider.go: 357] container: extract pod: 6500436e8d456436471ba355e123839691b6467ef32112389c01e846add7mbn ns: test is not running (reason: terminated - Completed, restarts 0): some test cases might fail. 
[36mINFO   [0m[Aug 23 16:28:50.183][operators.go: 130] Found 2 unique CSVs                          
[36mINFO   [0m[Aug 23 16:28:50.183][operators.go: 132]   CSV: kernel-module-management.v1.1.0       
[36mINFO   [0m[Aug 23 16:28:50.183][operators.go: 132]   CSV: odf-csi-addons-operator.v4.13.0-rhodf 
[36mINFO   [0m[Aug 23 16:28:50.220][operators.go: 185] Getting installplans for op kernel-module-management.v1.1.0 (subs kernel-module-management-v1-1-0-sub ns test) 
[36mINFO   [0m[Aug 23 16:28:50.256][operators.go: 185] Getting installplans for op odf-csi-addons-operator.v4.13.0-rhodf (subs odf-csi-addons-operator-v4-13-0-rhodf-sub ns test) 
[36mINFO   [0m[Aug 23 16:28:50.256][provider.go: 290] Operators found: 2                           
[36mINFO   [0m[Aug 23 16:28:50.257][provider.go: 302] Completed the test environment build process in 3.55 seconds 
[33mWARNING[0m[Aug 23 16:29:00.858][autodiscover.go: 110] DEPRECATED: targetPodLabels config field is about to be obsolete. Please use the new "podsUnderTestLabels" field instead. 
[33mWARNING[0m[Aug 23 16:29:00.858][autodiscover.go: 113] DEPRECATED: deprecated default operator label in use ( test-network-function.com/operator: ) is about to be obsolete. Please use the new "operatorsUnderTestLabels" field to specify operators labels instead. 
[36mINFO   [0m[Aug 23 16:29:00.858][autodiscover.go: 143] parsed pods under test labels: [{LabelKey:test-network-function.com/generic LabelValue:target}] 
[36mINFO   [0m[Aug 23 16:29:00.858][autodiscover.go: 144] parsed operators under test labels: [{LabelKey:test-network-function.com/operator LabelValue:}] 
[36mINFO   [0m[Aug 23 16:29:00.995][autodiscover_operators.go: 144] Found 2 subscriptions in the target namespaces 
[36mINFO   [0m[Aug 23 16:29:00.995][autodiscover_operators.go: 146]  Subscriptions name: kernel-module-management-v1-1-0-sub (ns: test) 
[36mINFO   [0m[Aug 23 16:29:00.995][autodiscover_operators.go: 146]  Subscriptions name: odf-csi-addons-operator-v4-13-0-rhodf-sub (ns: test) 
[36mINFO   [0m[Aug 23 16:29:01.079][autodiscover_operators.go: 121] Found 3 CSVs:                                
[36mINFO   [0m[Aug 23 16:29:01.079][autodiscover_operators.go: 123]  CSV name: packageserver (ns: openshift-operator-lifecycle-manager) 
[36mINFO   [0m[Aug 23 16:29:01.079][autodiscover_operators.go: 123]  CSV name: kernel-module-management.v1.1.0 (ns: test) 
[36mINFO   [0m[Aug 23 16:29:01.080][autodiscover_operators.go: 123]  CSV name: odf-csi-addons-operator.v4.13.0-rhodf (ns: test) 
[36mINFO   [0m[Aug 23 16:29:03.011][autodiscover_operators.go: 91] Found 2 CSVs:                                
[36mINFO   [0m[Aug 23 16:29:03.011][autodiscover_operators.go: 93]  CSV name: kernel-module-management.v1.1.0 (ns: test) 
[36mINFO   [0m[Aug 23 16:29:03.011][autodiscover_operators.go: 93]  CSV name: odf-csi-addons-operator.v4.13.0-rhodf (ns: test) 
[36mINFO   [0m[Aug 23 16:29:03.054][autodiscover_operators.go: 144] Found 2 subscriptions in the target namespaces 
[36mINFO   [0m[Aug 23 16:29:03.054][autodiscover_operators.go: 146]  Subscriptions name: kernel-module-management-v1-1-0-sub (ns: test) 
[36mINFO   [0m[Aug 23 16:29:03.054][autodiscover_operators.go: 146]  Subscriptions name: odf-csi-addons-operator-v4-13-0-rhodf-sub (ns: test) 
[36mINFO   [0m[Aug 23 16:29:03.179][autodiscover.go: 257] OpenShift Version found: 4.13.4              
[33mWARNING[0m[Aug 23 16:29:03.264][autodiscover_podset.go: 87] Did not find any deployment in the configured namespaces [test] 
[33mWARNING[0m[Aug 23 16:29:03.304][autodiscover_podset.go: 106] Did not find any statefulSet in ns=test      
[33mWARNING[0m[Aug 23 16:29:03.304][autodiscover_podset.go: 120] Did not find any statefulset in the configured namespaces [test] 
[36mINFO   [0m[Aug 23 16:29:03.613][autodiscover_podset.go: 138] Cannot find any deployed HorizontalPodAutoscaler 
[36mINFO   [0m[Aug 23 16:29:03.776][operators.go: 130] Found 3 unique CSVs                          
[36mINFO   [0m[Aug 23 16:29:03.776][operators.go: 132]   CSV: packageserver                         
[36mINFO   [0m[Aug 23 16:29:03.776][operators.go: 132]   CSV: kernel-module-management.v1.1.0       
[36mINFO   [0m[Aug 23 16:29:03.776][operators.go: 132]   CSV: odf-csi-addons-operator.v4.13.0-rhodf 
[36mINFO   [0m[Aug 23 16:29:03.819][operators.go: 185] Getting installplans for op kernel-module-management.v1.1.0 (subs kernel-module-management-v1-1-0-sub ns test) 
[36mINFO   [0m[Aug 23 16:29:03.858][operators.go: 185] Getting installplans for op odf-csi-addons-operator.v4.13.0-rhodf (subs odf-csi-addons-operator-v4-13-0-rhodf-sub ns test) 
[33mWARNING[0m[Aug 23 16:29:03.859][operators.go: 183] Subscription not found for CSV: packageserver (ns openshift-operator-lifecycle-manager) 
[36mINFO   [0m[Aug 23 16:29:03.859][operators.go: 185] Getting installplans for op packageserver (subs  ns ) 
[36mINFO   [0m[Aug 23 16:29:03.859][provider.go: 564] Node ip-10-0-138-139.ec2.internal - mc name: rendered-worker-5334436cadf14d4498394530f0823fa1 
[36mINFO   [0m[Aug 23 16:29:03.938][provider.go: 564] Node ip-10-0-140-127.ec2.internal - mc name: rendered-master-0d10fff9d0cba73baea526289053dfe8 
[36mINFO   [0m[Aug 23 16:29:04.008][provider.go: 564] Node ip-10-0-144-53.ec2.internal - mc name: rendered-master-0d10fff9d0cba73baea526289053dfe8 
[36mINFO   [0m[Aug 23 16:29:04.073][provider.go: 564] Node ip-10-0-146-178.ec2.internal - mc name: rendered-worker-5334436cadf14d4498394530f0823fa1 
[36mINFO   [0m[Aug 23 16:29:04.148][provider.go: 564] Node ip-10-0-171-112.ec2.internal - mc name: rendered-worker-5334436cadf14d4498394530f0823fa1 
[36mINFO   [0m[Aug 23 16:29:04.209][provider.go: 564] Node ip-10-0-173-119.ec2.internal - mc name: rendered-master-0d10fff9d0cba73baea526289053dfe8 
[33mWARNING[0m[Aug 23 16:29:04.271][provider.go: 341] container: extract pod: 2dd8e914a20a068132e419e0089d9be6f98eb6eef4bc2c2343de3fce74fgpsm ns: test is not ready yet. 
[33mWARNING[0m[Aug 23 16:29:04.271][provider.go: 357] container: extract pod: 2dd8e914a20a068132e419e0089d9be6f98eb6eef4bc2c2343de3fce74fgpsm ns: test is not running (reason: terminated - Completed, restarts 0): some test cases might fail. 
[33mWARNING[0m[Aug 23 16:29:04.271][provider.go: 341] container: extract pod: 4230932c4888547d7ac309f091555b92b462f8c09d06272be928441096mntp6 ns: test is not ready yet. 
[33mWARNING[0m[Aug 23 16:29:04.272][provider.go: 357] container: extract pod: 4230932c4888547d7ac309f091555b92b462f8c09d06272be928441096mntp6 ns: test is not running (reason: terminated - Completed, restarts 0): some test cases might fail. 
[33mWARNING[0m[Aug 23 16:29:04.272][provider.go: 341] container: extract pod: 6500436e8d456436471ba355e123839691b6467ef32112389c01e846add7mbn ns: test is not ready yet. 
[33mWARNING[0m[Aug 23 16:29:04.272][provider.go: 357] container: extract pod: 6500436e8d456436471ba355e123839691b6467ef32112389c01e846add7mbn ns: test is not running (reason: terminated - Completed, restarts 0): some test cases might fail. 
[36mINFO   [0m[Aug 23 16:29:04.273][operators.go: 130] Found 2 unique CSVs                          
[36mINFO   [0m[Aug 23 16:29:04.273][operators.go: 132]   CSV: kernel-module-management.v1.1.0       
[36mINFO   [0m[Aug 23 16:29:04.273][operators.go: 132]   CSV: odf-csi-addons-operator.v4.13.0-rhodf 
[36mINFO   [0m[Aug 23 16:29:04.310][operators.go: 185] Getting installplans for op kernel-module-management.v1.1.0 (subs kernel-module-management-v1-1-0-sub ns test) 
[36mINFO   [0m[Aug 23 16:29:04.357][operators.go: 185] Getting installplans for op odf-csi-addons-operator.v4.13.0-rhodf (subs odf-csi-addons-operator-v4-13-0-rhodf-sub ns test) 
[36mINFO   [0m[Aug 23 16:29:04.358][provider.go: 290] Operators found: 2                           
[36mINFO   [0m[Aug 23 16:29:04.358][provider.go: 302] Completed the test environment build process in 3.58 seconds 
[33mWARNING[0m[Aug 23 16:29:04.369][suite.go: 50] LabelFilter is set but 'preflight' tests are not targeted. Skipping the preflight tests. 
Running Suite: CNF Certification Test Suite - /usr/tnf/cnf-certification-test
=============================================================================
Random Seed: [1m1692808125[0m

Will run [1m82[0m of [1m87[0m specs
[38;5;243m------------------------------[0m
[0mobservability [0m[1mobservability-container-logging[0m [38;5;204m[telco, observability-container-logging, observability][0m
[38;5;243m/usr/tnf/tnf-src/cnf-certification-test/observability/suite.go:48[0m
  [1mSTEP:[0m Checking container: registry-grpc pod: 31016e1b8d56e49130ef8a9610223142c0410b41c7e099d5fa08289afa99306 ns: test has some logging output [38;5;243m@ 08/23/23 16:29:04.38[0m
  [1mSTEP:[0m Checking container: registry-grpc pod: a8c060444aa8e89dfbd90d61d6ec3900ab4d6634f6aa8067face1e6974b9065 ns: test has some logging output [38;5;243m@ 08/23/23 16:29:04.426[0m
  [1mSTEP:[0m Checking container: address-space-controller pod: address-space-controller-56c797f9ff-8g8xm ns: test has some logging output [38;5;243m@ 08/23/23 16:29:04.471[0m
  [1mSTEP:[0m Checking container: manager pod: csi-addons-controller-manager-5845fc8c67-ljlgf ns: test has some logging output [38;5;243m@ 08/23/23 16:29:04.517[0m
  [1mSTEP:[0m Checking container: kube-rbac-proxy pod: csi-addons-controller-manager-5845fc8c67-ljlgf ns: test has some logging output [38;5;243m@ 08/23/23 16:29:04.565[0m
  [1mSTEP:[0m Checking container: registry-grpc pod: f55f2af8faab8ef8907af86aa22696cd5fb68229ee293595d80119a980ddd37 ns: test has some logging output [38;5;243m@ 08/23/23 16:29:04.606[0m
  [1mSTEP:[0m Checking container: security-profiles-operator pod: security-profiles-operator-webhook-d844fd745-2vvs5 ns: test has some logging output [38;5;243m@ 08/23/23 16:29:04.65[0m
  [1mSTEP:[0m Checking container: security-profiles-operator pod: security-profiles-operator-webhook-d844fd745-6ngkl ns: test has some logging output [38;5;243m@ 08/23/23 16:29:04.695[0m
  [1mSTEP:[0m Checking container: security-profiles-operator pod: security-profiles-operator-webhook-d844fd745-hvr8w ns: test has some logging output [38;5;243m@ 08/23/23 16:29:04.737[0m
  {"CompliantObjectsOut":[{"ObjectType":"Container","ObjectFieldsKeys":["Reason For Compliance","Namespace","Pod Name","Container Name"],"ObjectFieldsValues":["Found log line to stderr/stdout","test","31016e1b8d56e49130ef8a9610223142c0410b41c7e099d5fa08289afa99306","registry-grpc"]},{"ObjectType":"Container","ObjectFieldsKeys":["Reason For Compliance","Namespace","Pod Name","Container Name"],"ObjectFieldsValues":["Found log line to stderr/stdout","test","a8c060444aa8e89dfbd90d61d6ec3900ab4d6634f6aa8067face1e6974b9065","registry-grpc"]},{"ObjectType":"Container","ObjectFieldsKeys":["Reason For Compliance","Namespace","Pod Name","Container Name"],"ObjectFieldsValues":["Found log line to stderr/stdout","test","address-space-controller-56c797f9ff-8g8xm","address-space-controller"]},{"ObjectType":"Container","ObjectFieldsKeys":["Reason For Compliance","Namespace","Pod Name","Container Name"],"ObjectFieldsValues":["Found log line to stderr/stdout","test","csi-addons-controller-manager-5845fc8c67-ljlgf","manager"]},{"ObjectType":"Container","ObjectFieldsKeys":["Reason For Compliance","Namespace","Pod Name","Container Name"],"ObjectFieldsValues":["Found log line to stderr/stdout","test","csi-addons-controller-manager-5845fc8c67-ljlgf","kube-rbac-proxy"]},{"ObjectType":"Container","ObjectFieldsKeys":["Reason For Compliance","Namespace","Pod Name","Container Name"],"ObjectFieldsValues":["Found log line to stderr/stdout","test","f55f2af8faab8ef8907af86aa22696cd5fb68229ee293595d80119a980ddd37","registry-grpc"]},{"ObjectType":"Container","ObjectFieldsKeys":["Reason For Compliance","Namespace","Pod Name","Container Name"],"ObjectFieldsValues":["Found log line to stderr/stdout","test","security-profiles-operator-webhook-d844fd745-2vvs5","security-profiles-operator"]},{"ObjectType":"Container","ObjectFieldsKeys":["Reason For Compliance","Namespace","Pod Name","Container Name"],"ObjectFieldsValues":["Found log line to stderr/stdout","test","security-profiles-operator-webhook-d844fd745-6ngkl","security-profiles-operator"]},{"ObjectType":"Container","ObjectFieldsKeys":["Reason For Compliance","Namespace","Pod Name","Container Name"],"ObjectFieldsValues":["Found log line to stderr/stdout","test","security-profiles-operator-webhook-d844fd745-hvr8w","security-profiles-operator"]}],"NonCompliantObjectsOut":null}
[38;5;10mâ€¢ [0.400 seconds][0m
[38;5;243m------------------------------[0m
[0mobservability [0m[1mobservability-crd-status[0m [38;5;204m[common, observability-crd-status, observability][0m
[38;5;243m/usr/tnf/tnf-src/cnf-certification-test/observability/suite.go:54[0m
  [38;5;14m[SKIPPED][0m in [It] - /usr/tnf/tnf-src/pkg/testhelper/testhelper.go:312 [38;5;243m@ 08/23/23 16:29:04.787[0m
[38;5;14mS [SKIPPED] [0.007 seconds][0m
[0mobservability [38;5;14m[1m[It] observability-crd-status[0m [38;5;204m[common, observability-crd-status, observability][0m
[38;5;243m/usr/tnf/tnf-src/cnf-certification-test/observability/suite.go:54[0m

  [38;5;14m[SKIPPED] Test skipped because there are no []*v1.CustomResourceDefinition to test, please check under test labels[0m
  [38;5;14mIn [1m[It][0m[38;5;14m at: [1m/usr/tnf/tnf-src/pkg/testhelper/testhelper.go:312[0m [38;5;243m@ 08/23/23 16:29:04.787[0m
[38;5;243m------------------------------[0m
[0mobservability [0m[1mobservability-termination-policy[0m [38;5;204m[telco, observability-termination-policy, observability][0m
[38;5;243m/usr/tnf/tnf-src/cnf-certification-test/observability/suite.go:60[0m
  [1mSTEP:[0m Testing for terminationMessagePolicy: container: registry-grpc pod: 31016e1b8d56e49130ef8a9610223142c0410b41c7e099d5fa08289afa99306 ns: test [38;5;243m@ 08/23/23 16:29:04.791[0m
  FAILURE: container: registry-grpc pod: 31016e1b8d56e49130ef8a9610223142c0410b41c7e099d5fa08289afa99306 ns: test does not have a TerminationMessagePolicy: FallbackToLogsOnError
  [1mSTEP:[0m Testing for terminationMessagePolicy: container: registry-grpc pod: a8c060444aa8e89dfbd90d61d6ec3900ab4d6634f6aa8067face1e6974b9065 ns: test [38;5;243m@ 08/23/23 16:29:04.791[0m
  FAILURE: container: registry-grpc pod: a8c060444aa8e89dfbd90d61d6ec3900ab4d6634f6aa8067face1e6974b9065 ns: test does not have a TerminationMessagePolicy: FallbackToLogsOnError
  [1mSTEP:[0m Testing for terminationMessagePolicy: container: address-space-controller pod: address-space-controller-56c797f9ff-8g8xm ns: test [38;5;243m@ 08/23/23 16:29:04.791[0m
  FAILURE: container: address-space-controller pod: address-space-controller-56c797f9ff-8g8xm ns: test does not have a TerminationMessagePolicy: FallbackToLogsOnError
  [1mSTEP:[0m Testing for terminationMessagePolicy: container: manager pod: csi-addons-controller-manager-5845fc8c67-ljlgf ns: test [38;5;243m@ 08/23/23 16:29:04.791[0m
  FAILURE: container: manager pod: csi-addons-controller-manager-5845fc8c67-ljlgf ns: test does not have a TerminationMessagePolicy: FallbackToLogsOnError
  [1mSTEP:[0m Testing for terminationMessagePolicy: container: kube-rbac-proxy pod: csi-addons-controller-manager-5845fc8c67-ljlgf ns: test [38;5;243m@ 08/23/23 16:29:04.791[0m
  FAILURE: container: kube-rbac-proxy pod: csi-addons-controller-manager-5845fc8c67-ljlgf ns: test does not have a TerminationMessagePolicy: FallbackToLogsOnError
  [1mSTEP:[0m Testing for terminationMessagePolicy: container: registry-grpc pod: f55f2af8faab8ef8907af86aa22696cd5fb68229ee293595d80119a980ddd37 ns: test [38;5;243m@ 08/23/23 16:29:04.792[0m
  FAILURE: container: registry-grpc pod: f55f2af8faab8ef8907af86aa22696cd5fb68229ee293595d80119a980ddd37 ns: test does not have a TerminationMessagePolicy: FallbackToLogsOnError
  [1mSTEP:[0m Testing for terminationMessagePolicy: container: security-profiles-operator pod: security-profiles-operator-webhook-d844fd745-2vvs5 ns: test [38;5;243m@ 08/23/23 16:29:04.792[0m
  FAILURE: container: security-profiles-operator pod: security-profiles-operator-webhook-d844fd745-2vvs5 ns: test does not have a TerminationMessagePolicy: FallbackToLogsOnError
  [1mSTEP:[0m Testing for terminationMessagePolicy: container: security-profiles-operator pod: security-profiles-operator-webhook-d844fd745-6ngkl ns: test [38;5;243m@ 08/23/23 16:29:04.792[0m
  FAILURE: container: security-profiles-operator pod: security-profiles-operator-webhook-d844fd745-6ngkl ns: test does not have a TerminationMessagePolicy: FallbackToLogsOnError
  [1mSTEP:[0m Testing for terminationMessagePolicy: container: security-profiles-operator pod: security-profiles-operator-webhook-d844fd745-hvr8w ns: test [38;5;243m@ 08/23/23 16:29:04.792[0m
  FAILURE: container: security-profiles-operator pod: security-profiles-operator-webhook-d844fd745-hvr8w ns: test does not have a TerminationMessagePolicy: FallbackToLogsOnError
  {"CompliantObjectsOut":null,"NonCompliantObjectsOut":[{"ObjectType":"Container","ObjectFieldsKeys":["Reason For Non Compliance","Namespace","Pod Name","Container Name"],"ObjectFieldsValues":["TerminationMessagePolicy is not FallbackToLogsOnError","test","31016e1b8d56e49130ef8a9610223142c0410b41c7e099d5fa08289afa99306","registry-grpc"]},{"ObjectType":"Container","ObjectFieldsKeys":["Reason For Non Compliance","Namespace","Pod Name","Container Name"],"ObjectFieldsValues":["TerminationMessagePolicy is not FallbackToLogsOnError","test","a8c060444aa8e89dfbd90d61d6ec3900ab4d6634f6aa8067face1e6974b9065","registry-grpc"]},{"ObjectType":"Container","ObjectFieldsKeys":["Reason For Non Compliance","Namespace","Pod Name","Container Name"],"ObjectFieldsValues":["TerminationMessagePolicy is not FallbackToLogsOnError","test","address-space-controller-56c797f9ff-8g8xm","address-space-controller"]},{"ObjectType":"Container","ObjectFieldsKeys":["Reason For Non Compliance","Namespace","Pod Name","Container Name"],"ObjectFieldsValues":["TerminationMessagePolicy is not FallbackToLogsOnError","test","csi-addons-controller-manager-5845fc8c67-ljlgf","manager"]},{"ObjectType":"Container","ObjectFieldsKeys":["Reason For Non Compliance","Namespace","Pod Name","Container Name"],"ObjectFieldsValues":["TerminationMessagePolicy is not FallbackToLogsOnError","test","csi-addons-controller-manager-5845fc8c67-ljlgf","kube-rbac-proxy"]},{"ObjectType":"Container","ObjectFieldsKeys":["Reason For Non Compliance","Namespace","Pod Name","Container Name"],"ObjectFieldsValues":["TerminationMessagePolicy is not FallbackToLogsOnError","test","f55f2af8faab8ef8907af86aa22696cd5fb68229ee293595d80119a980ddd37","registry-grpc"]},{"ObjectType":"Container","ObjectFieldsKeys":["Reason For Non Compliance","Namespace","Pod Name","Container Name"],"ObjectFieldsValues":["TerminationMessagePolicy is not FallbackToLogsOnError","test","security-profiles-operator-webhook-d844fd745-2vvs5","security-profiles-operator"]},{"ObjectType":"Container","ObjectFieldsKeys":["Reason For Non Compliance","Namespace","Pod Name","Container Name"],"ObjectFieldsValues":["TerminationMessagePolicy is not FallbackToLogsOnError","test","security-profiles-operator-webhook-d844fd745-6ngkl","security-profiles-operator"]},{"ObjectType":"Container","ObjectFieldsKeys":["Reason For Non Compliance","Namespace","Pod Name","Container Name"],"ObjectFieldsValues":["TerminationMessagePolicy is not FallbackToLogsOnError","test","security-profiles-operator-webhook-d844fd745-hvr8w","security-profiles-operator"]}]}
  [38;5;9m[FAILED][0m in [It] - /usr/tnf/tnf-src/pkg/testhelper/testhelper.go:358 [38;5;243m@ 08/23/23 16:29:04.795[0m
[38;5;9mâ€¢ [FAILED] [0.005 seconds][0m
[0mobservability [38;5;9m[1m[It] observability-termination-policy[0m [38;5;204m[telco, observability-termination-policy, observability][0m
[38;5;243m/usr/tnf/tnf-src/cnf-certification-test/observability/suite.go:60[0m

  [38;5;9m[FAILED] {"CompliantObjectsOut":null,"NonCompliantObjectsOut":[{"ObjectType":"Container","ObjectFieldsKeys":["Reason For Non Compliance","Namespace","Pod Name","Container Name"],"ObjectFieldsValues":["TerminationMessagePolicy is not FallbackToLogsOnError","test","31016e1b8d56e49130ef8a9610223142c0410b41c7e099d5fa08289afa99306","registry-grpc"]},{"ObjectType":"Container","ObjectFieldsKeys":["Reason For Non Compliance","Namespace","Pod Name","Container Name"],"ObjectFieldsValues":["TerminationMessagePolicy is not FallbackToLogsOnError","test","a8c060444aa8e89dfbd90d61d6ec3900ab4d6634f6aa8067face1e6974b9065","registry-grpc"]},{"ObjectType":"Container","ObjectFieldsKeys":["Reason For Non Compliance","Namespace","Pod Name","Container Name"],"ObjectFieldsValues":["TerminationMessagePolicy is not FallbackToLogsOnError","test","address-space-controller-56c797f9ff-8g8xm","address-space-controller"]},{"ObjectType":"Container","ObjectFieldsKeys":["Reason For Non Compliance","Namespace","Pod Name","Container Name"],"ObjectFieldsValues":["TerminationMessagePolicy is not FallbackToLogsOnError","test","csi-addons-controller-manager-5845fc8c67-ljlgf","manager"]},{"ObjectType":"Container","ObjectFieldsKeys":["Reason For Non Compliance","Namespace","Pod Name","Container Name"],"ObjectFieldsValues":["TerminationMessagePolicy is not FallbackToLogsOnError","test","csi-addons-controller-manager-5845fc8c67-ljlgf","kube-rbac-proxy"]},{"ObjectType":"Container","ObjectFieldsKeys":["Reason For Non Compliance","Namespace","Pod Name","Container Name"],"ObjectFieldsValues":["TerminationMessagePolicy is not FallbackToLogsOnError","test","f55f2af8faab8ef8907af86aa22696cd5fb68229ee293595d80119a980ddd37","registry-grpc"]},{"ObjectType":"Container","ObjectFieldsKeys":["Reason For Non Compliance","Namespace","Pod Name","Container Name"],"ObjectFieldsValues":["TerminationMessagePolicy is not FallbackToLogsOnError","test","security-profiles-operator-webhook-d844fd745-2vvs5","security-profiles-operator"]},{"ObjectType":"Container","ObjectFieldsKeys":["Reason For Non Compliance","Namespace","Pod Name","Container Name"],"ObjectFieldsValues":["TerminationMessagePolicy is not FallbackToLogsOnError","test","security-profiles-operator-webhook-d844fd745-6ngkl","security-profiles-operator"]},{"ObjectType":"Container","ObjectFieldsKeys":["Reason For Non Compliance","Namespace","Pod Name","Container Name"],"ObjectFieldsValues":["TerminationMessagePolicy is not FallbackToLogsOnError","test","security-profiles-operator-webhook-d844fd745-hvr8w","security-profiles-operator"]}]}[0m
  [38;5;9mIn [1m[It][0m[38;5;9m at: [1m/usr/tnf/tnf-src/pkg/testhelper/testhelper.go:358[0m [38;5;243m@ 08/23/23 16:29:04.795[0m
[38;5;243m------------------------------[0m
[0mobservability [0m[1mobservability-pod-disruption-budget[0m [38;5;204m[common, observability-pod-disruption-budget, observability][0m
[38;5;243m/usr/tnf/tnf-src/cnf-certification-test/observability/suite.go:66[0m
  [38;5;14m[SKIPPED][0m in [It] - /usr/tnf/tnf-src/pkg/testhelper/testhelper.go:333 [38;5;243m@ 08/23/23 16:29:04.798[0m
[38;5;14mS [SKIPPED] [0.002 seconds][0m
[0mobservability [38;5;14m[1m[It] observability-pod-disruption-budget[0m [38;5;204m[common, observability-pod-disruption-budget, observability][0m
[38;5;243m/usr/tnf/tnf-src/cnf-certification-test/observability/suite.go:66[0m

  [38;5;14m[SKIPPED] Test skipped because there are no []*provider.Deployment, []*provider.StatefulSet,  to test, please check under test labels[0m
  [38;5;14mIn [1m[It][0m[38;5;14m at: [1m/usr/tnf/tnf-src/pkg/testhelper/testhelper.go:333[0m [38;5;243m@ 08/23/23 16:29:04.798[0m
[38;5;243m------------------------------[0m
[0moperator [0m[1moperator-install-status-succeeded[0m [38;5;204m[common, operator-install-status-succeeded, operator][0m
[38;5;243m/usr/tnf/tnf-src/cnf-certification-test/operator/suite.go:44[0m
[31mFATAL  [0m[Aug 23 16:34:05.554][phasecheck.go: 50] Timeout waiting for operator csv: kernel-module-management.v1.1.0 ns: test to be ready 
