<?xml version="1.0" encoding="UTF-8"?>
  <testsuites tests="87" disabled="26" errors="0" failures="28" time="107.303545674">
      <testsuite name="CNF Certification Test Suite" package="/usr/tnf/cnf-certification-test" tests="87" disabled="0" skipped="26" errors="0" failures="28" time="107.303545674" timestamp="2023-08-23T16:10:11">
          <properties>
              <property name="SuiteSucceeded" value="false"></property>
              <property name="SuiteHasProgrammaticFocus" value="false"></property>
              <property name="SpecialSuiteFailureReason" value=""></property>
              <property name="SuiteLabels" value="[]"></property>
              <property name="RandomSeed" value="1692806993"></property>
              <property name="RandomizeAllSpecs" value="false"></property>
              <property name="LabelFilter" value="operator, access-control, networking, affiliated-certification, lifecycle, manageability, networking, observability, platform-alteration"></property>
              <property name="FocusStrings" value=""></property>
              <property name="SkipStrings" value=""></property>
              <property name="FocusFiles" value=""></property>
              <property name="SkipFiles" value=""></property>
              <property name="FailOnPending" value="false"></property>
              <property name="FailFast" value="false"></property>
              <property name="FlakeAttempts" value="0"></property>
              <property name="DryRun" value="false"></property>
              <property name="ParallelTotal" value="1"></property>
              <property name="OutputInterceptorMode" value=""></property>
          </properties>
          <testcase name="[It] platform-alteration platform-alteration-base-image [common, platform-alteration-base-image, platform-alteration]" classname="CNF Certification Test Suite" status="passed" time="16.199038132">
              <system-err>&gt; Enter [BeforeEach] platform-alteration - /usr/tnf/tnf-src/cnf-certification-test/platform/suite.go:50 @ 08/23/23 16:10:11.757&#xA;&lt; Exit [BeforeEach] platform-alteration - /usr/tnf/tnf-src/cnf-certification-test/platform/suite.go:50 @ 08/23/23 16:10:11.757 (1ms)&#xA;&gt; Enter [It] platform-alteration-base-image - /usr/tnf/tnf-src/cnf-certification-test/platform/suite.go:56 @ 08/23/23 16:10:11.758&#xA;{&#34;CompliantObjectsOut&#34;:[{&#34;ObjectType&#34;:&#34;Container&#34;,&#34;ObjectFieldsKeys&#34;:[&#34;Reason For Compliance&#34;,&#34;Namespace&#34;,&#34;Pod Name&#34;,&#34;Container Name&#34;],&#34;ObjectFieldsValues&#34;:[&#34;Container is not modified&#34;,&#34;test&#34;,&#34;31016e1b8d56e49130ef8a9610223142c0410b41c7e099d5fa08289afa99306&#34;,&#34;registry-grpc&#34;]},{&#34;ObjectType&#34;:&#34;Container&#34;,&#34;ObjectFieldsKeys&#34;:[&#34;Reason For Compliance&#34;,&#34;Namespace&#34;,&#34;Pod Name&#34;,&#34;Container Name&#34;],&#34;ObjectFieldsValues&#34;:[&#34;Container is not modified&#34;,&#34;test&#34;,&#34;92f03546bbf58466b4c616ad06c56b16c07328c28c522f75908c44efb17301b&#34;,&#34;registry-grpc&#34;]},{&#34;ObjectType&#34;:&#34;Container&#34;,&#34;ObjectFieldsKeys&#34;:[&#34;Reason For Compliance&#34;,&#34;Namespace&#34;,&#34;Pod Name&#34;,&#34;Container Name&#34;],&#34;ObjectFieldsValues&#34;:[&#34;Container is not modified&#34;,&#34;test&#34;,&#34;a8c060444aa8e89dfbd90d61d6ec3900ab4d6634f6aa8067face1e6974b9065&#34;,&#34;registry-grpc&#34;]},{&#34;ObjectType&#34;:&#34;Container&#34;,&#34;ObjectFieldsKeys&#34;:[&#34;Reason For Compliance&#34;,&#34;Namespace&#34;,&#34;Pod Name&#34;,&#34;Container Name&#34;],&#34;ObjectFieldsValues&#34;:[&#34;Container is not modified&#34;,&#34;test&#34;,&#34;address-space-controller-56c797f9ff-8g8xm&#34;,&#34;address-space-controller&#34;]},{&#34;ObjectType&#34;:&#34;Container&#34;,&#34;ObjectFieldsKeys&#34;:[&#34;Reason For Compliance&#34;,&#34;Namespace&#34;,&#34;Pod Name&#34;,&#34;Container Name&#34;],&#34;ObjectFieldsValues&#34;:[&#34;Container is not modified&#34;,&#34;test&#34;,&#34;camel-k-operator-7fc69f6486-rl9jg&#34;,&#34;camel-k-operator&#34;]},{&#34;ObjectType&#34;:&#34;Container&#34;,&#34;ObjectFieldsKeys&#34;:[&#34;Reason For Compliance&#34;,&#34;Namespace&#34;,&#34;Pod Name&#34;,&#34;Container Name&#34;],&#34;ObjectFieldsValues&#34;:[&#34;Container is not modified&#34;,&#34;test&#34;,&#34;csi-addons-controller-manager-5845fc8c67-ljlgf&#34;,&#34;manager&#34;]},{&#34;ObjectType&#34;:&#34;Container&#34;,&#34;ObjectFieldsKeys&#34;:[&#34;Reason For Compliance&#34;,&#34;Namespace&#34;,&#34;Pod Name&#34;,&#34;Container Name&#34;],&#34;ObjectFieldsValues&#34;:[&#34;Container is not modified&#34;,&#34;test&#34;,&#34;csi-addons-controller-manager-5845fc8c67-ljlgf&#34;,&#34;kube-rbac-proxy&#34;]},{&#34;ObjectType&#34;:&#34;Container&#34;,&#34;ObjectFieldsKeys&#34;:[&#34;Reason For Compliance&#34;,&#34;Namespace&#34;,&#34;Pod Name&#34;,&#34;Container Name&#34;],&#34;ObjectFieldsValues&#34;:[&#34;Container is not modified&#34;,&#34;test&#34;,&#34;security-profiles-operator-webhook-d844fd745-2vvs5&#34;,&#34;security-profiles-operator&#34;]},{&#34;ObjectType&#34;:&#34;Container&#34;,&#34;ObjectFieldsKeys&#34;:[&#34;Reason For Compliance&#34;,&#34;Namespace&#34;,&#34;Pod Name&#34;,&#34;Container Name&#34;],&#34;ObjectFieldsValues&#34;:[&#34;Container is not modified&#34;,&#34;test&#34;,&#34;security-profiles-operator-webhook-d844fd745-6ngkl&#34;,&#34;security-profiles-operator&#34;]},{&#34;ObjectType&#34;:&#34;Container&#34;,&#34;ObjectFieldsKeys&#34;:[&#34;Reason For Compliance&#34;,&#34;Namespace&#34;,&#34;Pod Name&#34;,&#34;Container Name&#34;],&#34;ObjectFieldsValues&#34;:[&#34;Container is not modified&#34;,&#34;test&#34;,&#34;security-profiles-operator-webhook-d844fd745-hvr8w&#34;,&#34;security-profiles-operator&#34;]}],&#34;NonCompliantObjectsOut&#34;:null}&#xA;&lt; Exit [It] platform-alteration-base-image - /usr/tnf/tnf-src/cnf-certification-test/platform/suite.go:56 @ 08/23/23 16:10:27.954 (16.197s)&#xA;&gt; Enter [ReportAfterEach] platform-alteration - /usr/tnf/tnf-src/cnf-certification-test/platform/suite.go:53 @ 08/23/23 16:10:27.955&#xA;&lt; Exit [ReportAfterEach] platform-alteration - /usr/tnf/tnf-src/cnf-certification-test/platform/suite.go:53 @ 08/23/23 16:10:27.957 (2ms)&#xA;</system-err>
          </testcase>
          <testcase name="[It] platform-alteration platform-alteration-tainted-node-kernel [common, platform-alteration-tainted-node-kernel, platform-alteration]" classname="CNF Certification Test Suite" status="passed" time="2.007116834">
              <system-err>&gt; Enter [BeforeEach] platform-alteration - /usr/tnf/tnf-src/cnf-certification-test/platform/suite.go:50 @ 08/23/23 16:10:27.958&#xA;&lt; Exit [BeforeEach] platform-alteration - /usr/tnf/tnf-src/cnf-certification-test/platform/suite.go:50 @ 08/23/23 16:10:27.959 (0s)&#xA;&gt; Enter [It] platform-alteration-tainted-node-kernel - /usr/tnf/tnf-src/cnf-certification-test/platform/suite.go:68 @ 08/23/23 16:10:27.959&#xA;STEP: Checking kernel taints of node ip-10-0-138-139.ec2.internal - /usr/tnf/tnf-src/cnf-certification-test/platform/suite.go:262 @ 08/23/23 16:10:27.96&#xA;Node ip-10-0-138-139.ec2.internal has no kernel taints.&#xA;STEP: Checking kernel taints of node ip-10-0-140-127.ec2.internal - /usr/tnf/tnf-src/cnf-certification-test/platform/suite.go:262 @ 08/23/23 16:10:28.296&#xA;Node ip-10-0-140-127.ec2.internal has no kernel taints.&#xA;STEP: Checking kernel taints of node ip-10-0-173-119.ec2.internal - /usr/tnf/tnf-src/cnf-certification-test/platform/suite.go:262 @ 08/23/23 16:10:28.634&#xA;Node ip-10-0-173-119.ec2.internal has no kernel taints.&#xA;STEP: Checking kernel taints of node ip-10-0-146-178.ec2.internal - /usr/tnf/tnf-src/cnf-certification-test/platform/suite.go:262 @ 08/23/23 16:10:28.965&#xA;Node ip-10-0-146-178.ec2.internal has no kernel taints.&#xA;STEP: Checking kernel taints of node ip-10-0-171-112.ec2.internal - /usr/tnf/tnf-src/cnf-certification-test/platform/suite.go:262 @ 08/23/23 16:10:29.28&#xA;Node ip-10-0-171-112.ec2.internal has no kernel taints.&#xA;STEP: Checking kernel taints of node ip-10-0-144-53.ec2.internal - /usr/tnf/tnf-src/cnf-certification-test/platform/suite.go:262 @ 08/23/23 16:10:29.623&#xA;Node ip-10-0-144-53.ec2.internal has no kernel taints.&#xA;{&#34;CompliantObjectsOut&#34;:[{&#34;ObjectType&#34;:&#34;Node&#34;,&#34;ObjectFieldsKeys&#34;:[&#34;Reason For Compliance&#34;,&#34;Name&#34;],&#34;ObjectFieldsValues&#34;:[&#34;Node has no kernel taints&#34;,&#34;ip-10-0-138-139.ec2.internal&#34;]},{&#34;ObjectType&#34;:&#34;Node&#34;,&#34;ObjectFieldsKeys&#34;:[&#34;Reason For Compliance&#34;,&#34;Name&#34;],&#34;ObjectFieldsValues&#34;:[&#34;Node has no kernel taints&#34;,&#34;ip-10-0-140-127.ec2.internal&#34;]},{&#34;ObjectType&#34;:&#34;Node&#34;,&#34;ObjectFieldsKeys&#34;:[&#34;Reason For Compliance&#34;,&#34;Name&#34;],&#34;ObjectFieldsValues&#34;:[&#34;Node has no kernel taints&#34;,&#34;ip-10-0-173-119.ec2.internal&#34;]},{&#34;ObjectType&#34;:&#34;Node&#34;,&#34;ObjectFieldsKeys&#34;:[&#34;Reason For Compliance&#34;,&#34;Name&#34;],&#34;ObjectFieldsValues&#34;:[&#34;Node has no kernel taints&#34;,&#34;ip-10-0-146-178.ec2.internal&#34;]},{&#34;ObjectType&#34;:&#34;Node&#34;,&#34;ObjectFieldsKeys&#34;:[&#34;Reason For Compliance&#34;,&#34;Name&#34;],&#34;ObjectFieldsValues&#34;:[&#34;Node has no kernel taints&#34;,&#34;ip-10-0-171-112.ec2.internal&#34;]},{&#34;ObjectType&#34;:&#34;Node&#34;,&#34;ObjectFieldsKeys&#34;:[&#34;Reason For Compliance&#34;,&#34;Name&#34;],&#34;ObjectFieldsValues&#34;:[&#34;Node has no kernel taints&#34;,&#34;ip-10-0-144-53.ec2.internal&#34;]}],&#34;NonCompliantObjectsOut&#34;:null}&#xA;&lt; Exit [It] platform-alteration-tainted-node-kernel - /usr/tnf/tnf-src/cnf-certification-test/platform/suite.go:68 @ 08/23/23 16:10:29.965 (2.007s)&#xA;&gt; Enter [ReportAfterEach] platform-alteration - /usr/tnf/tnf-src/cnf-certification-test/platform/suite.go:53 @ 08/23/23 16:10:29.966&#xA;&lt; Exit [ReportAfterEach] platform-alteration - /usr/tnf/tnf-src/cnf-certification-test/platform/suite.go:53 @ 08/23/23 16:10:29.966 (0s)&#xA;</system-err>
          </testcase>
          <testcase name="[It] platform-alteration platform-alteration-isredhat-release [common, platform-alteration-isredhat-release, platform-alteration]" classname="CNF Certification Test Suite" status="failed" time="3.393716585">
              <failure message="{&#34;CompliantObjectsOut&#34;:[{&#34;ObjectType&#34;:&#34;Container&#34;,&#34;ObjectFieldsKeys&#34;:[&#34;Reason For Compliance&#34;,&#34;Namespace&#34;,&#34;Pod Name&#34;,&#34;Container Name&#34;],&#34;ObjectFieldsValues&#34;:[&#34;Passed the RHEL release check&#34;,&#34;test&#34;,&#34;address-space-controller-56c797f9ff-8g8xm&#34;,&#34;address-space-controller&#34;]},{&#34;ObjectType&#34;:&#34;Container&#34;,&#34;ObjectFieldsKeys&#34;:[&#34;Reason For Compliance&#34;,&#34;Namespace&#34;,&#34;Pod Name&#34;,&#34;Container Name&#34;],&#34;ObjectFieldsValues&#34;:[&#34;Passed the RHEL release check&#34;,&#34;test&#34;,&#34;camel-k-operator-7fc69f6486-rl9jg&#34;,&#34;camel-k-operator&#34;]},{&#34;ObjectType&#34;:&#34;Container&#34;,&#34;ObjectFieldsKeys&#34;:[&#34;Reason For Compliance&#34;,&#34;Namespace&#34;,&#34;Pod Name&#34;,&#34;Container Name&#34;],&#34;ObjectFieldsValues&#34;:[&#34;Passed the RHEL release check&#34;,&#34;test&#34;,&#34;csi-addons-controller-manager-5845fc8c67-ljlgf&#34;,&#34;manager&#34;]},{&#34;ObjectType&#34;:&#34;Container&#34;,&#34;ObjectFieldsKeys&#34;:[&#34;Reason For Compliance&#34;,&#34;Namespace&#34;,&#34;Pod Name&#34;,&#34;Container Name&#34;],&#34;ObjectFieldsValues&#34;:[&#34;Passed the RHEL release check&#34;,&#34;test&#34;,&#34;csi-addons-controller-manager-5845fc8c67-ljlgf&#34;,&#34;kube-rbac-proxy&#34;]},{&#34;ObjectType&#34;:&#34;Container&#34;,&#34;ObjectFieldsKeys&#34;:[&#34;Reason For Compliance&#34;,&#34;Namespace&#34;,&#34;Pod Name&#34;,&#34;Container Name&#34;],&#34;ObjectFieldsValues&#34;:[&#34;Passed the RHEL release check&#34;,&#34;test&#34;,&#34;security-profiles-operator-webhook-d844fd745-2vvs5&#34;,&#34;security-profiles-operator&#34;]},{&#34;ObjectType&#34;:&#34;Container&#34;,&#34;ObjectFieldsKeys&#34;:[&#34;Reason For Compliance&#34;,&#34;Namespace&#34;,&#34;Pod Name&#34;,&#34;Container Name&#34;],&#34;ObjectFieldsValues&#34;:[&#34;Passed the RHEL release check&#34;,&#34;test&#34;,&#34;security-profiles-operator-webhook-d844fd745-6ngkl&#34;,&#34;security-profiles-operator&#34;]},{&#34;ObjectType&#34;:&#34;Container&#34;,&#34;ObjectFieldsKeys&#34;:[&#34;Reason For Compliance&#34;,&#34;Namespace&#34;,&#34;Pod Name&#34;,&#34;Container Name&#34;],&#34;ObjectFieldsValues&#34;:[&#34;Passed the RHEL release check&#34;,&#34;test&#34;,&#34;security-profiles-operator-webhook-d844fd745-hvr8w&#34;,&#34;security-profiles-operator&#34;]}],&#34;NonCompliantObjectsOut&#34;:[{&#34;ObjectType&#34;:&#34;Container&#34;,&#34;ObjectFieldsKeys&#34;:[&#34;Reason For Non Compliance&#34;,&#34;Namespace&#34;,&#34;Pod Name&#34;,&#34;Container Name&#34;],&#34;ObjectFieldsValues&#34;:[&#34;Failed the RHEL release check&#34;,&#34;test&#34;,&#34;31016e1b8d56e49130ef8a9610223142c0410b41c7e099d5fa08289afa99306&#34;,&#34;registry-grpc&#34;]},{&#34;ObjectType&#34;:&#34;Container&#34;,&#34;ObjectFieldsKeys&#34;:[&#34;Reason For Non Compliance&#34;,&#34;Namespace&#34;,&#34;Pod Name&#34;,&#34;Container Name&#34;],&#34;ObjectFieldsValues&#34;:[&#34;Failed the RHEL release check&#34;,&#34;test&#34;,&#34;92f03546bbf58466b4c616ad06c56b16c07328c28c522f75908c44efb17301b&#34;,&#34;registry-grpc&#34;]},{&#34;ObjectType&#34;:&#34;Container&#34;,&#34;ObjectFieldsKeys&#34;:[&#34;Reason For Non Compliance&#34;,&#34;Namespace&#34;,&#34;Pod Name&#34;,&#34;Container Name&#34;],&#34;ObjectFieldsValues&#34;:[&#34;Failed the RHEL release check&#34;,&#34;test&#34;,&#34;a8c060444aa8e89dfbd90d61d6ec3900ab4d6634f6aa8067face1e6974b9065&#34;,&#34;registry-grpc&#34;]}]}" type="failed">[FAILED] {&#34;CompliantObjectsOut&#34;:[{&#34;ObjectType&#34;:&#34;Container&#34;,&#34;ObjectFieldsKeys&#34;:[&#34;Reason For Compliance&#34;,&#34;Namespace&#34;,&#34;Pod Name&#34;,&#34;Container Name&#34;],&#34;ObjectFieldsValues&#34;:[&#34;Passed the RHEL release check&#34;,&#34;test&#34;,&#34;address-space-controller-56c797f9ff-8g8xm&#34;,&#34;address-space-controller&#34;]},{&#34;ObjectType&#34;:&#34;Container&#34;,&#34;ObjectFieldsKeys&#34;:[&#34;Reason For Compliance&#34;,&#34;Namespace&#34;,&#34;Pod Name&#34;,&#34;Container Name&#34;],&#34;ObjectFieldsValues&#34;:[&#34;Passed the RHEL release check&#34;,&#34;test&#34;,&#34;camel-k-operator-7fc69f6486-rl9jg&#34;,&#34;camel-k-operator&#34;]},{&#34;ObjectType&#34;:&#34;Container&#34;,&#34;ObjectFieldsKeys&#34;:[&#34;Reason For Compliance&#34;,&#34;Namespace&#34;,&#34;Pod Name&#34;,&#34;Container Name&#34;],&#34;ObjectFieldsValues&#34;:[&#34;Passed the RHEL release check&#34;,&#34;test&#34;,&#34;csi-addons-controller-manager-5845fc8c67-ljlgf&#34;,&#34;manager&#34;]},{&#34;ObjectType&#34;:&#34;Container&#34;,&#34;ObjectFieldsKeys&#34;:[&#34;Reason For Compliance&#34;,&#34;Namespace&#34;,&#34;Pod Name&#34;,&#34;Container Name&#34;],&#34;ObjectFieldsValues&#34;:[&#34;Passed the RHEL release check&#34;,&#34;test&#34;,&#34;csi-addons-controller-manager-5845fc8c67-ljlgf&#34;,&#34;kube-rbac-proxy&#34;]},{&#34;ObjectType&#34;:&#34;Container&#34;,&#34;ObjectFieldsKeys&#34;:[&#34;Reason For Compliance&#34;,&#34;Namespace&#34;,&#34;Pod Name&#34;,&#34;Container Name&#34;],&#34;ObjectFieldsValues&#34;:[&#34;Passed the RHEL release check&#34;,&#34;test&#34;,&#34;security-profiles-operator-webhook-d844fd745-2vvs5&#34;,&#34;security-profiles-operator&#34;]},{&#34;ObjectType&#34;:&#34;Container&#34;,&#34;ObjectFieldsKeys&#34;:[&#34;Reason For Compliance&#34;,&#34;Namespace&#34;,&#34;Pod Name&#34;,&#34;Container Name&#34;],&#34;ObjectFieldsValues&#34;:[&#34;Passed the RHEL release check&#34;,&#34;test&#34;,&#34;security-profiles-operator-webhook-d844fd745-6ngkl&#34;,&#34;security-profiles-operator&#34;]},{&#34;ObjectType&#34;:&#34;Container&#34;,&#34;ObjectFieldsKeys&#34;:[&#34;Reason For Compliance&#34;,&#34;Namespace&#34;,&#34;Pod Name&#34;,&#34;Container Name&#34;],&#34;ObjectFieldsValues&#34;:[&#34;Passed the RHEL release check&#34;,&#34;test&#34;,&#34;security-profiles-operator-webhook-d844fd745-hvr8w&#34;,&#34;security-profiles-operator&#34;]}],&#34;NonCompliantObjectsOut&#34;:[{&#34;ObjectType&#34;:&#34;Container&#34;,&#34;ObjectFieldsKeys&#34;:[&#34;Reason For Non Compliance&#34;,&#34;Namespace&#34;,&#34;Pod Name&#34;,&#34;Container Name&#34;],&#34;ObjectFieldsValues&#34;:[&#34;Failed the RHEL release check&#34;,&#34;test&#34;,&#34;31016e1b8d56e49130ef8a9610223142c0410b41c7e099d5fa08289afa99306&#34;,&#34;registry-grpc&#34;]},{&#34;ObjectType&#34;:&#34;Container&#34;,&#34;ObjectFieldsKeys&#34;:[&#34;Reason For Non Compliance&#34;,&#34;Namespace&#34;,&#34;Pod Name&#34;,&#34;Container Name&#34;],&#34;ObjectFieldsValues&#34;:[&#34;Failed the RHEL release check&#34;,&#34;test&#34;,&#34;92f03546bbf58466b4c616ad06c56b16c07328c28c522f75908c44efb17301b&#34;,&#34;registry-grpc&#34;]},{&#34;ObjectType&#34;:&#34;Container&#34;,&#34;ObjectFieldsKeys&#34;:[&#34;Reason For Non Compliance&#34;,&#34;Namespace&#34;,&#34;Pod Name&#34;,&#34;Container Name&#34;],&#34;ObjectFieldsValues&#34;:[&#34;Failed the RHEL release check&#34;,&#34;test&#34;,&#34;a8c060444aa8e89dfbd90d61d6ec3900ab4d6634f6aa8067face1e6974b9065&#34;,&#34;registry-grpc&#34;]}]}&#xA;In [It] at: /usr/tnf/tnf-src/pkg/testhelper/testhelper.go:358 @ 08/23/23 16:10:33.359&#xA;</failure>
              <system-err>&gt; Enter [BeforeEach] platform-alteration - /usr/tnf/tnf-src/cnf-certification-test/platform/suite.go:50 @ 08/23/23 16:10:29.967&#xA;&lt; Exit [BeforeEach] platform-alteration - /usr/tnf/tnf-src/cnf-certification-test/platform/suite.go:50 @ 08/23/23 16:10:29.967 (0s)&#xA;&gt; Enter [It] platform-alteration-isredhat-release - /usr/tnf/tnf-src/cnf-certification-test/platform/suite.go:77 @ 08/23/23 16:10:29.967&#xA;STEP: should report a proper Red Hat version - /usr/tnf/tnf-src/cnf-certification-test/platform/suite.go:342 @ 08/23/23 16:10:29.967&#xA;STEP: container: registry-grpc pod: 31016e1b8d56e49130ef8a9610223142c0410b41c7e099d5fa08289afa99306 ns: test is checked for Red Hat version - /usr/tnf/tnf-src/cnf-certification-test/platform/suite.go:346 @ 08/23/23 16:10:29.968&#xA;container: registry-grpc pod: 31016e1b8d56e49130ef8a9610223142c0410b41c7e099d5fa08289afa99306 ns: test has failed the RHEL release check&#xA;STEP: container: registry-grpc pod: 92f03546bbf58466b4c616ad06c56b16c07328c28c522f75908c44efb17301b ns: test is checked for Red Hat version - /usr/tnf/tnf-src/cnf-certification-test/platform/suite.go:346 @ 08/23/23 16:10:30.282&#xA;container: registry-grpc pod: 92f03546bbf58466b4c616ad06c56b16c07328c28c522f75908c44efb17301b ns: test has failed the RHEL release check&#xA;STEP: container: registry-grpc pod: a8c060444aa8e89dfbd90d61d6ec3900ab4d6634f6aa8067face1e6974b9065 ns: test is checked for Red Hat version - /usr/tnf/tnf-src/cnf-certification-test/platform/suite.go:346 @ 08/23/23 16:10:30.609&#xA;container: registry-grpc pod: a8c060444aa8e89dfbd90d61d6ec3900ab4d6634f6aa8067face1e6974b9065 ns: test has failed the RHEL release check&#xA;STEP: container: address-space-controller pod: address-space-controller-56c797f9ff-8g8xm ns: test is checked for Red Hat version - /usr/tnf/tnf-src/cnf-certification-test/platform/suite.go:346 @ 08/23/23 16:10:30.938&#xA;STEP: container: camel-k-operator pod: camel-k-operator-7fc69f6486-rl9jg ns: test is checked for Red Hat version - /usr/tnf/tnf-src/cnf-certification-test/platform/suite.go:346 @ 08/23/23 16:10:31.281&#xA;STEP: container: manager pod: csi-addons-controller-manager-5845fc8c67-ljlgf ns: test is checked for Red Hat version - /usr/tnf/tnf-src/cnf-certification-test/platform/suite.go:346 @ 08/23/23 16:10:31.63&#xA;STEP: container: kube-rbac-proxy pod: csi-addons-controller-manager-5845fc8c67-ljlgf ns: test is checked for Red Hat version - /usr/tnf/tnf-src/cnf-certification-test/platform/suite.go:346 @ 08/23/23 16:10:31.965&#xA;STEP: container: security-profiles-operator pod: security-profiles-operator-webhook-d844fd745-2vvs5 ns: test is checked for Red Hat version - /usr/tnf/tnf-src/cnf-certification-test/platform/suite.go:346 @ 08/23/23 16:10:32.306&#xA;STEP: container: security-profiles-operator pod: security-profiles-operator-webhook-d844fd745-6ngkl ns: test is checked for Red Hat version - /usr/tnf/tnf-src/cnf-certification-test/platform/suite.go:346 @ 08/23/23 16:10:32.659&#xA;STEP: container: security-profiles-operator pod: security-profiles-operator-webhook-d844fd745-hvr8w ns: test is checked for Red Hat version - /usr/tnf/tnf-src/cnf-certification-test/platform/suite.go:346 @ 08/23/23 16:10:33.012&#xA;{&#34;CompliantObjectsOut&#34;:[{&#34;ObjectType&#34;:&#34;Container&#34;,&#34;ObjectFieldsKeys&#34;:[&#34;Reason For Compliance&#34;,&#34;Namespace&#34;,&#34;Pod Name&#34;,&#34;Container Name&#34;],&#34;ObjectFieldsValues&#34;:[&#34;Passed the RHEL release check&#34;,&#34;test&#34;,&#34;address-space-controller-56c797f9ff-8g8xm&#34;,&#34;address-space-controller&#34;]},{&#34;ObjectType&#34;:&#34;Container&#34;,&#34;ObjectFieldsKeys&#34;:[&#34;Reason For Compliance&#34;,&#34;Namespace&#34;,&#34;Pod Name&#34;,&#34;Container Name&#34;],&#34;ObjectFieldsValues&#34;:[&#34;Passed the RHEL release check&#34;,&#34;test&#34;,&#34;camel-k-operator-7fc69f6486-rl9jg&#34;,&#34;camel-k-operator&#34;]},{&#34;ObjectType&#34;:&#34;Container&#34;,&#34;ObjectFieldsKeys&#34;:[&#34;Reason For Compliance&#34;,&#34;Namespace&#34;,&#34;Pod Name&#34;,&#34;Container Name&#34;],&#34;ObjectFieldsValues&#34;:[&#34;Passed the RHEL release check&#34;,&#34;test&#34;,&#34;csi-addons-controller-manager-5845fc8c67-ljlgf&#34;,&#34;manager&#34;]},{&#34;ObjectType&#34;:&#34;Container&#34;,&#34;ObjectFieldsKeys&#34;:[&#34;Reason For Compliance&#34;,&#34;Namespace&#34;,&#34;Pod Name&#34;,&#34;Container Name&#34;],&#34;ObjectFieldsValues&#34;:[&#34;Passed the RHEL release check&#34;,&#34;test&#34;,&#34;csi-addons-controller-manager-5845fc8c67-ljlgf&#34;,&#34;kube-rbac-proxy&#34;]},{&#34;ObjectType&#34;:&#34;Container&#34;,&#34;ObjectFieldsKeys&#34;:[&#34;Reason For Compliance&#34;,&#34;Namespace&#34;,&#34;Pod Name&#34;,&#34;Container Name&#34;],&#34;ObjectFieldsValues&#34;:[&#34;Passed the RHEL release check&#34;,&#34;test&#34;,&#34;security-profiles-operator-webhook-d844fd745-2vvs5&#34;,&#34;security-profiles-operator&#34;]},{&#34;ObjectType&#34;:&#34;Container&#34;,&#34;ObjectFieldsKeys&#34;:[&#34;Reason For Compliance&#34;,&#34;Namespace&#34;,&#34;Pod Name&#34;,&#34;Container Name&#34;],&#34;ObjectFieldsValues&#34;:[&#34;Passed the RHEL release check&#34;,&#34;test&#34;,&#34;security-profiles-operator-webhook-d844fd745-6ngkl&#34;,&#34;security-profiles-operator&#34;]},{&#34;ObjectType&#34;:&#34;Container&#34;,&#34;ObjectFieldsKeys&#34;:[&#34;Reason For Compliance&#34;,&#34;Namespace&#34;,&#34;Pod Name&#34;,&#34;Container Name&#34;],&#34;ObjectFieldsValues&#34;:[&#34;Passed the RHEL release check&#34;,&#34;test&#34;,&#34;security-profiles-operator-webhook-d844fd745-hvr8w&#34;,&#34;security-profiles-operator&#34;]}],&#34;NonCompliantObjectsOut&#34;:[{&#34;ObjectType&#34;:&#34;Container&#34;,&#34;ObjectFieldsKeys&#34;:[&#34;Reason For Non Compliance&#34;,&#34;Namespace&#34;,&#34;Pod Name&#34;,&#34;Container Name&#34;],&#34;ObjectFieldsValues&#34;:[&#34;Failed the RHEL release check&#34;,&#34;test&#34;,&#34;31016e1b8d56e49130ef8a9610223142c0410b41c7e099d5fa08289afa99306&#34;,&#34;registry-grpc&#34;]},{&#34;ObjectType&#34;:&#34;Container&#34;,&#34;ObjectFieldsKeys&#34;:[&#34;Reason For Non Compliance&#34;,&#34;Namespace&#34;,&#34;Pod Name&#34;,&#34;Container Name&#34;],&#34;ObjectFieldsValues&#34;:[&#34;Failed the RHEL release check&#34;,&#34;test&#34;,&#34;92f03546bbf58466b4c616ad06c56b16c07328c28c522f75908c44efb17301b&#34;,&#34;registry-grpc&#34;]},{&#34;ObjectType&#34;:&#34;Container&#34;,&#34;ObjectFieldsKeys&#34;:[&#34;Reason For Non Compliance&#34;,&#34;Namespace&#34;,&#34;Pod Name&#34;,&#34;Container Name&#34;],&#34;ObjectFieldsValues&#34;:[&#34;Failed the RHEL release check&#34;,&#34;test&#34;,&#34;a8c060444aa8e89dfbd90d61d6ec3900ab4d6634f6aa8067face1e6974b9065&#34;,&#34;registry-grpc&#34;]}]}&#xA;[FAILED] {&#34;CompliantObjectsOut&#34;:[{&#34;ObjectType&#34;:&#34;Container&#34;,&#34;ObjectFieldsKeys&#34;:[&#34;Reason For Compliance&#34;,&#34;Namespace&#34;,&#34;Pod Name&#34;,&#34;Container Name&#34;],&#34;ObjectFieldsValues&#34;:[&#34;Passed the RHEL release check&#34;,&#34;test&#34;,&#34;address-space-controller-56c797f9ff-8g8xm&#34;,&#34;address-space-controller&#34;]},{&#34;ObjectType&#34;:&#34;Container&#34;,&#34;ObjectFieldsKeys&#34;:[&#34;Reason For Compliance&#34;,&#34;Namespace&#34;,&#34;Pod Name&#34;,&#34;Container Name&#34;],&#34;ObjectFieldsValues&#34;:[&#34;Passed the RHEL release check&#34;,&#34;test&#34;,&#34;camel-k-operator-7fc69f6486-rl9jg&#34;,&#34;camel-k-operator&#34;]},{&#34;ObjectType&#34;:&#34;Container&#34;,&#34;ObjectFieldsKeys&#34;:[&#34;Reason For Compliance&#34;,&#34;Namespace&#34;,&#34;Pod Name&#34;,&#34;Container Name&#34;],&#34;ObjectFieldsValues&#34;:[&#34;Passed the RHEL release check&#34;,&#34;test&#34;,&#34;csi-addons-controller-manager-5845fc8c67-ljlgf&#34;,&#34;manager&#34;]},{&#34;ObjectType&#34;:&#34;Container&#34;,&#34;ObjectFieldsKeys&#34;:[&#34;Reason For Compliance&#34;,&#34;Namespace&#34;,&#34;Pod Name&#34;,&#34;Container Name&#34;],&#34;ObjectFieldsValues&#34;:[&#34;Passed the RHEL release check&#34;,&#34;test&#34;,&#34;csi-addons-controller-manager-5845fc8c67-ljlgf&#34;,&#34;kube-rbac-proxy&#34;]},{&#34;ObjectType&#34;:&#34;Container&#34;,&#34;ObjectFieldsKeys&#34;:[&#34;Reason For Compliance&#34;,&#34;Namespace&#34;,&#34;Pod Name&#34;,&#34;Container Name&#34;],&#34;ObjectFieldsValues&#34;:[&#34;Passed the RHEL release check&#34;,&#34;test&#34;,&#34;security-profiles-operator-webhook-d844fd745-2vvs5&#34;,&#34;security-profiles-operator&#34;]},{&#34;ObjectType&#34;:&#34;Container&#34;,&#34;ObjectFieldsKeys&#34;:[&#34;Reason For Compliance&#34;,&#34;Namespace&#34;,&#34;Pod Name&#34;,&#34;Container Name&#34;],&#34;ObjectFieldsValues&#34;:[&#34;Passed the RHEL release check&#34;,&#34;test&#34;,&#34;security-profiles-operator-webhook-d844fd745-6ngkl&#34;,&#34;security-profiles-operator&#34;]},{&#34;ObjectType&#34;:&#34;Container&#34;,&#34;ObjectFieldsKeys&#34;:[&#34;Reason For Compliance&#34;,&#34;Namespace&#34;,&#34;Pod Name&#34;,&#34;Container Name&#34;],&#34;ObjectFieldsValues&#34;:[&#34;Passed the RHEL release check&#34;,&#34;test&#34;,&#34;security-profiles-operator-webhook-d844fd745-hvr8w&#34;,&#34;security-profiles-operator&#34;]}],&#34;NonCompliantObjectsOut&#34;:[{&#34;ObjectType&#34;:&#34;Container&#34;,&#34;ObjectFieldsKeys&#34;:[&#34;Reason For Non Compliance&#34;,&#34;Namespace&#34;,&#34;Pod Name&#34;,&#34;Container Name&#34;],&#34;ObjectFieldsValues&#34;:[&#34;Failed the RHEL release check&#34;,&#34;test&#34;,&#34;31016e1b8d56e49130ef8a9610223142c0410b41c7e099d5fa08289afa99306&#34;,&#34;registry-grpc&#34;]},{&#34;ObjectType&#34;:&#34;Container&#34;,&#34;ObjectFieldsKeys&#34;:[&#34;Reason For Non Compliance&#34;,&#34;Namespace&#34;,&#34;Pod Name&#34;,&#34;Container Name&#34;],&#34;ObjectFieldsValues&#34;:[&#34;Failed the RHEL release check&#34;,&#34;test&#34;,&#34;92f03546bbf58466b4c616ad06c56b16c07328c28c522f75908c44efb17301b&#34;,&#34;registry-grpc&#34;]},{&#34;ObjectType&#34;:&#34;Container&#34;,&#34;ObjectFieldsKeys&#34;:[&#34;Reason For Non Compliance&#34;,&#34;Namespace&#34;,&#34;Pod Name&#34;,&#34;Container Name&#34;],&#34;ObjectFieldsValues&#34;:[&#34;Failed the RHEL release check&#34;,&#34;test&#34;,&#34;a8c060444aa8e89dfbd90d61d6ec3900ab4d6634f6aa8067face1e6974b9065&#34;,&#34;registry-grpc&#34;]}]}&#xA;In [It] at: /usr/tnf/tnf-src/pkg/testhelper/testhelper.go:358 @ 08/23/23 16:10:33.359&#xA;&lt; Exit [It] platform-alteration-isredhat-release - /usr/tnf/tnf-src/cnf-certification-test/platform/suite.go:77 @ 08/23/23 16:10:33.36 (3.393s)&#xA;&gt; Enter [ReportAfterEach] platform-alteration - /usr/tnf/tnf-src/cnf-certification-test/platform/suite.go:53 @ 08/23/23 16:10:33.361&#xA;&lt; Exit [ReportAfterEach] platform-alteration - /usr/tnf/tnf-src/cnf-certification-test/platform/suite.go:53 @ 08/23/23 16:10:33.361 (0s)&#xA;</system-err>
          </testcase>
          <testcase name="[It] platform-alteration platform-alteration-is-selinux-enforcing [common, platform-alteration-is-selinux-enforcing, platform-alteration]" classname="CNF Certification Test Suite" status="passed" time="1.942267376">
              <system-err>&gt; Enter [BeforeEach] platform-alteration - /usr/tnf/tnf-src/cnf-certification-test/platform/suite.go:50 @ 08/23/23 16:10:33.363&#xA;&lt; Exit [BeforeEach] platform-alteration - /usr/tnf/tnf-src/cnf-certification-test/platform/suite.go:50 @ 08/23/23 16:10:33.363 (0s)&#xA;&gt; Enter [It] platform-alteration-is-selinux-enforcing - /usr/tnf/tnf-src/cnf-certification-test/platform/suite.go:83 @ 08/23/23 16:10:33.363&#xA;{&#34;CompliantObjectsOut&#34;:[{&#34;ObjectType&#34;:&#34;Node&#34;,&#34;ObjectFieldsKeys&#34;:[&#34;Reason For Compliance&#34;,&#34;Name&#34;],&#34;ObjectFieldsValues&#34;:[&#34;SELinux is enforced&#34;,&#34;ip-10-0-171-112.ec2.internal&#34;]},{&#34;ObjectType&#34;:&#34;Node&#34;,&#34;ObjectFieldsKeys&#34;:[&#34;Reason For Compliance&#34;,&#34;Name&#34;],&#34;ObjectFieldsValues&#34;:[&#34;SELinux is enforced&#34;,&#34;ip-10-0-144-53.ec2.internal&#34;]},{&#34;ObjectType&#34;:&#34;Node&#34;,&#34;ObjectFieldsKeys&#34;:[&#34;Reason For Compliance&#34;,&#34;Name&#34;],&#34;ObjectFieldsValues&#34;:[&#34;SELinux is enforced&#34;,&#34;ip-10-0-138-139.ec2.internal&#34;]},{&#34;ObjectType&#34;:&#34;Node&#34;,&#34;ObjectFieldsKeys&#34;:[&#34;Reason For Compliance&#34;,&#34;Name&#34;],&#34;ObjectFieldsValues&#34;:[&#34;SELinux is enforced&#34;,&#34;ip-10-0-140-127.ec2.internal&#34;]},{&#34;ObjectType&#34;:&#34;Node&#34;,&#34;ObjectFieldsKeys&#34;:[&#34;Reason For Compliance&#34;,&#34;Name&#34;],&#34;ObjectFieldsValues&#34;:[&#34;SELinux is enforced&#34;,&#34;ip-10-0-173-119.ec2.internal&#34;]},{&#34;ObjectType&#34;:&#34;Node&#34;,&#34;ObjectFieldsKeys&#34;:[&#34;Reason For Compliance&#34;,&#34;Name&#34;],&#34;ObjectFieldsValues&#34;:[&#34;SELinux is enforced&#34;,&#34;ip-10-0-146-178.ec2.internal&#34;]}],&#34;NonCompliantObjectsOut&#34;:null}&#xA;&lt; Exit [It] platform-alteration-is-selinux-enforcing - /usr/tnf/tnf-src/cnf-certification-test/platform/suite.go:83 @ 08/23/23 16:10:35.305 (1.942s)&#xA;&gt; Enter [ReportAfterEach] platform-alteration - /usr/tnf/tnf-src/cnf-certification-test/platform/suite.go:53 @ 08/23/23 16:10:35.305&#xA;&lt; Exit [ReportAfterEach] platform-alteration - /usr/tnf/tnf-src/cnf-certification-test/platform/suite.go:53 @ 08/23/23 16:10:35.306 (1ms)&#xA;</system-err>
          </testcase>
          <testcase name="[It] platform-alteration platform-alteration-hugepages-config [common, platform-alteration-hugepages-config, platform-alteration]" classname="CNF Certification Test Suite" status="passed" time="0.986270959">
              <system-err>&gt; Enter [BeforeEach] platform-alteration - /usr/tnf/tnf-src/cnf-certification-test/platform/suite.go:50 @ 08/23/23 16:10:35.307&#xA;&lt; Exit [BeforeEach] platform-alteration - /usr/tnf/tnf-src/cnf-certification-test/platform/suite.go:50 @ 08/23/23 16:10:35.307 (0s)&#xA;&gt; Enter [It] platform-alteration-hugepages-config - /usr/tnf/tnf-src/cnf-certification-test/platform/suite.go:95 @ 08/23/23 16:10:35.307&#xA;{&#34;CompliantObjectsOut&#34;:[{&#34;ObjectType&#34;:&#34;Node&#34;,&#34;ObjectFieldsKeys&#34;:[&#34;Reason For Compliance&#34;,&#34;Name&#34;],&#34;ObjectFieldsValues&#34;:[&#34;Not a worker node&#34;,&#34;ip-10-0-173-119.ec2.internal&#34;]},{&#34;ObjectType&#34;:&#34;Node&#34;,&#34;ObjectFieldsKeys&#34;:[&#34;Reason For Compliance&#34;,&#34;Name&#34;],&#34;ObjectFieldsValues&#34;:[&#34;Passed the hugepages check&#34;,&#34;ip-10-0-138-139.ec2.internal&#34;]},{&#34;ObjectType&#34;:&#34;Node&#34;,&#34;ObjectFieldsKeys&#34;:[&#34;Reason For Compliance&#34;,&#34;Name&#34;],&#34;ObjectFieldsValues&#34;:[&#34;Not a worker node&#34;,&#34;ip-10-0-140-127.ec2.internal&#34;]},{&#34;ObjectType&#34;:&#34;Node&#34;,&#34;ObjectFieldsKeys&#34;:[&#34;Reason For Compliance&#34;,&#34;Name&#34;],&#34;ObjectFieldsValues&#34;:[&#34;Not a worker node&#34;,&#34;ip-10-0-144-53.ec2.internal&#34;]},{&#34;ObjectType&#34;:&#34;Node&#34;,&#34;ObjectFieldsKeys&#34;:[&#34;Reason For Compliance&#34;,&#34;Name&#34;],&#34;ObjectFieldsValues&#34;:[&#34;Passed the hugepages check&#34;,&#34;ip-10-0-146-178.ec2.internal&#34;]},{&#34;ObjectType&#34;:&#34;Node&#34;,&#34;ObjectFieldsKeys&#34;:[&#34;Reason For Compliance&#34;,&#34;Name&#34;],&#34;ObjectFieldsValues&#34;:[&#34;Passed the hugepages check&#34;,&#34;ip-10-0-171-112.ec2.internal&#34;]}],&#34;NonCompliantObjectsOut&#34;:null}&#xA;&lt; Exit [It] platform-alteration-hugepages-config - /usr/tnf/tnf-src/cnf-certification-test/platform/suite.go:95 @ 08/23/23 16:10:36.293 (986ms)&#xA;&gt; Enter [ReportAfterEach] platform-alteration - /usr/tnf/tnf-src/cnf-certification-test/platform/suite.go:53 @ 08/23/23 16:10:36.293&#xA;&lt; Exit [ReportAfterEach] platform-alteration - /usr/tnf/tnf-src/cnf-certification-test/platform/suite.go:53 @ 08/23/23 16:10:36.293 (0s)&#xA;</system-err>
          </testcase>
          <testcase name="[It] platform-alteration platform-alteration-boot-params [common, platform-alteration-boot-params, platform-alteration]" classname="CNF Certification Test Suite" status="passed" time="1.8999957090000001">
              <system-err>&gt; Enter [BeforeEach] platform-alteration - /usr/tnf/tnf-src/cnf-certification-test/platform/suite.go:50 @ 08/23/23 16:10:36.294&#xA;&lt; Exit [BeforeEach] platform-alteration - /usr/tnf/tnf-src/cnf-certification-test/platform/suite.go:50 @ 08/23/23 16:10:36.295 (0s)&#xA;&gt; Enter [It] platform-alteration-boot-params - /usr/tnf/tnf-src/cnf-certification-test/platform/suite.go:107 @ 08/23/23 16:10:36.295&#xA;{&#34;CompliantObjectsOut&#34;:[{&#34;ObjectType&#34;:&#34;Node&#34;,&#34;ObjectFieldsKeys&#34;:[&#34;Reason For Compliance&#34;,&#34;Name&#34;],&#34;ObjectFieldsValues&#34;:[&#34;Passed the boot params check&#34;,&#34;ip-10-0-138-139.ec2.internal&#34;]},{&#34;ObjectType&#34;:&#34;Node&#34;,&#34;ObjectFieldsKeys&#34;:[&#34;Reason For Compliance&#34;,&#34;Name&#34;],&#34;ObjectFieldsValues&#34;:[&#34;Passed the boot params check&#34;,&#34;ip-10-0-171-112.ec2.internal&#34;]},{&#34;ObjectType&#34;:&#34;Node&#34;,&#34;ObjectFieldsKeys&#34;:[&#34;Reason For Compliance&#34;,&#34;Name&#34;],&#34;ObjectFieldsValues&#34;:[&#34;Passed the boot params check&#34;,&#34;ip-10-0-146-178.ec2.internal&#34;]}],&#34;NonCompliantObjectsOut&#34;:null}&#xA;&lt; Exit [It] platform-alteration-boot-params - /usr/tnf/tnf-src/cnf-certification-test/platform/suite.go:107 @ 08/23/23 16:10:38.194 (1.9s)&#xA;&gt; Enter [ReportAfterEach] platform-alteration - /usr/tnf/tnf-src/cnf-certification-test/platform/suite.go:53 @ 08/23/23 16:10:38.194&#xA;&lt; Exit [ReportAfterEach] platform-alteration - /usr/tnf/tnf-src/cnf-certification-test/platform/suite.go:53 @ 08/23/23 16:10:38.195 (0s)&#xA;</system-err>
          </testcase>
          <testcase name="[It] platform-alteration platform-alteration-sysctl-config [common, platform-alteration-sysctl-config, platform-alteration]" classname="CNF Certification Test Suite" status="passed" time="1.050997959">
              <system-err>&gt; Enter [BeforeEach] platform-alteration - /usr/tnf/tnf-src/cnf-certification-test/platform/suite.go:50 @ 08/23/23 16:10:38.196&#xA;&lt; Exit [BeforeEach] platform-alteration - /usr/tnf/tnf-src/cnf-certification-test/platform/suite.go:50 @ 08/23/23 16:10:38.196 (0s)&#xA;&gt; Enter [It] platform-alteration-sysctl-config - /usr/tnf/tnf-src/cnf-certification-test/platform/suite.go:119 @ 08/23/23 16:10:38.196&#xA;{&#34;CompliantObjectsOut&#34;:[{&#34;ObjectType&#34;:&#34;Node&#34;,&#34;ObjectFieldsKeys&#34;:[&#34;Reason For Compliance&#34;,&#34;Name&#34;],&#34;ObjectFieldsValues&#34;:[&#34;Passed the sysctl config check&#34;,&#34;ip-10-0-138-139.ec2.internal&#34;]},{&#34;ObjectType&#34;:&#34;Node&#34;,&#34;ObjectFieldsKeys&#34;:[&#34;Reason For Compliance&#34;,&#34;Name&#34;],&#34;ObjectFieldsValues&#34;:[&#34;Passed the sysctl config check&#34;,&#34;ip-10-0-138-139.ec2.internal&#34;]},{&#34;ObjectType&#34;:&#34;Node&#34;,&#34;ObjectFieldsKeys&#34;:[&#34;Reason For Compliance&#34;,&#34;Name&#34;],&#34;ObjectFieldsValues&#34;:[&#34;Passed the sysctl config check&#34;,&#34;ip-10-0-138-139.ec2.internal&#34;]},{&#34;ObjectType&#34;:&#34;Node&#34;,&#34;ObjectFieldsKeys&#34;:[&#34;Reason For Compliance&#34;,&#34;Name&#34;],&#34;ObjectFieldsValues&#34;:[&#34;Passed the sysctl config check&#34;,&#34;ip-10-0-138-139.ec2.internal&#34;]},{&#34;ObjectType&#34;:&#34;Node&#34;,&#34;ObjectFieldsKeys&#34;:[&#34;Reason For Compliance&#34;,&#34;Name&#34;],&#34;ObjectFieldsValues&#34;:[&#34;Passed the sysctl config check&#34;,&#34;ip-10-0-138-139.ec2.internal&#34;]},{&#34;ObjectType&#34;:&#34;Node&#34;,&#34;ObjectFieldsKeys&#34;:[&#34;Reason For Compliance&#34;,&#34;Name&#34;],&#34;ObjectFieldsValues&#34;:[&#34;Passed the sysctl config check&#34;,&#34;ip-10-0-138-139.ec2.internal&#34;]},{&#34;ObjectType&#34;:&#34;Node&#34;,&#34;ObjectFieldsKeys&#34;:[&#34;Reason For Compliance&#34;,&#34;Name&#34;],&#34;ObjectFieldsValues&#34;:[&#34;Passed the sysctl config check&#34;,&#34;ip-10-0-138-139.ec2.internal&#34;]},{&#34;ObjectType&#34;:&#34;Node&#34;,&#34;ObjectFieldsKeys&#34;:[&#34;Reason For Compliance&#34;,&#34;Name&#34;],&#34;ObjectFieldsValues&#34;:[&#34;Passed the sysctl config check&#34;,&#34;ip-10-0-138-139.ec2.internal&#34;]},{&#34;ObjectType&#34;:&#34;Node&#34;,&#34;ObjectFieldsKeys&#34;:[&#34;Reason For Compliance&#34;,&#34;Name&#34;],&#34;ObjectFieldsValues&#34;:[&#34;Passed the sysctl config check&#34;,&#34;ip-10-0-138-139.ec2.internal&#34;]},{&#34;ObjectType&#34;:&#34;Node&#34;,&#34;ObjectFieldsKeys&#34;:[&#34;Reason For Compliance&#34;,&#34;Name&#34;],&#34;ObjectFieldsValues&#34;:[&#34;Passed the sysctl config check&#34;,&#34;ip-10-0-138-139.ec2.internal&#34;]},{&#34;ObjectType&#34;:&#34;Node&#34;,&#34;ObjectFieldsKeys&#34;:[&#34;Reason For Compliance&#34;,&#34;Name&#34;],&#34;ObjectFieldsValues&#34;:[&#34;Passed the sysctl config check&#34;,&#34;ip-10-0-138-139.ec2.internal&#34;]},{&#34;ObjectType&#34;:&#34;Node&#34;,&#34;ObjectFieldsKeys&#34;:[&#34;Reason For Compliance&#34;,&#34;Name&#34;],&#34;ObjectFieldsValues&#34;:[&#34;Passed the sysctl config check&#34;,&#34;ip-10-0-138-139.ec2.internal&#34;]},{&#34;ObjectType&#34;:&#34;Node&#34;,&#34;ObjectFieldsKeys&#34;:[&#34;Reason For Compliance&#34;,&#34;Name&#34;],&#34;ObjectFieldsValues&#34;:[&#34;Passed the sysctl config check&#34;,&#34;ip-10-0-138-139.ec2.internal&#34;]},{&#34;ObjectType&#34;:&#34;Node&#34;,&#34;ObjectFieldsKeys&#34;:[&#34;Reason For Compliance&#34;,&#34;Name&#34;],&#34;ObjectFieldsValues&#34;:[&#34;Passed the sysctl config check&#34;,&#34;ip-10-0-138-139.ec2.internal&#34;]},{&#34;ObjectType&#34;:&#34;Node&#34;,&#34;ObjectFieldsKeys&#34;:[&#34;Reason For Compliance&#34;,&#34;Name&#34;],&#34;ObjectFieldsValues&#34;:[&#34;Passed the sysctl config check&#34;,&#34;ip-10-0-138-139.ec2.internal&#34;]},{&#34;ObjectType&#34;:&#34;Node&#34;,&#34;ObjectFieldsKeys&#34;:[&#34;Reason For Compliance&#34;,&#34;Name&#34;],&#34;ObjectFieldsValues&#34;:[&#34;Passed the sysctl config check&#34;,&#34;ip-10-0-138-139.ec2.internal&#34;]},{&#34;ObjectType&#34;:&#34;Node&#34;,&#34;ObjectFieldsKeys&#34;:[&#34;Reason For Compliance&#34;,&#34;Name&#34;],&#34;ObjectFieldsValues&#34;:[&#34;Passed the sysctl config check&#34;,&#34;ip-10-0-138-139.ec2.internal&#34;]},{&#34;ObjectType&#34;:&#34;Node&#34;,&#34;ObjectFieldsKeys&#34;:[&#34;Reason For Compliance&#34;,&#34;Name&#34;],&#34;ObjectFieldsValues&#34;:[&#34;Passed the sysctl config check&#34;,&#34;ip-10-0-138-139.ec2.internal&#34;]},{&#34;ObjectType&#34;:&#34;Node&#34;,&#34;ObjectFieldsKeys&#34;:[&#34;Reason For Compliance&#34;,&#34;Name&#34;],&#34;ObjectFieldsValues&#34;:[&#34;Passed the sysctl config check&#34;,&#34;ip-10-0-138-139.ec2.internal&#34;]},{&#34;ObjectType&#34;:&#34;Node&#34;,&#34;ObjectFieldsKeys&#34;:[&#34;Reason For Compliance&#34;,&#34;Name&#34;],&#34;ObjectFieldsValues&#34;:[&#34;Passed the sysctl config check&#34;,&#34;ip-10-0-138-139.ec2.internal&#34;]},{&#34;ObjectType&#34;:&#34;Node&#34;,&#34;ObjectFieldsKeys&#34;:[&#34;Reason For Compliance&#34;,&#34;Name&#34;],&#34;ObjectFieldsValues&#34;:[&#34;Passed the sysctl config check&#34;,&#34;ip-10-0-138-139.ec2.internal&#34;]},{&#34;ObjectType&#34;:&#34;Node&#34;,&#34;ObjectFieldsKeys&#34;:[&#34;Reason For Compliance&#34;,&#34;Name&#34;],&#34;ObjectFieldsValues&#34;:[&#34;Passed the sysctl config check&#34;,&#34;ip-10-0-138-139.ec2.internal&#34;]},{&#34;ObjectType&#34;:&#34;Node&#34;,&#34;ObjectFieldsKeys&#34;:[&#34;Reason For Compliance&#34;,&#34;Name&#34;],&#34;ObjectFieldsValues&#34;:[&#34;Passed the sysctl config check&#34;,&#34;ip-10-0-138-139.ec2.internal&#34;]},{&#34;ObjectType&#34;:&#34;Node&#34;,&#34;ObjectFieldsKeys&#34;:[&#34;Reason For Compliance&#34;,&#34;Name&#34;],&#34;ObjectFieldsValues&#34;:[&#34;Passed the sysctl config check&#34;,&#34;ip-10-0-138-139.ec2.internal&#34;]},{&#34;ObjectType&#34;:&#34;Node&#34;,&#34;ObjectFieldsKeys&#34;:[&#34;Reason For Compliance&#34;,&#34;Name&#34;],&#34;ObjectFieldsValues&#34;:[&#34;Passed the sysctl config check&#34;,&#34;ip-10-0-138-139.ec2.internal&#34;]},{&#34;ObjectType&#34;:&#34;Node&#34;,&#34;ObjectFieldsKeys&#34;:[&#34;Reason For Compliance&#34;,&#34;Name&#34;],&#34;ObjectFieldsValues&#34;:[&#34;Passed the sysctl config check&#34;,&#34;ip-10-0-138-139.ec2.internal&#34;]},{&#34;ObjectType&#34;:&#34;Node&#34;,&#34;ObjectFieldsKeys&#34;:[&#34;Reason For Compliance&#34;,&#34;Name&#34;],&#34;ObjectFieldsValues&#34;:[&#34;Passed the sysctl config check&#34;,&#34;ip-10-0-138-139.ec2.internal&#34;]},{&#34;ObjectType&#34;:&#34;Node&#34;,&#34;ObjectFieldsKeys&#34;:[&#34;Reason For Compliance&#34;,&#34;Name&#34;],&#34;ObjectFieldsValues&#34;:[&#34;Passed the sysctl config check&#34;,&#34;ip-10-0-138-139.ec2.internal&#34;]},{&#34;ObjectType&#34;:&#34;Node&#34;,&#34;ObjectFieldsKeys&#34;:[&#34;Reason For Compliance&#34;,&#34;Name&#34;],&#34;ObjectFieldsValues&#34;:[&#34;Passed the sysctl config check&#34;,&#34;ip-10-0-138-139.ec2.internal&#34;]},{&#34;ObjectType&#34;:&#34;Node&#34;,&#34;ObjectFieldsKeys&#34;:[&#34;Reason For Compliance&#34;,&#34;Name&#34;],&#34;ObjectFieldsValues&#34;:[&#34;Passed the sysctl config check&#34;,&#34;ip-10-0-138-139.ec2.internal&#34;]},{&#34;ObjectType&#34;:&#34;Node&#34;,&#34;ObjectFieldsKeys&#34;:[&#34;Reason For Compliance&#34;,&#34;Name&#34;],&#34;ObjectFieldsValues&#34;:[&#34;Passed the sysctl config check&#34;,&#34;ip-10-0-138-139.ec2.internal&#34;]},{&#34;ObjectType&#34;:&#34;Node&#34;,&#34;ObjectFieldsKeys&#34;:[&#34;Reason For Compliance&#34;,&#34;Name&#34;],&#34;ObjectFieldsValues&#34;:[&#34;Passed the sysctl config check&#34;,&#34;ip-10-0-138-139.ec2.internal&#34;]},{&#34;ObjectType&#34;:&#34;Node&#34;,&#34;ObjectFieldsKeys&#34;:[&#34;Reason For Compliance&#34;,&#34;Name&#34;],&#34;ObjectFieldsValues&#34;:[&#34;Passed the sysctl config check&#34;,&#34;ip-10-0-138-139.ec2.internal&#34;]},{&#34;ObjectType&#34;:&#34;Node&#34;,&#34;ObjectFieldsKeys&#34;:[&#34;Reason For Compliance&#34;,&#34;Name&#34;],&#34;ObjectFieldsValues&#34;:[&#34;Passed the sysctl config check&#34;,&#34;ip-10-0-138-139.ec2.internal&#34;]},{&#34;ObjectType&#34;:&#34;Node&#34;,&#34;ObjectFieldsKeys&#34;:[&#34;Reason For Compliance&#34;,&#34;Name&#34;],&#34;ObjectFieldsValues&#34;:[&#34;Passed the sysctl config check&#34;,&#34;ip-10-0-138-139.ec2.internal&#34;]},{&#34;ObjectType&#34;:&#34;Node&#34;,&#34;ObjectFieldsKeys&#34;:[&#34;Reason For Compliance&#34;,&#34;Name&#34;],&#34;ObjectFieldsValues&#34;:[&#34;Passed the sysctl config check&#34;,&#34;ip-10-0-138-139.ec2.internal&#34;]},{&#34;ObjectType&#34;:&#34;Node&#34;,&#34;ObjectFieldsKeys&#34;:[&#34;Reason For Compliance&#34;,&#34;Name&#34;],&#34;ObjectFieldsValues&#34;:[&#34;Passed the sysctl config check&#34;,&#34;ip-10-0-138-139.ec2.internal&#34;]},{&#34;ObjectType&#34;:&#34;Node&#34;,&#34;ObjectFieldsKeys&#34;:[&#34;Reason For Compliance&#34;,&#34;Name&#34;],&#34;ObjectFieldsValues&#34;:[&#34;Passed the sysctl config check&#34;,&#34;ip-10-0-138-139.ec2.internal&#34;]},{&#34;ObjectType&#34;:&#34;Node&#34;,&#34;ObjectFieldsKeys&#34;:[&#34;Reason For Compliance&#34;,&#34;Name&#34;],&#34;ObjectFieldsValues&#34;:[&#34;Passed the sysctl config check&#34;,&#34;ip-10-0-138-139.ec2.internal&#34;]},{&#34;ObjectType&#34;:&#34;Node&#34;,&#34;ObjectFieldsKeys&#34;:[&#34;Reason For Compliance&#34;,&#34;Name&#34;],&#34;ObjectFieldsValues&#34;:[&#34;Passed the sysctl config check&#34;,&#34;ip-10-0-138-139.ec2.internal&#34;]},{&#34;ObjectType&#34;:&#34;Node&#34;,&#34;ObjectFieldsKeys&#34;:[&#34;Reason For Compliance&#34;,&#34;Name&#34;],&#34;ObjectFieldsValues&#34;:[&#34;Passed the sysctl config check&#34;,&#34;ip-10-0-138-139.ec2.internal&#34;]},{&#34;ObjectType&#34;:&#34;Node&#34;,&#34;ObjectFieldsKeys&#34;:[&#34;Reason For Compliance&#34;,&#34;Name&#34;],&#34;ObjectFieldsValues&#34;:[&#34;Passed the sysctl config check&#34;,&#34;ip-10-0-138-139.ec2.internal&#34;]},{&#34;ObjectType&#34;:&#34;Node&#34;,&#34;ObjectFieldsKeys&#34;:[&#34;Reason For Compliance&#34;,&#34;Name&#34;],&#34;ObjectFieldsValues&#34;:[&#34;Passed the sysctl config check&#34;,&#34;ip-10-0-138-139.ec2.internal&#34;]},{&#34;ObjectType&#34;:&#34;Node&#34;,&#34;ObjectFieldsKeys&#34;:[&#34;Reason For Compliance&#34;,&#34;Name&#34;],&#34;ObjectFieldsValues&#34;:[&#34;Passed the sysctl config check&#34;,&#34;ip-10-0-138-139.ec2.internal&#34;]},{&#34;ObjectType&#34;:&#34;Node&#34;,&#34;ObjectFieldsKeys&#34;:[&#34;Reason For Compliance&#34;,&#34;Name&#34;],&#34;ObjectFieldsValues&#34;:[&#34;Passed the sysctl config check&#34;,&#34;ip-10-0-138-139.ec2.internal&#34;]},{&#34;ObjectType&#34;:&#34;Node&#34;,&#34;ObjectFieldsKeys&#34;:[&#34;Reason For Compliance&#34;,&#34;Name&#34;],&#34;ObjectFieldsValues&#34;:[&#34;Passed the sysctl config check&#34;,&#34;ip-10-0-138-139.ec2.internal&#34;]},{&#34;ObjectType&#34;:&#34;Node&#34;,&#34;ObjectFieldsKeys&#34;:[&#34;Reason For Compliance&#34;,&#34;Name&#34;],&#34;ObjectFieldsValues&#34;:[&#34;Passed the sysctl config check&#34;,&#34;ip-10-0-138-139.ec2.internal&#34;]},{&#34;ObjectType&#34;:&#34;Node&#34;,&#34;ObjectFieldsKeys&#34;:[&#34;Reason For Compliance&#34;,&#34;Name&#34;],&#34;ObjectFieldsValues&#34;:[&#34;Passed the sysctl config check&#34;,&#34;ip-10-0-138-139.ec2.internal&#34;]},{&#34;ObjectType&#34;:&#34;Node&#34;,&#34;ObjectFieldsKeys&#34;:[&#34;Reason For Compliance&#34;,&#34;Name&#34;],&#34;ObjectFieldsValues&#34;:[&#34;Passed the sysctl config check&#34;,&#34;ip-10-0-138-139.ec2.internal&#34;]},{&#34;ObjectType&#34;:&#34;Node&#34;,&#34;ObjectFieldsKeys&#34;:[&#34;Reason For Compliance&#34;,&#34;Name&#34;],&#34;ObjectFieldsValues&#34;:[&#34;Passed the sysctl config check&#34;,&#34;ip-10-0-138-139.ec2.internal&#34;]},{&#34;ObjectType&#34;:&#34;Node&#34;,&#34;ObjectFieldsKeys&#34;:[&#34;Reason For Compliance&#34;,&#34;Name&#34;],&#34;ObjectFieldsValues&#34;:[&#34;Passed the sysctl config check&#34;,&#34;ip-10-0-138-139.ec2.internal&#34;]},{&#34;ObjectType&#34;:&#34;Node&#34;,&#34;ObjectFieldsKeys&#34;:[&#34;Reason For Compliance&#34;,&#34;Name&#34;],&#34;ObjectFieldsValues&#34;:[&#34;Passed the sysctl config check&#34;,&#34;ip-10-0-138-139.ec2.internal&#34;]},{&#34;ObjectType&#34;:&#34;Node&#34;,&#34;ObjectFieldsKeys&#34;:[&#34;Reason For Compliance&#34;,&#34;Name&#34;],&#34;ObjectFieldsValues&#34;:[&#34;Passed the sysctl config check&#34;,&#34;ip-10-0-138-139.ec2.internal&#34;]},{&#34;ObjectType&#34;:&#34;Node&#34;,&#34;ObjectFieldsKeys&#34;:[&#34;Reason For Compliance&#34;,&#34;Name&#34;],&#34;ObjectFieldsValues&#34;:[&#34;Passed the sysctl config check&#34;,&#34;ip-10-0-138-139.ec2.internal&#34;]},{&#34;ObjectType&#34;:&#34;Node&#34;,&#34;ObjectFieldsKeys&#34;:[&#34;Reason For Compliance&#34;,&#34;Name&#34;],&#34;ObjectFieldsValues&#34;:[&#34;Passed the sysctl config check&#34;,&#34;ip-10-0-138-139.ec2.internal&#34;]},{&#34;ObjectType&#34;:&#34;Node&#34;,&#34;ObjectFieldsKeys&#34;:[&#34;Reason For Compliance&#34;,&#34;Name&#34;],&#34;ObjectFieldsValues&#34;:[&#34;Passed the sysctl config check&#34;,&#34;ip-10-0-138-139.ec2.internal&#34;]},{&#34;ObjectType&#34;:&#34;Node&#34;,&#34;ObjectFieldsKeys&#34;:[&#34;Reason For Compliance&#34;,&#34;Name&#34;],&#34;ObjectFieldsValues&#34;:[&#34;Passed the sysctl config check&#34;,&#34;ip-10-0-138-139.ec2.internal&#34;]},{&#34;ObjectType&#34;:&#34;Node&#34;,&#34;ObjectFieldsKeys&#34;:[&#34;Reason For Compliance&#34;,&#34;Name&#34;],&#34;ObjectFieldsValues&#34;:[&#34;Passed the sysctl config check&#34;,&#34;ip-10-0-138-139.ec2.internal&#34;]},{&#34;ObjectType&#34;:&#34;Node&#34;,&#34;ObjectFieldsKeys&#34;:[&#34;Reason For Compliance&#34;,&#34;Name&#34;],&#34;ObjectFieldsValues&#34;:[&#34;Passed the sysctl config check&#34;,&#34;ip-10-0-138-139.ec2.internal&#34;]},{&#34;ObjectType&#34;:&#34;Node&#34;,&#34;ObjectFieldsKeys&#34;:[&#34;Reason For Compliance&#34;,&#34;Name&#34;],&#34;ObjectFieldsValues&#34;:[&#34;Passed the sysctl config check&#34;,&#34;ip-10-0-138-139.ec2.internal&#34;]},{&#34;ObjectType&#34;:&#34;Node&#34;,&#34;ObjectFieldsKeys&#34;:[&#34;Reason For Compliance&#34;,&#34;Name&#34;],&#34;ObjectFieldsValues&#34;:[&#34;Passed the sysctl config check&#34;,&#34;ip-10-0-138-139.ec2.internal&#34;]},{&#34;ObjectType&#34;:&#34;Node&#34;,&#34;ObjectFieldsKeys&#34;:[&#34;Reason For Compliance&#34;,&#34;Name&#34;],&#34;ObjectFieldsValues&#34;:[&#34;Passed the sysctl config check&#34;,&#34;ip-10-0-138-139.ec2.internal&#34;]},{&#34;ObjectType&#34;:&#34;Node&#34;,&#34;ObjectFieldsKeys&#34;:[&#34;Reason For Compliance&#34;,&#34;Name&#34;],&#34;ObjectFieldsValues&#34;:[&#34;Passed the sysctl config check&#34;,&#34;ip-10-0-138-139.ec2.internal&#34;]},{&#34;ObjectType&#34;:&#34;Node&#34;,&#34;ObjectFieldsKeys&#34;:[&#34;Reason For Compliance&#34;,&#34;Name&#34;],&#34;ObjectFieldsValues&#34;:[&#34;Passed the sysctl config check&#34;,&#34;ip-10-0-138-139.ec2.internal&#34;]},{&#34;ObjectType&#34;:&#34;Node&#34;,&#34;ObjectFieldsKeys&#34;:[&#34;Reason For Compliance&#34;,&#34;Name&#34;],&#34;ObjectFieldsValues&#34;:[&#34;Passed the sysctl config check&#34;,&#34;ip-10-0-138-139.ec2.internal&#34;]},{&#34;ObjectType&#34;:&#34;Node&#34;,&#34;ObjectFieldsKeys&#34;:[&#34;Reason For Compliance&#34;,&#34;Name&#34;],&#34;ObjectFieldsValues&#34;:[&#34;Passed the sysctl config check&#34;,&#34;ip-10-0-138-139.ec2.internal&#34;]},{&#34;ObjectType&#34;:&#34;Node&#34;,&#34;ObjectFieldsKeys&#34;:[&#34;Reason For Compliance&#34;,&#34;Name&#34;],&#34;ObjectFieldsValues&#34;:[&#34;Passed the sysctl config check&#34;,&#34;ip-10-0-138-139.ec2.internal&#34;]},{&#34;ObjectType&#34;:&#34;Node&#34;,&#34;ObjectFieldsKeys&#34;:[&#34;Reason For Compliance&#34;,&#34;Name&#34;],&#34;ObjectFieldsValues&#34;:[&#34;Passed the sysctl config check&#34;,&#34;ip-10-0-138-139.ec2.internal&#34;]},{&#34;ObjectType&#34;:&#34;Node&#34;,&#34;ObjectFieldsKeys&#34;:[&#34;Reason For Compliance&#34;,&#34;Name&#34;],&#34;ObjectFieldsValues&#34;:[&#34;Passed the sysctl config check&#34;,&#34;ip-10-0-138-139.ec2.internal&#34;]},{&#34;ObjectType&#34;:&#34;Node&#34;,&#34;ObjectFieldsKeys&#34;:[&#34;Reason For Compliance&#34;,&#34;Name&#34;],&#34;ObjectFieldsValues&#34;:[&#34;Passed the sysctl config check&#34;,&#34;ip-10-0-138-139.ec2.internal&#34;]},{&#34;ObjectType&#34;:&#34;Node&#34;,&#34;ObjectFieldsKeys&#34;:[&#34;Reason For Compliance&#34;,&#34;Name&#34;],&#34;ObjectFieldsValues&#34;:[&#34;Passed the sysctl config check&#34;,&#34;ip-10-0-138-139.ec2.internal&#34;]},{&#34;ObjectType&#34;:&#34;Node&#34;,&#34;ObjectFieldsKeys&#34;:[&#34;Reason For Compliance&#34;,&#34;Name&#34;],&#34;ObjectFieldsValues&#34;:[&#34;Passed the sysctl config check&#34;,&#34;ip-10-0-138-139.ec2.internal&#34;]},{&#34;ObjectType&#34;:&#34;Node&#34;,&#34;ObjectFieldsKeys&#34;:[&#34;Reason For Compliance&#34;,&#34;Name&#34;],&#34;ObjectFieldsValues&#34;:[&#34;Passed the sysctl config check&#34;,&#34;ip-10-0-138-139.ec2.internal&#34;]},{&#34;ObjectType&#34;:&#34;Node&#34;,&#34;ObjectFieldsKeys&#34;:[&#34;Reason For Compliance&#34;,&#34;Name&#34;],&#34;ObjectFieldsValues&#34;:[&#34;Passed the sysctl config check&#34;,&#34;ip-10-0-138-139.ec2.internal&#34;]},{&#34;ObjectType&#34;:&#34;Node&#34;,&#34;ObjectFieldsKeys&#34;:[&#34;Reason For Compliance&#34;,&#34;Name&#34;],&#34;ObjectFieldsValues&#34;:[&#34;Passed the sysctl config check&#34;,&#34;ip-10-0-138-139.ec2.internal&#34;]},{&#34;ObjectType&#34;:&#34;Node&#34;,&#34;ObjectFieldsKeys&#34;:[&#34;Reason For Compliance&#34;,&#34;Name&#34;],&#34;ObjectFieldsValues&#34;:[&#34;Passed the sysctl config check&#34;,&#34;ip-10-0-138-139.ec2.internal&#34;]},{&#34;ObjectType&#34;:&#34;Node&#34;,&#34;ObjectFieldsKeys&#34;:[&#34;Reason For Compliance&#34;,&#34;Name&#34;],&#34;ObjectFieldsValues&#34;:[&#34;Passed the sysctl config check&#34;,&#34;ip-10-0-138-139.ec2.internal&#34;]},{&#34;ObjectType&#34;:&#34;Node&#34;,&#34;ObjectFieldsKeys&#34;:[&#34;Reason For Compliance&#34;,&#34;Name&#34;],&#34;ObjectFieldsValues&#34;:[&#34;Passed the sysctl config check&#34;,&#34;ip-10-0-138-139.ec2.internal&#34;]},{&#34;ObjectType&#34;:&#34;Node&#34;,&#34;ObjectFieldsKeys&#34;:[&#34;Reason For Compliance&#34;,&#34;Name&#34;],&#34;ObjectFieldsValues&#34;:[&#34;Passed the sysctl config check&#34;,&#34;ip-10-0-138-139.ec2.internal&#34;]},{&#34;ObjectType&#34;:&#34;Node&#34;,&#34;ObjectFieldsKeys&#34;:[&#34;Reason For Compliance&#34;,&#34;Name&#34;],&#34;ObjectFieldsValues&#34;:[&#34;Passed the sysctl config check&#34;,&#34;ip-10-0-138-139.ec2.internal&#34;]},{&#34;ObjectType&#34;:&#34;Node&#34;,&#34;ObjectFieldsKeys&#34;:[&#34;Reason For Compliance&#34;,&#34;Name&#34;],&#34;ObjectFieldsValues&#34;:[&#34;Passed the sysctl config check&#34;,&#34;ip-10-0-138-139.ec2.internal&#34;]},{&#34;ObjectType&#34;:&#34;Node&#34;,&#34;ObjectFieldsKeys&#34;:[&#34;Reason For Compliance&#34;,&#34;Name&#34;],&#34;ObjectFieldsValues&#34;:[&#34;Passed the sysctl config check&#34;,&#34;ip-10-0-138-139.ec2.internal&#34;]},{&#34;ObjectType&#34;:&#34;Node&#34;,&#34;ObjectFieldsKeys&#34;:[&#34;Reason For Compliance&#34;,&#34;Name&#34;],&#34;ObjectFieldsValues&#34;:[&#34;Passed the sysctl config check&#34;,&#34;ip-10-0-138-139.ec2.internal&#34;]},{&#34;ObjectType&#34;:&#34;Node&#34;,&#34;ObjectFieldsKeys&#34;:[&#34;Reason For Compliance&#34;,&#34;Name&#34;],&#34;ObjectFieldsValues&#34;:[&#34;Passed the sysctl config check&#34;,&#34;ip-10-0-138-139.ec2.internal&#34;]},{&#34;ObjectType&#34;:&#34;Node&#34;,&#34;ObjectFieldsKeys&#34;:[&#34;Reason For Compliance&#34;,&#34;Name&#34;],&#34;ObjectFieldsValues&#34;:[&#34;Passed the sysctl config check&#34;,&#34;ip-10-0-138-139.ec2.internal&#34;]},{&#34;ObjectType&#34;:&#34;Node&#34;,&#34;ObjectFieldsKeys&#34;:[&#34;Reason For Compliance&#34;,&#34;Name&#34;],&#34;ObjectFieldsValues&#34;:[&#34;Passed the sysctl config check&#34;,&#34;ip-10-0-138-139.ec2.internal&#34;]},{&#34;ObjectType&#34;:&#34;Node&#34;,&#34;ObjectFieldsKeys&#34;:[&#34;Reason For Compliance&#34;,&#34;Name&#34;],&#34;ObjectFieldsValues&#34;:[&#34;Passed the sysctl config check&#34;,&#34;ip-10-0-138-139.ec2.internal&#34;]},{&#34;ObjectType&#34;:&#34;Node&#34;,&#34;ObjectFieldsKeys&#34;:[&#34;Reason For Compliance&#34;,&#34;Name&#34;],&#34;ObjectFieldsValues&#34;:[&#34;Passed the sysctl config check&#34;,&#34;ip-10-0-171-112.ec2.internal&#34;]},{&#34;ObjectType&#34;:&#34;Node&#34;,&#34;ObjectFieldsKeys&#34;:[&#34;Reason For Compliance&#34;,&#34;Name&#34;],&#34;ObjectFieldsValues&#34;:[&#34;Passed the sysctl config check&#34;,&#34;ip-10-0-171-112.ec2.internal&#34;]},{&#34;ObjectType&#34;:&#34;Node&#34;,&#34;ObjectFieldsKeys&#34;:[&#34;Reason For Compliance&#34;,&#34;Name&#34;],&#34;ObjectFieldsValues&#34;:[&#34;Passed the sysctl config check&#34;,&#34;ip-10-0-171-112.ec2.internal&#34;]},{&#34;ObjectType&#34;:&#34;Node&#34;,&#34;ObjectFieldsKeys&#34;:[&#34;Reason For Compliance&#34;,&#34;Name&#34;],&#34;ObjectFieldsValues&#34;:[&#34;Passed the sysctl config check&#34;,&#34;ip-10-0-171-112.ec2.internal&#34;]},{&#34;ObjectType&#34;:&#34;Node&#34;,&#34;ObjectFieldsKeys&#34;:[&#34;Reason For Compliance&#34;,&#34;Name&#34;],&#34;ObjectFieldsValues&#34;:[&#34;Passed the sysctl config check&#34;,&#34;ip-10-0-171-112.ec2.internal&#34;]},{&#34;ObjectType&#34;:&#34;Node&#34;,&#34;ObjectFieldsKeys&#34;:[&#34;Reason For Compliance&#34;,&#34;Name&#34;],&#34;ObjectFieldsValues&#34;:[&#34;Passed the sysctl config check&#34;,&#34;ip-10-0-171-112.ec2.internal&#34;]},{&#34;ObjectType&#34;:&#34;Node&#34;,&#34;ObjectFieldsKeys&#34;:[&#34;Reason For Compliance&#34;,&#34;Name&#34;],&#34;ObjectFieldsValues&#34;:[&#34;Passed the sysctl config check&#34;,&#34;ip-10-0-171-112.ec2.internal&#34;]},{&#34;ObjectType&#34;:&#34;Node&#34;,&#34;ObjectFieldsKeys&#34;:[&#34;Reason For Compliance&#34;,&#34;Name&#34;],&#34;ObjectFieldsValues&#34;:[&#34;Passed the sysctl config check&#34;,&#34;ip-10-0-171-112.ec2.internal&#34;]},{&#34;ObjectType&#34;:&#34;Node&#34;,&#34;ObjectFieldsKeys&#34;:[&#34;Reason For Compliance&#34;,&#34;Name&#34;],&#34;ObjectFieldsValues&#34;:[&#34;Passed the sysctl config check&#34;,&#34;ip-10-0-171-112.ec2.internal&#34;]},{&#34;ObjectType&#34;:&#34;Node&#34;,&#34;ObjectFieldsKeys&#34;:[&#34;Reason For Compliance&#34;,&#34;Name&#34;],&#34;ObjectFieldsValues&#34;:[&#34;Passed the sysctl config check&#34;,&#34;ip-10-0-171-112.ec2.internal&#34;]},{&#34;ObjectType&#34;:&#34;Node&#34;,&#34;ObjectFieldsKeys&#34;:[&#34;Reason For Compliance&#34;,&#34;Name&#34;],&#34;ObjectFieldsValues&#34;:[&#34;Passed the sysctl config check&#34;,&#34;ip-10-0-171-112.ec2.internal&#34;]},{&#34;ObjectType&#34;:&#34;Node&#34;,&#34;ObjectFieldsKeys&#34;:[&#34;Reason For Compliance&#34;,&#34;Name&#34;],&#34;ObjectFieldsValues&#34;:[&#34;Passed the sysctl config check&#34;,&#34;ip-10-0-171-112.ec2.internal&#34;]},{&#34;ObjectType&#34;:&#34;Node&#34;,&#34;ObjectFieldsKeys&#34;:[&#34;Reason For Compliance&#34;,&#34;Name&#34;],&#34;ObjectFieldsValues&#34;:[&#34;Passed the sysctl config check&#34;,&#34;ip-10-0-171-112.ec2.internal&#34;]},{&#34;ObjectType&#34;:&#34;Node&#34;,&#34;ObjectFieldsKeys&#34;:[&#34;Reason For Compliance&#34;,&#34;Name&#34;],&#34;ObjectFieldsValues&#34;:[&#34;Passed the sysctl config check&#34;,&#34;ip-10-0-171-112.ec2.internal&#34;]},{&#34;ObjectType&#34;:&#34;Node&#34;,&#34;ObjectFieldsKeys&#34;:[&#34;Reason For Compliance&#34;,&#34;Name&#34;],&#34;ObjectFieldsValues&#34;:[&#34;Passed the sysctl config check&#34;,&#34;ip-10-0-171-112.ec2.internal&#34;]},{&#34;ObjectType&#34;:&#34;Node&#34;,&#34;ObjectFieldsKeys&#34;:[&#34;Reason For Compliance&#34;,&#34;Name&#34;],&#34;ObjectFieldsValues&#34;:[&#34;Passed the sysctl config check&#34;,&#34;ip-10-0-171-112.ec2.internal&#34;]},{&#34;ObjectType&#34;:&#34;Node&#34;,&#34;ObjectFieldsKeys&#34;:[&#34;Reason For Compliance&#34;,&#34;Name&#34;],&#34;ObjectFieldsValues&#34;:[&#34;Passed the sysctl config check&#34;,&#34;ip-10-0-171-112.ec2.internal&#34;]},{&#34;ObjectType&#34;:&#34;Node&#34;,&#34;ObjectFieldsKeys&#34;:[&#34;Reason For Compliance&#34;,&#34;Name&#34;],&#34;ObjectFieldsValues&#34;:[&#34;Passed the sysctl config check&#34;,&#34;ip-10-0-171-112.ec2.internal&#34;]},{&#34;ObjectType&#34;:&#34;Node&#34;,&#34;ObjectFieldsKeys&#34;:[&#34;Reason For Compliance&#34;,&#34;Name&#34;],&#34;ObjectFieldsValues&#34;:[&#34;Passed the sysctl config check&#34;,&#34;ip-10-0-171-112.ec2.internal&#34;]},{&#34;ObjectType&#34;:&#34;Node&#34;,&#34;ObjectFieldsKeys&#34;:[&#34;Reason For Compliance&#34;,&#34;Name&#34;],&#34;ObjectFieldsValues&#34;:[&#34;Passed the sysctl config check&#34;,&#34;ip-10-0-171-112.ec2.internal&#34;]},{&#34;ObjectType&#34;:&#34;Node&#34;,&#34;ObjectFieldsKeys&#34;:[&#34;Reason For Compliance&#34;,&#34;Name&#34;],&#34;ObjectFieldsValues&#34;:[&#34;Passed the sysctl config check&#34;,&#34;ip-10-0-171-112.ec2.internal&#34;]},{&#34;ObjectType&#34;:&#34;Node&#34;,&#34;ObjectFieldsKeys&#34;:[&#34;Reason For Compliance&#34;,&#34;Name&#34;],&#34;ObjectFieldsValues&#34;:[&#34;Passed the sysctl config check&#34;,&#34;ip-10-0-171-112.ec2.internal&#34;]},{&#34;ObjectType&#34;:&#34;Node&#34;,&#34;ObjectFieldsKeys&#34;:[&#34;Reason For Compliance&#34;,&#34;Name&#34;],&#34;ObjectFieldsValues&#34;:[&#34;Passed the sysctl config check&#34;,&#34;ip-10-0-171-112.ec2.internal&#34;]},{&#34;ObjectType&#34;:&#34;Node&#34;,&#34;ObjectFieldsKeys&#34;:[&#34;Reason For Compliance&#34;,&#34;Name&#34;],&#34;ObjectFieldsValues&#34;:[&#34;Passed the sysctl config check&#34;,&#34;ip-10-0-171-112.ec2.internal&#34;]},{&#34;ObjectType&#34;:&#34;Node&#34;,&#34;ObjectFieldsKeys&#34;:[&#34;Reason For Compliance&#34;,&#34;Name&#34;],&#34;ObjectFieldsValues&#34;:[&#34;Passed the sysctl config check&#34;,&#34;ip-10-0-171-112.ec2.internal&#34;]},{&#34;ObjectType&#34;:&#34;Node&#34;,&#34;ObjectFieldsKeys&#34;:[&#34;Reason For Compliance&#34;,&#34;Name&#34;],&#34;ObjectFieldsValues&#34;:[&#34;Passed the sysctl config check&#34;,&#34;ip-10-0-171-112.ec2.internal&#34;]},{&#34;ObjectType&#34;:&#34;Node&#34;,&#34;ObjectFieldsKeys&#34;:[&#34;Reason For Compliance&#34;,&#34;Name&#34;],&#34;ObjectFieldsValues&#34;:[&#34;Passed the sysctl config check&#34;,&#34;ip-10-0-171-112.ec2.internal&#34;]},{&#34;ObjectType&#34;:&#34;Node&#34;,&#34;ObjectFieldsKeys&#34;:[&#34;Reason For Compliance&#34;,&#34;Name&#34;],&#34;ObjectFieldsValues&#34;:[&#34;Passed the sysctl config check&#34;,&#34;ip-10-0-171-112.ec2.internal&#34;]},{&#34;ObjectType&#34;:&#34;Node&#34;,&#34;ObjectFieldsKeys&#34;:[&#34;Reason For Compliance&#34;,&#34;Name&#34;],&#34;ObjectFieldsValues&#34;:[&#34;Passed the sysctl config check&#34;,&#34;ip-10-0-171-112.ec2.internal&#34;]},{&#34;ObjectType&#34;:&#34;Node&#34;,&#34;ObjectFieldsKeys&#34;:[&#34;Reason For Compliance&#34;,&#34;Name&#34;],&#34;ObjectFieldsValues&#34;:[&#34;Passed the sysctl config check&#34;,&#34;ip-10-0-171-112.ec2.internal&#34;]},{&#34;ObjectType&#34;:&#34;Node&#34;,&#34;ObjectFieldsKeys&#34;:[&#34;Reason For Compliance&#34;,&#34;Name&#34;],&#34;ObjectFieldsValues&#34;:[&#34;Passed the sysctl config check&#34;,&#34;ip-10-0-171-112.ec2.internal&#34;]},{&#34;ObjectType&#34;:&#34;Node&#34;,&#34;ObjectFieldsKeys&#34;:[&#34;Reason For Compliance&#34;,&#34;Name&#34;],&#34;ObjectFieldsValues&#34;:[&#34;Passed the sysctl config check&#34;,&#34;ip-10-0-171-112.ec2.internal&#34;]},{&#34;ObjectType&#34;:&#34;Node&#34;,&#34;ObjectFieldsKeys&#34;:[&#34;Reason For Compliance&#34;,&#34;Name&#34;],&#34;ObjectFieldsValues&#34;:[&#34;Passed the sysctl config check&#34;,&#34;ip-10-0-171-112.ec2.internal&#34;]},{&#34;ObjectType&#34;:&#34;Node&#34;,&#34;ObjectFieldsKeys&#34;:[&#34;Reason For Compliance&#34;,&#34;Name&#34;],&#34;ObjectFieldsValues&#34;:[&#34;Passed the sysctl config check&#34;,&#34;ip-10-0-171-112.ec2.internal&#34;]},{&#34;ObjectType&#34;:&#34;Node&#34;,&#34;ObjectFieldsKeys&#34;:[&#34;Reason For Compliance&#34;,&#34;Name&#34;],&#34;ObjectFieldsValues&#34;:[&#34;Passed the sysctl config check&#34;,&#34;ip-10-0-171-112.ec2.internal&#34;]},{&#34;ObjectType&#34;:&#34;Node&#34;,&#34;ObjectFieldsKeys&#34;:[&#34;Reason For Compliance&#34;,&#34;Name&#34;],&#34;ObjectFieldsValues&#34;:[&#34;Passed the sysctl config check&#34;,&#34;ip-10-0-171-112.ec2.internal&#34;]},{&#34;ObjectType&#34;:&#34;Node&#34;,&#34;ObjectFieldsKeys&#34;:[&#34;Reason For Compliance&#34;,&#34;Name&#34;],&#34;ObjectFieldsValues&#34;:[&#34;Passed the sysctl config check&#34;,&#34;ip-10-0-171-112.ec2.internal&#34;]},{&#34;ObjectType&#34;:&#34;Node&#34;,&#34;ObjectFieldsKeys&#34;:[&#34;Reason For Compliance&#34;,&#34;Name&#34;],&#34;ObjectFieldsValues&#34;:[&#34;Passed the sysctl config check&#34;,&#34;ip-10-0-171-112.ec2.internal&#34;]},{&#34;ObjectType&#34;:&#34;Node&#34;,&#34;ObjectFieldsKeys&#34;:[&#34;Reason For Compliance&#34;,&#34;Name&#34;],&#34;ObjectFieldsValues&#34;:[&#34;Passed the sysctl config check&#34;,&#34;ip-10-0-171-112.ec2.internal&#34;]},{&#34;ObjectType&#34;:&#34;Node&#34;,&#34;ObjectFieldsKeys&#34;:[&#34;Reason For Compliance&#34;,&#34;Name&#34;],&#34;ObjectFieldsValues&#34;:[&#34;Passed the sysctl config check&#34;,&#34;ip-10-0-171-112.ec2.internal&#34;]},{&#34;ObjectType&#34;:&#34;Node&#34;,&#34;ObjectFieldsKeys&#34;:[&#34;Reason For Compliance&#34;,&#34;Name&#34;],&#34;ObjectFieldsValues&#34;:[&#34;Passed the sysctl config check&#34;,&#34;ip-10-0-171-112.ec2.internal&#34;]},{&#34;ObjectType&#34;:&#34;Node&#34;,&#34;ObjectFieldsKeys&#34;:[&#34;Reason For Compliance&#34;,&#34;Name&#34;],&#34;ObjectFieldsValues&#34;:[&#34;Passed the sysctl config check&#34;,&#34;ip-10-0-171-112.ec2.internal&#34;]},{&#34;ObjectType&#34;:&#34;Node&#34;,&#34;ObjectFieldsKeys&#34;:[&#34;Reason For Compliance&#34;,&#34;Name&#34;],&#34;ObjectFieldsValues&#34;:[&#34;Passed the sysctl config check&#34;,&#34;ip-10-0-171-112.ec2.internal&#34;]},{&#34;ObjectType&#34;:&#34;Node&#34;,&#34;ObjectFieldsKeys&#34;:[&#34;Reason For Compliance&#34;,&#34;Name&#34;],&#34;ObjectFieldsValues&#34;:[&#34;Passed the sysctl config check&#34;,&#34;ip-10-0-171-112.ec2.internal&#34;]},{&#34;ObjectType&#34;:&#34;Node&#34;,&#34;ObjectFieldsKeys&#34;:[&#34;Reason For Compliance&#34;,&#34;Name&#34;],&#34;ObjectFieldsValues&#34;:[&#34;Passed the sysctl config check&#34;,&#34;ip-10-0-171-112.ec2.internal&#34;]},{&#34;ObjectType&#34;:&#34;Node&#34;,&#34;ObjectFieldsKeys&#34;:[&#34;Reason For Compliance&#34;,&#34;Name&#34;],&#34;ObjectFieldsValues&#34;:[&#34;Passed the sysctl config check&#34;,&#34;ip-10-0-171-112.ec2.internal&#34;]},{&#34;ObjectType&#34;:&#34;Node&#34;,&#34;ObjectFieldsKeys&#34;:[&#34;Reason For Compliance&#34;,&#34;Name&#34;],&#34;ObjectFieldsValues&#34;:[&#34;Passed the sysctl config check&#34;,&#34;ip-10-0-171-112.ec2.internal&#34;]},{&#34;ObjectType&#34;:&#34;Node&#34;,&#34;ObjectFieldsKeys&#34;:[&#34;Reason For Compliance&#34;,&#34;Name&#34;],&#34;ObjectFieldsValues&#34;:[&#34;Passed the sysctl config check&#34;,&#34;ip-10-0-171-112.ec2.internal&#34;]},{&#34;ObjectType&#34;:&#34;Node&#34;,&#34;ObjectFieldsKeys&#34;:[&#34;Reason For Compliance&#34;,&#34;Name&#34;],&#34;ObjectFieldsValues&#34;:[&#34;Passed the sysctl config check&#34;,&#34;ip-10-0-171-112.ec2.internal&#34;]},{&#34;ObjectType&#34;:&#34;Node&#34;,&#34;ObjectFieldsKeys&#34;:[&#34;Reason For Compliance&#34;,&#34;Name&#34;],&#34;ObjectFieldsValues&#34;:[&#34;Passed the sysctl config check&#34;,&#34;ip-10-0-171-112.ec2.internal&#34;]},{&#34;ObjectType&#34;:&#34;Node&#34;,&#34;ObjectFieldsKeys&#34;:[&#34;Reason For Compliance&#34;,&#34;Name&#34;],&#34;ObjectFieldsValues&#34;:[&#34;Passed the sysctl config check&#34;,&#34;ip-10-0-171-112.ec2.internal&#34;]},{&#34;ObjectType&#34;:&#34;Node&#34;,&#34;ObjectFieldsKeys&#34;:[&#34;Reason For Compliance&#34;,&#34;Name&#34;],&#34;ObjectFieldsValues&#34;:[&#34;Passed the sysctl config check&#34;,&#34;ip-10-0-171-112.ec2.internal&#34;]},{&#34;ObjectType&#34;:&#34;Node&#34;,&#34;ObjectFieldsKeys&#34;:[&#34;Reason For Compliance&#34;,&#34;Name&#34;],&#34;ObjectFieldsValues&#34;:[&#34;Passed the sysctl config check&#34;,&#34;ip-10-0-171-112.ec2.internal&#34;]},{&#34;ObjectType&#34;:&#34;Node&#34;,&#34;ObjectFieldsKeys&#34;:[&#34;Reason For Compliance&#34;,&#34;Name&#34;],&#34;ObjectFieldsValues&#34;:[&#34;Passed the sysctl config check&#34;,&#34;ip-10-0-171-112.ec2.internal&#34;]},{&#34;ObjectType&#34;:&#34;Node&#34;,&#34;ObjectFieldsKeys&#34;:[&#34;Reason For Compliance&#34;,&#34;Name&#34;],&#34;ObjectFieldsValues&#34;:[&#34;Passed the sysctl config check&#34;,&#34;ip-10-0-171-112.ec2.internal&#34;]},{&#34;ObjectType&#34;:&#34;Node&#34;,&#34;ObjectFieldsKeys&#34;:[&#34;Reason For Compliance&#34;,&#34;Name&#34;],&#34;ObjectFieldsValues&#34;:[&#34;Passed the sysctl config check&#34;,&#34;ip-10-0-171-112.ec2.internal&#34;]},{&#34;ObjectType&#34;:&#34;Node&#34;,&#34;ObjectFieldsKeys&#34;:[&#34;Reason For Compliance&#34;,&#34;Name&#34;],&#34;ObjectFieldsValues&#34;:[&#34;Passed the sysctl config check&#34;,&#34;ip-10-0-171-112.ec2.internal&#34;]},{&#34;ObjectType&#34;:&#34;Node&#34;,&#34;ObjectFieldsKeys&#34;:[&#34;Reason For Compliance&#34;,&#34;Name&#34;],&#34;ObjectFieldsValues&#34;:[&#34;Passed the sysctl config check&#34;,&#34;ip-10-0-171-112.ec2.internal&#34;]},{&#34;ObjectType&#34;:&#34;Node&#34;,&#34;ObjectFieldsKeys&#34;:[&#34;Reason For Compliance&#34;,&#34;Name&#34;],&#34;ObjectFieldsValues&#34;:[&#34;Passed the sysctl config check&#34;,&#34;ip-10-0-171-112.ec2.internal&#34;]},{&#34;ObjectType&#34;:&#34;Node&#34;,&#34;ObjectFieldsKeys&#34;:[&#34;Reason For Compliance&#34;,&#34;Name&#34;],&#34;ObjectFieldsValues&#34;:[&#34;Passed the sysctl config check&#34;,&#34;ip-10-0-171-112.ec2.internal&#34;]},{&#34;ObjectType&#34;:&#34;Node&#34;,&#34;ObjectFieldsKeys&#34;:[&#34;Reason For Compliance&#34;,&#34;Name&#34;],&#34;ObjectFieldsValues&#34;:[&#34;Passed the sysctl config check&#34;,&#34;ip-10-0-171-112.ec2.internal&#34;]},{&#34;ObjectType&#34;:&#34;Node&#34;,&#34;ObjectFieldsKeys&#34;:[&#34;Reason For Compliance&#34;,&#34;Name&#34;],&#34;ObjectFieldsValues&#34;:[&#34;Passed the sysctl config check&#34;,&#34;ip-10-0-171-112.ec2.internal&#34;]},{&#34;ObjectType&#34;:&#34;Node&#34;,&#34;ObjectFieldsKeys&#34;:[&#34;Reason For Compliance&#34;,&#34;Name&#34;],&#34;ObjectFieldsValues&#34;:[&#34;Passed the sysctl config check&#34;,&#34;ip-10-0-171-112.ec2.internal&#34;]},{&#34;ObjectType&#34;:&#34;Node&#34;,&#34;ObjectFieldsKeys&#34;:[&#34;Reason For Compliance&#34;,&#34;Name&#34;],&#34;ObjectFieldsValues&#34;:[&#34;Passed the sysctl config check&#34;,&#34;ip-10-0-171-112.ec2.internal&#34;]},{&#34;ObjectType&#34;:&#34;Node&#34;,&#34;ObjectFieldsKeys&#34;:[&#34;Reason For Compliance&#34;,&#34;Name&#34;],&#34;ObjectFieldsValues&#34;:[&#34;Passed the sysctl config check&#34;,&#34;ip-10-0-171-112.ec2.internal&#34;]},{&#34;ObjectType&#34;:&#34;Node&#34;,&#34;ObjectFieldsKeys&#34;:[&#34;Reason For Compliance&#34;,&#34;Name&#34;],&#34;ObjectFieldsValues&#34;:[&#34;Passed the sysctl config check&#34;,&#34;ip-10-0-171-112.ec2.internal&#34;]},{&#34;ObjectType&#34;:&#34;Node&#34;,&#34;ObjectFieldsKeys&#34;:[&#34;Reason For Compliance&#34;,&#34;Name&#34;],&#34;ObjectFieldsValues&#34;:[&#34;Passed the sysctl config check&#34;,&#34;ip-10-0-171-112.ec2.internal&#34;]},{&#34;ObjectType&#34;:&#34;Node&#34;,&#34;ObjectFieldsKeys&#34;:[&#34;Reason For Compliance&#34;,&#34;Name&#34;],&#34;ObjectFieldsValues&#34;:[&#34;Passed the sysctl config check&#34;,&#34;ip-10-0-171-112.ec2.internal&#34;]},{&#34;ObjectType&#34;:&#34;Node&#34;,&#34;ObjectFieldsKeys&#34;:[&#34;Reason For Compliance&#34;,&#34;Name&#34;],&#34;ObjectFieldsValues&#34;:[&#34;Passed the sysctl config check&#34;,&#34;ip-10-0-171-112.ec2.internal&#34;]},{&#34;ObjectType&#34;:&#34;Node&#34;,&#34;ObjectFieldsKeys&#34;:[&#34;Reason For Compliance&#34;,&#34;Name&#34;],&#34;ObjectFieldsValues&#34;:[&#34;Passed the sysctl config check&#34;,&#34;ip-10-0-171-112.ec2.internal&#34;]},{&#34;ObjectType&#34;:&#34;Node&#34;,&#34;ObjectFieldsKeys&#34;:[&#34;Reason For Compliance&#34;,&#34;Name&#34;],&#34;ObjectFieldsValues&#34;:[&#34;Passed the sysctl config check&#34;,&#34;ip-10-0-171-112.ec2.internal&#34;]},{&#34;ObjectType&#34;:&#34;Node&#34;,&#34;ObjectFieldsKeys&#34;:[&#34;Reason For Compliance&#34;,&#34;Name&#34;],&#34;ObjectFieldsValues&#34;:[&#34;Passed the sysctl config check&#34;,&#34;ip-10-0-171-112.ec2.internal&#34;]},{&#34;ObjectType&#34;:&#34;Node&#34;,&#34;ObjectFieldsKeys&#34;:[&#34;Reason For Compliance&#34;,&#34;Name&#34;],&#34;ObjectFieldsValues&#34;:[&#34;Passed the sysctl config check&#34;,&#34;ip-10-0-171-112.ec2.internal&#34;]},{&#34;ObjectType&#34;:&#34;Node&#34;,&#34;ObjectFieldsKeys&#34;:[&#34;Reason For Compliance&#34;,&#34;Name&#34;],&#34;ObjectFieldsValues&#34;:[&#34;Passed the sysctl config check&#34;,&#34;ip-10-0-171-112.ec2.internal&#34;]},{&#34;ObjectType&#34;:&#34;Node&#34;,&#34;ObjectFieldsKeys&#34;:[&#34;Reason For Compliance&#34;,&#34;Name&#34;],&#34;ObjectFieldsValues&#34;:[&#34;Passed the sysctl config check&#34;,&#34;ip-10-0-171-112.ec2.internal&#34;]},{&#34;ObjectType&#34;:&#34;Node&#34;,&#34;ObjectFieldsKeys&#34;:[&#34;Reason For Compliance&#34;,&#34;Name&#34;],&#34;ObjectFieldsValues&#34;:[&#34;Passed the sysctl config check&#34;,&#34;ip-10-0-171-112.ec2.internal&#34;]},{&#34;ObjectType&#34;:&#34;Node&#34;,&#34;ObjectFieldsKeys&#34;:[&#34;Reason For Compliance&#34;,&#34;Name&#34;],&#34;ObjectFieldsValues&#34;:[&#34;Passed the sysctl config check&#34;,&#34;ip-10-0-171-112.ec2.internal&#34;]},{&#34;ObjectType&#34;:&#34;Node&#34;,&#34;ObjectFieldsKeys&#34;:[&#34;Reason For Compliance&#34;,&#34;Name&#34;],&#34;ObjectFieldsValues&#34;:[&#34;Passed the sysctl config check&#34;,&#34;ip-10-0-171-112.ec2.internal&#34;]},{&#34;ObjectType&#34;:&#34;Node&#34;,&#34;ObjectFieldsKeys&#34;:[&#34;Reason For Compliance&#34;,&#34;Name&#34;],&#34;ObjectFieldsValues&#34;:[&#34;Passed the sysctl config check&#34;,&#34;ip-10-0-171-112.ec2.internal&#34;]},{&#34;ObjectType&#34;:&#34;Node&#34;,&#34;ObjectFieldsKeys&#34;:[&#34;Reason For Compliance&#34;,&#34;Name&#34;],&#34;ObjectFieldsValues&#34;:[&#34;Passed the sysctl config check&#34;,&#34;ip-10-0-171-112.ec2.internal&#34;]},{&#34;ObjectType&#34;:&#34;Node&#34;,&#34;ObjectFieldsKeys&#34;:[&#34;Reason For Compliance&#34;,&#34;Name&#34;],&#34;ObjectFieldsValues&#34;:[&#34;Passed the sysctl config check&#34;,&#34;ip-10-0-171-112.ec2.internal&#34;]},{&#34;ObjectType&#34;:&#34;Node&#34;,&#34;ObjectFieldsKeys&#34;:[&#34;Reason For Compliance&#34;,&#34;Name&#34;],&#34;ObjectFieldsValues&#34;:[&#34;Passed the sysctl config check&#34;,&#34;ip-10-0-171-112.ec2.internal&#34;]},{&#34;ObjectType&#34;:&#34;Node&#34;,&#34;ObjectFieldsKeys&#34;:[&#34;Reason For Compliance&#34;,&#34;Name&#34;],&#34;ObjectFieldsValues&#34;:[&#34;Passed the sysctl config check&#34;,&#34;ip-10-0-171-112.ec2.internal&#34;]},{&#34;ObjectType&#34;:&#34;Node&#34;,&#34;ObjectFieldsKeys&#34;:[&#34;Reason For Compliance&#34;,&#34;Name&#34;],&#34;ObjectFieldsValues&#34;:[&#34;Passed the sysctl config check&#34;,&#34;ip-10-0-171-112.ec2.internal&#34;]},{&#34;ObjectType&#34;:&#34;Node&#34;,&#34;ObjectFieldsKeys&#34;:[&#34;Reason For Compliance&#34;,&#34;Name&#34;],&#34;ObjectFieldsValues&#34;:[&#34;Passed the sysctl config check&#34;,&#34;ip-10-0-171-112.ec2.internal&#34;]},{&#34;ObjectType&#34;:&#34;Node&#34;,&#34;ObjectFieldsKeys&#34;:[&#34;Reason For Compliance&#34;,&#34;Name&#34;],&#34;ObjectFieldsValues&#34;:[&#34;Passed the sysctl config check&#34;,&#34;ip-10-0-171-112.ec2.internal&#34;]},{&#34;ObjectType&#34;:&#34;Node&#34;,&#34;ObjectFieldsKeys&#34;:[&#34;Reason For Compliance&#34;,&#34;Name&#34;],&#34;ObjectFieldsValues&#34;:[&#34;Passed the sysctl config check&#34;,&#34;ip-10-0-171-112.ec2.internal&#34;]},{&#34;ObjectType&#34;:&#34;Node&#34;,&#34;ObjectFieldsKeys&#34;:[&#34;Reason For Compliance&#34;,&#34;Name&#34;],&#34;ObjectFieldsValues&#34;:[&#34;Passed the sysctl config check&#34;,&#34;ip-10-0-146-178.ec2.internal&#34;]},{&#34;ObjectType&#34;:&#34;Node&#34;,&#34;ObjectFieldsKeys&#34;:[&#34;Reason For Compliance&#34;,&#34;Name&#34;],&#34;ObjectFieldsValues&#34;:[&#34;Passed the sysctl config check&#34;,&#34;ip-10-0-146-178.ec2.internal&#34;]},{&#34;ObjectType&#34;:&#34;Node&#34;,&#34;ObjectFieldsKeys&#34;:[&#34;Reason For Compliance&#34;,&#34;Name&#34;],&#34;ObjectFieldsValues&#34;:[&#34;Passed the sysctl config check&#34;,&#34;ip-10-0-146-178.ec2.internal&#34;]},{&#34;ObjectType&#34;:&#34;Node&#34;,&#34;ObjectFieldsKeys&#34;:[&#34;Reason For Compliance&#34;,&#34;Name&#34;],&#34;ObjectFieldsValues&#34;:[&#34;Passed the sysctl config check&#34;,&#34;ip-10-0-146-178.ec2.internal&#34;]},{&#34;ObjectType&#34;:&#34;Node&#34;,&#34;ObjectFieldsKeys&#34;:[&#34;Reason For Compliance&#34;,&#34;Name&#34;],&#34;ObjectFieldsValues&#34;:[&#34;Passed the sysctl config check&#34;,&#34;ip-10-0-146-178.ec2.internal&#34;]},{&#34;ObjectType&#34;:&#34;Node&#34;,&#34;ObjectFieldsKeys&#34;:[&#34;Reason For Compliance&#34;,&#34;Name&#34;],&#34;ObjectFieldsValues&#34;:[&#34;Passed the sysctl config check&#34;,&#34;ip-10-0-146-178.ec2.internal&#34;]},{&#34;ObjectType&#34;:&#34;Node&#34;,&#34;ObjectFieldsKeys&#34;:[&#34;Reason For Compliance&#34;,&#34;Name&#34;],&#34;ObjectFieldsValues&#34;:[&#34;Passed the sysctl config check&#34;,&#34;ip-10-0-146-178.ec2.internal&#34;]},{&#34;ObjectType&#34;:&#34;Node&#34;,&#34;ObjectFieldsKeys&#34;:[&#34;Reason For Compliance&#34;,&#34;Name&#34;],&#34;ObjectFieldsValues&#34;:[&#34;Passed the sysctl config check&#34;,&#34;ip-10-0-146-178.ec2.internal&#34;]},{&#34;ObjectType&#34;:&#34;Node&#34;,&#34;ObjectFieldsKeys&#34;:[&#34;Reason For Compliance&#34;,&#34;Name&#34;],&#34;ObjectFieldsValues&#34;:[&#34;Passed the sysctl config check&#34;,&#34;ip-10-0-146-178.ec2.internal&#34;]},{&#34;ObjectType&#34;:&#34;Node&#34;,&#34;ObjectFieldsKeys&#34;:[&#34;Reason For Compliance&#34;,&#34;Name&#34;],&#34;ObjectFieldsValues&#34;:[&#34;Passed the sysctl config check&#34;,&#34;ip-10-0-146-178.ec2.internal&#34;]},{&#34;ObjectType&#34;:&#34;Node&#34;,&#34;ObjectFieldsKeys&#34;:[&#34;Reason For Compliance&#34;,&#34;Name&#34;],&#34;ObjectFieldsValues&#34;:[&#34;Passed the sysctl config check&#34;,&#34;ip-10-0-146-178.ec2.internal&#34;]},{&#34;ObjectType&#34;:&#34;Node&#34;,&#34;ObjectFieldsKeys&#34;:[&#34;Reason For Compliance&#34;,&#34;Name&#34;],&#34;ObjectFieldsValues&#34;:[&#34;Passed the sysctl config check&#34;,&#34;ip-10-0-146-178.ec2.internal&#34;]},{&#34;ObjectType&#34;:&#34;Node&#34;,&#34;ObjectFieldsKeys&#34;:[&#34;Reason For Compliance&#34;,&#34;Name&#34;],&#34;ObjectFieldsValues&#34;:[&#34;Passed the sysctl config check&#34;,&#34;ip-10-0-146-178.ec2.internal&#34;]},{&#34;ObjectType&#34;:&#34;Node&#34;,&#34;ObjectFieldsKeys&#34;:[&#34;Reason For Compliance&#34;,&#34;Name&#34;],&#34;ObjectFieldsValues&#34;:[&#34;Passed the sysctl config check&#34;,&#34;ip-10-0-146-178.ec2.internal&#34;]},{&#34;ObjectType&#34;:&#34;Node&#34;,&#34;ObjectFieldsKeys&#34;:[&#34;Reason For Compliance&#34;,&#34;Name&#34;],&#34;ObjectFieldsValues&#34;:[&#34;Passed the sysctl config check&#34;,&#34;ip-10-0-146-178.ec2.internal&#34;]},{&#34;ObjectType&#34;:&#34;Node&#34;,&#34;ObjectFieldsKeys&#34;:[&#34;Reason For Compliance&#34;,&#34;Name&#34;],&#34;ObjectFieldsValues&#34;:[&#34;Passed the sysctl config check&#34;,&#34;ip-10-0-146-178.ec2.internal&#34;]},{&#34;ObjectType&#34;:&#34;Node&#34;,&#34;ObjectFieldsKeys&#34;:[&#34;Reason For Compliance&#34;,&#34;Name&#34;],&#34;ObjectFieldsValues&#34;:[&#34;Passed the sysctl config check&#34;,&#34;ip-10-0-146-178.ec2.internal&#34;]},{&#34;ObjectType&#34;:&#34;Node&#34;,&#34;ObjectFieldsKeys&#34;:[&#34;Reason For Compliance&#34;,&#34;Name&#34;],&#34;ObjectFieldsValues&#34;:[&#34;Passed the sysctl config check&#34;,&#34;ip-10-0-146-178.ec2.internal&#34;]},{&#34;ObjectType&#34;:&#34;Node&#34;,&#34;ObjectFieldsKeys&#34;:[&#34;Reason For Compliance&#34;,&#34;Name&#34;],&#34;ObjectFieldsValues&#34;:[&#34;Passed the sysctl config check&#34;,&#34;ip-10-0-146-178.ec2.internal&#34;]},{&#34;ObjectType&#34;:&#34;Node&#34;,&#34;ObjectFieldsKeys&#34;:[&#34;Reason For Compliance&#34;,&#34;Name&#34;],&#34;ObjectFieldsValues&#34;:[&#34;Passed the sysctl config check&#34;,&#34;ip-10-0-146-178.ec2.internal&#34;]},{&#34;ObjectType&#34;:&#34;Node&#34;,&#34;ObjectFieldsKeys&#34;:[&#34;Reason For Compliance&#34;,&#34;Name&#34;],&#34;ObjectFieldsValues&#34;:[&#34;Passed the sysctl config check&#34;,&#34;ip-10-0-146-178.ec2.internal&#34;]},{&#34;Ob
[...]
34;Namespace&#34;,&#34;Pod Name&#34;],&#34;ObjectFieldsValues&#34;:[&#34;Pod has default toleration&#34;,&#34;test&#34;,&#34;31016e1b8d56e49130ef8a9610223142c0410b41c7e099d5fa08289afa99306&#34;]},{&#34;ObjectType&#34;:&#34;Pod&#34;,&#34;ObjectFieldsKeys&#34;:[&#34;Reason For Compliance&#34;,&#34;Namespace&#34;,&#34;Pod Name&#34;],&#34;ObjectFieldsValues&#34;:[&#34;Pod has default toleration&#34;,&#34;test&#34;,&#34;92f03546bbf58466b4c616ad06c56b16c07328c28c522f75908c44efb17301b&#34;]},{&#34;ObjectType&#34;:&#34;Pod&#34;,&#34;ObjectFieldsKeys&#34;:[&#34;Reason For Compliance&#34;,&#34;Namespace&#34;,&#34;Pod Name&#34;],&#34;ObjectFieldsValues&#34;:[&#34;Pod has default toleration&#34;,&#34;test&#34;,&#34;92f03546bbf58466b4c616ad06c56b16c07328c28c522f75908c44efb17301b&#34;]},{&#34;ObjectType&#34;:&#34;Pod&#34;,&#34;ObjectFieldsKeys&#34;:[&#34;Reason For Compliance&#34;,&#34;Namespace&#34;,&#34;Pod Name&#34;],&#34;ObjectFieldsValues&#34;:[&#34;Pod has default toleration&#34;,&#34;test&#34;,&#34;a8c060444aa8e89dfbd90d61d6ec3900ab4d6634f6aa8067face1e6974b9065&#34;]},{&#34;ObjectType&#34;:&#34;Pod&#34;,&#34;ObjectFieldsKeys&#34;:[&#34;Reason For Compliance&#34;,&#34;Namespace&#34;,&#34;Pod Name&#34;],&#34;ObjectFieldsValues&#34;:[&#34;Pod has default toleration&#34;,&#34;test&#34;,&#34;a8c060444aa8e89dfbd90d61d6ec3900ab4d6634f6aa8067face1e6974b9065&#34;]},{&#34;ObjectType&#34;:&#34;Pod&#34;,&#34;ObjectFieldsKeys&#34;:[&#34;Reason For Compliance&#34;,&#34;Namespace&#34;,&#34;Pod Name&#34;],&#34;ObjectFieldsValues&#34;:[&#34;Pod has default toleration&#34;,&#34;test&#34;,&#34;address-space-controller-56c797f9ff-8g8xm&#34;]},{&#34;ObjectType&#34;:&#34;Pod&#34;,&#34;ObjectFieldsKeys&#34;:[&#34;Reason For Compliance&#34;,&#34;Namespace&#34;,&#34;Pod Name&#34;],&#34;ObjectFieldsValues&#34;:[&#34;Pod has default toleration&#34;,&#34;test&#34;,&#34;address-space-controller-56c797f9ff-8g8xm&#34;]},{&#34;ObjectType&#34;:&#34;Pod&#34;,&#34;ObjectFieldsKeys&#34;:[&#34;Reason For Compliance&#34;,&#34;Namespace&#34;,&#34;Pod Name&#34;],&#34;ObjectFieldsValues&#34;:[&#34;Pod has default toleration&#34;,&#34;test&#34;,&#34;address-space-controller-56c797f9ff-8g8xm&#34;]},{&#34;ObjectType&#34;:&#34;Pod&#34;,&#34;ObjectFieldsKeys&#34;:[&#34;Reason For Compliance&#34;,&#34;Namespace&#34;,&#34;Pod Name&#34;],&#34;ObjectFieldsValues&#34;:[&#34;Pod has default toleration&#34;,&#34;test&#34;,&#34;camel-k-operator-7fc69f6486-rl9jg&#34;]},{&#34;ObjectType&#34;:&#34;Pod&#34;,&#34;ObjectFieldsKeys&#34;:[&#34;Reason For Compliance&#34;,&#34;Namespace&#34;,&#34;Pod Name&#34;],&#34;ObjectFieldsValues&#34;:[&#34;Pod has default toleration&#34;,&#34;test&#34;,&#34;camel-k-operator-7fc69f6486-rl9jg&#34;]},{&#34;ObjectType&#34;:&#34;Pod&#34;,&#34;ObjectFieldsKeys&#34;:[&#34;Reason For Compliance&#34;,&#34;Namespace&#34;,&#34;Pod Name&#34;],&#34;ObjectFieldsValues&#34;:[&#34;Pod has default toleration&#34;,&#34;test&#34;,&#34;csi-addons-controller-manager-5845fc8c67-ljlgf&#34;]},{&#34;ObjectType&#34;:&#34;Pod&#34;,&#34;ObjectFieldsKeys&#34;:[&#34;Reason For Compliance&#34;,&#34;Namespace&#34;,&#34;Pod Name&#34;],&#34;ObjectFieldsValues&#34;:[&#34;Pod has default toleration&#34;,&#34;test&#34;,&#34;csi-addons-controller-manager-5845fc8c67-ljlgf&#34;]},{&#34;ObjectType&#34;:&#34;Pod&#34;,&#34;ObjectFieldsKeys&#34;:[&#34;Reason For Compliance&#34;,&#34;Namespace&#34;,&#34;Pod Name&#34;],&#34;ObjectFieldsValues&#34;:[&#34;Pod has default toleration&#34;,&#34;test&#34;,&#34;csi-addons-controller-manager-5845fc8c67-ljlgf&#34;]},{&#34;ObjectType&#34;:&#34;Pod&#34;,&#34;ObjectFieldsKeys&#34;:[&#34;Reason For Compliance&#34;,&#34;Namespace&#34;,&#34;Pod Name&#34;],&#34;ObjectFieldsValues&#34;:[&#34;Pod has default toleration&#34;,&#34;test&#34;,&#34;security-profiles-operator-webhook-d844fd745-2vvs5&#34;]},{&#34;ObjectType&#34;:&#34;Pod&#34;,&#34;ObjectFieldsKeys&#34;:[&#34;Reason For Compliance&#34;,&#34;Namespace&#34;,&#34;Pod Name&#34;],&#34;ObjectFieldsValues&#34;:[&#34;Pod has default toleration&#34;,&#34;test&#34;,&#34;security-profiles-operator-webhook-d844fd745-2vvs5&#34;]},{&#34;ObjectType&#34;:&#34;Pod&#34;,&#34;ObjectFieldsKeys&#34;:[&#34;Reason For Compliance&#34;,&#34;Namespace&#34;,&#34;Pod Name&#34;],&#34;ObjectFieldsValues&#34;:[&#34;Pod has default toleration&#34;,&#34;test&#34;,&#34;security-profiles-operator-webhook-d844fd745-6ngkl&#34;]},{&#34;ObjectType&#34;:&#34;Pod&#34;,&#34;ObjectFieldsKeys&#34;:[&#34;Reason For Compliance&#34;,&#34;Namespace&#34;,&#34;Pod Name&#34;],&#34;ObjectFieldsValues&#34;:[&#34;Pod has default toleration&#34;,&#34;test&#34;,&#34;security-profiles-operator-webhook-d844fd745-6ngkl&#34;]},{&#34;ObjectType&#34;:&#34;Pod&#34;,&#34;ObjectFieldsKeys&#34;:[&#34;Reason For Compliance&#34;,&#34;Namespace&#34;,&#34;Pod Name&#34;],&#34;ObjectFieldsValues&#34;:[&#34;Pod has default toleration&#34;,&#34;test&#34;,&#34;security-profiles-operator-webhook-d844fd745-hvr8w&#34;]},{&#34;ObjectType&#34;:&#34;Pod&#34;,&#34;ObjectFieldsKeys&#34;:[&#34;Reason For Compliance&#34;,&#34;Namespace&#34;,&#34;Pod Name&#34;],&#34;ObjectFieldsValues&#34;:[&#34;Pod has default toleration&#34;,&#34;test&#34;,&#34;security-profiles-operator-webhook-d844fd745-hvr8w&#34;]}],&#34;NonCompliantObjectsOut&#34;:[{&#34;ObjectType&#34;:&#34;Pod&#34;,&#34;ObjectFieldsKeys&#34;:[&#34;Reason For Non Compliance&#34;,&#34;Namespace&#34;,&#34;Pod Name&#34;,&#34;Toleration Key&#34;,&#34;Toleration Effect&#34;],&#34;ObjectFieldsValues&#34;:[&#34;Pod has non-default toleration&#34;,&#34;test&#34;,&#34;security-profiles-operator-webhook-d844fd745-2vvs5&#34;,&#34;node-role.kubernetes.io/master&#34;,&#34;NoSchedule&#34;]},{&#34;ObjectType&#34;:&#34;Pod&#34;,&#34;ObjectFieldsKeys&#34;:[&#34;Reason For Non Compliance&#34;,&#34;Namespace&#34;,&#34;Pod Name&#34;,&#34;Toleration Key&#34;,&#34;Toleration Effect&#34;],&#34;ObjectFieldsValues&#34;:[&#34;Pod has non-default toleration&#34;,&#34;test&#34;,&#34;security-profiles-operator-webhook-d844fd745-2vvs5&#34;,&#34;node-role.kubernetes.io/control-plane&#34;,&#34;NoSchedule&#34;]},{&#34;ObjectType&#34;:&#34;Pod&#34;,&#34;ObjectFieldsKeys&#34;:[&#34;Reason For Non Compliance&#34;,&#34;Namespace&#34;,&#34;Pod Name&#34;,&#34;Toleration Key&#34;,&#34;Toleration Effect&#34;],&#34;ObjectFieldsValues&#34;:[&#34;Pod has non-default toleration&#34;,&#34;test&#34;,&#34;security-profiles-operator-webhook-d844fd745-2vvs5&#34;,&#34;node.kubernetes.io/not-ready&#34;,&#34;NoExecute&#34;]},{&#34;ObjectType&#34;:&#34;Pod&#34;,&#34;ObjectFieldsKeys&#34;:[&#34;Reason For Non Compliance&#34;,&#34;Namespace&#34;,&#34;Pod Name&#34;,&#34;Toleration Key&#34;,&#34;Toleration Effect&#34;],&#34;ObjectFieldsValues&#34;:[&#34;Pod has non-default toleration&#34;,&#34;test&#34;,&#34;security-profiles-operator-webhook-d844fd745-6ngkl&#34;,&#34;node-role.kubernetes.io/master&#34;,&#34;NoSchedule&#34;]},{&#34;ObjectType&#34;:&#34;Pod&#34;,&#34;ObjectFieldsKeys&#34;:[&#34;Reason For Non Compliance&#34;,&#34;Namespace&#34;,&#34;Pod Name&#34;,&#34;Toleration Key&#34;,&#34;Toleration Effect&#34;],&#34;ObjectFieldsValues&#34;:[&#34;Pod has non-default toleration&#34;,&#34;test&#34;,&#34;security-profiles-operator-webhook-d844fd745-6ngkl&#34;,&#34;node-role.kubernetes.io/control-plane&#34;,&#34;NoSchedule&#34;]},{&#34;ObjectType&#34;:&#34;Pod&#34;,&#34;ObjectFieldsKeys&#34;:[&#34;Reason For Non Compliance&#34;,&#34;Namespace&#34;,&#34;Pod Name&#34;,&#34;Toleration Key&#34;,&#34;Toleration Effect&#34;],&#34;ObjectFieldsValues&#34;:[&#34;Pod has non-default toleration&#34;,&#34;test&#34;,&#34;security-profiles-operator-webhook-d844fd745-6ngkl&#34;,&#34;node.kubernetes.io/not-ready&#34;,&#34;NoExecute&#34;]},{&#34;ObjectType&#34;:&#34;Pod&#34;,&#34;ObjectFieldsKeys&#34;:[&#34;Reason For Non Compliance&#34;,&#34;Namespace&#34;,&#34;Pod Name&#34;,&#34;Toleration Key&#34;,&#34;Toleration Effect&#34;],&#34;ObjectFieldsValues&#34;:[&#34;Pod has non-default toleration&#34;,&#34;test&#34;,&#34;security-profiles-operator-webhook-d844fd745-hvr8w&#34;,&#34;node-role.kubernetes.io/master&#34;,&#34;NoSchedule&#34;]},{&#34;ObjectType&#34;:&#34;Pod&#34;,&#34;ObjectFieldsKeys&#34;:[&#34;Reason For Non Compliance&#34;,&#34;Namespace&#34;,&#34;Pod Name&#34;,&#34;Toleration Key&#34;,&#34;Toleration Effect&#34;],&#34;ObjectFieldsValues&#34;:[&#34;Pod has non-default toleration&#34;,&#34;test&#34;,&#34;security-profiles-operator-webhook-d844fd745-hvr8w&#34;,&#34;node-role.kubernetes.io/control-plane&#34;,&#34;NoSchedule&#34;]},{&#34;ObjectType&#34;:&#34;Pod&#34;,&#34;ObjectFieldsKeys&#34;:[&#34;Reason For Non Compliance&#34;,&#34;Namespace&#34;,&#34;Pod Name&#34;,&#34;Toleration Key&#34;,&#34;Toleration Effect&#34;],&#34;ObjectFieldsValues&#34;:[&#34;Pod has non-default toleration&#34;,&#34;test&#34;,&#34;security-profiles-operator-webhook-d844fd745-hvr8w&#34;,&#34;node.kubernetes.io/not-ready&#34;,&#34;NoExecute&#34;]}]}&#xA;[FAILED] {&#34;CompliantObjectsOut&#34;:[{&#34;ObjectType&#34;:&#34;Pod&#34;,&#34;ObjectFieldsKeys&#34;:[&#34;Reason For Compliance&#34;,&#34;Namespace&#34;,&#34;Pod Name&#34;],&#34;ObjectFieldsValues&#34;:[&#34;Pod has default toleration&#34;,&#34;test&#34;,&#34;31016e1b8d56e49130ef8a9610223142c0410b41c7e099d5fa08289afa99306&#34;]},{&#34;ObjectType&#34;:&#34;Pod&#34;,&#34;ObjectFieldsKeys&#34;:[&#34;Reason For Compliance&#34;,&#34;Namespace&#34;,&#34;Pod Name&#34;],&#34;ObjectFieldsValues&#34;:[&#34;Pod has default toleration&#34;,&#34;test&#34;,&#34;31016e1b8d56e49130ef8a9610223142c0410b41c7e099d5fa08289afa99306&#34;]},{&#34;ObjectType&#34;:&#34;Pod&#34;,&#34;ObjectFieldsKeys&#34;:[&#34;Reason For Compliance&#34;,&#34;Namespace&#34;,&#34;Pod Name&#34;],&#34;ObjectFieldsValues&#34;:[&#34;Pod has default toleration&#34;,&#34;test&#34;,&#34;92f03546bbf58466b4c616ad06c56b16c07328c28c522f75908c44efb17301b&#34;]},{&#34;ObjectType&#34;:&#34;Pod&#34;,&#34;ObjectFieldsKeys&#34;:[&#34;Reason For Compliance&#34;,&#34;Namespace&#34;,&#34;Pod Name&#34;],&#34;ObjectFieldsValues&#34;:[&#34;Pod has default toleration&#34;,&#34;test&#34;,&#34;92f03546bbf58466b4c616ad06c56b16c07328c28c522f75908c44efb17301b&#34;]},{&#34;ObjectType&#34;:&#34;Pod&#34;,&#34;ObjectFieldsKeys&#34;:[&#34;Reason For Compliance&#34;,&#34;Namespace&#34;,&#34;Pod Name&#34;],&#34;ObjectFieldsValues&#34;:[&#34;Pod has default toleration&#34;,&#34;test&#34;,&#34;a8c060444aa8e89dfbd90d61d6ec3900ab4d6634f6aa8067face1e6974b9065&#34;]},{&#34;ObjectType&#34;:&#34;Pod&#34;,&#34;ObjectFieldsKeys&#34;:[&#34;Reason For Compliance&#34;,&#34;Namespace&#34;,&#34;Pod Name&#34;],&#34;ObjectFieldsValues&#34;:[&#34;Pod has default toleration&#34;,&#34;test&#34;,&#34;a8c060444aa8e89dfbd90d61d6ec3900ab4d6634f6aa8067face1e6974b9065&#34;]},{&#34;ObjectType&#34;:&#34;Pod&#34;,&#34;ObjectFieldsKeys&#34;:[&#34;Reason For Compliance&#34;,&#34;Namespace&#34;,&#34;Pod Name&#34;],&#34;ObjectFieldsValues&#34;:[&#34;Pod has default toleration&#34;,&#34;test&#34;,&#34;address-space-controller-56c797f9ff-8g8xm&#34;]},{&#34;ObjectType&#34;:&#34;Pod&#34;,&#34;ObjectFieldsKeys&#34;:[&#34;Reason For Compliance&#34;,&#34;Namespace&#34;,&#34;Pod Name&#34;],&#34;ObjectFieldsValues&#34;:[&#34;Pod has default toleration&#34;,&#34;test&#34;,&#34;address-space-controller-56c797f9ff-8g8xm&#34;]},{&#34;ObjectType&#34;:&#34;Pod&#34;,&#34;ObjectFieldsKeys&#34;:[&#34;Reason For Compliance&#34;,&#34;Namespace&#34;,&#34;Pod Name&#34;],&#34;ObjectFieldsValues&#34;:[&#34;Pod has default toleration&#34;,&#34;test&#34;,&#34;address-space-controller-56c797f9ff-8g8xm&#34;]},{&#34;ObjectType&#34;:&#34;Pod&#34;,&#34;ObjectFieldsKeys&#34;:[&#34;Reason For Compliance&#34;,&#34;Namespace&#34;,&#34;Pod Name&#34;],&#34;ObjectFieldsValues&#34;:[&#34;Pod has default toleration&#34;,&#34;test&#34;,&#34;camel-k-operator-7fc69f6486-rl9jg&#34;]},{&#34;ObjectType&#34;:&#34;Pod&#34;,&#34;ObjectFieldsKeys&#34;:[&#34;Reason For Compliance&#34;,&#34;Namespace&#34;,&#34;Pod Name&#34;],&#34;ObjectFieldsValues&#34;:[&#34;Pod has default toleration&#34;,&#34;test&#34;,&#34;camel-k-operator-7fc69f6486-rl9jg&#34;]},{&#34;ObjectType&#34;:&#34;Pod&#34;,&#34;ObjectFieldsKeys&#34;:[&#34;Reason For Compliance&#34;,&#34;Namespace&#34;,&#34;Pod Name&#34;],&#34;ObjectFieldsValues&#34;:[&#34;Pod has default toleration&#34;,&#34;test&#34;,&#34;csi-addons-controller-manager-5845fc8c67-ljlgf&#34;]},{&#34;ObjectType&#34;:&#34;Pod&#34;,&#34;ObjectFieldsKeys&#34;:[&#34;Reason For Compliance&#34;,&#34;Namespace&#34;,&#34;Pod Name&#34;],&#34;ObjectFieldsValues&#34;:[&#34;Pod has default toleration&#34;,&#34;test&#34;,&#34;csi-addons-controller-manager-5845fc8c67-ljlgf&#34;]},{&#34;ObjectType&#34;:&#34;Pod&#34;,&#34;ObjectFieldsKeys&#34;:[&#34;Reason For Compliance&#34;,&#34;Namespace&#34;,&#34;Pod Name&#34;],&#34;ObjectFieldsValues&#34;:[&#34;Pod has default toleration&#34;,&#34;test&#34;,&#34;csi-addons-controller-manager-5845fc8c67-ljlgf&#34;]},{&#34;ObjectType&#34;:&#34;Pod&#34;,&#34;ObjectFieldsKeys&#34;:[&#34;Reason For Compliance&#34;,&#34;Namespace&#34;,&#34;Pod Name&#34;],&#34;ObjectFieldsValues&#34;:[&#34;Pod has default toleration&#34;,&#34;test&#34;,&#34;security-profiles-operator-webhook-d844fd745-2vvs5&#34;]},{&#34;ObjectType&#34;:&#34;Pod&#34;,&#34;ObjectFieldsKeys&#34;:[&#34;Reason For Compliance&#34;,&#34;Namespace&#34;,&#34;Pod Name&#34;],&#34;ObjectFieldsValues&#34;:[&#34;Pod has default toleration&#34;,&#34;test&#34;,&#34;security-profiles-operator-webhook-d844fd745-2vvs5&#34;]},{&#34;ObjectType&#34;:&#34;Pod&#34;,&#34;ObjectFieldsKeys&#34;:[&#34;Reason For Compliance&#34;,&#34;Namespace&#34;,&#34;Pod Name&#34;],&#34;ObjectFieldsValues&#34;:[&#34;Pod has default toleration&#34;,&#34;test&#34;,&#34;security-profiles-operator-webhook-d844fd745-6ngkl&#34;]},{&#34;ObjectType&#34;:&#34;Pod&#34;,&#34;ObjectFieldsKeys&#34;:[&#34;Reason For Compliance&#34;,&#34;Namespace&#34;,&#34;Pod Name&#34;],&#34;ObjectFieldsValues&#34;:[&#34;Pod has default toleration&#34;,&#34;test&#34;,&#34;security-profiles-operator-webhook-d844fd745-6ngkl&#34;]},{&#34;ObjectType&#34;:&#34;Pod&#34;,&#34;ObjectFieldsKeys&#34;:[&#34;Reason For Compliance&#34;,&#34;Namespace&#34;,&#34;Pod Name&#34;],&#34;ObjectFieldsValues&#34;:[&#34;Pod has default toleration&#34;,&#34;test&#34;,&#34;security-profiles-operator-webhook-d844fd745-hvr8w&#34;]},{&#34;ObjectType&#34;:&#34;Pod&#34;,&#34;ObjectFieldsKeys&#34;:[&#34;Reason For Compliance&#34;,&#34;Namespace&#34;,&#34;Pod Name&#34;],&#34;ObjectFieldsValues&#34;:[&#34;Pod has default toleration&#34;,&#34;test&#34;,&#34;security-profiles-operator-webhook-d844fd745-hvr8w&#34;]}],&#34;NonCompliantObjectsOut&#34;:[{&#34;ObjectType&#34;:&#34;Pod&#34;,&#34;ObjectFieldsKeys&#34;:[&#34;Reason For Non Compliance&#34;,&#34;Namespace&#34;,&#34;Pod Name&#34;,&#34;Toleration Key&#34;,&#34;Toleration Effect&#34;],&#34;ObjectFieldsValues&#34;:[&#34;Pod has non-default toleration&#34;,&#34;test&#34;,&#34;security-profiles-operator-webhook-d844fd745-2vvs5&#34;,&#34;node-role.kubernetes.io/master&#34;,&#34;NoSchedule&#34;]},{&#34;ObjectType&#34;:&#34;Pod&#34;,&#34;ObjectFieldsKeys&#34;:[&#34;Reason For Non Compliance&#34;,&#34;Namespace&#34;,&#34;Pod Name&#34;,&#34;Toleration Key&#34;,&#34;Toleration Effect&#34;],&#34;ObjectFieldsValues&#34;:[&#34;Pod has non-default toleration&#34;,&#34;test&#34;,&#34;security-profiles-operator-webhook-d844fd745-2vvs5&#34;,&#34;node-role.kubernetes.io/control-plane&#34;,&#34;NoSchedule&#34;]},{&#34;ObjectType&#34;:&#34;Pod&#34;,&#34;ObjectFieldsKeys&#34;:[&#34;Reason For Non Compliance&#34;,&#34;Namespace&#34;,&#34;Pod Name&#34;,&#34;Toleration Key&#34;,&#34;Toleration Effect&#34;],&#34;ObjectFieldsValues&#34;:[&#34;Pod has non-default toleration&#34;,&#34;test&#34;,&#34;security-profiles-operator-webhook-d844fd745-2vvs5&#34;,&#34;node.kubernetes.io/not-ready&#34;,&#34;NoExecute&#34;]},{&#34;ObjectType&#34;:&#34;Pod&#34;,&#34;ObjectFieldsKeys&#34;:[&#34;Reason For Non Compliance&#34;,&#34;Namespace&#34;,&#34;Pod Name&#34;,&#34;Toleration Key&#34;,&#34;Toleration Effect&#34;],&#34;ObjectFieldsValues&#34;:[&#34;Pod has non-default toleration&#34;,&#34;test&#34;,&#34;security-profiles-operator-webhook-d844fd745-6ngkl&#34;,&#34;node-role.kubernetes.io/master&#34;,&#34;NoSchedule&#34;]},{&#34;ObjectType&#34;:&#34;Pod&#34;,&#34;ObjectFieldsKeys&#34;:[&#34;Reason For Non Compliance&#34;,&#34;Namespace&#34;,&#34;Pod Name&#34;,&#34;Toleration Key&#34;,&#34;Toleration Effect&#34;],&#34;ObjectFieldsValues&#34;:[&#34;Pod has non-default toleration&#34;,&#34;test&#34;,&#34;security-profiles-operator-webhook-d844fd745-6ngkl&#34;,&#34;node-role.kubernetes.io/control-plane&#34;,&#34;NoSchedule&#34;]},{&#34;ObjectType&#34;:&#34;Pod&#34;,&#34;ObjectFieldsKeys&#34;:[&#34;Reason For Non Compliance&#34;,&#34;Namespace&#34;,&#34;Pod Name&#34;,&#34;Toleration Key&#34;,&#34;Toleration Effect&#34;],&#34;ObjectFieldsValues&#34;:[&#34;Pod has non-default toleration&#34;,&#34;test&#34;,&#34;security-profiles-operator-webhook-d844fd745-6ngkl&#34;,&#34;node.kubernetes.io/not-ready&#34;,&#34;NoExecute&#34;]},{&#34;ObjectType&#34;:&#34;Pod&#34;,&#34;ObjectFieldsKeys&#34;:[&#34;Reason For Non Compliance&#34;,&#34;Namespace&#34;,&#34;Pod Name&#34;,&#34;Toleration Key&#34;,&#34;Toleration Effect&#34;],&#34;ObjectFieldsValues&#34;:[&#34;Pod has non-default toleration&#34;,&#34;test&#34;,&#34;security-profiles-operator-webhook-d844fd745-hvr8w&#34;,&#34;node-role.kubernetes.io/master&#34;,&#34;NoSchedule&#34;]},{&#34;ObjectType&#34;:&#34;Pod&#34;,&#34;ObjectFieldsKeys&#34;:[&#34;Reason For Non Compliance&#34;,&#34;Namespace&#34;,&#34;Pod Name&#34;,&#34;Toleration Key&#34;,&#34;Toleration Effect&#34;],&#34;ObjectFieldsValues&#34;:[&#34;Pod has non-default toleration&#34;,&#34;test&#34;,&#34;security-profiles-operator-webhook-d844fd745-hvr8w&#34;,&#34;node-role.kubernetes.io/control-plane&#34;,&#34;NoSchedule&#34;]},{&#34;ObjectType&#34;:&#34;Pod&#34;,&#34;ObjectFieldsKeys&#34;:[&#34;Reason For Non Compliance&#34;,&#34;Namespace&#34;,&#34;Pod Name&#34;,&#34;Toleration Key&#34;,&#34;Toleration Effect&#34;],&#34;ObjectFieldsValues&#34;:[&#34;Pod has non-default toleration&#34;,&#34;test&#34;,&#34;security-profiles-operator-webhook-d844fd745-hvr8w&#34;,&#34;node.kubernetes.io/not-ready&#34;,&#34;NoExecute&#34;]}]}&#xA;In [It] at: /usr/tnf/tnf-src/pkg/testhelper/testhelper.go:358 @ 08/23/23 16:11:59.053&#xA;&lt; Exit [It] lifecycle-pod-toleration-bypass - /usr/tnf/tnf-src/cnf-certification-test/lifecycle/suite.go:189 @ 08/23/23 16:11:59.053 (2ms)&#xA;&gt; Enter [ReportAfterEach] lifecycle - /usr/tnf/tnf-src/cnf-certification-test/lifecycle/suite.go:59 @ 08/23/23 16:11:59.053&#xA;&lt; Exit [ReportAfterEach] lifecycle - /usr/tnf/tnf-src/cnf-certification-test/lifecycle/suite.go:59 @ 08/23/23 16:11:59.053 (0s)&#xA;</system-err>
          </testcase>
          <testcase name="[It] lifecycle lifecycle-storage-required-pods [common, lifecycle-storage-required-pods, lifecycle]" classname="CNF Certification Test Suite" status="passed" time="0.0003365">
              <system-err>&gt; Enter [BeforeEach] lifecycle - /usr/tnf/tnf-src/cnf-certification-test/lifecycle/suite.go:56 @ 08/23/23 16:11:59.054&#xA;&lt; Exit [BeforeEach] lifecycle - /usr/tnf/tnf-src/cnf-certification-test/lifecycle/suite.go:56 @ 08/23/23 16:11:59.054 (0s)&#xA;&gt; Enter [It] lifecycle-storage-required-pods - /usr/tnf/tnf-src/cnf-certification-test/lifecycle/suite.go:195 @ 08/23/23 16:11:59.054&#xA;{&#34;CompliantObjectsOut&#34;:null,&#34;NonCompliantObjectsOut&#34;:null}&#xA;&lt; Exit [It] lifecycle-storage-required-pods - /usr/tnf/tnf-src/cnf-certification-test/lifecycle/suite.go:195 @ 08/23/23 16:11:59.054 (0s)&#xA;&gt; Enter [ReportAfterEach] lifecycle - /usr/tnf/tnf-src/cnf-certification-test/lifecycle/suite.go:59 @ 08/23/23 16:11:59.054&#xA;&lt; Exit [ReportAfterEach] lifecycle - /usr/tnf/tnf-src/cnf-certification-test/lifecycle/suite.go:59 @ 08/23/23 16:11:59.054 (0s)&#xA;</system-err>
          </testcase>
      </testsuite>
  </testsuites>